time="2020-01-26T11:32:14+08:00" level=info msg="[main.initEnv(main/main.go:17)] 初始化线程数量：8" func=main.initEnv file="main/main.go:17"
time="2020-01-26T11:32:14+08:00" level=panic msg="[github.com/leiwenxuan/crontab/infra/base.Check(base/base.go:21)] object can't be nil, cause by: lwx-crontab\\infra\\base\\props.go(12)" func=github.com/leiwenxuan/crontab/infra/base.Check file="base/base.go:21"
time="2020-01-26T11:34:16+08:00" level=info msg="[main.initEnv(main/main.go:17)] 初始化线程数量：8" func=main.initEnv file="main/main.go:17"
time="2020-01-26T11:34:16+08:00" level=panic msg="[github.com/leiwenxuan/crontab/infra/base.Check(base/base.go:21)] object can't be nil, cause by: lwx-crontab\\infra\\base\\props.go(12)" func=github.com/leiwenxuan/crontab/infra/base.Check file="base/base.go:21"
time="2020-01-26T11:35:35+08:00" level=info msg="[github.com/leiwenxuan/crontab/infra.(*BootApplication).init(infra/boot.go:34)] Initializing starters..." func="github.com/leiwenxuan/crontab/infra.(*BootApplication).init" file="infra/boot.go:34"
time="2020-01-26T11:35:35+08:00" level=debug msg="[github.com/leiwenxuan/crontab/infra.(*BootApplication).init(infra/boot.go:37)] Initializing: PriorityGroup=20,Priority=10000,type=*base.PropsStarter" func="github.com/leiwenxuan/crontab/infra.(*BootApplication).init" file="infra/boot.go:37"
time="2020-01-26T11:35:35+08:00" level=info msg="[github.com/leiwenxuan/crontab/infra/base.(*PropsStarter).Init(base/props.go:22)] 初始化配置." func="github.com/leiwenxuan/crontab/infra/base.(*PropsStarter).Init" file="base/props.go:22"
time="2020-01-26T11:35:35+08:00" level=debug msg="[github.com/leiwenxuan/crontab/infra.(*BootApplication).init(infra/boot.go:37)] Initializing: PriorityGroup=20,Priority=10000,type=*base.ValidatorStarter" func="github.com/leiwenxuan/crontab/infra.(*BootApplication).init" file="infra/boot.go:37"
time="2020-01-26T11:35:35+08:00" level=debug msg="[github.com/leiwenxuan/crontab/infra.(*BootApplication).init(infra/boot.go:37)] Initializing: PriorityGroup=20,Priority=10000,type=*infra.WebApiStarter" func="github.com/leiwenxuan/crontab/infra.(*BootApplication).init" file="infra/boot.go:37"
time="2020-01-26T11:35:35+08:00" level=debug msg="[github.com/leiwenxuan/crontab/infra.(*BootApplication).init(infra/boot.go:37)] Initializing: PriorityGroup=20,Priority=10000,type=*base.HookStarter" func="github.com/leiwenxuan/crontab/infra.(*BootApplication).init" file="infra/boot.go:37"
time="2020-01-26T11:35:35+08:00" level=debug msg="[github.com/leiwenxuan/crontab/infra.(*BootApplication).init(infra/boot.go:37)] Initializing: PriorityGroup=20,Priority=10000,type=*base.IrisServerStarter" func="github.com/leiwenxuan/crontab/infra.(*BootApplication).init" file="infra/boot.go:37"
time="2020-01-26T11:35:35+08:00" level=info msg="[github.com/leiwenxuan/crontab/infra.(*BootApplication).setup(infra/boot.go:45)] Setup starters..." func="github.com/leiwenxuan/crontab/infra.(*BootApplication).setup" file="infra/boot.go:45"
time="2020-01-26T11:35:35+08:00" level=debug msg="[github.com/leiwenxuan/crontab/infra.(*BootApplication).setup(infra/boot.go:48)] Setup: *base.PropsStarter" func="github.com/leiwenxuan/crontab/infra.(*BootApplication).setup" file="infra/boot.go:48"
time="2020-01-26T11:35:35+08:00" level=debug msg="[github.com/leiwenxuan/crontab/infra.(*BootApplication).setup(infra/boot.go:48)] Setup: *base.ValidatorStarter" func="github.com/leiwenxuan/crontab/infra.(*BootApplication).setup" file="infra/boot.go:48"
time="2020-01-26T11:35:35+08:00" level=debug msg="[github.com/leiwenxuan/crontab/infra.(*BootApplication).setup(infra/boot.go:48)] Setup: *infra.WebApiStarter" func="github.com/leiwenxuan/crontab/infra.(*BootApplication).setup" file="infra/boot.go:48"
time="2020-01-26T11:35:35+08:00" level=debug msg="[github.com/leiwenxuan/crontab/infra.(*BootApplication).setup(infra/boot.go:48)] Setup: *base.HookStarter" func="github.com/leiwenxuan/crontab/infra.(*BootApplication).setup" file="infra/boot.go:48"
time="2020-01-26T11:35:35+08:00" level=debug msg="[github.com/leiwenxuan/crontab/infra.(*BootApplication).setup(infra/boot.go:48)] Setup: *base.IrisServerStarter" func="github.com/leiwenxuan/crontab/infra.(*BootApplication).setup" file="infra/boot.go:48"
time="2020-01-26T11:35:35+08:00" level=info msg="[github.com/leiwenxuan/crontab/infra.(*BootApplication).start(infra/boot.go:57)] Starting starters..." func="github.com/leiwenxuan/crontab/infra.(*BootApplication).start" file="infra/boot.go:57"
time="2020-01-26T11:35:35+08:00" level=debug msg="[github.com/leiwenxuan/crontab/infra.(*BootApplication).start(infra/boot.go:61)] Starting: *base.PropsStarter" func="github.com/leiwenxuan/crontab/infra.(*BootApplication).start" file="infra/boot.go:61"
time="2020-01-26T11:35:35+08:00" level=debug msg="[github.com/leiwenxuan/crontab/infra.(*BootApplication).start(infra/boot.go:61)] Starting: *base.ValidatorStarter" func="github.com/leiwenxuan/crontab/infra.(*BootApplication).start" file="infra/boot.go:61"
time="2020-01-26T11:35:35+08:00" level=debug msg="[github.com/leiwenxuan/crontab/infra.(*BootApplication).start(infra/boot.go:61)] Starting: *infra.WebApiStarter" func="github.com/leiwenxuan/crontab/infra.(*BootApplication).start" file="infra/boot.go:61"
time="2020-01-26T11:35:35+08:00" level=debug msg="[github.com/leiwenxuan/crontab/infra.(*BootApplication).start(infra/boot.go:61)] Starting: *base.HookStarter" func="github.com/leiwenxuan/crontab/infra.(*BootApplication).start" file="infra/boot.go:61"
time="2020-01-26T11:35:35+08:00" level=info msg="[github.com/leiwenxuan/crontab/infra/base.(*HookStarter).Start(base/hook.go:44)] 【Register Notify Stop】:*base.PropsStarter.Stop()" func="github.com/leiwenxuan/crontab/infra/base.(*HookStarter).Start" file="base/hook.go:44"
time="2020-01-26T11:35:35+08:00" level=info msg="[github.com/leiwenxuan/crontab/infra/base.(*HookStarter).Start(base/hook.go:44)] 【Register Notify Stop】:*base.ValidatorStarter.Stop()" func="github.com/leiwenxuan/crontab/infra/base.(*HookStarter).Start" file="base/hook.go:44"
time="2020-01-26T11:35:35+08:00" level=info msg="[github.com/leiwenxuan/crontab/infra/base.(*HookStarter).Start(base/hook.go:44)] 【Register Notify Stop】:*infra.WebApiStarter.Stop()" func="github.com/leiwenxuan/crontab/infra/base.(*HookStarter).Start" file="base/hook.go:44"
time="2020-01-26T11:35:35+08:00" level=info msg="[github.com/leiwenxuan/crontab/infra/base.(*HookStarter).Start(base/hook.go:44)] 【Register Notify Stop】:*base.HookStarter.Stop()" func="github.com/leiwenxuan/crontab/infra/base.(*HookStarter).Start" file="base/hook.go:44"
time="2020-01-26T11:35:35+08:00" level=info msg="[github.com/leiwenxuan/crontab/infra/base.(*HookStarter).Start(base/hook.go:44)] 【Register Notify Stop】:*base.IrisServerStarter.Stop()" func="github.com/leiwenxuan/crontab/infra/base.(*HookStarter).Start" file="base/hook.go:44"
time="2020-01-26T11:35:35+08:00" level=debug msg="[github.com/leiwenxuan/crontab/infra.(*BootApplication).start(infra/boot.go:61)] Starting: *base.IrisServerStarter" func="github.com/leiwenxuan/crontab/infra.(*BootApplication).start" file="infra/boot.go:61"
time="2020-01-26T11:35:35+08:00" level=debug msg="[github.com/kataras/golog.integrateExternalLogger.func1(golog@v0.0.10/integration.go:28)] Application: running using 1 host(s)" func=github.com/kataras/golog.integrateExternalLogger.func1 file="golog@v0.0.10/integration.go:28"
time="2020-01-26T11:35:35+08:00" level=debug msg="[github.com/kataras/golog.integrateExternalLogger.func1(golog@v0.0.10/integration.go:28)] Host: addr is :10101" func=github.com/kataras/golog.integrateExternalLogger.func1 file="golog@v0.0.10/integration.go:28"
time="2020-01-26T11:35:35+08:00" level=debug msg="[github.com/kataras/golog.integrateExternalLogger.func1(golog@v0.0.10/integration.go:28)] Host: virtual host is localhost:10101" func=github.com/kataras/golog.integrateExternalLogger.func1 file="golog@v0.0.10/integration.go:28"
time="2020-01-26T11:35:35+08:00" level=debug msg="[github.com/kataras/golog.integrateExternalLogger.func1(golog@v0.0.10/integration.go:28)] Host: register startup notifier" func=github.com/kataras/golog.integrateExternalLogger.func1 file="golog@v0.0.10/integration.go:28"
time="2020-01-26T11:35:35+08:00" level=debug msg="[github.com/kataras/golog.integrateExternalLogger.func1(golog@v0.0.10/integration.go:28)] Host: register server shutdown on interrupt(CTRL+C/CMD+C)" func=github.com/kataras/golog.integrateExternalLogger.func1 file="golog@v0.0.10/integration.go:28"
time="2020-01-26T11:36:44+08:00" level=error msg="[github.com/kataras/golog.integrateExternalLogger.func1(golog@v0.0.10/integration.go:28)] http: Server closed" func=github.com/kataras/golog.integrateExternalLogger.func1 file="golog@v0.0.10/integration.go:28"
time="2020-01-26T11:36:44+08:00" level=info msg="[main.initEnv(main/main.go:17)] 初始化线程数量：8" func=main.initEnv file="main/main.go:17"
time="2020-01-26T11:36:44+08:00" level=info msg="[github.com/leiwenxuan/crontab/worker.InitRegister(worker/Register.go:36)] etcd 集群地址： 192.168.1.5:12381,192.168.1.5:12382,192.168.1.5:12381" func=github.com/leiwenxuan/crontab/worker.InitRegister file="worker/Register.go:36"
time="2020-01-26T11:36:44+08:00" level=info msg="[main.initSystem(main/main.go:27)] <nil>" func=main.initSystem file="main/main.go:27"
time="2020-01-26T11:37:25+08:00" level=info msg="[github.com/leiwenxuan/crontab/infra.(*BootApplication).init(infra/boot.go:34)] Initializing starters..." func="github.com/leiwenxuan/crontab/infra.(*BootApplication).init" file="infra/boot.go:34"
time="2020-01-26T11:37:25+08:00" level=debug msg="[github.com/leiwenxuan/crontab/infra.(*BootApplication).init(infra/boot.go:37)] Initializing: PriorityGroup=20,Priority=10000,type=*base.PropsStarter" func="github.com/leiwenxuan/crontab/infra.(*BootApplication).init" file="infra/boot.go:37"
time="2020-01-26T11:37:25+08:00" level=info msg="[github.com/leiwenxuan/crontab/infra/base.(*PropsStarter).Init(base/props.go:22)] 初始化配置." func="github.com/leiwenxuan/crontab/infra/base.(*PropsStarter).Init" file="base/props.go:22"
time="2020-01-26T11:37:25+08:00" level=debug msg="[github.com/leiwenxuan/crontab/infra.(*BootApplication).init(infra/boot.go:37)] Initializing: PriorityGroup=20,Priority=10000,type=*base.ValidatorStarter" func="github.com/leiwenxuan/crontab/infra.(*BootApplication).init" file="infra/boot.go:37"
time="2020-01-26T11:37:25+08:00" level=debug msg="[github.com/leiwenxuan/crontab/infra.(*BootApplication).init(infra/boot.go:37)] Initializing: PriorityGroup=20,Priority=10000,type=*infra.WebApiStarter" func="github.com/leiwenxuan/crontab/infra.(*BootApplication).init" file="infra/boot.go:37"
time="2020-01-26T11:37:25+08:00" level=debug msg="[github.com/leiwenxuan/crontab/infra.(*BootApplication).init(infra/boot.go:37)] Initializing: PriorityGroup=20,Priority=10000,type=*base.HookStarter" func="github.com/leiwenxuan/crontab/infra.(*BootApplication).init" file="infra/boot.go:37"
time="2020-01-26T11:37:25+08:00" level=debug msg="[github.com/leiwenxuan/crontab/infra.(*BootApplication).init(infra/boot.go:37)] Initializing: PriorityGroup=20,Priority=10000,type=*base.IrisServerStarter" func="github.com/leiwenxuan/crontab/infra.(*BootApplication).init" file="infra/boot.go:37"
time="2020-01-26T11:37:25+08:00" level=info msg="[github.com/leiwenxuan/crontab/infra.(*BootApplication).setup(infra/boot.go:45)] Setup starters..." func="github.com/leiwenxuan/crontab/infra.(*BootApplication).setup" file="infra/boot.go:45"
time="2020-01-26T11:37:25+08:00" level=debug msg="[github.com/leiwenxuan/crontab/infra.(*BootApplication).setup(infra/boot.go:48)] Setup: *base.PropsStarter" func="github.com/leiwenxuan/crontab/infra.(*BootApplication).setup" file="infra/boot.go:48"
time="2020-01-26T11:37:25+08:00" level=debug msg="[github.com/leiwenxuan/crontab/infra.(*BootApplication).setup(infra/boot.go:48)] Setup: *base.ValidatorStarter" func="github.com/leiwenxuan/crontab/infra.(*BootApplication).setup" file="infra/boot.go:48"
time="2020-01-26T11:37:25+08:00" level=debug msg="[github.com/leiwenxuan/crontab/infra.(*BootApplication).setup(infra/boot.go:48)] Setup: *infra.WebApiStarter" func="github.com/leiwenxuan/crontab/infra.(*BootApplication).setup" file="infra/boot.go:48"
time="2020-01-26T11:37:25+08:00" level=debug msg="[github.com/leiwenxuan/crontab/infra.(*BootApplication).setup(infra/boot.go:48)] Setup: *base.HookStarter" func="github.com/leiwenxuan/crontab/infra.(*BootApplication).setup" file="infra/boot.go:48"
time="2020-01-26T11:37:25+08:00" level=debug msg="[github.com/leiwenxuan/crontab/infra.(*BootApplication).setup(infra/boot.go:48)] Setup: *base.IrisServerStarter" func="github.com/leiwenxuan/crontab/infra.(*BootApplication).setup" file="infra/boot.go:48"
time="2020-01-26T11:37:25+08:00" level=info msg="[github.com/leiwenxuan/crontab/infra.(*BootApplication).start(infra/boot.go:57)] Starting starters..." func="github.com/leiwenxuan/crontab/infra.(*BootApplication).start" file="infra/boot.go:57"
time="2020-01-26T11:37:25+08:00" level=debug msg="[github.com/leiwenxuan/crontab/infra.(*BootApplication).start(infra/boot.go:61)] Starting: *base.PropsStarter" func="github.com/leiwenxuan/crontab/infra.(*BootApplication).start" file="infra/boot.go:61"
time="2020-01-26T11:37:25+08:00" level=debug msg="[github.com/leiwenxuan/crontab/infra.(*BootApplication).start(infra/boot.go:61)] Starting: *base.ValidatorStarter" func="github.com/leiwenxuan/crontab/infra.(*BootApplication).start" file="infra/boot.go:61"
time="2020-01-26T11:37:25+08:00" level=debug msg="[github.com/leiwenxuan/crontab/infra.(*BootApplication).start(infra/boot.go:61)] Starting: *infra.WebApiStarter" func="github.com/leiwenxuan/crontab/infra.(*BootApplication).start" file="infra/boot.go:61"
time="2020-01-26T11:37:25+08:00" level=debug msg="[github.com/leiwenxuan/crontab/infra.(*BootApplication).start(infra/boot.go:61)] Starting: *base.HookStarter" func="github.com/leiwenxuan/crontab/infra.(*BootApplication).start" file="infra/boot.go:61"
time="2020-01-26T11:37:25+08:00" level=info msg="[github.com/leiwenxuan/crontab/infra/base.(*HookStarter).Start(base/hook.go:44)] 【Register Notify Stop】:*base.PropsStarter.Stop()" func="github.com/leiwenxuan/crontab/infra/base.(*HookStarter).Start" file="base/hook.go:44"
time="2020-01-26T11:37:25+08:00" level=info msg="[github.com/leiwenxuan/crontab/infra/base.(*HookStarter).Start(base/hook.go:44)] 【Register Notify Stop】:*base.ValidatorStarter.Stop()" func="github.com/leiwenxuan/crontab/infra/base.(*HookStarter).Start" file="base/hook.go:44"
time="2020-01-26T11:37:25+08:00" level=info msg="[github.com/leiwenxuan/crontab/infra/base.(*HookStarter).Start(base/hook.go:44)] 【Register Notify Stop】:*infra.WebApiStarter.Stop()" func="github.com/leiwenxuan/crontab/infra/base.(*HookStarter).Start" file="base/hook.go:44"
time="2020-01-26T11:37:25+08:00" level=info msg="[github.com/leiwenxuan/crontab/infra/base.(*HookStarter).Start(base/hook.go:44)] 【Register Notify Stop】:*base.HookStarter.Stop()" func="github.com/leiwenxuan/crontab/infra/base.(*HookStarter).Start" file="base/hook.go:44"
time="2020-01-26T11:37:25+08:00" level=info msg="[github.com/leiwenxuan/crontab/infra/base.(*HookStarter).Start(base/hook.go:44)] 【Register Notify Stop】:*base.IrisServerStarter.Stop()" func="github.com/leiwenxuan/crontab/infra/base.(*HookStarter).Start" file="base/hook.go:44"
time="2020-01-26T11:37:25+08:00" level=debug msg="[github.com/leiwenxuan/crontab/infra.(*BootApplication).start(infra/boot.go:61)] Starting: *base.IrisServerStarter" func="github.com/leiwenxuan/crontab/infra.(*BootApplication).start" file="infra/boot.go:61"
time="2020-01-26T11:37:25+08:00" level=debug msg="[github.com/kataras/golog.integrateExternalLogger.func1(golog@v0.0.10/integration.go:28)] Application: running using 1 host(s)" func=github.com/kataras/golog.integrateExternalLogger.func1 file="golog@v0.0.10/integration.go:28"
time="2020-01-26T11:37:25+08:00" level=debug msg="[github.com/kataras/golog.integrateExternalLogger.func1(golog@v0.0.10/integration.go:28)] Host: addr is :10101" func=github.com/kataras/golog.integrateExternalLogger.func1 file="golog@v0.0.10/integration.go:28"
time="2020-01-26T11:37:25+08:00" level=debug msg="[github.com/kataras/golog.integrateExternalLogger.func1(golog@v0.0.10/integration.go:28)] Host: virtual host is localhost:10101" func=github.com/kataras/golog.integrateExternalLogger.func1 file="golog@v0.0.10/integration.go:28"
time="2020-01-26T11:37:25+08:00" level=debug msg="[github.com/kataras/golog.integrateExternalLogger.func1(golog@v0.0.10/integration.go:28)] Host: register startup notifier" func=github.com/kataras/golog.integrateExternalLogger.func1 file="golog@v0.0.10/integration.go:28"
time="2020-01-26T11:37:25+08:00" level=debug msg="[github.com/kataras/golog.integrateExternalLogger.func1(golog@v0.0.10/integration.go:28)] Host: register server shutdown on interrupt(CTRL+C/CMD+C)" func=github.com/kataras/golog.integrateExternalLogger.func1 file="golog@v0.0.10/integration.go:28"
