time="2020-01-26T12:17:30+08:00" level=info msg="[github.com/leiwenxuan/crontab/infra.(*BootApplication).init(infra/boot.go:34)] Initializing starters..." func="github.com/leiwenxuan/crontab/infra.(*BootApplication).init" file="infra/boot.go:34"
time="2020-01-26T12:17:30+08:00" level=debug msg="[github.com/leiwenxuan/crontab/infra.(*BootApplication).init(infra/boot.go:37)] Initializing: PriorityGroup=20,Priority=10000,type=*base.PropsStarter" func="github.com/leiwenxuan/crontab/infra.(*BootApplication).init" file="infra/boot.go:37"
time="2020-01-26T12:17:30+08:00" level=info msg="[github.com/leiwenxuan/crontab/infra/base.(*PropsStarter).Init(base/props.go:22)] 初始化配置." func="github.com/leiwenxuan/crontab/infra/base.(*PropsStarter).Init" file="base/props.go:22"
time="2020-01-26T12:17:30+08:00" level=debug msg="[github.com/leiwenxuan/crontab/infra.(*BootApplication).init(infra/boot.go:37)] Initializing: PriorityGroup=20,Priority=10000,type=*base.EtcdStarter" func="github.com/leiwenxuan/crontab/infra.(*BootApplication).init" file="infra/boot.go:37"
time="2020-01-26T12:17:30+08:00" level=debug msg="[github.com/leiwenxuan/crontab/infra.(*BootApplication).init(infra/boot.go:37)] Initializing: PriorityGroup=20,Priority=10000,type=*base.ValidatorStarter" func="github.com/leiwenxuan/crontab/infra.(*BootApplication).init" file="infra/boot.go:37"
time="2020-01-26T12:17:30+08:00" level=debug msg="[github.com/leiwenxuan/crontab/infra.(*BootApplication).init(infra/boot.go:37)] Initializing: PriorityGroup=20,Priority=10000,type=*infra.WebApiStarter" func="github.com/leiwenxuan/crontab/infra.(*BootApplication).init" file="infra/boot.go:37"
time="2020-01-26T12:17:30+08:00" level=debug msg="[github.com/leiwenxuan/crontab/infra.(*BootApplication).init(infra/boot.go:37)] Initializing: PriorityGroup=20,Priority=10000,type=*base.HookStarter" func="github.com/leiwenxuan/crontab/infra.(*BootApplication).init" file="infra/boot.go:37"
time="2020-01-26T12:17:30+08:00" level=debug msg="[github.com/leiwenxuan/crontab/infra.(*BootApplication).init(infra/boot.go:37)] Initializing: PriorityGroup=20,Priority=10000,type=*base.IrisServerStarter" func="github.com/leiwenxuan/crontab/infra.(*BootApplication).init" file="infra/boot.go:37"
time="2020-01-26T12:17:30+08:00" level=info msg="[github.com/leiwenxuan/crontab/infra.(*BootApplication).setup(infra/boot.go:45)] Setup starters..." func="github.com/leiwenxuan/crontab/infra.(*BootApplication).setup" file="infra/boot.go:45"
time="2020-01-26T12:17:30+08:00" level=debug msg="[github.com/leiwenxuan/crontab/infra.(*BootApplication).setup(infra/boot.go:48)] Setup: *base.PropsStarter" func="github.com/leiwenxuan/crontab/infra.(*BootApplication).setup" file="infra/boot.go:48"
time="2020-01-26T12:17:30+08:00" level=debug msg="[github.com/leiwenxuan/crontab/infra.(*BootApplication).setup(infra/boot.go:48)] Setup: *base.EtcdStarter" func="github.com/leiwenxuan/crontab/infra.(*BootApplication).setup" file="infra/boot.go:48"
time="2020-01-26T12:17:30+08:00" level=debug msg="[github.com/leiwenxuan/crontab/infra.(*BootApplication).setup(infra/boot.go:48)] Setup: *base.ValidatorStarter" func="github.com/leiwenxuan/crontab/infra.(*BootApplication).setup" file="infra/boot.go:48"
time="2020-01-26T12:17:30+08:00" level=debug msg="[github.com/leiwenxuan/crontab/infra.(*BootApplication).setup(infra/boot.go:48)] Setup: *infra.WebApiStarter" func="github.com/leiwenxuan/crontab/infra.(*BootApplication).setup" file="infra/boot.go:48"
time="2020-01-26T12:17:30+08:00" level=debug msg="[github.com/leiwenxuan/crontab/infra.(*BootApplication).setup(infra/boot.go:48)] Setup: *base.HookStarter" func="github.com/leiwenxuan/crontab/infra.(*BootApplication).setup" file="infra/boot.go:48"
time="2020-01-26T12:17:30+08:00" level=debug msg="[github.com/leiwenxuan/crontab/infra.(*BootApplication).setup(infra/boot.go:48)] Setup: *base.IrisServerStarter" func="github.com/leiwenxuan/crontab/infra.(*BootApplication).setup" file="infra/boot.go:48"
time="2020-01-26T12:17:30+08:00" level=info msg="[github.com/leiwenxuan/crontab/infra.(*BootApplication).start(infra/boot.go:57)] Starting starters..." func="github.com/leiwenxuan/crontab/infra.(*BootApplication).start" file="infra/boot.go:57"
time="2020-01-26T12:17:30+08:00" level=debug msg="[github.com/leiwenxuan/crontab/infra.(*BootApplication).start(infra/boot.go:61)] Starting: *base.PropsStarter" func="github.com/leiwenxuan/crontab/infra.(*BootApplication).start" file="infra/boot.go:61"
time="2020-01-26T12:17:30+08:00" level=debug msg="[github.com/leiwenxuan/crontab/infra.(*BootApplication).start(infra/boot.go:61)] Starting: *base.EtcdStarter" func="github.com/leiwenxuan/crontab/infra.(*BootApplication).start" file="infra/boot.go:61"
time="2020-01-26T12:17:30+08:00" level=debug msg="[github.com/leiwenxuan/crontab/infra.(*BootApplication).start(infra/boot.go:61)] Starting: *base.ValidatorStarter" func="github.com/leiwenxuan/crontab/infra.(*BootApplication).start" file="infra/boot.go:61"
time="2020-01-26T12:17:30+08:00" level=debug msg="[github.com/leiwenxuan/crontab/infra.(*BootApplication).start(infra/boot.go:61)] Starting: *infra.WebApiStarter" func="github.com/leiwenxuan/crontab/infra.(*BootApplication).start" file="infra/boot.go:61"
time="2020-01-26T12:17:30+08:00" level=debug msg="[github.com/leiwenxuan/crontab/infra.(*BootApplication).start(infra/boot.go:61)] Starting: *base.HookStarter" func="github.com/leiwenxuan/crontab/infra.(*BootApplication).start" file="infra/boot.go:61"
time="2020-01-26T12:17:30+08:00" level=info msg="[github.com/leiwenxuan/crontab/infra/base.(*HookStarter).Start(base/hook.go:44)] 【Register Notify Stop】:*base.PropsStarter.Stop()" func="github.com/leiwenxuan/crontab/infra/base.(*HookStarter).Start" file="base/hook.go:44"
time="2020-01-26T12:17:30+08:00" level=info msg="[github.com/leiwenxuan/crontab/infra/base.(*HookStarter).Start(base/hook.go:44)] 【Register Notify Stop】:*base.EtcdStarter.Stop()" func="github.com/leiwenxuan/crontab/infra/base.(*HookStarter).Start" file="base/hook.go:44"
time="2020-01-26T12:17:30+08:00" level=info msg="[github.com/leiwenxuan/crontab/infra/base.(*HookStarter).Start(base/hook.go:44)] 【Register Notify Stop】:*base.ValidatorStarter.Stop()" func="github.com/leiwenxuan/crontab/infra/base.(*HookStarter).Start" file="base/hook.go:44"
time="2020-01-26T12:17:30+08:00" level=info msg="[github.com/leiwenxuan/crontab/infra/base.(*HookStarter).Start(base/hook.go:44)] 【Register Notify Stop】:*infra.WebApiStarter.Stop()" func="github.com/leiwenxuan/crontab/infra/base.(*HookStarter).Start" file="base/hook.go:44"
time="2020-01-26T12:17:30+08:00" level=info msg="[github.com/leiwenxuan/crontab/infra/base.(*HookStarter).Start(base/hook.go:44)] 【Register Notify Stop】:*base.HookStarter.Stop()" func="github.com/leiwenxuan/crontab/infra/base.(*HookStarter).Start" file="base/hook.go:44"
time="2020-01-26T12:17:30+08:00" level=info msg="[github.com/leiwenxuan/crontab/infra/base.(*HookStarter).Start(base/hook.go:44)] 【Register Notify Stop】:*base.IrisServerStarter.Stop()" func="github.com/leiwenxuan/crontab/infra/base.(*HookStarter).Start" file="base/hook.go:44"
time="2020-01-26T12:17:30+08:00" level=debug msg="[github.com/leiwenxuan/crontab/infra.(*BootApplication).start(infra/boot.go:61)] Starting: *base.IrisServerStarter" func="github.com/leiwenxuan/crontab/infra.(*BootApplication).start" file="infra/boot.go:61"
time="2020-01-26T12:17:30+08:00" level=debug msg="[github.com/kataras/golog.integrateExternalLogger.func1(golog@v0.0.10/integration.go:28)] Application: running using 1 host(s)" func=github.com/kataras/golog.integrateExternalLogger.func1 file="golog@v0.0.10/integration.go:28"
time="2020-01-26T12:17:30+08:00" level=debug msg="[github.com/kataras/golog.integrateExternalLogger.func1(golog@v0.0.10/integration.go:28)] Host: addr is :10101" func=github.com/kataras/golog.integrateExternalLogger.func1 file="golog@v0.0.10/integration.go:28"
time="2020-01-26T12:17:30+08:00" level=debug msg="[github.com/kataras/golog.integrateExternalLogger.func1(golog@v0.0.10/integration.go:28)] Host: virtual host is localhost:10101" func=github.com/kataras/golog.integrateExternalLogger.func1 file="golog@v0.0.10/integration.go:28"
time="2020-01-26T12:17:30+08:00" level=debug msg="[github.com/kataras/golog.integrateExternalLogger.func1(golog@v0.0.10/integration.go:28)] Host: register startup notifier" func=github.com/kataras/golog.integrateExternalLogger.func1 file="golog@v0.0.10/integration.go:28"
time="2020-01-26T12:17:30+08:00" level=debug msg="[github.com/kataras/golog.integrateExternalLogger.func1(golog@v0.0.10/integration.go:28)] Host: register server shutdown on interrupt(CTRL+C/CMD+C)" func=github.com/kataras/golog.integrateExternalLogger.func1 file="golog@v0.0.10/integration.go:28"
time="2020-01-26T12:18:36+08:00" level=error msg="[github.com/kataras/golog.integrateExternalLogger.func1(golog@v0.0.10/integration.go:28)] http: Server closed" func=github.com/kataras/golog.integrateExternalLogger.func1 file="golog@v0.0.10/integration.go:28"
time="2020-01-26T12:18:43+08:00" level=info msg="[github.com/leiwenxuan/crontab/infra.(*BootApplication).init(infra/boot.go:34)] Initializing starters..." func="github.com/leiwenxuan/crontab/infra.(*BootApplication).init" file="infra/boot.go:34"
time="2020-01-26T12:18:43+08:00" level=debug msg="[github.com/leiwenxuan/crontab/infra.(*BootApplication).init(infra/boot.go:37)] Initializing: PriorityGroup=20,Priority=10000,type=*base.PropsStarter" func="github.com/leiwenxuan/crontab/infra.(*BootApplication).init" file="infra/boot.go:37"
time="2020-01-26T12:18:43+08:00" level=info msg="[github.com/leiwenxuan/crontab/infra/base.(*PropsStarter).Init(base/props.go:22)] 初始化配置." func="github.com/leiwenxuan/crontab/infra/base.(*PropsStarter).Init" file="base/props.go:22"
time="2020-01-26T12:18:43+08:00" level=debug msg="[github.com/leiwenxuan/crontab/infra.(*BootApplication).init(infra/boot.go:37)] Initializing: PriorityGroup=20,Priority=10000,type=*base.EtcdStarter" func="github.com/leiwenxuan/crontab/infra.(*BootApplication).init" file="infra/boot.go:37"
time="2020-01-26T12:18:43+08:00" level=debug msg="[github.com/leiwenxuan/crontab/infra.(*BootApplication).init(infra/boot.go:37)] Initializing: PriorityGroup=20,Priority=10000,type=*base.ValidatorStarter" func="github.com/leiwenxuan/crontab/infra.(*BootApplication).init" file="infra/boot.go:37"
time="2020-01-26T12:18:43+08:00" level=debug msg="[github.com/leiwenxuan/crontab/infra.(*BootApplication).init(infra/boot.go:37)] Initializing: PriorityGroup=20,Priority=10000,type=*infra.WebApiStarter" func="github.com/leiwenxuan/crontab/infra.(*BootApplication).init" file="infra/boot.go:37"
time="2020-01-26T12:18:43+08:00" level=debug msg="[github.com/leiwenxuan/crontab/infra.(*BootApplication).init(infra/boot.go:37)] Initializing: PriorityGroup=20,Priority=10000,type=*base.HookStarter" func="github.com/leiwenxuan/crontab/infra.(*BootApplication).init" file="infra/boot.go:37"
time="2020-01-26T12:18:43+08:00" level=debug msg="[github.com/leiwenxuan/crontab/infra.(*BootApplication).init(infra/boot.go:37)] Initializing: PriorityGroup=20,Priority=10000,type=*base.IrisServerStarter" func="github.com/leiwenxuan/crontab/infra.(*BootApplication).init" file="infra/boot.go:37"
time="2020-01-26T12:18:43+08:00" level=info msg="[github.com/leiwenxuan/crontab/infra.(*BootApplication).setup(infra/boot.go:45)] Setup starters..." func="github.com/leiwenxuan/crontab/infra.(*BootApplication).setup" file="infra/boot.go:45"
time="2020-01-26T12:18:43+08:00" level=debug msg="[github.com/leiwenxuan/crontab/infra.(*BootApplication).setup(infra/boot.go:48)] Setup: *base.PropsStarter" func="github.com/leiwenxuan/crontab/infra.(*BootApplication).setup" file="infra/boot.go:48"
time="2020-01-26T12:18:43+08:00" level=debug msg="[github.com/leiwenxuan/crontab/infra.(*BootApplication).setup(infra/boot.go:48)] Setup: *base.EtcdStarter" func="github.com/leiwenxuan/crontab/infra.(*BootApplication).setup" file="infra/boot.go:48"
time="2020-01-26T12:18:43+08:00" level=info msg="[github.com/leiwenxuan/crontab/infra/base.(*EtcdStarter).Setup(base/etcd.go:44)] 获取ETCD集群：192.168.1.5:12381,192.168.1.5:12382,192.168.1.5:12381" func="github.com/leiwenxuan/crontab/infra/base.(*EtcdStarter).Setup" file="base/etcd.go:44"
time="2020-01-26T12:18:43+08:00" level=debug msg="[github.com/leiwenxuan/crontab/infra.(*BootApplication).setup(infra/boot.go:48)] Setup: *base.ValidatorStarter" func="github.com/leiwenxuan/crontab/infra.(*BootApplication).setup" file="infra/boot.go:48"
time="2020-01-26T12:18:43+08:00" level=debug msg="[github.com/leiwenxuan/crontab/infra.(*BootApplication).setup(infra/boot.go:48)] Setup: *infra.WebApiStarter" func="github.com/leiwenxuan/crontab/infra.(*BootApplication).setup" file="infra/boot.go:48"
time="2020-01-26T12:18:43+08:00" level=debug msg="[github.com/leiwenxuan/crontab/infra.(*BootApplication).setup(infra/boot.go:48)] Setup: *base.HookStarter" func="github.com/leiwenxuan/crontab/infra.(*BootApplication).setup" file="infra/boot.go:48"
time="2020-01-26T12:18:43+08:00" level=debug msg="[github.com/leiwenxuan/crontab/infra.(*BootApplication).setup(infra/boot.go:48)] Setup: *base.IrisServerStarter" func="github.com/leiwenxuan/crontab/infra.(*BootApplication).setup" file="infra/boot.go:48"
time="2020-01-26T12:18:43+08:00" level=info msg="[github.com/leiwenxuan/crontab/infra.(*BootApplication).start(infra/boot.go:57)] Starting starters..." func="github.com/leiwenxuan/crontab/infra.(*BootApplication).start" file="infra/boot.go:57"
time="2020-01-26T12:18:43+08:00" level=debug msg="[github.com/leiwenxuan/crontab/infra.(*BootApplication).start(infra/boot.go:61)] Starting: *base.PropsStarter" func="github.com/leiwenxuan/crontab/infra.(*BootApplication).start" file="infra/boot.go:61"
time="2020-01-26T12:18:43+08:00" level=debug msg="[github.com/leiwenxuan/crontab/infra.(*BootApplication).start(infra/boot.go:61)] Starting: *base.EtcdStarter" func="github.com/leiwenxuan/crontab/infra.(*BootApplication).start" file="infra/boot.go:61"
time="2020-01-26T12:18:43+08:00" level=debug msg="[github.com/leiwenxuan/crontab/infra.(*BootApplication).start(infra/boot.go:61)] Starting: *base.ValidatorStarter" func="github.com/leiwenxuan/crontab/infra.(*BootApplication).start" file="infra/boot.go:61"
time="2020-01-26T12:18:43+08:00" level=debug msg="[github.com/leiwenxuan/crontab/infra.(*BootApplication).start(infra/boot.go:61)] Starting: *infra.WebApiStarter" func="github.com/leiwenxuan/crontab/infra.(*BootApplication).start" file="infra/boot.go:61"
time="2020-01-26T12:18:43+08:00" level=debug msg="[github.com/leiwenxuan/crontab/infra.(*BootApplication).start(infra/boot.go:61)] Starting: *base.HookStarter" func="github.com/leiwenxuan/crontab/infra.(*BootApplication).start" file="infra/boot.go:61"
time="2020-01-26T12:18:43+08:00" level=info msg="[github.com/leiwenxuan/crontab/infra/base.(*HookStarter).Start(base/hook.go:44)] 【Register Notify Stop】:*base.PropsStarter.Stop()" func="github.com/leiwenxuan/crontab/infra/base.(*HookStarter).Start" file="base/hook.go:44"
time="2020-01-26T12:18:43+08:00" level=info msg="[github.com/leiwenxuan/crontab/infra/base.(*HookStarter).Start(base/hook.go:44)] 【Register Notify Stop】:*base.EtcdStarter.Stop()" func="github.com/leiwenxuan/crontab/infra/base.(*HookStarter).Start" file="base/hook.go:44"
time="2020-01-26T12:18:43+08:00" level=info msg="[github.com/leiwenxuan/crontab/infra/base.(*HookStarter).Start(base/hook.go:44)] 【Register Notify Stop】:*base.ValidatorStarter.Stop()" func="github.com/leiwenxuan/crontab/infra/base.(*HookStarter).Start" file="base/hook.go:44"
time="2020-01-26T12:18:43+08:00" level=info msg="[github.com/leiwenxuan/crontab/infra/base.(*HookStarter).Start(base/hook.go:44)] 【Register Notify Stop】:*infra.WebApiStarter.Stop()" func="github.com/leiwenxuan/crontab/infra/base.(*HookStarter).Start" file="base/hook.go:44"
time="2020-01-26T12:18:43+08:00" level=info msg="[github.com/leiwenxuan/crontab/infra/base.(*HookStarter).Start(base/hook.go:44)] 【Register Notify Stop】:*base.HookStarter.Stop()" func="github.com/leiwenxuan/crontab/infra/base.(*HookStarter).Start" file="base/hook.go:44"
time="2020-01-26T12:18:43+08:00" level=info msg="[github.com/leiwenxuan/crontab/infra/base.(*HookStarter).Start(base/hook.go:44)] 【Register Notify Stop】:*base.IrisServerStarter.Stop()" func="github.com/leiwenxuan/crontab/infra/base.(*HookStarter).Start" file="base/hook.go:44"
time="2020-01-26T12:18:43+08:00" level=debug msg="[github.com/leiwenxuan/crontab/infra.(*BootApplication).start(infra/boot.go:61)] Starting: *base.IrisServerStarter" func="github.com/leiwenxuan/crontab/infra.(*BootApplication).start" file="infra/boot.go:61"
time="2020-01-26T12:18:43+08:00" level=debug msg="[github.com/kataras/golog.integrateExternalLogger.func1(golog@v0.0.10/integration.go:28)] Application: running using 1 host(s)" func=github.com/kataras/golog.integrateExternalLogger.func1 file="golog@v0.0.10/integration.go:28"
time="2020-01-26T12:18:43+08:00" level=debug msg="[github.com/kataras/golog.integrateExternalLogger.func1(golog@v0.0.10/integration.go:28)] Host: addr is :10101" func=github.com/kataras/golog.integrateExternalLogger.func1 file="golog@v0.0.10/integration.go:28"
time="2020-01-26T12:18:43+08:00" level=debug msg="[github.com/kataras/golog.integrateExternalLogger.func1(golog@v0.0.10/integration.go:28)] Host: virtual host is localhost:10101" func=github.com/kataras/golog.integrateExternalLogger.func1 file="golog@v0.0.10/integration.go:28"
time="2020-01-26T12:18:43+08:00" level=debug msg="[github.com/kataras/golog.integrateExternalLogger.func1(golog@v0.0.10/integration.go:28)] Host: register startup notifier" func=github.com/kataras/golog.integrateExternalLogger.func1 file="golog@v0.0.10/integration.go:28"
time="2020-01-26T12:18:43+08:00" level=debug msg="[github.com/kataras/golog.integrateExternalLogger.func1(golog@v0.0.10/integration.go:28)] Host: register server shutdown on interrupt(CTRL+C/CMD+C)" func=github.com/kataras/golog.integrateExternalLogger.func1 file="golog@v0.0.10/integration.go:28"
time="2020-01-26T12:21:14+08:00" level=error msg="[github.com/kataras/golog.integrateExternalLogger.func1(golog@v0.0.10/integration.go:28)] http: Server closed" func=github.com/kataras/golog.integrateExternalLogger.func1 file="golog@v0.0.10/integration.go:28"
time="2020-01-26T12:21:20+08:00" level=debug msg="[github.com/leiwenxuan/crontab/infra.(*BootApplication).init(infra/boot.go:37)] Initializing: PriorityGroup=20,Priority=10000,type=*base.PropsStarter" func="github.com/leiwenxuan/crontab/infra.(*BootApplication).init" file="infra/boot.go:37"
time="2020-01-26T12:21:20+08:00" level=info msg="[github.com/leiwenxuan/crontab/infra/base.(*PropsStarter).Init(base/props.go:22)] 初始化配置." func="github.com/leiwenxuan/crontab/infra/base.(*PropsStarter).Init" file="base/props.go:22"
time="2020-01-26T12:21:20+08:00" level=debug msg="[github.com/leiwenxuan/crontab/infra.(*BootApplication).init(infra/boot.go:37)] Initializing: PriorityGroup=20,Priority=10000,type=*base.EtcdStarter" func="github.com/leiwenxuan/crontab/infra.(*BootApplication).init" file="infra/boot.go:37"
time="2020-01-26T12:21:20+08:00" level=debug msg="[github.com/leiwenxuan/crontab/infra.(*BootApplication).init(infra/boot.go:37)] Initializing: PriorityGroup=20,Priority=10000,type=*base.ValidatorStarter" func="github.com/leiwenxuan/crontab/infra.(*BootApplication).init" file="infra/boot.go:37"
time="2020-01-26T12:21:20+08:00" level=debug msg="[github.com/leiwenxuan/crontab/infra.(*BootApplication).init(infra/boot.go:37)] Initializing: PriorityGroup=20,Priority=10000,type=*infra.WebApiStarter" func="github.com/leiwenxuan/crontab/infra.(*BootApplication).init" file="infra/boot.go:37"
time="2020-01-26T12:21:20+08:00" level=debug msg="[github.com/leiwenxuan/crontab/infra.(*BootApplication).init(infra/boot.go:37)] Initializing: PriorityGroup=20,Priority=10000,type=*base.HookStarter" func="github.com/leiwenxuan/crontab/infra.(*BootApplication).init" file="infra/boot.go:37"
time="2020-01-26T12:21:20+08:00" level=debug msg="[github.com/leiwenxuan/crontab/infra.(*BootApplication).init(infra/boot.go:37)] Initializing: PriorityGroup=20,Priority=10000,type=*base.IrisServerStarter" func="github.com/leiwenxuan/crontab/infra.(*BootApplication).init" file="infra/boot.go:37"
time="2020-01-26T12:21:20+08:00" level=debug msg="[github.com/leiwenxuan/crontab/infra.(*BootApplication).setup(infra/boot.go:47)] Setup: *base.PropsStarter" func="github.com/leiwenxuan/crontab/infra.(*BootApplication).setup" file="infra/boot.go:47"
time="2020-01-26T12:21:20+08:00" level=debug msg="[github.com/leiwenxuan/crontab/infra.(*BootApplication).setup(infra/boot.go:47)] Setup: *base.EtcdStarter" func="github.com/leiwenxuan/crontab/infra.(*BootApplication).setup" file="infra/boot.go:47"
time="2020-01-26T12:21:20+08:00" level=info msg="[github.com/leiwenxuan/crontab/infra/base.(*EtcdStarter).Setup(base/etcd.go:47)] 获取ETCD集群：[192.168.1.5:12381 192.168.1.5:12382 192.168.1.5:12381]" func="github.com/leiwenxuan/crontab/infra/base.(*EtcdStarter).Setup" file="base/etcd.go:47"
time="2020-01-26T12:21:20+08:00" level=debug msg="[github.com/leiwenxuan/crontab/infra.(*BootApplication).setup(infra/boot.go:47)] Setup: *base.ValidatorStarter" func="github.com/leiwenxuan/crontab/infra.(*BootApplication).setup" file="infra/boot.go:47"
time="2020-01-26T12:21:20+08:00" level=debug msg="[github.com/leiwenxuan/crontab/infra.(*BootApplication).setup(infra/boot.go:47)] Setup: *infra.WebApiStarter" func="github.com/leiwenxuan/crontab/infra.(*BootApplication).setup" file="infra/boot.go:47"
time="2020-01-26T12:21:20+08:00" level=debug msg="[github.com/leiwenxuan/crontab/infra.(*BootApplication).setup(infra/boot.go:47)] Setup: *base.HookStarter" func="github.com/leiwenxuan/crontab/infra.(*BootApplication).setup" file="infra/boot.go:47"
time="2020-01-26T12:21:20+08:00" level=debug msg="[github.com/leiwenxuan/crontab/infra.(*BootApplication).setup(infra/boot.go:47)] Setup: *base.IrisServerStarter" func="github.com/leiwenxuan/crontab/infra.(*BootApplication).setup" file="infra/boot.go:47"
time="2020-01-26T12:21:20+08:00" level=debug msg="[github.com/leiwenxuan/crontab/infra.(*BootApplication).start(infra/boot.go:59)] Starting: *base.PropsStarter" func="github.com/leiwenxuan/crontab/infra.(*BootApplication).start" file="infra/boot.go:59"
time="2020-01-26T12:21:20+08:00" level=debug msg="[github.com/leiwenxuan/crontab/infra.(*BootApplication).start(infra/boot.go:59)] Starting: *base.EtcdStarter" func="github.com/leiwenxuan/crontab/infra.(*BootApplication).start" file="infra/boot.go:59"
time="2020-01-26T12:21:20+08:00" level=debug msg="[github.com/leiwenxuan/crontab/infra.(*BootApplication).start(infra/boot.go:59)] Starting: *base.ValidatorStarter" func="github.com/leiwenxuan/crontab/infra.(*BootApplication).start" file="infra/boot.go:59"
time="2020-01-26T12:21:20+08:00" level=debug msg="[github.com/leiwenxuan/crontab/infra.(*BootApplication).start(infra/boot.go:59)] Starting: *infra.WebApiStarter" func="github.com/leiwenxuan/crontab/infra.(*BootApplication).start" file="infra/boot.go:59"
time="2020-01-26T12:21:20+08:00" level=debug msg="[github.com/leiwenxuan/crontab/infra.(*BootApplication).start(infra/boot.go:59)] Starting: *base.HookStarter" func="github.com/leiwenxuan/crontab/infra.(*BootApplication).start" file="infra/boot.go:59"
time="2020-01-26T12:21:20+08:00" level=info msg="[github.com/leiwenxuan/crontab/infra/base.(*HookStarter).Start(base/hook.go:44)] 【Register Notify Stop】:*base.PropsStarter.Stop()" func="github.com/leiwenxuan/crontab/infra/base.(*HookStarter).Start" file="base/hook.go:44"
time="2020-01-26T12:21:20+08:00" level=info msg="[github.com/leiwenxuan/crontab/infra/base.(*HookStarter).Start(base/hook.go:44)] 【Register Notify Stop】:*base.EtcdStarter.Stop()" func="github.com/leiwenxuan/crontab/infra/base.(*HookStarter).Start" file="base/hook.go:44"
time="2020-01-26T12:21:20+08:00" level=info msg="[github.com/leiwenxuan/crontab/infra/base.(*HookStarter).Start(base/hook.go:44)] 【Register Notify Stop】:*base.ValidatorStarter.Stop()" func="github.com/leiwenxuan/crontab/infra/base.(*HookStarter).Start" file="base/hook.go:44"
time="2020-01-26T12:21:20+08:00" level=info msg="[github.com/leiwenxuan/crontab/infra/base.(*HookStarter).Start(base/hook.go:44)] 【Register Notify Stop】:*infra.WebApiStarter.Stop()" func="github.com/leiwenxuan/crontab/infra/base.(*HookStarter).Start" file="base/hook.go:44"
time="2020-01-26T12:21:20+08:00" level=info msg="[github.com/leiwenxuan/crontab/infra/base.(*HookStarter).Start(base/hook.go:44)] 【Register Notify Stop】:*base.HookStarter.Stop()" func="github.com/leiwenxuan/crontab/infra/base.(*HookStarter).Start" file="base/hook.go:44"
time="2020-01-26T12:21:20+08:00" level=info msg="[github.com/leiwenxuan/crontab/infra/base.(*HookStarter).Start(base/hook.go:44)] 【Register Notify Stop】:*base.IrisServerStarter.Stop()" func="github.com/leiwenxuan/crontab/infra/base.(*HookStarter).Start" file="base/hook.go:44"
time="2020-01-26T12:21:20+08:00" level=debug msg="[github.com/leiwenxuan/crontab/infra.(*BootApplication).start(infra/boot.go:59)] Starting: *base.IrisServerStarter" func="github.com/leiwenxuan/crontab/infra.(*BootApplication).start" file="infra/boot.go:59"
time="2020-01-26T12:21:20+08:00" level=debug msg="[github.com/kataras/golog.integrateExternalLogger.func1(golog@v0.0.10/integration.go:28)] Application: running using 1 host(s)" func=github.com/kataras/golog.integrateExternalLogger.func1 file="golog@v0.0.10/integration.go:28"
time="2020-01-26T12:21:20+08:00" level=debug msg="[github.com/kataras/golog.integrateExternalLogger.func1(golog@v0.0.10/integration.go:28)] Host: addr is :10101" func=github.com/kataras/golog.integrateExternalLogger.func1 file="golog@v0.0.10/integration.go:28"
time="2020-01-26T12:21:20+08:00" level=debug msg="[github.com/kataras/golog.integrateExternalLogger.func1(golog@v0.0.10/integration.go:28)] Host: virtual host is localhost:10101" func=github.com/kataras/golog.integrateExternalLogger.func1 file="golog@v0.0.10/integration.go:28"
time="2020-01-26T12:21:20+08:00" level=debug msg="[github.com/kataras/golog.integrateExternalLogger.func1(golog@v0.0.10/integration.go:28)] Host: register startup notifier" func=github.com/kataras/golog.integrateExternalLogger.func1 file="golog@v0.0.10/integration.go:28"
time="2020-01-26T12:21:20+08:00" level=debug msg="[github.com/kataras/golog.integrateExternalLogger.func1(golog@v0.0.10/integration.go:28)] Host: register server shutdown on interrupt(CTRL+C/CMD+C)" func=github.com/kataras/golog.integrateExternalLogger.func1 file="golog@v0.0.10/integration.go:28"
time="2020-01-26T12:26:24+08:00" level=error msg="[github.com/kataras/golog.integrateExternalLogger.func1(golog@v0.0.10/integration.go:28)] http: Server closed" func=github.com/kataras/golog.integrateExternalLogger.func1 file="golog@v0.0.10/integration.go:28"
time="2020-01-26T12:26:30+08:00" level=debug msg="[github.com/leiwenxuan/crontab/infra.(*BootApplication).init(infra/boot.go:37)] Initializing: PriorityGroup=20,Priority=10000,type=*base.PropsStarter" func="github.com/leiwenxuan/crontab/infra.(*BootApplication).init" file="infra/boot.go:37"
time="2020-01-26T12:26:30+08:00" level=info msg="[github.com/leiwenxuan/crontab/infra/base.(*PropsStarter).Init(base/props.go:22)] 初始化配置." func="github.com/leiwenxuan/crontab/infra/base.(*PropsStarter).Init" file="base/props.go:22"
time="2020-01-26T12:26:30+08:00" level=debug msg="[github.com/leiwenxuan/crontab/infra.(*BootApplication).init(infra/boot.go:37)] Initializing: PriorityGroup=20,Priority=10000,type=*base.EtcdStarter" func="github.com/leiwenxuan/crontab/infra.(*BootApplication).init" file="infra/boot.go:37"
time="2020-01-26T12:26:30+08:00" level=debug msg="[github.com/leiwenxuan/crontab/infra.(*BootApplication).init(infra/boot.go:37)] Initializing: PriorityGroup=20,Priority=10000,type=*base.ValidatorStarter" func="github.com/leiwenxuan/crontab/infra.(*BootApplication).init" file="infra/boot.go:37"
time="2020-01-26T12:26:30+08:00" level=debug msg="[github.com/leiwenxuan/crontab/infra.(*BootApplication).init(infra/boot.go:37)] Initializing: PriorityGroup=20,Priority=10000,type=*infra.WebApiStarter" func="github.com/leiwenxuan/crontab/infra.(*BootApplication).init" file="infra/boot.go:37"
time="2020-01-26T12:26:30+08:00" level=debug msg="[github.com/leiwenxuan/crontab/infra.(*BootApplication).init(infra/boot.go:37)] Initializing: PriorityGroup=20,Priority=10000,type=*base.HookStarter" func="github.com/leiwenxuan/crontab/infra.(*BootApplication).init" file="infra/boot.go:37"
time="2020-01-26T12:26:30+08:00" level=debug msg="[github.com/leiwenxuan/crontab/infra.(*BootApplication).init(infra/boot.go:37)] Initializing: PriorityGroup=20,Priority=10000,type=*base.IrisServerStarter" func="github.com/leiwenxuan/crontab/infra.(*BootApplication).init" file="infra/boot.go:37"
time="2020-01-26T12:26:30+08:00" level=debug msg="[github.com/leiwenxuan/crontab/infra.(*BootApplication).setup(infra/boot.go:47)] Setup: *base.PropsStarter" func="github.com/leiwenxuan/crontab/infra.(*BootApplication).setup" file="infra/boot.go:47"
time="2020-01-26T12:26:30+08:00" level=debug msg="[github.com/leiwenxuan/crontab/infra.(*BootApplication).setup(infra/boot.go:47)] Setup: *base.EtcdStarter" func="github.com/leiwenxuan/crontab/infra.(*BootApplication).setup" file="infra/boot.go:47"
time="2020-01-26T12:26:30+08:00" level=info msg="[github.com/leiwenxuan/crontab/infra/base.(*EtcdStarter).Setup(base/etcd.go:51)] 获取ETCD集群：[192.168.1.5:12381 192.168.1.5:12382 192.168.1.5:12381]" func="github.com/leiwenxuan/crontab/infra/base.(*EtcdStarter).Setup" file="base/etcd.go:51"
time="2020-01-26T12:26:30+08:00" level=info msg="[github.com/leiwenxuan/crontab/infra/base.(*EtcdStarter).Setup(base/etcd.go:54)] 获取ETCD超时时间：5000" func="github.com/leiwenxuan/crontab/infra/base.(*EtcdStarter).Setup" file="base/etcd.go:54"
time="2020-01-26T12:26:30+08:00" level=debug msg="[github.com/leiwenxuan/crontab/infra.(*BootApplication).setup(infra/boot.go:47)] Setup: *base.ValidatorStarter" func="github.com/leiwenxuan/crontab/infra.(*BootApplication).setup" file="infra/boot.go:47"
time="2020-01-26T12:26:30+08:00" level=debug msg="[github.com/leiwenxuan/crontab/infra.(*BootApplication).setup(infra/boot.go:47)] Setup: *infra.WebApiStarter" func="github.com/leiwenxuan/crontab/infra.(*BootApplication).setup" file="infra/boot.go:47"
time="2020-01-26T12:26:30+08:00" level=debug msg="[github.com/leiwenxuan/crontab/infra.(*BootApplication).setup(infra/boot.go:47)] Setup: *base.HookStarter" func="github.com/leiwenxuan/crontab/infra.(*BootApplication).setup" file="infra/boot.go:47"
time="2020-01-26T12:26:30+08:00" level=debug msg="[github.com/leiwenxuan/crontab/infra.(*BootApplication).setup(infra/boot.go:47)] Setup: *base.IrisServerStarter" func="github.com/leiwenxuan/crontab/infra.(*BootApplication).setup" file="infra/boot.go:47"
time="2020-01-26T12:26:30+08:00" level=debug msg="[github.com/leiwenxuan/crontab/infra.(*BootApplication).start(infra/boot.go:59)] Starting: *base.PropsStarter" func="github.com/leiwenxuan/crontab/infra.(*BootApplication).start" file="infra/boot.go:59"
time="2020-01-26T12:26:30+08:00" level=debug msg="[github.com/leiwenxuan/crontab/infra.(*BootApplication).start(infra/boot.go:59)] Starting: *base.EtcdStarter" func="github.com/leiwenxuan/crontab/infra.(*BootApplication).start" file="infra/boot.go:59"
time="2020-01-26T12:26:30+08:00" level=debug msg="[github.com/leiwenxuan/crontab/infra.(*BootApplication).start(infra/boot.go:59)] Starting: *base.ValidatorStarter" func="github.com/leiwenxuan/crontab/infra.(*BootApplication).start" file="infra/boot.go:59"
time="2020-01-26T12:26:30+08:00" level=debug msg="[github.com/leiwenxuan/crontab/infra.(*BootApplication).start(infra/boot.go:59)] Starting: *infra.WebApiStarter" func="github.com/leiwenxuan/crontab/infra.(*BootApplication).start" file="infra/boot.go:59"
time="2020-01-26T12:26:30+08:00" level=debug msg="[github.com/leiwenxuan/crontab/infra.(*BootApplication).start(infra/boot.go:59)] Starting: *base.HookStarter" func="github.com/leiwenxuan/crontab/infra.(*BootApplication).start" file="infra/boot.go:59"
time="2020-01-26T12:26:30+08:00" level=info msg="[github.com/leiwenxuan/crontab/infra/base.(*HookStarter).Start(base/hook.go:44)] 【Register Notify Stop】:*base.PropsStarter.Stop()" func="github.com/leiwenxuan/crontab/infra/base.(*HookStarter).Start" file="base/hook.go:44"
time="2020-01-26T12:26:30+08:00" level=info msg="[github.com/leiwenxuan/crontab/infra/base.(*HookStarter).Start(base/hook.go:44)] 【Register Notify Stop】:*base.EtcdStarter.Stop()" func="github.com/leiwenxuan/crontab/infra/base.(*HookStarter).Start" file="base/hook.go:44"
time="2020-01-26T12:26:30+08:00" level=info msg="[github.com/leiwenxuan/crontab/infra/base.(*HookStarter).Start(base/hook.go:44)] 【Register Notify Stop】:*base.ValidatorStarter.Stop()" func="github.com/leiwenxuan/crontab/infra/base.(*HookStarter).Start" file="base/hook.go:44"
time="2020-01-26T12:26:30+08:00" level=info msg="[github.com/leiwenxuan/crontab/infra/base.(*HookStarter).Start(base/hook.go:44)] 【Register Notify Stop】:*infra.WebApiStarter.Stop()" func="github.com/leiwenxuan/crontab/infra/base.(*HookStarter).Start" file="base/hook.go:44"
time="2020-01-26T12:26:30+08:00" level=info msg="[github.com/leiwenxuan/crontab/infra/base.(*HookStarter).Start(base/hook.go:44)] 【Register Notify Stop】:*base.HookStarter.Stop()" func="github.com/leiwenxuan/crontab/infra/base.(*HookStarter).Start" file="base/hook.go:44"
time="2020-01-26T12:26:30+08:00" level=info msg="[github.com/leiwenxuan/crontab/infra/base.(*HookStarter).Start(base/hook.go:44)] 【Register Notify Stop】:*base.IrisServerStarter.Stop()" func="github.com/leiwenxuan/crontab/infra/base.(*HookStarter).Start" file="base/hook.go:44"
time="2020-01-26T12:26:30+08:00" level=debug msg="[github.com/leiwenxuan/crontab/infra.(*BootApplication).start(infra/boot.go:59)] Starting: *base.IrisServerStarter" func="github.com/leiwenxuan/crontab/infra.(*BootApplication).start" file="infra/boot.go:59"
time="2020-01-26T12:26:30+08:00" level=debug msg="[github.com/kataras/golog.integrateExternalLogger.func1(golog@v0.0.10/integration.go:28)] Application: running using 1 host(s)" func=github.com/kataras/golog.integrateExternalLogger.func1 file="golog@v0.0.10/integration.go:28"
time="2020-01-26T12:26:30+08:00" level=debug msg="[github.com/kataras/golog.integrateExternalLogger.func1(golog@v0.0.10/integration.go:28)] Host: addr is :10101" func=github.com/kataras/golog.integrateExternalLogger.func1 file="golog@v0.0.10/integration.go:28"
time="2020-01-26T12:26:30+08:00" level=debug msg="[github.com/kataras/golog.integrateExternalLogger.func1(golog@v0.0.10/integration.go:28)] Host: virtual host is localhost:10101" func=github.com/kataras/golog.integrateExternalLogger.func1 file="golog@v0.0.10/integration.go:28"
time="2020-01-26T12:26:30+08:00" level=debug msg="[github.com/kataras/golog.integrateExternalLogger.func1(golog@v0.0.10/integration.go:28)] Host: register startup notifier" func=github.com/kataras/golog.integrateExternalLogger.func1 file="golog@v0.0.10/integration.go:28"
time="2020-01-26T12:26:30+08:00" level=debug msg="[github.com/kataras/golog.integrateExternalLogger.func1(golog@v0.0.10/integration.go:28)] Host: register server shutdown on interrupt(CTRL+C/CMD+C)" func=github.com/kataras/golog.integrateExternalLogger.func1 file="golog@v0.0.10/integration.go:28"
time="2020-01-26T12:31:13+08:00" level=error msg="[github.com/kataras/golog.integrateExternalLogger.func1(golog@v0.0.10/integration.go:28)] http: Server closed" func=github.com/kataras/golog.integrateExternalLogger.func1 file="golog@v0.0.10/integration.go:28"
time="2020-01-26T12:31:20+08:00" level=debug msg="[github.com/leiwenxuan/crontab/infra.(*BootApplication).init(infra/boot.go:37)] Initializing: PriorityGroup=20,Priority=10000,type=*base.PropsStarter" func="github.com/leiwenxuan/crontab/infra.(*BootApplication).init" file="infra/boot.go:37"
time="2020-01-26T12:31:20+08:00" level=info msg="[github.com/leiwenxuan/crontab/infra/base.(*PropsStarter).Init(base/props.go:22)] 初始化配置." func="github.com/leiwenxuan/crontab/infra/base.(*PropsStarter).Init" file="base/props.go:22"
time="2020-01-26T12:31:20+08:00" level=debug msg="[github.com/leiwenxuan/crontab/infra.(*BootApplication).init(infra/boot.go:37)] Initializing: PriorityGroup=20,Priority=10000,type=*base.EtcdStarter" func="github.com/leiwenxuan/crontab/infra.(*BootApplication).init" file="infra/boot.go:37"
time="2020-01-26T12:31:20+08:00" level=debug msg="[github.com/leiwenxuan/crontab/infra.(*BootApplication).init(infra/boot.go:37)] Initializing: PriorityGroup=20,Priority=10000,type=*base.ValidatorStarter" func="github.com/leiwenxuan/crontab/infra.(*BootApplication).init" file="infra/boot.go:37"
time="2020-01-26T12:31:20+08:00" level=debug msg="[github.com/leiwenxuan/crontab/infra.(*BootApplication).init(infra/boot.go:37)] Initializing: PriorityGroup=20,Priority=10000,type=*infra.WebApiStarter" func="github.com/leiwenxuan/crontab/infra.(*BootApplication).init" file="infra/boot.go:37"
time="2020-01-26T12:31:20+08:00" level=debug msg="[github.com/leiwenxuan/crontab/infra.(*BootApplication).init(infra/boot.go:37)] Initializing: PriorityGroup=20,Priority=10000,type=*base.HookStarter" func="github.com/leiwenxuan/crontab/infra.(*BootApplication).init" file="infra/boot.go:37"
time="2020-01-26T12:31:20+08:00" level=debug msg="[github.com/leiwenxuan/crontab/infra.(*BootApplication).init(infra/boot.go:37)] Initializing: PriorityGroup=20,Priority=10000,type=*base.IrisServerStarter" func="github.com/leiwenxuan/crontab/infra.(*BootApplication).init" file="infra/boot.go:37"
time="2020-01-26T12:31:20+08:00" level=debug msg="[github.com/leiwenxuan/crontab/infra.(*BootApplication).setup(infra/boot.go:47)] Setup: *base.PropsStarter" func="github.com/leiwenxuan/crontab/infra.(*BootApplication).setup" file="infra/boot.go:47"
time="2020-01-26T12:31:20+08:00" level=debug msg="[github.com/leiwenxuan/crontab/infra.(*BootApplication).setup(infra/boot.go:47)] Setup: *base.EtcdStarter" func="github.com/leiwenxuan/crontab/infra.(*BootApplication).setup" file="infra/boot.go:47"
time="2020-01-26T12:31:20+08:00" level=info msg="[github.com/leiwenxuan/crontab/infra/base.(*EtcdStarter).Setup(base/etcd.go:43)] 获取ETCD集群：[192.168.1.5:12381 192.168.1.5:12382 192.168.1.5:12381]" func="github.com/leiwenxuan/crontab/infra/base.(*EtcdStarter).Setup" file="base/etcd.go:43"
time="2020-01-26T12:31:20+08:00" level=info msg="[github.com/leiwenxuan/crontab/infra/base.(*EtcdStarter).Setup(base/etcd.go:46)] 获取ETCD超时时间：5000" func="github.com/leiwenxuan/crontab/infra/base.(*EtcdStarter).Setup" file="base/etcd.go:46"
time="2020-01-26T12:33:16+08:00" level=debug msg="[github.com/leiwenxuan/crontab/infra.(*BootApplication).init(infra/boot.go:37)] Initializing: PriorityGroup=20,Priority=10000,type=*base.PropsStarter" func="github.com/leiwenxuan/crontab/infra.(*BootApplication).init" file="infra/boot.go:37"
time="2020-01-26T12:33:16+08:00" level=info msg="[github.com/leiwenxuan/crontab/infra/base.(*PropsStarter).Init(base/props.go:22)] 初始化配置." func="github.com/leiwenxuan/crontab/infra/base.(*PropsStarter).Init" file="base/props.go:22"
time="2020-01-26T12:33:16+08:00" level=debug msg="[github.com/leiwenxuan/crontab/infra.(*BootApplication).init(infra/boot.go:37)] Initializing: PriorityGroup=20,Priority=10000,type=*base.EtcdStarter" func="github.com/leiwenxuan/crontab/infra.(*BootApplication).init" file="infra/boot.go:37"
time="2020-01-26T12:33:16+08:00" level=debug msg="[github.com/leiwenxuan/crontab/infra.(*BootApplication).init(infra/boot.go:37)] Initializing: PriorityGroup=20,Priority=10000,type=*base.ValidatorStarter" func="github.com/leiwenxuan/crontab/infra.(*BootApplication).init" file="infra/boot.go:37"
time="2020-01-26T12:33:16+08:00" level=debug msg="[github.com/leiwenxuan/crontab/infra.(*BootApplication).init(infra/boot.go:37)] Initializing: PriorityGroup=20,Priority=10000,type=*infra.WebApiStarter" func="github.com/leiwenxuan/crontab/infra.(*BootApplication).init" file="infra/boot.go:37"
time="2020-01-26T12:33:16+08:00" level=debug msg="[github.com/leiwenxuan/crontab/infra.(*BootApplication).init(infra/boot.go:37)] Initializing: PriorityGroup=20,Priority=10000,type=*base.HookStarter" func="github.com/leiwenxuan/crontab/infra.(*BootApplication).init" file="infra/boot.go:37"
time="2020-01-26T12:33:16+08:00" level=debug msg="[github.com/leiwenxuan/crontab/infra.(*BootApplication).init(infra/boot.go:37)] Initializing: PriorityGroup=20,Priority=10000,type=*base.IrisServerStarter" func="github.com/leiwenxuan/crontab/infra.(*BootApplication).init" file="infra/boot.go:37"
time="2020-01-26T12:33:16+08:00" level=debug msg="[github.com/leiwenxuan/crontab/infra.(*BootApplication).setup(infra/boot.go:47)] Setup: *base.PropsStarter" func="github.com/leiwenxuan/crontab/infra.(*BootApplication).setup" file="infra/boot.go:47"
time="2020-01-26T12:33:16+08:00" level=debug msg="[github.com/leiwenxuan/crontab/infra.(*BootApplication).setup(infra/boot.go:47)] Setup: *base.EtcdStarter" func="github.com/leiwenxuan/crontab/infra.(*BootApplication).setup" file="infra/boot.go:47"
time="2020-01-26T12:33:16+08:00" level=info msg="[github.com/leiwenxuan/crontab/infra/base.(*EtcdStarter).Setup(base/etcd.go:43)] 获取ETCD集群：[192.168.1.5:12381 192.168.1.5:12382 192.168.1.5:12381]" func="github.com/leiwenxuan/crontab/infra/base.(*EtcdStarter).Setup" file="base/etcd.go:43"
time="2020-01-26T12:33:16+08:00" level=info msg="[github.com/leiwenxuan/crontab/infra/base.(*EtcdStarter).Setup(base/etcd.go:46)] 获取ETCD超时时间：5000" func="github.com/leiwenxuan/crontab/infra/base.(*EtcdStarter).Setup" file="base/etcd.go:46"
time="2020-01-26T12:34:32+08:00" level=debug msg="[github.com/leiwenxuan/crontab/infra.(*BootApplication).init(infra/boot.go:37)] Initializing: PriorityGroup=20,Priority=10000,type=*base.PropsStarter" func="github.com/leiwenxuan/crontab/infra.(*BootApplication).init" file="infra/boot.go:37"
time="2020-01-26T12:34:32+08:00" level=info msg="[github.com/leiwenxuan/crontab/infra/base.(*PropsStarter).Init(base/props.go:22)] 初始化配置." func="github.com/leiwenxuan/crontab/infra/base.(*PropsStarter).Init" file="base/props.go:22"
time="2020-01-26T12:34:32+08:00" level=debug msg="[github.com/leiwenxuan/crontab/infra.(*BootApplication).init(infra/boot.go:37)] Initializing: PriorityGroup=20,Priority=10000,type=*base.EtcdStarter" func="github.com/leiwenxuan/crontab/infra.(*BootApplication).init" file="infra/boot.go:37"
time="2020-01-26T12:34:32+08:00" level=debug msg="[github.com/leiwenxuan/crontab/infra.(*BootApplication).init(infra/boot.go:37)] Initializing: PriorityGroup=20,Priority=10000,type=*base.ValidatorStarter" func="github.com/leiwenxuan/crontab/infra.(*BootApplication).init" file="infra/boot.go:37"
time="2020-01-26T12:34:32+08:00" level=debug msg="[github.com/leiwenxuan/crontab/infra.(*BootApplication).init(infra/boot.go:37)] Initializing: PriorityGroup=20,Priority=10000,type=*infra.WebApiStarter" func="github.com/leiwenxuan/crontab/infra.(*BootApplication).init" file="infra/boot.go:37"
time="2020-01-26T12:34:32+08:00" level=debug msg="[github.com/leiwenxuan/crontab/infra.(*BootApplication).init(infra/boot.go:37)] Initializing: PriorityGroup=20,Priority=10000,type=*base.HookStarter" func="github.com/leiwenxuan/crontab/infra.(*BootApplication).init" file="infra/boot.go:37"
time="2020-01-26T12:34:32+08:00" level=debug msg="[github.com/leiwenxuan/crontab/infra.(*BootApplication).init(infra/boot.go:37)] Initializing: PriorityGroup=20,Priority=10000,type=*base.IrisServerStarter" func="github.com/leiwenxuan/crontab/infra.(*BootApplication).init" file="infra/boot.go:37"
time="2020-01-26T12:34:32+08:00" level=debug msg="[github.com/leiwenxuan/crontab/infra.(*BootApplication).setup(infra/boot.go:47)] Setup: *base.PropsStarter" func="github.com/leiwenxuan/crontab/infra.(*BootApplication).setup" file="infra/boot.go:47"
time="2020-01-26T12:34:32+08:00" level=debug msg="[github.com/leiwenxuan/crontab/infra.(*BootApplication).setup(infra/boot.go:47)] Setup: *base.EtcdStarter" func="github.com/leiwenxuan/crontab/infra.(*BootApplication).setup" file="infra/boot.go:47"
time="2020-01-26T12:34:32+08:00" level=info msg="[github.com/leiwenxuan/crontab/infra/base.(*EtcdStarter).Setup(base/etcd.go:38)] 获取ETCD集群：[192.168.1.5:12381 192.168.1.5:12382 192.168.1.5:12381]" func="github.com/leiwenxuan/crontab/infra/base.(*EtcdStarter).Setup" file="base/etcd.go:38"
time="2020-01-26T12:34:32+08:00" level=info msg="[github.com/leiwenxuan/crontab/infra/base.(*EtcdStarter).Setup(base/etcd.go:41)] 获取ETCD超时时间：5000" func="github.com/leiwenxuan/crontab/infra/base.(*EtcdStarter).Setup" file="base/etcd.go:41"
time="2020-01-26T12:34:32+08:00" level=debug msg="[github.com/leiwenxuan/crontab/infra/base.(*EtcdStarter).Setup(base/etcd.go:54)] client etcd:&{0xc00019b980 0xc00019b9b0 0xc0003806e0 0xc0004e1ef0 0xc00019baa0 0xc00019bad0 0xc0001c7c00 {[192.168.1.5:12381 192.168.1.5:12382 192.168.1.5:12381] 0 5000000000 0 0 0 0 <nil>   false [] <nil> <nil> false} <nil> 0xc0004519e0 0xc0002d6820 0xc000039440 0x507220   <nil> [{false} {2097152} {2147483647}] 0xc000451980}" func="github.com/leiwenxuan/crontab/infra/base.(*EtcdStarter).Setup" file="base/etcd.go:54"
time="2020-01-26T12:34:32+08:00" level=debug msg="[github.com/leiwenxuan/crontab/infra.(*BootApplication).setup(infra/boot.go:47)] Setup: *base.ValidatorStarter" func="github.com/leiwenxuan/crontab/infra.(*BootApplication).setup" file="infra/boot.go:47"
time="2020-01-26T12:34:32+08:00" level=debug msg="[github.com/leiwenxuan/crontab/infra.(*BootApplication).setup(infra/boot.go:47)] Setup: *infra.WebApiStarter" func="github.com/leiwenxuan/crontab/infra.(*BootApplication).setup" file="infra/boot.go:47"
time="2020-01-26T12:34:32+08:00" level=debug msg="[github.com/leiwenxuan/crontab/infra.(*BootApplication).setup(infra/boot.go:47)] Setup: *base.HookStarter" func="github.com/leiwenxuan/crontab/infra.(*BootApplication).setup" file="infra/boot.go:47"
time="2020-01-26T12:34:32+08:00" level=debug msg="[github.com/leiwenxuan/crontab/infra.(*BootApplication).setup(infra/boot.go:47)] Setup: *base.IrisServerStarter" func="github.com/leiwenxuan/crontab/infra.(*BootApplication).setup" file="infra/boot.go:47"
time="2020-01-26T12:34:32+08:00" level=debug msg="[github.com/leiwenxuan/crontab/infra.(*BootApplication).start(infra/boot.go:59)] Starting: *base.PropsStarter" func="github.com/leiwenxuan/crontab/infra.(*BootApplication).start" file="infra/boot.go:59"
time="2020-01-26T12:34:32+08:00" level=debug msg="[github.com/leiwenxuan/crontab/infra.(*BootApplication).start(infra/boot.go:59)] Starting: *base.EtcdStarter" func="github.com/leiwenxuan/crontab/infra.(*BootApplication).start" file="infra/boot.go:59"
time="2020-01-26T12:34:32+08:00" level=debug msg="[github.com/leiwenxuan/crontab/infra.(*BootApplication).start(infra/boot.go:59)] Starting: *base.ValidatorStarter" func="github.com/leiwenxuan/crontab/infra.(*BootApplication).start" file="infra/boot.go:59"
time="2020-01-26T12:34:32+08:00" level=debug msg="[github.com/leiwenxuan/crontab/infra.(*BootApplication).start(infra/boot.go:59)] Starting: *infra.WebApiStarter" func="github.com/leiwenxuan/crontab/infra.(*BootApplication).start" file="infra/boot.go:59"
time="2020-01-26T12:34:32+08:00" level=debug msg="[github.com/leiwenxuan/crontab/infra.(*BootApplication).start(infra/boot.go:59)] Starting: *base.HookStarter" func="github.com/leiwenxuan/crontab/infra.(*BootApplication).start" file="infra/boot.go:59"
time="2020-01-26T12:34:32+08:00" level=info msg="[github.com/leiwenxuan/crontab/infra/base.(*HookStarter).Start(base/hook.go:44)] 【Register Notify Stop】:*base.PropsStarter.Stop()" func="github.com/leiwenxuan/crontab/infra/base.(*HookStarter).Start" file="base/hook.go:44"
time="2020-01-26T12:34:32+08:00" level=info msg="[github.com/leiwenxuan/crontab/infra/base.(*HookStarter).Start(base/hook.go:44)] 【Register Notify Stop】:*base.EtcdStarter.Stop()" func="github.com/leiwenxuan/crontab/infra/base.(*HookStarter).Start" file="base/hook.go:44"
time="2020-01-26T12:34:32+08:00" level=info msg="[github.com/leiwenxuan/crontab/infra/base.(*HookStarter).Start(base/hook.go:44)] 【Register Notify Stop】:*base.ValidatorStarter.Stop()" func="github.com/leiwenxuan/crontab/infra/base.(*HookStarter).Start" file="base/hook.go:44"
time="2020-01-26T12:34:32+08:00" level=info msg="[github.com/leiwenxuan/crontab/infra/base.(*HookStarter).Start(base/hook.go:44)] 【Register Notify Stop】:*infra.WebApiStarter.Stop()" func="github.com/leiwenxuan/crontab/infra/base.(*HookStarter).Start" file="base/hook.go:44"
time="2020-01-26T12:34:32+08:00" level=info msg="[github.com/leiwenxuan/crontab/infra/base.(*HookStarter).Start(base/hook.go:44)] 【Register Notify Stop】:*base.HookStarter.Stop()" func="github.com/leiwenxuan/crontab/infra/base.(*HookStarter).Start" file="base/hook.go:44"
time="2020-01-26T12:34:32+08:00" level=info msg="[github.com/leiwenxuan/crontab/infra/base.(*HookStarter).Start(base/hook.go:44)] 【Register Notify Stop】:*base.IrisServerStarter.Stop()" func="github.com/leiwenxuan/crontab/infra/base.(*HookStarter).Start" file="base/hook.go:44"
time="2020-01-26T12:34:32+08:00" level=debug msg="[github.com/leiwenxuan/crontab/infra.(*BootApplication).start(infra/boot.go:59)] Starting: *base.IrisServerStarter" func="github.com/leiwenxuan/crontab/infra.(*BootApplication).start" file="infra/boot.go:59"
time="2020-01-26T12:34:32+08:00" level=debug msg="[github.com/kataras/golog.integrateExternalLogger.func1(golog@v0.0.10/integration.go:28)] Application: running using 1 host(s)" func=github.com/kataras/golog.integrateExternalLogger.func1 file="golog@v0.0.10/integration.go:28"
time="2020-01-26T12:34:32+08:00" level=debug msg="[github.com/kataras/golog.integrateExternalLogger.func1(golog@v0.0.10/integration.go:28)] Host: addr is :10101" func=github.com/kataras/golog.integrateExternalLogger.func1 file="golog@v0.0.10/integration.go:28"
time="2020-01-26T12:34:32+08:00" level=debug msg="[github.com/kataras/golog.integrateExternalLogger.func1(golog@v0.0.10/integration.go:28)] Host: virtual host is localhost:10101" func=github.com/kataras/golog.integrateExternalLogger.func1 file="golog@v0.0.10/integration.go:28"
time="2020-01-26T12:34:32+08:00" level=debug msg="[github.com/kataras/golog.integrateExternalLogger.func1(golog@v0.0.10/integration.go:28)] Host: register startup notifier" func=github.com/kataras/golog.integrateExternalLogger.func1 file="golog@v0.0.10/integration.go:28"
time="2020-01-26T12:34:32+08:00" level=debug msg="[github.com/kataras/golog.integrateExternalLogger.func1(golog@v0.0.10/integration.go:28)] Host: register server shutdown on interrupt(CTRL+C/CMD+C)" func=github.com/kataras/golog.integrateExternalLogger.func1 file="golog@v0.0.10/integration.go:28"
time="2020-01-26T12:58:39+08:00" level=error msg="[github.com/kataras/golog.integrateExternalLogger.func1(golog@v0.0.10/integration.go:28)] http: Server closed" func=github.com/kataras/golog.integrateExternalLogger.func1 file="golog@v0.0.10/integration.go:28"
time="2020-01-26T12:58:47+08:00" level=debug msg="[github.com/leiwenxuan/crontab/infra.(*BootApplication).init(infra/boot.go:37)] Initializing: PriorityGroup=20,Priority=10000,type=*base.PropsStarter" func="github.com/leiwenxuan/crontab/infra.(*BootApplication).init" file="infra/boot.go:37"
time="2020-01-26T12:58:47+08:00" level=info msg="[github.com/leiwenxuan/crontab/infra/base.(*PropsStarter).Init(base/props.go:22)] 初始化配置." func="github.com/leiwenxuan/crontab/infra/base.(*PropsStarter).Init" file="base/props.go:22"
time="2020-01-26T12:58:47+08:00" level=debug msg="[github.com/leiwenxuan/crontab/infra.(*BootApplication).init(infra/boot.go:37)] Initializing: PriorityGroup=20,Priority=10000,type=*base.EtcdStarter" func="github.com/leiwenxuan/crontab/infra.(*BootApplication).init" file="infra/boot.go:37"
time="2020-01-26T12:58:47+08:00" level=debug msg="[github.com/leiwenxuan/crontab/infra.(*BootApplication).init(infra/boot.go:37)] Initializing: PriorityGroup=20,Priority=10000,type=*base.ValidatorStarter" func="github.com/leiwenxuan/crontab/infra.(*BootApplication).init" file="infra/boot.go:37"
time="2020-01-26T12:58:47+08:00" level=debug msg="[github.com/leiwenxuan/crontab/infra.(*BootApplication).init(infra/boot.go:37)] Initializing: PriorityGroup=20,Priority=10000,type=*infra.WebApiStarter" func="github.com/leiwenxuan/crontab/infra.(*BootApplication).init" file="infra/boot.go:37"
time="2020-01-26T12:58:47+08:00" level=debug msg="[github.com/leiwenxuan/crontab/infra.(*BootApplication).init(infra/boot.go:37)] Initializing: PriorityGroup=20,Priority=10000,type=*base.HookStarter" func="github.com/leiwenxuan/crontab/infra.(*BootApplication).init" file="infra/boot.go:37"
time="2020-01-26T12:58:47+08:00" level=debug msg="[github.com/leiwenxuan/crontab/infra.(*BootApplication).init(infra/boot.go:37)] Initializing: PriorityGroup=20,Priority=10000,type=*base.IrisServerStarter" func="github.com/leiwenxuan/crontab/infra.(*BootApplication).init" file="infra/boot.go:37"
time="2020-01-26T12:58:47+08:00" level=debug msg="[github.com/leiwenxuan/crontab/infra.(*BootApplication).setup(infra/boot.go:47)] Setup: *base.PropsStarter" func="github.com/leiwenxuan/crontab/infra.(*BootApplication).setup" file="infra/boot.go:47"
time="2020-01-26T12:58:47+08:00" level=debug msg="[github.com/leiwenxuan/crontab/infra.(*BootApplication).setup(infra/boot.go:47)] Setup: *base.EtcdStarter" func="github.com/leiwenxuan/crontab/infra.(*BootApplication).setup" file="infra/boot.go:47"
time="2020-01-26T12:58:47+08:00" level=info msg="[github.com/leiwenxuan/crontab/infra/base.(*EtcdStarter).Setup(base/etcd.go:38)] 获取ETCD集群：[192.168.1.5:12381 192.168.1.5:12382 192.168.1.5:12381]" func="github.com/leiwenxuan/crontab/infra/base.(*EtcdStarter).Setup" file="base/etcd.go:38"
time="2020-01-26T12:58:47+08:00" level=info msg="[github.com/leiwenxuan/crontab/infra/base.(*EtcdStarter).Setup(base/etcd.go:41)] 获取ETCD超时时间：5000" func="github.com/leiwenxuan/crontab/infra/base.(*EtcdStarter).Setup" file="base/etcd.go:41"
time="2020-01-26T12:58:47+08:00" level=debug msg="[github.com/leiwenxuan/crontab/infra/base.(*EtcdStarter).Setup(base/etcd.go:54)] client etcd:&{0xc0002eac30 0xc0002eac60 0xc0003445a0 0xc0004708c0 0xc0002eae10 0xc0002eae70 0xc000433180 {[192.168.1.5:12381 192.168.1.5:12382 192.168.1.5:12381] 0 5000000000 0 0 0 0 <nil>   false [] <nil> <nil> false} <nil> 0xc000322ae0 0xc000259c40 0xc00022b840 0x507220   <nil> [{false} {2097152} {2147483647}] 0xc000322a80}" func="github.com/leiwenxuan/crontab/infra/base.(*EtcdStarter).Setup" file="base/etcd.go:54"
time="2020-01-26T12:58:47+08:00" level=debug msg="[github.com/leiwenxuan/crontab/infra.(*BootApplication).setup(infra/boot.go:47)] Setup: *base.ValidatorStarter" func="github.com/leiwenxuan/crontab/infra.(*BootApplication).setup" file="infra/boot.go:47"
time="2020-01-26T12:58:47+08:00" level=debug msg="[github.com/leiwenxuan/crontab/infra.(*BootApplication).setup(infra/boot.go:47)] Setup: *infra.WebApiStarter" func="github.com/leiwenxuan/crontab/infra.(*BootApplication).setup" file="infra/boot.go:47"
time="2020-01-26T12:58:47+08:00" level=debug msg="[github.com/leiwenxuan/crontab/infra.(*BootApplication).setup(infra/boot.go:47)] Setup: *base.HookStarter" func="github.com/leiwenxuan/crontab/infra.(*BootApplication).setup" file="infra/boot.go:47"
time="2020-01-26T12:58:47+08:00" level=debug msg="[github.com/leiwenxuan/crontab/infra.(*BootApplication).setup(infra/boot.go:47)] Setup: *base.IrisServerStarter" func="github.com/leiwenxuan/crontab/infra.(*BootApplication).setup" file="infra/boot.go:47"
time="2020-01-26T12:58:47+08:00" level=debug msg="[github.com/leiwenxuan/crontab/infra.(*BootApplication).start(infra/boot.go:59)] Starting: *base.PropsStarter" func="github.com/leiwenxuan/crontab/infra.(*BootApplication).start" file="infra/boot.go:59"
time="2020-01-26T12:58:47+08:00" level=debug msg="[github.com/leiwenxuan/crontab/infra.(*BootApplication).start(infra/boot.go:59)] Starting: *base.EtcdStarter" func="github.com/leiwenxuan/crontab/infra.(*BootApplication).start" file="infra/boot.go:59"
time="2020-01-26T12:58:47+08:00" level=debug msg="[github.com/leiwenxuan/crontab/infra.(*BootApplication).start(infra/boot.go:59)] Starting: *base.ValidatorStarter" func="github.com/leiwenxuan/crontab/infra.(*BootApplication).start" file="infra/boot.go:59"
time="2020-01-26T12:58:47+08:00" level=debug msg="[github.com/leiwenxuan/crontab/infra.(*BootApplication).start(infra/boot.go:59)] Starting: *infra.WebApiStarter" func="github.com/leiwenxuan/crontab/infra.(*BootApplication).start" file="infra/boot.go:59"
time="2020-01-26T12:58:47+08:00" level=debug msg="[github.com/leiwenxuan/crontab/infra.(*BootApplication).start(infra/boot.go:59)] Starting: *base.HookStarter" func="github.com/leiwenxuan/crontab/infra.(*BootApplication).start" file="infra/boot.go:59"
time="2020-01-26T12:58:47+08:00" level=info msg="[github.com/leiwenxuan/crontab/infra/base.(*HookStarter).Start(base/hook.go:44)] 【Register Notify Stop】:*base.PropsStarter.Stop()" func="github.com/leiwenxuan/crontab/infra/base.(*HookStarter).Start" file="base/hook.go:44"
time="2020-01-26T12:58:47+08:00" level=info msg="[github.com/leiwenxuan/crontab/infra/base.(*HookStarter).Start(base/hook.go:44)] 【Register Notify Stop】:*base.EtcdStarter.Stop()" func="github.com/leiwenxuan/crontab/infra/base.(*HookStarter).Start" file="base/hook.go:44"
time="2020-01-26T12:58:47+08:00" level=info msg="[github.com/leiwenxuan/crontab/infra/base.(*HookStarter).Start(base/hook.go:44)] 【Register Notify Stop】:*base.ValidatorStarter.Stop()" func="github.com/leiwenxuan/crontab/infra/base.(*HookStarter).Start" file="base/hook.go:44"
time="2020-01-26T12:58:47+08:00" level=info msg="[github.com/leiwenxuan/crontab/infra/base.(*HookStarter).Start(base/hook.go:44)] 【Register Notify Stop】:*infra.WebApiStarter.Stop()" func="github.com/leiwenxuan/crontab/infra/base.(*HookStarter).Start" file="base/hook.go:44"
time="2020-01-26T12:58:47+08:00" level=info msg="[github.com/leiwenxuan/crontab/infra/base.(*HookStarter).Start(base/hook.go:44)] 【Register Notify Stop】:*base.HookStarter.Stop()" func="github.com/leiwenxuan/crontab/infra/base.(*HookStarter).Start" file="base/hook.go:44"
time="2020-01-26T12:58:47+08:00" level=info msg="[github.com/leiwenxuan/crontab/infra/base.(*HookStarter).Start(base/hook.go:44)] 【Register Notify Stop】:*base.IrisServerStarter.Stop()" func="github.com/leiwenxuan/crontab/infra/base.(*HookStarter).Start" file="base/hook.go:44"
time="2020-01-26T12:58:47+08:00" level=debug msg="[github.com/leiwenxuan/crontab/infra.(*BootApplication).start(infra/boot.go:59)] Starting: *base.IrisServerStarter" func="github.com/leiwenxuan/crontab/infra.(*BootApplication).start" file="infra/boot.go:59"
time="2020-01-26T12:58:47+08:00" level=debug msg="[github.com/kataras/golog.integrateExternalLogger.func1(golog@v0.0.10/integration.go:28)] Application: running using 1 host(s)" func=github.com/kataras/golog.integrateExternalLogger.func1 file="golog@v0.0.10/integration.go:28"
time="2020-01-26T12:58:47+08:00" level=debug msg="[github.com/kataras/golog.integrateExternalLogger.func1(golog@v0.0.10/integration.go:28)] Host: addr is :10101" func=github.com/kataras/golog.integrateExternalLogger.func1 file="golog@v0.0.10/integration.go:28"
time="2020-01-26T12:58:47+08:00" level=debug msg="[github.com/kataras/golog.integrateExternalLogger.func1(golog@v0.0.10/integration.go:28)] Host: virtual host is localhost:10101" func=github.com/kataras/golog.integrateExternalLogger.func1 file="golog@v0.0.10/integration.go:28"
time="2020-01-26T12:58:47+08:00" level=debug msg="[github.com/kataras/golog.integrateExternalLogger.func1(golog@v0.0.10/integration.go:28)] Host: register startup notifier" func=github.com/kataras/golog.integrateExternalLogger.func1 file="golog@v0.0.10/integration.go:28"
time="2020-01-26T12:58:47+08:00" level=debug msg="[github.com/kataras/golog.integrateExternalLogger.func1(golog@v0.0.10/integration.go:28)] Host: register server shutdown on interrupt(CTRL+C/CMD+C)" func=github.com/kataras/golog.integrateExternalLogger.func1 file="golog@v0.0.10/integration.go:28"
