time="2020-01-26T19:33:13+08:00" level=error msg="[github.com/kataras/golog.integrateExternalLogger.func1(golog@v0.0.10/integration.go:28)] http: Server closed" func=github.com/kataras/golog.integrateExternalLogger.func1 file="golog@v0.0.10/integration.go:28"
time="2020-01-26T19:33:35+08:00" level=debug msg="[github.com/leiwenxuan/crontab/infra.(*BootApplication).init(infra/boot.go:37)] Initializing: PriorityGroup=20,Priority=10000,type=*base.PropsStarter" func="github.com/leiwenxuan/crontab/infra.(*BootApplication).init" file="infra/boot.go:37"
time="2020-01-26T19:33:35+08:00" level=info msg="[github.com/leiwenxuan/crontab/infra/base.(*PropsStarter).Init(base/props.go:22)] 初始化配置." func="github.com/leiwenxuan/crontab/infra/base.(*PropsStarter).Init" file="base/props.go:22"
time="2020-01-26T19:33:35+08:00" level=debug msg="[github.com/leiwenxuan/crontab/infra.(*BootApplication).init(infra/boot.go:37)] Initializing: PriorityGroup=20,Priority=10000,type=*base.EtcdStarter" func="github.com/leiwenxuan/crontab/infra.(*BootApplication).init" file="infra/boot.go:37"
time="2020-01-26T19:33:35+08:00" level=debug msg="[github.com/leiwenxuan/crontab/infra.(*BootApplication).init(infra/boot.go:37)] Initializing: PriorityGroup=20,Priority=10000,type=*base.EtcdRegisterStarter" func="github.com/leiwenxuan/crontab/infra.(*BootApplication).init" file="infra/boot.go:37"
time="2020-01-26T19:33:35+08:00" level=debug msg="[github.com/leiwenxuan/crontab/infra.(*BootApplication).init(infra/boot.go:37)] Initializing: PriorityGroup=20,Priority=10000,type=*base.ValidatorStarter" func="github.com/leiwenxuan/crontab/infra.(*BootApplication).init" file="infra/boot.go:37"
time="2020-01-26T19:33:35+08:00" level=debug msg="[github.com/leiwenxuan/crontab/infra.(*BootApplication).init(infra/boot.go:37)] Initializing: PriorityGroup=20,Priority=10000,type=*infra.WebApiStarter" func="github.com/leiwenxuan/crontab/infra.(*BootApplication).init" file="infra/boot.go:37"
time="2020-01-26T19:33:35+08:00" level=debug msg="[github.com/leiwenxuan/crontab/infra.(*BootApplication).init(infra/boot.go:37)] Initializing: PriorityGroup=20,Priority=10000,type=*base.HookStarter" func="github.com/leiwenxuan/crontab/infra.(*BootApplication).init" file="infra/boot.go:37"
time="2020-01-26T19:33:35+08:00" level=debug msg="[github.com/leiwenxuan/crontab/infra.(*BootApplication).init(infra/boot.go:37)] Initializing: PriorityGroup=20,Priority=10000,type=*base.IrisServerStarter" func="github.com/leiwenxuan/crontab/infra.(*BootApplication).init" file="infra/boot.go:37"
time="2020-01-26T19:33:35+08:00" level=debug msg="[github.com/leiwenxuan/crontab/infra.(*BootApplication).setup(infra/boot.go:47)] Setup: *base.PropsStarter" func="github.com/leiwenxuan/crontab/infra.(*BootApplication).setup" file="infra/boot.go:47"
time="2020-01-26T19:33:35+08:00" level=debug msg="[github.com/leiwenxuan/crontab/infra.(*BootApplication).setup(infra/boot.go:47)] Setup: *base.EtcdStarter" func="github.com/leiwenxuan/crontab/infra.(*BootApplication).setup" file="infra/boot.go:47"
time="2020-01-26T19:33:35+08:00" level=info msg="[github.com/leiwenxuan/crontab/infra/base.(*EtcdStarter).Setup(base/etcd.go:38)] 获取ETCD集群：[192.168.1.5:12381 192.168.1.5:12382 192.168.1.5:12381]" func="github.com/leiwenxuan/crontab/infra/base.(*EtcdStarter).Setup" file="base/etcd.go:38"
time="2020-01-26T19:33:35+08:00" level=info msg="[github.com/leiwenxuan/crontab/infra/base.(*EtcdStarter).Setup(base/etcd.go:41)] 获取ETCD超时时间：5000" func="github.com/leiwenxuan/crontab/infra/base.(*EtcdStarter).Setup" file="base/etcd.go:41"
time="2020-01-26T19:33:35+08:00" level=debug msg="[github.com/leiwenxuan/crontab/infra/base.(*EtcdStarter).Setup(base/etcd.go:54)] clientMongo etcd:&{0xc0003b8000 0xc0003b8090 0xc0002be0a0 0xc000420b40 0xc0003b8270 0xc0003b82d0 0xc000126000 {[192.168.1.5:12381 192.168.1.5:12382 192.168.1.5:12381] 0 5000000000 0 0 0 0 <nil>   false [] <nil> <nil> false} <nil> 0xc00006aea0 0xc0002d0e80 0xc0001dd3c0 0x508500   <nil> [{false} {2097152} {2147483647}] 0xc00006ae40}" func="github.com/leiwenxuan/crontab/infra/base.(*EtcdStarter).Setup" file="base/etcd.go:54"
time="2020-01-26T19:33:35+08:00" level=debug msg="[github.com/leiwenxuan/crontab/infra.(*BootApplication).setup(infra/boot.go:47)] Setup: *base.EtcdRegisterStarter" func="github.com/leiwenxuan/crontab/infra.(*BootApplication).setup" file="infra/boot.go:47"
time="2020-01-26T19:33:35+08:00" level=debug msg="[github.com/leiwenxuan/crontab/infra.(*BootApplication).setup(infra/boot.go:47)] Setup: *base.ValidatorStarter" func="github.com/leiwenxuan/crontab/infra.(*BootApplication).setup" file="infra/boot.go:47"
time="2020-01-26T19:33:35+08:00" level=debug msg="[github.com/leiwenxuan/crontab/infra.(*BootApplication).setup(infra/boot.go:47)] Setup: *infra.WebApiStarter" func="github.com/leiwenxuan/crontab/infra.(*BootApplication).setup" file="infra/boot.go:47"
time="2020-01-26T19:33:35+08:00" level=debug msg="[github.com/leiwenxuan/crontab/infra.(*BootApplication).setup(infra/boot.go:47)] Setup: *base.HookStarter" func="github.com/leiwenxuan/crontab/infra.(*BootApplication).setup" file="infra/boot.go:47"
time="2020-01-26T19:33:35+08:00" level=debug msg="[github.com/leiwenxuan/crontab/infra.(*BootApplication).setup(infra/boot.go:47)] Setup: *base.IrisServerStarter" func="github.com/leiwenxuan/crontab/infra.(*BootApplication).setup" file="infra/boot.go:47"
time="2020-01-26T19:33:35+08:00" level=debug msg="[github.com/leiwenxuan/crontab/infra.(*BootApplication).start(infra/boot.go:59)] Starting: *base.PropsStarter" func="github.com/leiwenxuan/crontab/infra.(*BootApplication).start" file="infra/boot.go:59"
time="2020-01-26T19:33:35+08:00" level=debug msg="[github.com/leiwenxuan/crontab/infra.(*BootApplication).start(infra/boot.go:59)] Starting: *base.EtcdStarter" func="github.com/leiwenxuan/crontab/infra.(*BootApplication).start" file="infra/boot.go:59"
time="2020-01-26T19:33:35+08:00" level=debug msg="[github.com/leiwenxuan/crontab/infra.(*BootApplication).start(infra/boot.go:59)] Starting: *base.EtcdRegisterStarter" func="github.com/leiwenxuan/crontab/infra.(*BootApplication).start" file="infra/boot.go:59"
time="2020-01-26T19:33:35+08:00" level=debug msg="[github.com/leiwenxuan/crontab/infra.(*BootApplication).start(infra/boot.go:59)] Starting: *base.ValidatorStarter" func="github.com/leiwenxuan/crontab/infra.(*BootApplication).start" file="infra/boot.go:59"
time="2020-01-26T19:33:35+08:00" level=debug msg="[github.com/leiwenxuan/crontab/infra.(*BootApplication).start(infra/boot.go:59)] Starting: *infra.WebApiStarter" func="github.com/leiwenxuan/crontab/infra.(*BootApplication).start" file="infra/boot.go:59"
time="2020-01-26T19:33:35+08:00" level=debug msg="[github.com/leiwenxuan/crontab/infra.(*BootApplication).start(infra/boot.go:59)] Starting: *base.HookStarter" func="github.com/leiwenxuan/crontab/infra.(*BootApplication).start" file="infra/boot.go:59"
time="2020-01-26T19:33:35+08:00" level=info msg="[github.com/leiwenxuan/crontab/infra/base.(*HookStarter).Start(base/hook.go:45)] 【Register Notify Stop】:*base.PropsStarter.Stop()" func="github.com/leiwenxuan/crontab/infra/base.(*HookStarter).Start" file="base/hook.go:45"
time="2020-01-26T19:33:35+08:00" level=info msg="[github.com/leiwenxuan/crontab/infra/base.(*HookStarter).Start(base/hook.go:45)] 【Register Notify Stop】:*base.EtcdStarter.Stop()" func="github.com/leiwenxuan/crontab/infra/base.(*HookStarter).Start" file="base/hook.go:45"
time="2020-01-26T19:33:35+08:00" level=info msg="[github.com/leiwenxuan/crontab/infra/base.(*HookStarter).Start(base/hook.go:45)] 【Register Notify Stop】:*base.EtcdRegisterStarter.Stop()" func="github.com/leiwenxuan/crontab/infra/base.(*HookStarter).Start" file="base/hook.go:45"
time="2020-01-26T19:33:35+08:00" level=info msg="[github.com/leiwenxuan/crontab/infra/base.(*HookStarter).Start(base/hook.go:45)] 【Register Notify Stop】:*base.ValidatorStarter.Stop()" func="github.com/leiwenxuan/crontab/infra/base.(*HookStarter).Start" file="base/hook.go:45"
time="2020-01-26T19:33:35+08:00" level=info msg="[github.com/leiwenxuan/crontab/infra/base.(*HookStarter).Start(base/hook.go:45)] 【Register Notify Stop】:*infra.WebApiStarter.Stop()" func="github.com/leiwenxuan/crontab/infra/base.(*HookStarter).Start" file="base/hook.go:45"
time="2020-01-26T19:33:35+08:00" level=info msg="[github.com/leiwenxuan/crontab/infra/base.(*HookStarter).Start(base/hook.go:45)] 【Register Notify Stop】:*base.HookStarter.Stop()" func="github.com/leiwenxuan/crontab/infra/base.(*HookStarter).Start" file="base/hook.go:45"
time="2020-01-26T19:33:35+08:00" level=info msg="[github.com/leiwenxuan/crontab/infra/base.(*HookStarter).Start(base/hook.go:45)] 【Register Notify Stop】:*base.IrisServerStarter.Stop()" func="github.com/leiwenxuan/crontab/infra/base.(*HookStarter).Start" file="base/hook.go:45"
time="2020-01-26T19:33:35+08:00" level=debug msg="[github.com/leiwenxuan/crontab/infra.(*BootApplication).start(infra/boot.go:59)] Starting: *base.IrisServerStarter" func="github.com/leiwenxuan/crontab/infra.(*BootApplication).start" file="infra/boot.go:59"
time="2020-01-26T19:33:35+08:00" level=debug msg="[github.com/kataras/golog.integrateExternalLogger.func1(golog@v0.0.10/integration.go:28)] Application: running using 1 host(s)" func=github.com/kataras/golog.integrateExternalLogger.func1 file="golog@v0.0.10/integration.go:28"
time="2020-01-26T19:33:35+08:00" level=debug msg="[github.com/kataras/golog.integrateExternalLogger.func1(golog@v0.0.10/integration.go:28)] Host: addr is :10110" func=github.com/kataras/golog.integrateExternalLogger.func1 file="golog@v0.0.10/integration.go:28"
time="2020-01-26T19:33:35+08:00" level=debug msg="[github.com/kataras/golog.integrateExternalLogger.func1(golog@v0.0.10/integration.go:28)] Host: virtual host is localhost:10110" func=github.com/kataras/golog.integrateExternalLogger.func1 file="golog@v0.0.10/integration.go:28"
time="2020-01-26T19:33:35+08:00" level=debug msg="[github.com/kataras/golog.integrateExternalLogger.func1(golog@v0.0.10/integration.go:28)] Host: register startup notifier" func=github.com/kataras/golog.integrateExternalLogger.func1 file="golog@v0.0.10/integration.go:28"
time="2020-01-26T19:33:35+08:00" level=debug msg="[github.com/kataras/golog.integrateExternalLogger.func1(golog@v0.0.10/integration.go:28)] Host: register server shutdown on interrupt(CTRL+C/CMD+C)" func=github.com/kataras/golog.integrateExternalLogger.func1 file="golog@v0.0.10/integration.go:28"
time="2020-01-26T19:35:20+08:00" level=error msg="[github.com/kataras/golog.integrateExternalLogger.func1(golog@v0.0.10/integration.go:28)] http: Server closed" func=github.com/kataras/golog.integrateExternalLogger.func1 file="golog@v0.0.10/integration.go:28"
time="2020-01-26T19:35:33+08:00" level=debug msg="[github.com/leiwenxuan/crontab/infra.(*BootApplication).init(infra/boot.go:37)] Initializing: PriorityGroup=20,Priority=10000,type=*base.PropsStarter" func="github.com/leiwenxuan/crontab/infra.(*BootApplication).init" file="infra/boot.go:37"
time="2020-01-26T19:35:33+08:00" level=info msg="[github.com/leiwenxuan/crontab/infra/base.(*PropsStarter).Init(base/props.go:22)] 初始化配置." func="github.com/leiwenxuan/crontab/infra/base.(*PropsStarter).Init" file="base/props.go:22"
time="2020-01-26T19:35:33+08:00" level=debug msg="[github.com/leiwenxuan/crontab/infra.(*BootApplication).init(infra/boot.go:37)] Initializing: PriorityGroup=20,Priority=10000,type=*base.EtcdStarter" func="github.com/leiwenxuan/crontab/infra.(*BootApplication).init" file="infra/boot.go:37"
time="2020-01-26T19:35:33+08:00" level=debug msg="[github.com/leiwenxuan/crontab/infra.(*BootApplication).init(infra/boot.go:37)] Initializing: PriorityGroup=20,Priority=10000,type=*base.MongoDBStarter" func="github.com/leiwenxuan/crontab/infra.(*BootApplication).init" file="infra/boot.go:37"
time="2020-01-26T19:35:33+08:00" level=debug msg="[github.com/leiwenxuan/crontab/infra.(*BootApplication).init(infra/boot.go:37)] Initializing: PriorityGroup=20,Priority=10000,type=*base.ValidatorStarter" func="github.com/leiwenxuan/crontab/infra.(*BootApplication).init" file="infra/boot.go:37"
time="2020-01-26T19:35:33+08:00" level=debug msg="[github.com/leiwenxuan/crontab/infra.(*BootApplication).init(infra/boot.go:37)] Initializing: PriorityGroup=20,Priority=10000,type=*infra.WebApiStarter" func="github.com/leiwenxuan/crontab/infra.(*BootApplication).init" file="infra/boot.go:37"
time="2020-01-26T19:35:33+08:00" level=debug msg="[github.com/leiwenxuan/crontab/infra.(*BootApplication).init(infra/boot.go:37)] Initializing: PriorityGroup=20,Priority=10000,type=*base.HookStarter" func="github.com/leiwenxuan/crontab/infra.(*BootApplication).init" file="infra/boot.go:37"
time="2020-01-26T19:35:33+08:00" level=debug msg="[github.com/leiwenxuan/crontab/infra.(*BootApplication).init(infra/boot.go:37)] Initializing: PriorityGroup=20,Priority=10000,type=*base.IrisServerStarter" func="github.com/leiwenxuan/crontab/infra.(*BootApplication).init" file="infra/boot.go:37"
time="2020-01-26T19:35:33+08:00" level=debug msg="[github.com/leiwenxuan/crontab/infra.(*BootApplication).setup(infra/boot.go:47)] Setup: *base.PropsStarter" func="github.com/leiwenxuan/crontab/infra.(*BootApplication).setup" file="infra/boot.go:47"
time="2020-01-26T19:35:33+08:00" level=debug msg="[github.com/leiwenxuan/crontab/infra.(*BootApplication).setup(infra/boot.go:47)] Setup: *base.EtcdStarter" func="github.com/leiwenxuan/crontab/infra.(*BootApplication).setup" file="infra/boot.go:47"
time="2020-01-26T19:35:33+08:00" level=info msg="[github.com/leiwenxuan/crontab/infra/base.(*EtcdStarter).Setup(base/etcd.go:38)] 获取ETCD集群：[192.168.1.5:12381 192.168.1.5:12382 192.168.1.5:12381]" func="github.com/leiwenxuan/crontab/infra/base.(*EtcdStarter).Setup" file="base/etcd.go:38"
time="2020-01-26T19:35:33+08:00" level=info msg="[github.com/leiwenxuan/crontab/infra/base.(*EtcdStarter).Setup(base/etcd.go:41)] 获取ETCD超时时间：5000" func="github.com/leiwenxuan/crontab/infra/base.(*EtcdStarter).Setup" file="base/etcd.go:41"
time="2020-01-26T19:35:33+08:00" level=debug msg="[github.com/leiwenxuan/crontab/infra/base.(*EtcdStarter).Setup(base/etcd.go:54)] clientMongo etcd:&{0xc0001793e0 0xc000179410 0xc00059f0e0 0xc0004410e0 0xc000179500 0xc000179530 0xc000457180 {[192.168.1.5:12381 192.168.1.5:12382 192.168.1.5:12381] 0 5000000000 0 0 0 0 <nil>   false [] <nil> <nil> false} <nil> 0xc000391a40 0xc00028e6e0 0xc000209080 0x508540   <nil> [{false} {2097152} {2147483647}] 0xc0003919e0}" func="github.com/leiwenxuan/crontab/infra/base.(*EtcdStarter).Setup" file="base/etcd.go:54"
time="2020-01-26T19:35:33+08:00" level=debug msg="[github.com/leiwenxuan/crontab/infra.(*BootApplication).setup(infra/boot.go:47)] Setup: *base.MongoDBStarter" func="github.com/leiwenxuan/crontab/infra.(*BootApplication).setup" file="infra/boot.go:47"
time="2020-01-26T19:35:33+08:00" level=debug msg="[github.com/leiwenxuan/crontab/infra.(*BootApplication).setup(infra/boot.go:47)] Setup: *base.ValidatorStarter" func="github.com/leiwenxuan/crontab/infra.(*BootApplication).setup" file="infra/boot.go:47"
time="2020-01-26T19:35:33+08:00" level=debug msg="[github.com/leiwenxuan/crontab/infra.(*BootApplication).setup(infra/boot.go:47)] Setup: *infra.WebApiStarter" func="github.com/leiwenxuan/crontab/infra.(*BootApplication).setup" file="infra/boot.go:47"
time="2020-01-26T19:35:33+08:00" level=debug msg="[github.com/leiwenxuan/crontab/infra.(*BootApplication).setup(infra/boot.go:47)] Setup: *base.HookStarter" func="github.com/leiwenxuan/crontab/infra.(*BootApplication).setup" file="infra/boot.go:47"
time="2020-01-26T19:35:33+08:00" level=debug msg="[github.com/leiwenxuan/crontab/infra.(*BootApplication).setup(infra/boot.go:47)] Setup: *base.IrisServerStarter" func="github.com/leiwenxuan/crontab/infra.(*BootApplication).setup" file="infra/boot.go:47"
time="2020-01-26T19:35:33+08:00" level=debug msg="[github.com/leiwenxuan/crontab/infra.(*BootApplication).start(infra/boot.go:59)] Starting: *base.PropsStarter" func="github.com/leiwenxuan/crontab/infra.(*BootApplication).start" file="infra/boot.go:59"
time="2020-01-26T19:35:33+08:00" level=debug msg="[github.com/leiwenxuan/crontab/infra.(*BootApplication).start(infra/boot.go:59)] Starting: *base.EtcdStarter" func="github.com/leiwenxuan/crontab/infra.(*BootApplication).start" file="infra/boot.go:59"
time="2020-01-26T19:35:33+08:00" level=debug msg="[github.com/leiwenxuan/crontab/infra.(*BootApplication).start(infra/boot.go:59)] Starting: *base.MongoDBStarter" func="github.com/leiwenxuan/crontab/infra.(*BootApplication).start" file="infra/boot.go:59"
time="2020-01-26T19:35:33+08:00" level=debug msg="[github.com/leiwenxuan/crontab/infra.(*BootApplication).start(infra/boot.go:59)] Starting: *base.ValidatorStarter" func="github.com/leiwenxuan/crontab/infra.(*BootApplication).start" file="infra/boot.go:59"
time="2020-01-26T19:35:33+08:00" level=debug msg="[github.com/leiwenxuan/crontab/infra.(*BootApplication).start(infra/boot.go:59)] Starting: *infra.WebApiStarter" func="github.com/leiwenxuan/crontab/infra.(*BootApplication).start" file="infra/boot.go:59"
time="2020-01-26T19:35:33+08:00" level=debug msg="[github.com/leiwenxuan/crontab/infra.(*BootApplication).start(infra/boot.go:59)] Starting: *base.HookStarter" func="github.com/leiwenxuan/crontab/infra.(*BootApplication).start" file="infra/boot.go:59"
time="2020-01-26T19:35:33+08:00" level=info msg="[github.com/leiwenxuan/crontab/infra/base.(*HookStarter).Start(base/hook.go:45)] 【Register Notify Stop】:*base.PropsStarter.Stop()" func="github.com/leiwenxuan/crontab/infra/base.(*HookStarter).Start" file="base/hook.go:45"
time="2020-01-26T19:35:33+08:00" level=info msg="[github.com/leiwenxuan/crontab/infra/base.(*HookStarter).Start(base/hook.go:45)] 【Register Notify Stop】:*base.EtcdStarter.Stop()" func="github.com/leiwenxuan/crontab/infra/base.(*HookStarter).Start" file="base/hook.go:45"
time="2020-01-26T19:35:33+08:00" level=info msg="[github.com/leiwenxuan/crontab/infra/base.(*HookStarter).Start(base/hook.go:45)] 【Register Notify Stop】:*base.MongoDBStarter.Stop()" func="github.com/leiwenxuan/crontab/infra/base.(*HookStarter).Start" file="base/hook.go:45"
time="2020-01-26T19:35:33+08:00" level=info msg="[github.com/leiwenxuan/crontab/infra/base.(*HookStarter).Start(base/hook.go:45)] 【Register Notify Stop】:*base.ValidatorStarter.Stop()" func="github.com/leiwenxuan/crontab/infra/base.(*HookStarter).Start" file="base/hook.go:45"
time="2020-01-26T19:35:33+08:00" level=info msg="[github.com/leiwenxuan/crontab/infra/base.(*HookStarter).Start(base/hook.go:45)] 【Register Notify Stop】:*infra.WebApiStarter.Stop()" func="github.com/leiwenxuan/crontab/infra/base.(*HookStarter).Start" file="base/hook.go:45"
time="2020-01-26T19:35:33+08:00" level=info msg="[github.com/leiwenxuan/crontab/infra/base.(*HookStarter).Start(base/hook.go:45)] 【Register Notify Stop】:*base.HookStarter.Stop()" func="github.com/leiwenxuan/crontab/infra/base.(*HookStarter).Start" file="base/hook.go:45"
time="2020-01-26T19:35:33+08:00" level=info msg="[github.com/leiwenxuan/crontab/infra/base.(*HookStarter).Start(base/hook.go:45)] 【Register Notify Stop】:*base.IrisServerStarter.Stop()" func="github.com/leiwenxuan/crontab/infra/base.(*HookStarter).Start" file="base/hook.go:45"
time="2020-01-26T19:35:33+08:00" level=debug msg="[github.com/leiwenxuan/crontab/infra.(*BootApplication).start(infra/boot.go:59)] Starting: *base.IrisServerStarter" func="github.com/leiwenxuan/crontab/infra.(*BootApplication).start" file="infra/boot.go:59"
time="2020-01-26T19:35:33+08:00" level=info msg="[github.com/leiwenxuan/crontab/infra/base.(*IrisServerStarter).Start(base/iris_server.go:42)] GET: /v1/master/job/log -> github.com/leiwenxuan/crontab/master/apis.LogList() and 2 more" func="github.com/leiwenxuan/crontab/infra/base.(*IrisServerStarter).Start" file="base/iris_server.go:42"
time="2020-01-26T19:35:33+08:00" level=info msg="[github.com/leiwenxuan/crontab/infra/base.(*IrisServerStarter).Start(base/iris_server.go:42)] POST: /v1/master/job/save -> github.com/leiwenxuan/crontab/master/apis.JobSave() and 2 more" func="github.com/leiwenxuan/crontab/infra/base.(*IrisServerStarter).Start" file="base/iris_server.go:42"
time="2020-01-26T19:35:33+08:00" level=debug msg="[github.com/kataras/golog.integrateExternalLogger.func1(golog@v0.0.10/integration.go:28)] GET: /v1/master/job/log -> github.com/leiwenxuan/crontab/master/apis.LogList() and 2 more" func=github.com/kataras/golog.integrateExternalLogger.func1 file="golog@v0.0.10/integration.go:28"
time="2020-01-26T19:35:33+08:00" level=debug msg="[github.com/kataras/golog.integrateExternalLogger.func1(golog@v0.0.10/integration.go:28)] POST: /v1/master/job/save -> github.com/leiwenxuan/crontab/master/apis.JobSave() and 2 more" func=github.com/kataras/golog.integrateExternalLogger.func1 file="golog@v0.0.10/integration.go:28"
time="2020-01-26T19:35:33+08:00" level=debug msg="[github.com/kataras/golog.integrateExternalLogger.func1(golog@v0.0.10/integration.go:28)] Application: running using 1 host(s)" func=github.com/kataras/golog.integrateExternalLogger.func1 file="golog@v0.0.10/integration.go:28"
time="2020-01-26T19:35:33+08:00" level=debug msg="[github.com/kataras/golog.integrateExternalLogger.func1(golog@v0.0.10/integration.go:28)] Host: addr is :10110" func=github.com/kataras/golog.integrateExternalLogger.func1 file="golog@v0.0.10/integration.go:28"
time="2020-01-26T19:35:33+08:00" level=debug msg="[github.com/kataras/golog.integrateExternalLogger.func1(golog@v0.0.10/integration.go:28)] Host: virtual host is localhost:10110" func=github.com/kataras/golog.integrateExternalLogger.func1 file="golog@v0.0.10/integration.go:28"
time="2020-01-26T19:35:33+08:00" level=debug msg="[github.com/kataras/golog.integrateExternalLogger.func1(golog@v0.0.10/integration.go:28)] Host: register startup notifier" func=github.com/kataras/golog.integrateExternalLogger.func1 file="golog@v0.0.10/integration.go:28"
time="2020-01-26T19:35:33+08:00" level=debug msg="[github.com/kataras/golog.integrateExternalLogger.func1(golog@v0.0.10/integration.go:28)] Host: register server shutdown on interrupt(CTRL+C/CMD+C)" func=github.com/kataras/golog.integrateExternalLogger.func1 file="golog@v0.0.10/integration.go:28"
time="2020-01-26T19:36:40+08:00" level=error msg="[github.com/kataras/golog.integrateExternalLogger.func1(golog@v0.0.10/integration.go:28)] http: Server closed" func=github.com/kataras/golog.integrateExternalLogger.func1 file="golog@v0.0.10/integration.go:28"
time="2020-01-26T19:38:09+08:00" level=debug msg="[github.com/leiwenxuan/crontab/infra.(*BootApplication).init(infra/boot.go:37)] Initializing: PriorityGroup=20,Priority=10000,type=*base.PropsStarter" func="github.com/leiwenxuan/crontab/infra.(*BootApplication).init" file="infra/boot.go:37"
time="2020-01-26T19:38:09+08:00" level=info msg="[github.com/leiwenxuan/crontab/infra/base.(*PropsStarter).Init(base/props.go:22)] 初始化配置." func="github.com/leiwenxuan/crontab/infra/base.(*PropsStarter).Init" file="base/props.go:22"
time="2020-01-26T19:38:09+08:00" level=debug msg="[github.com/leiwenxuan/crontab/infra.(*BootApplication).init(infra/boot.go:37)] Initializing: PriorityGroup=20,Priority=10000,type=*base.EtcdStarter" func="github.com/leiwenxuan/crontab/infra.(*BootApplication).init" file="infra/boot.go:37"
time="2020-01-26T19:38:09+08:00" level=debug msg="[github.com/leiwenxuan/crontab/infra.(*BootApplication).init(infra/boot.go:37)] Initializing: PriorityGroup=20,Priority=10000,type=*base.MongoDBStarter" func="github.com/leiwenxuan/crontab/infra.(*BootApplication).init" file="infra/boot.go:37"
time="2020-01-26T19:38:09+08:00" level=debug msg="[github.com/leiwenxuan/crontab/infra.(*BootApplication).init(infra/boot.go:37)] Initializing: PriorityGroup=20,Priority=10000,type=*base.ValidatorStarter" func="github.com/leiwenxuan/crontab/infra.(*BootApplication).init" file="infra/boot.go:37"
time="2020-01-26T19:38:09+08:00" level=debug msg="[github.com/leiwenxuan/crontab/infra.(*BootApplication).init(infra/boot.go:37)] Initializing: PriorityGroup=20,Priority=10000,type=*infra.WebApiStarter" func="github.com/leiwenxuan/crontab/infra.(*BootApplication).init" file="infra/boot.go:37"
time="2020-01-26T19:38:09+08:00" level=debug msg="[github.com/leiwenxuan/crontab/infra.(*BootApplication).init(infra/boot.go:37)] Initializing: PriorityGroup=20,Priority=10000,type=*base.HookStarter" func="github.com/leiwenxuan/crontab/infra.(*BootApplication).init" file="infra/boot.go:37"
time="2020-01-26T19:38:09+08:00" level=debug msg="[github.com/leiwenxuan/crontab/infra.(*BootApplication).init(infra/boot.go:37)] Initializing: PriorityGroup=20,Priority=10000,type=*base.IrisServerStarter" func="github.com/leiwenxuan/crontab/infra.(*BootApplication).init" file="infra/boot.go:37"
time="2020-01-26T19:38:09+08:00" level=debug msg="[github.com/leiwenxuan/crontab/infra.(*BootApplication).setup(infra/boot.go:47)] Setup: *base.PropsStarter" func="github.com/leiwenxuan/crontab/infra.(*BootApplication).setup" file="infra/boot.go:47"
time="2020-01-26T19:38:09+08:00" level=debug msg="[github.com/leiwenxuan/crontab/infra.(*BootApplication).setup(infra/boot.go:47)] Setup: *base.EtcdStarter" func="github.com/leiwenxuan/crontab/infra.(*BootApplication).setup" file="infra/boot.go:47"
time="2020-01-26T19:38:09+08:00" level=info msg="[github.com/leiwenxuan/crontab/infra/base.(*EtcdStarter).Setup(base/etcd.go:38)] 获取ETCD集群：[192.168.1.5:12381 192.168.1.5:12382 192.168.1.5:12381]" func="github.com/leiwenxuan/crontab/infra/base.(*EtcdStarter).Setup" file="base/etcd.go:38"
time="2020-01-26T19:38:09+08:00" level=info msg="[github.com/leiwenxuan/crontab/infra/base.(*EtcdStarter).Setup(base/etcd.go:41)] 获取ETCD超时时间：5000" func="github.com/leiwenxuan/crontab/infra/base.(*EtcdStarter).Setup" file="base/etcd.go:41"
time="2020-01-26T19:38:09+08:00" level=debug msg="[github.com/leiwenxuan/crontab/infra/base.(*EtcdStarter).Setup(base/etcd.go:54)] clientMongo etcd:&{0xc000495d10 0xc000495d40 0xc000123720 0xc0000b02d0 0xc000495e30 0xc000495e60 0xc000127180 {[192.168.1.5:12381 192.168.1.5:12382 192.168.1.5:12381] 0 5000000000 0 0 0 0 <nil>   false [] <nil> <nil> false} <nil> 0xc00006a060 0xc0002e7e00 0xc00020cb80 0x55e890   <nil> [{false} {2097152} {2147483647}] 0xc000461f80}" func="github.com/leiwenxuan/crontab/infra/base.(*EtcdStarter).Setup" file="base/etcd.go:54"
time="2020-01-26T19:38:09+08:00" level=debug msg="[github.com/leiwenxuan/crontab/infra.(*BootApplication).setup(infra/boot.go:47)] Setup: *base.MongoDBStarter" func="github.com/leiwenxuan/crontab/infra.(*BootApplication).setup" file="infra/boot.go:47"
time="2020-01-26T19:38:09+08:00" level=debug msg="[github.com/leiwenxuan/crontab/infra.(*BootApplication).setup(infra/boot.go:47)] Setup: *base.ValidatorStarter" func="github.com/leiwenxuan/crontab/infra.(*BootApplication).setup" file="infra/boot.go:47"
time="2020-01-26T19:38:09+08:00" level=debug msg="[github.com/leiwenxuan/crontab/infra.(*BootApplication).setup(infra/boot.go:47)] Setup: *infra.WebApiStarter" func="github.com/leiwenxuan/crontab/infra.(*BootApplication).setup" file="infra/boot.go:47"
time="2020-01-26T19:38:09+08:00" level=debug msg="[github.com/leiwenxuan/crontab/infra.(*BootApplication).setup(infra/boot.go:47)] Setup: *base.HookStarter" func="github.com/leiwenxuan/crontab/infra.(*BootApplication).setup" file="infra/boot.go:47"
time="2020-01-26T19:38:09+08:00" level=debug msg="[github.com/leiwenxuan/crontab/infra.(*BootApplication).setup(infra/boot.go:47)] Setup: *base.IrisServerStarter" func="github.com/leiwenxuan/crontab/infra.(*BootApplication).setup" file="infra/boot.go:47"
time="2020-01-26T19:38:09+08:00" level=debug msg="[github.com/leiwenxuan/crontab/infra.(*BootApplication).start(infra/boot.go:59)] Starting: *base.PropsStarter" func="github.com/leiwenxuan/crontab/infra.(*BootApplication).start" file="infra/boot.go:59"
time="2020-01-26T19:38:09+08:00" level=debug msg="[github.com/leiwenxuan/crontab/infra.(*BootApplication).start(infra/boot.go:59)] Starting: *base.EtcdStarter" func="github.com/leiwenxuan/crontab/infra.(*BootApplication).start" file="infra/boot.go:59"
time="2020-01-26T19:38:09+08:00" level=debug msg="[github.com/leiwenxuan/crontab/infra.(*BootApplication).start(infra/boot.go:59)] Starting: *base.MongoDBStarter" func="github.com/leiwenxuan/crontab/infra.(*BootApplication).start" file="infra/boot.go:59"
time="2020-01-26T19:38:09+08:00" level=debug msg="[github.com/leiwenxuan/crontab/infra.(*BootApplication).start(infra/boot.go:59)] Starting: *base.ValidatorStarter" func="github.com/leiwenxuan/crontab/infra.(*BootApplication).start" file="infra/boot.go:59"
time="2020-01-26T19:38:09+08:00" level=debug msg="[github.com/leiwenxuan/crontab/infra.(*BootApplication).start(infra/boot.go:59)] Starting: *infra.WebApiStarter" func="github.com/leiwenxuan/crontab/infra.(*BootApplication).start" file="infra/boot.go:59"
time="2020-01-26T19:38:09+08:00" level=debug msg="[github.com/leiwenxuan/crontab/infra.(*BootApplication).start(infra/boot.go:59)] Starting: *base.HookStarter" func="github.com/leiwenxuan/crontab/infra.(*BootApplication).start" file="infra/boot.go:59"
time="2020-01-26T19:38:09+08:00" level=info msg="[github.com/leiwenxuan/crontab/infra/base.(*HookStarter).Start(base/hook.go:45)] 【Register Notify Stop】:*base.PropsStarter.Stop()" func="github.com/leiwenxuan/crontab/infra/base.(*HookStarter).Start" file="base/hook.go:45"
time="2020-01-26T19:38:09+08:00" level=info msg="[github.com/leiwenxuan/crontab/infra/base.(*HookStarter).Start(base/hook.go:45)] 【Register Notify Stop】:*base.EtcdStarter.Stop()" func="github.com/leiwenxuan/crontab/infra/base.(*HookStarter).Start" file="base/hook.go:45"
time="2020-01-26T19:38:09+08:00" level=info msg="[github.com/leiwenxuan/crontab/infra/base.(*HookStarter).Start(base/hook.go:45)] 【Register Notify Stop】:*base.MongoDBStarter.Stop()" func="github.com/leiwenxuan/crontab/infra/base.(*HookStarter).Start" file="base/hook.go:45"
time="2020-01-26T19:38:09+08:00" level=info msg="[github.com/leiwenxuan/crontab/infra/base.(*HookStarter).Start(base/hook.go:45)] 【Register Notify Stop】:*base.ValidatorStarter.Stop()" func="github.com/leiwenxuan/crontab/infra/base.(*HookStarter).Start" file="base/hook.go:45"
time="2020-01-26T19:38:09+08:00" level=info msg="[github.com/leiwenxuan/crontab/infra/base.(*HookStarter).Start(base/hook.go:45)] 【Register Notify Stop】:*infra.WebApiStarter.Stop()" func="github.com/leiwenxuan/crontab/infra/base.(*HookStarter).Start" file="base/hook.go:45"
time="2020-01-26T19:38:09+08:00" level=info msg="[github.com/leiwenxuan/crontab/infra/base.(*HookStarter).Start(base/hook.go:45)] 【Register Notify Stop】:*base.HookStarter.Stop()" func="github.com/leiwenxuan/crontab/infra/base.(*HookStarter).Start" file="base/hook.go:45"
time="2020-01-26T19:38:09+08:00" level=info msg="[github.com/leiwenxuan/crontab/infra/base.(*HookStarter).Start(base/hook.go:45)] 【Register Notify Stop】:*base.IrisServerStarter.Stop()" func="github.com/leiwenxuan/crontab/infra/base.(*HookStarter).Start" file="base/hook.go:45"
time="2020-01-26T19:38:09+08:00" level=debug msg="[github.com/leiwenxuan/crontab/infra.(*BootApplication).start(infra/boot.go:59)] Starting: *base.IrisServerStarter" func="github.com/leiwenxuan/crontab/infra.(*BootApplication).start" file="infra/boot.go:59"
time="2020-01-26T19:38:09+08:00" level=info msg="[github.com/leiwenxuan/crontab/infra/base.(*IrisServerStarter).Start(base/iris_server.go:42)] GET: /v1/master/job/log -> github.com/leiwenxuan/crontab/master/apis.LogList() and 2 more" func="github.com/leiwenxuan/crontab/infra/base.(*IrisServerStarter).Start" file="base/iris_server.go:42"
time="2020-01-26T19:38:09+08:00" level=info msg="[github.com/leiwenxuan/crontab/infra/base.(*IrisServerStarter).Start(base/iris_server.go:42)] POST: /v1/master/job/save -> github.com/leiwenxuan/crontab/master/apis.JobSave() and 2 more" func="github.com/leiwenxuan/crontab/infra/base.(*IrisServerStarter).Start" file="base/iris_server.go:42"
time="2020-01-26T19:38:09+08:00" level=debug msg="[github.com/kataras/golog.integrateExternalLogger.func1(golog@v0.0.10/integration.go:28)] GET: /v1/master/job/log -> github.com/leiwenxuan/crontab/master/apis.LogList() and 2 more" func=github.com/kataras/golog.integrateExternalLogger.func1 file="golog@v0.0.10/integration.go:28"
time="2020-01-26T19:38:09+08:00" level=debug msg="[github.com/kataras/golog.integrateExternalLogger.func1(golog@v0.0.10/integration.go:28)] POST: /v1/master/job/save -> github.com/leiwenxuan/crontab/master/apis.JobSave() and 2 more" func=github.com/kataras/golog.integrateExternalLogger.func1 file="golog@v0.0.10/integration.go:28"
time="2020-01-26T19:38:09+08:00" level=debug msg="[github.com/kataras/golog.integrateExternalLogger.func1(golog@v0.0.10/integration.go:28)] Application: running using 1 host(s)" func=github.com/kataras/golog.integrateExternalLogger.func1 file="golog@v0.0.10/integration.go:28"
time="2020-01-26T19:38:09+08:00" level=debug msg="[github.com/kataras/golog.integrateExternalLogger.func1(golog@v0.0.10/integration.go:28)] Host: addr is :10110" func=github.com/kataras/golog.integrateExternalLogger.func1 file="golog@v0.0.10/integration.go:28"
time="2020-01-26T19:38:09+08:00" level=debug msg="[github.com/kataras/golog.integrateExternalLogger.func1(golog@v0.0.10/integration.go:28)] Host: virtual host is localhost:10110" func=github.com/kataras/golog.integrateExternalLogger.func1 file="golog@v0.0.10/integration.go:28"
time="2020-01-26T19:38:09+08:00" level=debug msg="[github.com/kataras/golog.integrateExternalLogger.func1(golog@v0.0.10/integration.go:28)] Host: register startup notifier" func=github.com/kataras/golog.integrateExternalLogger.func1 file="golog@v0.0.10/integration.go:28"
time="2020-01-26T19:38:09+08:00" level=debug msg="[github.com/kataras/golog.integrateExternalLogger.func1(golog@v0.0.10/integration.go:28)] Host: register server shutdown on interrupt(CTRL+C/CMD+C)" func=github.com/kataras/golog.integrateExternalLogger.func1 file="golog@v0.0.10/integration.go:28"
time="2020-01-26T19:40:03+08:00" level=error msg="[github.com/leiwenxuan/crontab/master/apis.LogList(apis/master.go:45)] ctx.URLParamInt64(limit)url param 'limit' does not exist" func=github.com/leiwenxuan/crontab/master/apis.LogList file="apis/master.go:45"
time="2020-01-26T19:40:03+08:00" level=error msg="[github.com/leiwenxuan/crontab/master/apis.LogList(apis/master.go:49)] ctx.URLParamInt64(skip)url param 'skip' does not exist" func=github.com/leiwenxuan/crontab/master/apis.LogList file="apis/master.go:49"
time="2020-01-26T19:40:03+08:00" level=warning msg="[github.com/kataras/golog.integrateExternalLogger.func1(golog@v0.0.10/integration.go:28)] Recovered from a route's Handler('github.com/leiwenxuan/crontab/master/apis.LogList')\nAt Request: 200 /v1/master/job/log GET 192.168.1.5\nTrace: runtime error: invalid memory address or nil pointer dereference\n\nC:/Go/src/runtime/panic.go:679\nC:/Go/src/runtime/panic.go:199\nC:/Go/src/runtime/signal_windows.go:233\nF:/code/002Golang/lwx-crontab/master/apis/master.go:54\nC:/Users/root/go/pkg/mod/github.com/kataras/iris@v11.1.1+incompatible/context/context.go:1208\nC:/Users/root/go/pkg/mod/github.com/kataras/iris@v11.1.1+incompatible/context/context.go:1217\nC:/Users/root/go/pkg/mod/github.com/kataras/iris@v11.1.1+incompatible/middleware/logger/logger.go:50\nC:/Users/root/go/pkg/mod/github.com/kataras/iris@v11.1.1+incompatible/context/context.go:1208\nC:/Users/root/go/pkg/mod/github.com/kataras/iris@v11.1.1+incompatible/context/context.go:1217\nC:/Users/root/go/pkg/mod/github.com/kataras/iris@v11.1.1+incompatible/middleware/recover/recover.go:56\nC:/Users/root/go/pkg/mod/github.com/kataras/iris@v11.1.1+incompatible/context/context.go:922\nC:/Users/root/go/pkg/mod/github.com/kataras/iris@v11.1.1+incompatible/context/context.go:1094\nC:/Users/root/go/pkg/mod/github.com/kataras/iris@v11.1.1+incompatible/core/router/handler.go:227\nC:/Users/root/go/pkg/mod/github.com/kataras/iris@v11.1.1+incompatible/core/router/router.go:84\nC:/Users/root/go/pkg/mod/github.com/kataras/iris@v11.1.1+incompatible/core/router/router.go:161\nC:/Go/src/net/http/server.go:2802\nC:/Go/src/net/http/server.go:1890\nC:/Go/src/runtime/asm_amd64.s:1357\n" func=github.com/kataras/golog.integrateExternalLogger.func1 file="golog@v0.0.10/integration.go:28"
time="2020-01-26T19:41:57+08:00" level=debug msg="[github.com/leiwenxuan/crontab/infra.(*BootApplication).init(infra/boot.go:37)] Initializing: PriorityGroup=20,Priority=10000,type=*base.PropsStarter" func="github.com/leiwenxuan/crontab/infra.(*BootApplication).init" file="infra/boot.go:37"
time="2020-01-26T19:41:57+08:00" level=info msg="[github.com/leiwenxuan/crontab/infra/base.(*PropsStarter).Init(base/props.go:22)] 初始化配置." func="github.com/leiwenxuan/crontab/infra/base.(*PropsStarter).Init" file="base/props.go:22"
time="2020-01-26T19:41:57+08:00" level=debug msg="[github.com/leiwenxuan/crontab/infra.(*BootApplication).init(infra/boot.go:37)] Initializing: PriorityGroup=20,Priority=10000,type=*base.EtcdStarter" func="github.com/leiwenxuan/crontab/infra.(*BootApplication).init" file="infra/boot.go:37"
time="2020-01-26T19:41:57+08:00" level=debug msg="[github.com/leiwenxuan/crontab/infra.(*BootApplication).init(infra/boot.go:37)] Initializing: PriorityGroup=20,Priority=10000,type=*base.MongoDBStarter" func="github.com/leiwenxuan/crontab/infra.(*BootApplication).init" file="infra/boot.go:37"
time="2020-01-26T19:41:57+08:00" level=debug msg="[github.com/leiwenxuan/crontab/infra.(*BootApplication).init(infra/boot.go:37)] Initializing: PriorityGroup=20,Priority=10000,type=*base.ValidatorStarter" func="github.com/leiwenxuan/crontab/infra.(*BootApplication).init" file="infra/boot.go:37"
time="2020-01-26T19:41:57+08:00" level=debug msg="[github.com/leiwenxuan/crontab/infra.(*BootApplication).init(infra/boot.go:37)] Initializing: PriorityGroup=20,Priority=10000,type=*infra.WebApiStarter" func="github.com/leiwenxuan/crontab/infra.(*BootApplication).init" file="infra/boot.go:37"
time="2020-01-26T19:41:57+08:00" level=debug msg="[github.com/leiwenxuan/crontab/infra.(*BootApplication).init(infra/boot.go:37)] Initializing: PriorityGroup=20,Priority=10000,type=*base.HookStarter" func="github.com/leiwenxuan/crontab/infra.(*BootApplication).init" file="infra/boot.go:37"
time="2020-01-26T19:41:57+08:00" level=debug msg="[github.com/leiwenxuan/crontab/infra.(*BootApplication).init(infra/boot.go:37)] Initializing: PriorityGroup=20,Priority=10000,type=*base.IrisServerStarter" func="github.com/leiwenxuan/crontab/infra.(*BootApplication).init" file="infra/boot.go:37"
time="2020-01-26T19:41:57+08:00" level=debug msg="[github.com/leiwenxuan/crontab/infra.(*BootApplication).setup(infra/boot.go:47)] Setup: *base.PropsStarter" func="github.com/leiwenxuan/crontab/infra.(*BootApplication).setup" file="infra/boot.go:47"
time="2020-01-26T19:41:57+08:00" level=debug msg="[github.com/leiwenxuan/crontab/infra.(*BootApplication).setup(infra/boot.go:47)] Setup: *base.EtcdStarter" func="github.com/leiwenxuan/crontab/infra.(*BootApplication).setup" file="infra/boot.go:47"
time="2020-01-26T19:41:57+08:00" level=info msg="[github.com/leiwenxuan/crontab/infra/base.(*EtcdStarter).Setup(base/etcd.go:38)] 获取ETCD集群：[192.168.1.5:12381 192.168.1.5:12382 192.168.1.5:12381]" func="github.com/leiwenxuan/crontab/infra/base.(*EtcdStarter).Setup" file="base/etcd.go:38"
time="2020-01-26T19:41:57+08:00" level=info msg="[github.com/leiwenxuan/crontab/infra/base.(*EtcdStarter).Setup(base/etcd.go:41)] 获取ETCD超时时间：5000" func="github.com/leiwenxuan/crontab/infra/base.(*EtcdStarter).Setup" file="base/etcd.go:41"
time="2020-01-26T19:41:57+08:00" level=debug msg="[github.com/leiwenxuan/crontab/infra/base.(*EtcdStarter).Setup(base/etcd.go:54)] clientMongo etcd:&{0xc0002f6840 0xc0002f6870 0xc0001a2780 0xc0004ace60 0xc0002f6960 0xc0002f6990 0xc000127180 {[192.168.1.5:12381 192.168.1.5:12382 192.168.1.5:12381] 0 5000000000 0 0 0 0 <nil>   false [] <nil> <nil> false} <nil> 0xc00006b020 0xc00027e960 0xc0001d7300 0x55e890   <nil> [{false} {2097152} {2147483647}] 0xc00006afc0}" func="github.com/leiwenxuan/crontab/infra/base.(*EtcdStarter).Setup" file="base/etcd.go:54"
time="2020-01-26T19:41:57+08:00" level=debug msg="[github.com/leiwenxuan/crontab/infra.(*BootApplication).setup(infra/boot.go:47)] Setup: *base.MongoDBStarter" func="github.com/leiwenxuan/crontab/infra.(*BootApplication).setup" file="infra/boot.go:47"
time="2020-01-26T19:41:57+08:00" level=debug msg="[github.com/leiwenxuan/crontab/infra.(*BootApplication).setup(infra/boot.go:47)] Setup: *base.ValidatorStarter" func="github.com/leiwenxuan/crontab/infra.(*BootApplication).setup" file="infra/boot.go:47"
time="2020-01-26T19:41:57+08:00" level=debug msg="[github.com/leiwenxuan/crontab/infra.(*BootApplication).setup(infra/boot.go:47)] Setup: *infra.WebApiStarter" func="github.com/leiwenxuan/crontab/infra.(*BootApplication).setup" file="infra/boot.go:47"
time="2020-01-26T19:41:57+08:00" level=debug msg="[github.com/leiwenxuan/crontab/infra.(*BootApplication).setup(infra/boot.go:47)] Setup: *base.HookStarter" func="github.com/leiwenxuan/crontab/infra.(*BootApplication).setup" file="infra/boot.go:47"
time="2020-01-26T19:41:57+08:00" level=debug msg="[github.com/leiwenxuan/crontab/infra.(*BootApplication).setup(infra/boot.go:47)] Setup: *base.IrisServerStarter" func="github.com/leiwenxuan/crontab/infra.(*BootApplication).setup" file="infra/boot.go:47"
time="2020-01-26T19:41:57+08:00" level=debug msg="[github.com/leiwenxuan/crontab/infra.(*BootApplication).start(infra/boot.go:59)] Starting: *base.PropsStarter" func="github.com/leiwenxuan/crontab/infra.(*BootApplication).start" file="infra/boot.go:59"
time="2020-01-26T19:41:57+08:00" level=debug msg="[github.com/leiwenxuan/crontab/infra.(*BootApplication).start(infra/boot.go:59)] Starting: *base.EtcdStarter" func="github.com/leiwenxuan/crontab/infra.(*BootApplication).start" file="infra/boot.go:59"
time="2020-01-26T19:41:57+08:00" level=debug msg="[github.com/leiwenxuan/crontab/infra.(*BootApplication).start(infra/boot.go:59)] Starting: *base.MongoDBStarter" func="github.com/leiwenxuan/crontab/infra.(*BootApplication).start" file="infra/boot.go:59"
time="2020-01-26T19:41:57+08:00" level=debug msg="[github.com/leiwenxuan/crontab/infra.(*BootApplication).start(infra/boot.go:59)] Starting: *base.ValidatorStarter" func="github.com/leiwenxuan/crontab/infra.(*BootApplication).start" file="infra/boot.go:59"
time="2020-01-26T19:41:57+08:00" level=debug msg="[github.com/leiwenxuan/crontab/infra.(*BootApplication).start(infra/boot.go:59)] Starting: *infra.WebApiStarter" func="github.com/leiwenxuan/crontab/infra.(*BootApplication).start" file="infra/boot.go:59"
time="2020-01-26T19:41:57+08:00" level=debug msg="[github.com/leiwenxuan/crontab/infra.(*BootApplication).start(infra/boot.go:59)] Starting: *base.HookStarter" func="github.com/leiwenxuan/crontab/infra.(*BootApplication).start" file="infra/boot.go:59"
time="2020-01-26T19:41:57+08:00" level=info msg="[github.com/leiwenxuan/crontab/infra/base.(*HookStarter).Start(base/hook.go:45)] 【Register Notify Stop】:*base.PropsStarter.Stop()" func="github.com/leiwenxuan/crontab/infra/base.(*HookStarter).Start" file="base/hook.go:45"
time="2020-01-26T19:41:57+08:00" level=info msg="[github.com/leiwenxuan/crontab/infra/base.(*HookStarter).Start(base/hook.go:45)] 【Register Notify Stop】:*base.EtcdStarter.Stop()" func="github.com/leiwenxuan/crontab/infra/base.(*HookStarter).Start" file="base/hook.go:45"
time="2020-01-26T19:41:57+08:00" level=info msg="[github.com/leiwenxuan/crontab/infra/base.(*HookStarter).Start(base/hook.go:45)] 【Register Notify Stop】:*base.MongoDBStarter.Stop()" func="github.com/leiwenxuan/crontab/infra/base.(*HookStarter).Start" file="base/hook.go:45"
time="2020-01-26T19:41:57+08:00" level=info msg="[github.com/leiwenxuan/crontab/infra/base.(*HookStarter).Start(base/hook.go:45)] 【Register Notify Stop】:*base.ValidatorStarter.Stop()" func="github.com/leiwenxuan/crontab/infra/base.(*HookStarter).Start" file="base/hook.go:45"
time="2020-01-26T19:41:57+08:00" level=info msg="[github.com/leiwenxuan/crontab/infra/base.(*HookStarter).Start(base/hook.go:45)] 【Register Notify Stop】:*infra.WebApiStarter.Stop()" func="github.com/leiwenxuan/crontab/infra/base.(*HookStarter).Start" file="base/hook.go:45"
time="2020-01-26T19:41:57+08:00" level=info msg="[github.com/leiwenxuan/crontab/infra/base.(*HookStarter).Start(base/hook.go:45)] 【Register Notify Stop】:*base.HookStarter.Stop()" func="github.com/leiwenxuan/crontab/infra/base.(*HookStarter).Start" file="base/hook.go:45"
time="2020-01-26T19:41:57+08:00" level=info msg="[github.com/leiwenxuan/crontab/infra/base.(*HookStarter).Start(base/hook.go:45)] 【Register Notify Stop】:*base.IrisServerStarter.Stop()" func="github.com/leiwenxuan/crontab/infra/base.(*HookStarter).Start" file="base/hook.go:45"
time="2020-01-26T19:41:57+08:00" level=debug msg="[github.com/leiwenxuan/crontab/infra.(*BootApplication).start(infra/boot.go:59)] Starting: *base.IrisServerStarter" func="github.com/leiwenxuan/crontab/infra.(*BootApplication).start" file="infra/boot.go:59"
time="2020-01-26T19:41:57+08:00" level=info msg="[github.com/leiwenxuan/crontab/infra/base.(*IrisServerStarter).Start(base/iris_server.go:42)] GET: /v1/master/job/log -> github.com/leiwenxuan/crontab/master/apis.LogList() and 2 more" func="github.com/leiwenxuan/crontab/infra/base.(*IrisServerStarter).Start" file="base/iris_server.go:42"
time="2020-01-26T19:41:57+08:00" level=info msg="[github.com/leiwenxuan/crontab/infra/base.(*IrisServerStarter).Start(base/iris_server.go:42)] POST: /v1/master/job/save -> github.com/leiwenxuan/crontab/master/apis.JobSave() and 2 more" func="github.com/leiwenxuan/crontab/infra/base.(*IrisServerStarter).Start" file="base/iris_server.go:42"
time="2020-01-26T19:41:57+08:00" level=debug msg="[github.com/kataras/golog.integrateExternalLogger.func1(golog@v0.0.10/integration.go:28)] GET: /v1/master/job/log -> github.com/leiwenxuan/crontab/master/apis.LogList() and 2 more" func=github.com/kataras/golog.integrateExternalLogger.func1 file="golog@v0.0.10/integration.go:28"
time="2020-01-26T19:41:57+08:00" level=debug msg="[github.com/kataras/golog.integrateExternalLogger.func1(golog@v0.0.10/integration.go:28)] POST: /v1/master/job/save -> github.com/leiwenxuan/crontab/master/apis.JobSave() and 2 more" func=github.com/kataras/golog.integrateExternalLogger.func1 file="golog@v0.0.10/integration.go:28"
time="2020-01-26T19:41:57+08:00" level=debug msg="[github.com/kataras/golog.integrateExternalLogger.func1(golog@v0.0.10/integration.go:28)] Application: running using 1 host(s)" func=github.com/kataras/golog.integrateExternalLogger.func1 file="golog@v0.0.10/integration.go:28"
time="2020-01-26T19:41:57+08:00" level=debug msg="[github.com/kataras/golog.integrateExternalLogger.func1(golog@v0.0.10/integration.go:28)] Host: addr is :10110" func=github.com/kataras/golog.integrateExternalLogger.func1 file="golog@v0.0.10/integration.go:28"
time="2020-01-26T19:41:57+08:00" level=debug msg="[github.com/kataras/golog.integrateExternalLogger.func1(golog@v0.0.10/integration.go:28)] Host: virtual host is localhost:10110" func=github.com/kataras/golog.integrateExternalLogger.func1 file="golog@v0.0.10/integration.go:28"
time="2020-01-26T19:41:57+08:00" level=debug msg="[github.com/kataras/golog.integrateExternalLogger.func1(golog@v0.0.10/integration.go:28)] Host: register startup notifier" func=github.com/kataras/golog.integrateExternalLogger.func1 file="golog@v0.0.10/integration.go:28"
time="2020-01-26T19:41:57+08:00" level=debug msg="[github.com/kataras/golog.integrateExternalLogger.func1(golog@v0.0.10/integration.go:28)] Host: register server shutdown on interrupt(CTRL+C/CMD+C)" func=github.com/kataras/golog.integrateExternalLogger.func1 file="golog@v0.0.10/integration.go:28"
time="2020-01-26T19:42:00+08:00" level=warning msg="[github.com/kataras/golog.integrateExternalLogger.func1(golog@v0.0.10/integration.go:28)] Recovered from a route's Handler('github.com/leiwenxuan/crontab/master/apis.LogList')\nAt Request: 200 /v1/master/job/log GET 192.168.1.5\nTrace: runtime error: invalid memory address or nil pointer dereference\n\nC:/Go/src/runtime/panic.go:679\nC:/Go/src/runtime/panic.go:199\nC:/Go/src/runtime/signal_windows.go:233\nF:/code/002Golang/lwx-crontab/master/apis/master.go:54\nC:/Users/root/go/pkg/mod/github.com/kataras/iris@v11.1.1+incompatible/context/context.go:1208\nC:/Users/root/go/pkg/mod/github.com/kataras/iris@v11.1.1+incompatible/context/context.go:1217\nC:/Users/root/go/pkg/mod/github.com/kataras/iris@v11.1.1+incompatible/middleware/logger/logger.go:50\nC:/Users/root/go/pkg/mod/github.com/kataras/iris@v11.1.1+incompatible/context/context.go:1208\nC:/Users/root/go/pkg/mod/github.com/kataras/iris@v11.1.1+incompatible/context/context.go:1217\nC:/Users/root/go/pkg/mod/github.com/kataras/iris@v11.1.1+incompatible/middleware/recover/recover.go:56\nC:/Users/root/go/pkg/mod/github.com/kataras/iris@v11.1.1+incompatible/context/context.go:922\nC:/Users/root/go/pkg/mod/github.com/kataras/iris@v11.1.1+incompatible/context/context.go:1094\nC:/Users/root/go/pkg/mod/github.com/kataras/iris@v11.1.1+incompatible/core/router/handler.go:227\nC:/Users/root/go/pkg/mod/github.com/kataras/iris@v11.1.1+incompatible/core/router/router.go:84\nC:/Users/root/go/pkg/mod/github.com/kataras/iris@v11.1.1+incompatible/core/router/router.go:161\nC:/Go/src/net/http/server.go:2802\nC:/Go/src/net/http/server.go:1890\nC:/Go/src/runtime/asm_amd64.s:1357\n" func=github.com/kataras/golog.integrateExternalLogger.func1 file="golog@v0.0.10/integration.go:28"
time="2020-01-26T19:44:32+08:00" level=debug msg="[github.com/leiwenxuan/crontab/infra.(*BootApplication).init(infra/boot.go:37)] Initializing: PriorityGroup=20,Priority=10000,type=*base.PropsStarter" func="github.com/leiwenxuan/crontab/infra.(*BootApplication).init" file="infra/boot.go:37"
time="2020-01-26T19:44:32+08:00" level=info msg="[github.com/leiwenxuan/crontab/infra/base.(*PropsStarter).Init(base/props.go:22)] 初始化配置." func="github.com/leiwenxuan/crontab/infra/base.(*PropsStarter).Init" file="base/props.go:22"
time="2020-01-26T19:44:32+08:00" level=debug msg="[github.com/leiwenxuan/crontab/infra.(*BootApplication).init(infra/boot.go:37)] Initializing: PriorityGroup=20,Priority=10000,type=*base.EtcdStarter" func="github.com/leiwenxuan/crontab/infra.(*BootApplication).init" file="infra/boot.go:37"
time="2020-01-26T19:44:32+08:00" level=debug msg="[github.com/leiwenxuan/crontab/infra.(*BootApplication).init(infra/boot.go:37)] Initializing: PriorityGroup=20,Priority=10000,type=*base.MongoDBStarter" func="github.com/leiwenxuan/crontab/infra.(*BootApplication).init" file="infra/boot.go:37"
time="2020-01-26T19:44:32+08:00" level=debug msg="[github.com/leiwenxuan/crontab/infra.(*BootApplication).init(infra/boot.go:37)] Initializing: PriorityGroup=20,Priority=10000,type=*base.ValidatorStarter" func="github.com/leiwenxuan/crontab/infra.(*BootApplication).init" file="infra/boot.go:37"
time="2020-01-26T19:44:32+08:00" level=debug msg="[github.com/leiwenxuan/crontab/infra.(*BootApplication).init(infra/boot.go:37)] Initializing: PriorityGroup=20,Priority=10000,type=*infra.WebApiStarter" func="github.com/leiwenxuan/crontab/infra.(*BootApplication).init" file="infra/boot.go:37"
time="2020-01-26T19:44:32+08:00" level=debug msg="[github.com/leiwenxuan/crontab/infra.(*BootApplication).init(infra/boot.go:37)] Initializing: PriorityGroup=20,Priority=10000,type=*base.HookStarter" func="github.com/leiwenxuan/crontab/infra.(*BootApplication).init" file="infra/boot.go:37"
time="2020-01-26T19:44:32+08:00" level=debug msg="[github.com/leiwenxuan/crontab/infra.(*BootApplication).init(infra/boot.go:37)] Initializing: PriorityGroup=20,Priority=10000,type=*base.IrisServerStarter" func="github.com/leiwenxuan/crontab/infra.(*BootApplication).init" file="infra/boot.go:37"
time="2020-01-26T19:44:32+08:00" level=debug msg="[github.com/leiwenxuan/crontab/infra.(*BootApplication).setup(infra/boot.go:47)] Setup: *base.PropsStarter" func="github.com/leiwenxuan/crontab/infra.(*BootApplication).setup" file="infra/boot.go:47"
time="2020-01-26T19:44:32+08:00" level=debug msg="[github.com/leiwenxuan/crontab/infra.(*BootApplication).setup(infra/boot.go:47)] Setup: *base.EtcdStarter" func="github.com/leiwenxuan/crontab/infra.(*BootApplication).setup" file="infra/boot.go:47"
time="2020-01-26T19:44:32+08:00" level=info msg="[github.com/leiwenxuan/crontab/infra/base.(*EtcdStarter).Setup(base/etcd.go:38)] 获取ETCD集群：[192.168.1.5:12381 192.168.1.5:12382 192.168.1.5:12381]" func="github.com/leiwenxuan/crontab/infra/base.(*EtcdStarter).Setup" file="base/etcd.go:38"
time="2020-01-26T19:44:32+08:00" level=info msg="[github.com/leiwenxuan/crontab/infra/base.(*EtcdStarter).Setup(base/etcd.go:41)] 获取ETCD超时时间：5000" func="github.com/leiwenxuan/crontab/infra/base.(*EtcdStarter).Setup" file="base/etcd.go:41"
time="2020-01-26T19:44:32+08:00" level=debug msg="[github.com/leiwenxuan/crontab/infra/base.(*EtcdStarter).Setup(base/etcd.go:54)] clientMongo etcd:&{0xc000364420 0xc000364480 0xc00039b540 0xc0001b5630 0xc0003649f0 0xc000364a20 0xc000084700 {[192.168.1.5:12381 192.168.1.5:12382 192.168.1.5:12381] 0 5000000000 0 0 0 0 <nil>   false [] <nil> <nil> false} <nil> 0xc00006afc0 0xc0002d21e0 0xc000273200 0x55e890   <nil> [{false} {2097152} {2147483647}] 0xc00006af60}" func="github.com/leiwenxuan/crontab/infra/base.(*EtcdStarter).Setup" file="base/etcd.go:54"
time="2020-01-26T19:44:32+08:00" level=debug msg="[github.com/leiwenxuan/crontab/infra.(*BootApplication).setup(infra/boot.go:47)] Setup: *base.MongoDBStarter" func="github.com/leiwenxuan/crontab/infra.(*BootApplication).setup" file="infra/boot.go:47"
time="2020-01-26T19:44:32+08:00" level=debug msg="[github.com/leiwenxuan/crontab/infra.(*BootApplication).setup(infra/boot.go:47)] Setup: *base.ValidatorStarter" func="github.com/leiwenxuan/crontab/infra.(*BootApplication).setup" file="infra/boot.go:47"
time="2020-01-26T19:44:32+08:00" level=debug msg="[github.com/leiwenxuan/crontab/infra.(*BootApplication).setup(infra/boot.go:47)] Setup: *infra.WebApiStarter" func="github.com/leiwenxuan/crontab/infra.(*BootApplication).setup" file="infra/boot.go:47"
time="2020-01-26T19:44:32+08:00" level=debug msg="[github.com/leiwenxuan/crontab/infra.(*BootApplication).setup(infra/boot.go:47)] Setup: *base.HookStarter" func="github.com/leiwenxuan/crontab/infra.(*BootApplication).setup" file="infra/boot.go:47"
time="2020-01-26T19:44:32+08:00" level=debug msg="[github.com/leiwenxuan/crontab/infra.(*BootApplication).setup(infra/boot.go:47)] Setup: *base.IrisServerStarter" func="github.com/leiwenxuan/crontab/infra.(*BootApplication).setup" file="infra/boot.go:47"
time="2020-01-26T19:44:32+08:00" level=debug msg="[github.com/leiwenxuan/crontab/infra.(*BootApplication).start(infra/boot.go:59)] Starting: *base.PropsStarter" func="github.com/leiwenxuan/crontab/infra.(*BootApplication).start" file="infra/boot.go:59"
time="2020-01-26T19:44:32+08:00" level=debug msg="[github.com/leiwenxuan/crontab/infra.(*BootApplication).start(infra/boot.go:59)] Starting: *base.EtcdStarter" func="github.com/leiwenxuan/crontab/infra.(*BootApplication).start" file="infra/boot.go:59"
time="2020-01-26T19:44:32+08:00" level=debug msg="[github.com/leiwenxuan/crontab/infra.(*BootApplication).start(infra/boot.go:59)] Starting: *base.MongoDBStarter" func="github.com/leiwenxuan/crontab/infra.(*BootApplication).start" file="infra/boot.go:59"
time="2020-01-26T19:44:32+08:00" level=debug msg="[github.com/leiwenxuan/crontab/infra.(*BootApplication).start(infra/boot.go:59)] Starting: *base.ValidatorStarter" func="github.com/leiwenxuan/crontab/infra.(*BootApplication).start" file="infra/boot.go:59"
time="2020-01-26T19:44:32+08:00" level=debug msg="[github.com/leiwenxuan/crontab/infra.(*BootApplication).start(infra/boot.go:59)] Starting: *infra.WebApiStarter" func="github.com/leiwenxuan/crontab/infra.(*BootApplication).start" file="infra/boot.go:59"
time="2020-01-26T19:44:32+08:00" level=debug msg="[github.com/leiwenxuan/crontab/infra.(*BootApplication).start(infra/boot.go:59)] Starting: *base.HookStarter" func="github.com/leiwenxuan/crontab/infra.(*BootApplication).start" file="infra/boot.go:59"
time="2020-01-26T19:44:32+08:00" level=info msg="[github.com/leiwenxuan/crontab/infra/base.(*HookStarter).Start(base/hook.go:45)] 【Register Notify Stop】:*base.PropsStarter.Stop()" func="github.com/leiwenxuan/crontab/infra/base.(*HookStarter).Start" file="base/hook.go:45"
time="2020-01-26T19:44:32+08:00" level=info msg="[github.com/leiwenxuan/crontab/infra/base.(*HookStarter).Start(base/hook.go:45)] 【Register Notify Stop】:*base.EtcdStarter.Stop()" func="github.com/leiwenxuan/crontab/infra/base.(*HookStarter).Start" file="base/hook.go:45"
time="2020-01-26T19:44:32+08:00" level=info msg="[github.com/leiwenxuan/crontab/infra/base.(*HookStarter).Start(base/hook.go:45)] 【Register Notify Stop】:*base.MongoDBStarter.Stop()" func="github.com/leiwenxuan/crontab/infra/base.(*HookStarter).Start" file="base/hook.go:45"
time="2020-01-26T19:44:32+08:00" level=info msg="[github.com/leiwenxuan/crontab/infra/base.(*HookStarter).Start(base/hook.go:45)] 【Register Notify Stop】:*base.ValidatorStarter.Stop()" func="github.com/leiwenxuan/crontab/infra/base.(*HookStarter).Start" file="base/hook.go:45"
time="2020-01-26T19:44:32+08:00" level=info msg="[github.com/leiwenxuan/crontab/infra/base.(*HookStarter).Start(base/hook.go:45)] 【Register Notify Stop】:*infra.WebApiStarter.Stop()" func="github.com/leiwenxuan/crontab/infra/base.(*HookStarter).Start" file="base/hook.go:45"
time="2020-01-26T19:44:32+08:00" level=info msg="[github.com/leiwenxuan/crontab/infra/base.(*HookStarter).Start(base/hook.go:45)] 【Register Notify Stop】:*base.HookStarter.Stop()" func="github.com/leiwenxuan/crontab/infra/base.(*HookStarter).Start" file="base/hook.go:45"
time="2020-01-26T19:44:32+08:00" level=info msg="[github.com/leiwenxuan/crontab/infra/base.(*HookStarter).Start(base/hook.go:45)] 【Register Notify Stop】:*base.IrisServerStarter.Stop()" func="github.com/leiwenxuan/crontab/infra/base.(*HookStarter).Start" file="base/hook.go:45"
time="2020-01-26T19:44:32+08:00" level=debug msg="[github.com/leiwenxuan/crontab/infra.(*BootApplication).start(infra/boot.go:59)] Starting: *base.IrisServerStarter" func="github.com/leiwenxuan/crontab/infra.(*BootApplication).start" file="infra/boot.go:59"
time="2020-01-26T19:44:32+08:00" level=info msg="[github.com/leiwenxuan/crontab/infra/base.(*IrisServerStarter).Start(base/iris_server.go:42)] GET: /v1/master/job/log -> github.com/leiwenxuan/crontab/master/apis.(*MasterApi).LogList-fm() and 2 more" func="github.com/leiwenxuan/crontab/infra/base.(*IrisServerStarter).Start" file="base/iris_server.go:42"
time="2020-01-26T19:44:32+08:00" level=info msg="[github.com/leiwenxuan/crontab/infra/base.(*IrisServerStarter).Start(base/iris_server.go:42)] POST: /v1/master/job/save -> github.com/leiwenxuan/crontab/master/apis.(*MasterApi).JobSave-fm() and 2 more" func="github.com/leiwenxuan/crontab/infra/base.(*IrisServerStarter).Start" file="base/iris_server.go:42"
time="2020-01-26T19:44:32+08:00" level=debug msg="[github.com/kataras/golog.integrateExternalLogger.func1(golog@v0.0.10/integration.go:28)] GET: /v1/master/job/log -> github.com/leiwenxuan/crontab/master/apis.(*MasterApi).LogList-fm() and 2 more" func=github.com/kataras/golog.integrateExternalLogger.func1 file="golog@v0.0.10/integration.go:28"
time="2020-01-26T19:44:32+08:00" level=debug msg="[github.com/kataras/golog.integrateExternalLogger.func1(golog@v0.0.10/integration.go:28)] POST: /v1/master/job/save -> github.com/leiwenxuan/crontab/master/apis.(*MasterApi).JobSave-fm() and 2 more" func=github.com/kataras/golog.integrateExternalLogger.func1 file="golog@v0.0.10/integration.go:28"
time="2020-01-26T19:44:32+08:00" level=debug msg="[github.com/kataras/golog.integrateExternalLogger.func1(golog@v0.0.10/integration.go:28)] Application: running using 1 host(s)" func=github.com/kataras/golog.integrateExternalLogger.func1 file="golog@v0.0.10/integration.go:28"
time="2020-01-26T19:44:32+08:00" level=debug msg="[github.com/kataras/golog.integrateExternalLogger.func1(golog@v0.0.10/integration.go:28)] Host: addr is :10110" func=github.com/kataras/golog.integrateExternalLogger.func1 file="golog@v0.0.10/integration.go:28"
time="2020-01-26T19:44:32+08:00" level=debug msg="[github.com/kataras/golog.integrateExternalLogger.func1(golog@v0.0.10/integration.go:28)] Host: virtual host is localhost:10110" func=github.com/kataras/golog.integrateExternalLogger.func1 file="golog@v0.0.10/integration.go:28"
time="2020-01-26T19:44:32+08:00" level=debug msg="[github.com/kataras/golog.integrateExternalLogger.func1(golog@v0.0.10/integration.go:28)] Host: register startup notifier" func=github.com/kataras/golog.integrateExternalLogger.func1 file="golog@v0.0.10/integration.go:28"
time="2020-01-26T19:44:32+08:00" level=debug msg="[github.com/kataras/golog.integrateExternalLogger.func1(golog@v0.0.10/integration.go:28)] Host: register server shutdown on interrupt(CTRL+C/CMD+C)" func=github.com/kataras/golog.integrateExternalLogger.func1 file="golog@v0.0.10/integration.go:28"
time="2020-01-26T19:45:06+08:00" level=warning msg="[github.com/kataras/golog.integrateExternalLogger.func1(golog@v0.0.10/integration.go:28)] Recovered from a route's Handler('github.com/leiwenxuan/crontab/master/apis.(*MasterApi).LogList-fm')\nAt Request: 200 /v1/master/job/log GET 192.168.1.5\nTrace: runtime error: invalid memory address or nil pointer dereference\n\nC:/Go/src/runtime/panic.go:679\nC:/Go/src/runtime/panic.go:199\nC:/Go/src/runtime/signal_windows.go:233\nF:/code/002Golang/lwx-crontab/master/apis/master.go:53\nC:/Users/root/go/pkg/mod/github.com/kataras/iris@v11.1.1+incompatible/context/context.go:1208\nC:/Users/root/go/pkg/mod/github.com/kataras/iris@v11.1.1+incompatible/context/context.go:1217\nC:/Users/root/go/pkg/mod/github.com/kataras/iris@v11.1.1+incompatible/middleware/logger/logger.go:50\nC:/Users/root/go/pkg/mod/github.com/kataras/iris@v11.1.1+incompatible/context/context.go:1208\nC:/Users/root/go/pkg/mod/github.com/kataras/iris@v11.1.1+incompatible/context/context.go:1217\nC:/Users/root/go/pkg/mod/github.com/kataras/iris@v11.1.1+incompatible/middleware/recover/recover.go:56\nC:/Users/root/go/pkg/mod/github.com/kataras/iris@v11.1.1+incompatible/context/context.go:922\nC:/Users/root/go/pkg/mod/github.com/kataras/iris@v11.1.1+incompatible/context/context.go:1094\nC:/Users/root/go/pkg/mod/github.com/kataras/iris@v11.1.1+incompatible/core/router/handler.go:227\nC:/Users/root/go/pkg/mod/github.com/kataras/iris@v11.1.1+incompatible/core/router/router.go:84\nC:/Users/root/go/pkg/mod/github.com/kataras/iris@v11.1.1+incompatible/core/router/router.go:161\nC:/Go/src/net/http/server.go:2802\nC:/Go/src/net/http/server.go:1890\nC:/Go/src/runtime/asm_amd64.s:1357\n" func=github.com/kataras/golog.integrateExternalLogger.func1 file="golog@v0.0.10/integration.go:28"
time="2020-01-26T19:45:06+08:00" level=warning msg="[github.com/kataras/golog.integrateExternalLogger.func1(golog@v0.0.10/integration.go:28)] Recovered from a route's Handler('github.com/leiwenxuan/crontab/master/apis.(*MasterApi).LogList-fm')\nAt Request: 200 /v1/master/job/log GET 192.168.1.5\nTrace: runtime error: invalid memory address or nil pointer dereference\n\nC:/Go/src/runtime/panic.go:679\nC:/Go/src/runtime/panic.go:199\nC:/Go/src/runtime/signal_windows.go:233\nF:/code/002Golang/lwx-crontab/master/apis/master.go:53\nC:/Users/root/go/pkg/mod/github.com/kataras/iris@v11.1.1+incompatible/context/context.go:1208\nC:/Users/root/go/pkg/mod/github.com/kataras/iris@v11.1.1+incompatible/context/context.go:1217\nC:/Users/root/go/pkg/mod/github.com/kataras/iris@v11.1.1+incompatible/middleware/logger/logger.go:50\nC:/Users/root/go/pkg/mod/github.com/kataras/iris@v11.1.1+incompatible/context/context.go:1208\nC:/Users/root/go/pkg/mod/github.com/kataras/iris@v11.1.1+incompatible/context/context.go:1217\nC:/Users/root/go/pkg/mod/github.com/kataras/iris@v11.1.1+incompatible/middleware/recover/recover.go:56\nC:/Users/root/go/pkg/mod/github.com/kataras/iris@v11.1.1+incompatible/context/context.go:922\nC:/Users/root/go/pkg/mod/github.com/kataras/iris@v11.1.1+incompatible/context/context.go:1094\nC:/Users/root/go/pkg/mod/github.com/kataras/iris@v11.1.1+incompatible/core/router/handler.go:227\nC:/Users/root/go/pkg/mod/github.com/kataras/iris@v11.1.1+incompatible/core/router/router.go:84\nC:/Users/root/go/pkg/mod/github.com/kataras/iris@v11.1.1+incompatible/core/router/router.go:161\nC:/Go/src/net/http/server.go:2802\nC:/Go/src/net/http/server.go:1890\nC:/Go/src/runtime/asm_amd64.s:1357\n" func=github.com/kataras/golog.integrateExternalLogger.func1 file="golog@v0.0.10/integration.go:28"
time="2020-01-26T19:48:08+08:00" level=debug msg="[github.com/leiwenxuan/crontab/infra.(*BootApplication).init(infra/boot.go:37)] Initializing: PriorityGroup=20,Priority=10000,type=*base.PropsStarter" func="github.com/leiwenxuan/crontab/infra.(*BootApplication).init" file="infra/boot.go:37"
time="2020-01-26T19:48:08+08:00" level=info msg="[github.com/leiwenxuan/crontab/infra/base.(*PropsStarter).Init(base/props.go:22)] 初始化配置." func="github.com/leiwenxuan/crontab/infra/base.(*PropsStarter).Init" file="base/props.go:22"
time="2020-01-26T19:48:08+08:00" level=debug msg="[github.com/leiwenxuan/crontab/infra.(*BootApplication).init(infra/boot.go:37)] Initializing: PriorityGroup=20,Priority=10000,type=*base.EtcdStarter" func="github.com/leiwenxuan/crontab/infra.(*BootApplication).init" file="infra/boot.go:37"
time="2020-01-26T19:48:08+08:00" level=debug msg="[github.com/leiwenxuan/crontab/infra.(*BootApplication).init(infra/boot.go:37)] Initializing: PriorityGroup=20,Priority=10000,type=*base.MongoDBStarter" func="github.com/leiwenxuan/crontab/infra.(*BootApplication).init" file="infra/boot.go:37"
time="2020-01-26T19:48:08+08:00" level=debug msg="[github.com/leiwenxuan/crontab/infra.(*BootApplication).init(infra/boot.go:37)] Initializing: PriorityGroup=20,Priority=10000,type=*base.ValidatorStarter" func="github.com/leiwenxuan/crontab/infra.(*BootApplication).init" file="infra/boot.go:37"
time="2020-01-26T19:48:08+08:00" level=debug msg="[github.com/leiwenxuan/crontab/infra.(*BootApplication).init(infra/boot.go:37)] Initializing: PriorityGroup=20,Priority=10000,type=*infra.WebApiStarter" func="github.com/leiwenxuan/crontab/infra.(*BootApplication).init" file="infra/boot.go:37"
time="2020-01-26T19:48:08+08:00" level=debug msg="[github.com/leiwenxuan/crontab/infra.(*BootApplication).init(infra/boot.go:37)] Initializing: PriorityGroup=20,Priority=10000,type=*base.HookStarter" func="github.com/leiwenxuan/crontab/infra.(*BootApplication).init" file="infra/boot.go:37"
time="2020-01-26T19:48:08+08:00" level=debug msg="[github.com/leiwenxuan/crontab/infra.(*BootApplication).init(infra/boot.go:37)] Initializing: PriorityGroup=20,Priority=10000,type=*base.IrisServerStarter" func="github.com/leiwenxuan/crontab/infra.(*BootApplication).init" file="infra/boot.go:37"
time="2020-01-26T19:48:08+08:00" level=debug msg="[github.com/leiwenxuan/crontab/infra.(*BootApplication).setup(infra/boot.go:47)] Setup: *base.PropsStarter" func="github.com/leiwenxuan/crontab/infra.(*BootApplication).setup" file="infra/boot.go:47"
time="2020-01-26T19:48:08+08:00" level=debug msg="[github.com/leiwenxuan/crontab/infra.(*BootApplication).setup(infra/boot.go:47)] Setup: *base.EtcdStarter" func="github.com/leiwenxuan/crontab/infra.(*BootApplication).setup" file="infra/boot.go:47"
time="2020-01-26T19:48:08+08:00" level=info msg="[github.com/leiwenxuan/crontab/infra/base.(*EtcdStarter).Setup(base/etcd.go:38)] 获取ETCD集群：[192.168.1.5:12381 192.168.1.5:12382 192.168.1.5:12381]" func="github.com/leiwenxuan/crontab/infra/base.(*EtcdStarter).Setup" file="base/etcd.go:38"
time="2020-01-26T19:48:08+08:00" level=info msg="[github.com/leiwenxuan/crontab/infra/base.(*EtcdStarter).Setup(base/etcd.go:41)] 获取ETCD超时时间：5000" func="github.com/leiwenxuan/crontab/infra/base.(*EtcdStarter).Setup" file="base/etcd.go:41"
time="2020-01-26T19:48:08+08:00" level=debug msg="[github.com/leiwenxuan/crontab/infra/base.(*EtcdStarter).Setup(base/etcd.go:54)] clientMongo etcd:&{0xc000342810 0xc000342840 0xc000373040 0xc0004c6500 0xc000342930 0xc000342960 0xc000127180 {[192.168.1.5:12381 192.168.1.5:12382 192.168.1.5:12381] 0 5000000000 0 0 0 0 <nil>   false [] <nil> <nil> false} <nil> 0xc00006af60 0xc0002f6b60 0xc00022f800 0x508540   <nil> [{false} {2097152} {2147483647}] 0xc00006af00}" func="github.com/leiwenxuan/crontab/infra/base.(*EtcdStarter).Setup" file="base/etcd.go:54"
time="2020-01-26T19:48:08+08:00" level=debug msg="[github.com/leiwenxuan/crontab/infra.(*BootApplication).setup(infra/boot.go:47)] Setup: *base.MongoDBStarter" func="github.com/leiwenxuan/crontab/infra.(*BootApplication).setup" file="infra/boot.go:47"
time="2020-01-26T19:48:08+08:00" level=debug msg="[github.com/leiwenxuan/crontab/infra.(*BootApplication).setup(infra/boot.go:47)] Setup: *base.ValidatorStarter" func="github.com/leiwenxuan/crontab/infra.(*BootApplication).setup" file="infra/boot.go:47"
time="2020-01-26T19:48:08+08:00" level=debug msg="[github.com/leiwenxuan/crontab/infra.(*BootApplication).setup(infra/boot.go:47)] Setup: *infra.WebApiStarter" func="github.com/leiwenxuan/crontab/infra.(*BootApplication).setup" file="infra/boot.go:47"
time="2020-01-26T19:48:08+08:00" level=debug msg="[github.com/leiwenxuan/crontab/infra.(*BootApplication).setup(infra/boot.go:47)] Setup: *base.HookStarter" func="github.com/leiwenxuan/crontab/infra.(*BootApplication).setup" file="infra/boot.go:47"
time="2020-01-26T19:48:08+08:00" level=debug msg="[github.com/leiwenxuan/crontab/infra.(*BootApplication).setup(infra/boot.go:47)] Setup: *base.IrisServerStarter" func="github.com/leiwenxuan/crontab/infra.(*BootApplication).setup" file="infra/boot.go:47"
time="2020-01-26T19:48:08+08:00" level=debug msg="[github.com/leiwenxuan/crontab/infra.(*BootApplication).start(infra/boot.go:59)] Starting: *base.PropsStarter" func="github.com/leiwenxuan/crontab/infra.(*BootApplication).start" file="infra/boot.go:59"
time="2020-01-26T19:48:08+08:00" level=debug msg="[github.com/leiwenxuan/crontab/infra.(*BootApplication).start(infra/boot.go:59)] Starting: *base.EtcdStarter" func="github.com/leiwenxuan/crontab/infra.(*BootApplication).start" file="infra/boot.go:59"
time="2020-01-26T19:48:08+08:00" level=debug msg="[github.com/leiwenxuan/crontab/infra.(*BootApplication).start(infra/boot.go:59)] Starting: *base.MongoDBStarter" func="github.com/leiwenxuan/crontab/infra.(*BootApplication).start" file="infra/boot.go:59"
time="2020-01-26T19:48:08+08:00" level=debug msg="[github.com/leiwenxuan/crontab/infra.(*BootApplication).start(infra/boot.go:59)] Starting: *base.ValidatorStarter" func="github.com/leiwenxuan/crontab/infra.(*BootApplication).start" file="infra/boot.go:59"
time="2020-01-26T19:48:08+08:00" level=debug msg="[github.com/leiwenxuan/crontab/infra.(*BootApplication).start(infra/boot.go:59)] Starting: *infra.WebApiStarter" func="github.com/leiwenxuan/crontab/infra.(*BootApplication).start" file="infra/boot.go:59"
time="2020-01-26T19:48:08+08:00" level=debug msg="[github.com/leiwenxuan/crontab/infra.(*BootApplication).start(infra/boot.go:59)] Starting: *base.HookStarter" func="github.com/leiwenxuan/crontab/infra.(*BootApplication).start" file="infra/boot.go:59"
time="2020-01-26T19:48:08+08:00" level=info msg="[github.com/leiwenxuan/crontab/infra/base.(*HookStarter).Start(base/hook.go:45)] 【Register Notify Stop】:*base.PropsStarter.Stop()" func="github.com/leiwenxuan/crontab/infra/base.(*HookStarter).Start" file="base/hook.go:45"
time="2020-01-26T19:48:08+08:00" level=info msg="[github.com/leiwenxuan/crontab/infra/base.(*HookStarter).Start(base/hook.go:45)] 【Register Notify Stop】:*base.EtcdStarter.Stop()" func="github.com/leiwenxuan/crontab/infra/base.(*HookStarter).Start" file="base/hook.go:45"
time="2020-01-26T19:48:08+08:00" level=info msg="[github.com/leiwenxuan/crontab/infra/base.(*HookStarter).Start(base/hook.go:45)] 【Register Notify Stop】:*base.MongoDBStarter.Stop()" func="github.com/leiwenxuan/crontab/infra/base.(*HookStarter).Start" file="base/hook.go:45"
time="2020-01-26T19:48:08+08:00" level=info msg="[github.com/leiwenxuan/crontab/infra/base.(*HookStarter).Start(base/hook.go:45)] 【Register Notify Stop】:*base.ValidatorStarter.Stop()" func="github.com/leiwenxuan/crontab/infra/base.(*HookStarter).Start" file="base/hook.go:45"
time="2020-01-26T19:48:08+08:00" level=info msg="[github.com/leiwenxuan/crontab/infra/base.(*HookStarter).Start(base/hook.go:45)] 【Register Notify Stop】:*infra.WebApiStarter.Stop()" func="github.com/leiwenxuan/crontab/infra/base.(*HookStarter).Start" file="base/hook.go:45"
time="2020-01-26T19:48:08+08:00" level=info msg="[github.com/leiwenxuan/crontab/infra/base.(*HookStarter).Start(base/hook.go:45)] 【Register Notify Stop】:*base.HookStarter.Stop()" func="github.com/leiwenxuan/crontab/infra/base.(*HookStarter).Start" file="base/hook.go:45"
time="2020-01-26T19:48:08+08:00" level=info msg="[github.com/leiwenxuan/crontab/infra/base.(*HookStarter).Start(base/hook.go:45)] 【Register Notify Stop】:*base.IrisServerStarter.Stop()" func="github.com/leiwenxuan/crontab/infra/base.(*HookStarter).Start" file="base/hook.go:45"
time="2020-01-26T19:48:08+08:00" level=debug msg="[github.com/leiwenxuan/crontab/infra.(*BootApplication).start(infra/boot.go:59)] Starting: *base.IrisServerStarter" func="github.com/leiwenxuan/crontab/infra.(*BootApplication).start" file="infra/boot.go:59"
time="2020-01-26T19:48:08+08:00" level=info msg="[github.com/leiwenxuan/crontab/infra/base.(*IrisServerStarter).Start(base/iris_server.go:42)] GET: /v1/master/job/log -> github.com/leiwenxuan/crontab/master/apis.(*MasterApi).LogList-fm() and 2 more" func="github.com/leiwenxuan/crontab/infra/base.(*IrisServerStarter).Start" file="base/iris_server.go:42"
time="2020-01-26T19:48:08+08:00" level=info msg="[github.com/leiwenxuan/crontab/infra/base.(*IrisServerStarter).Start(base/iris_server.go:42)] POST: /v1/master/job/save -> github.com/leiwenxuan/crontab/master/apis.(*MasterApi).JobSave-fm() and 2 more" func="github.com/leiwenxuan/crontab/infra/base.(*IrisServerStarter).Start" file="base/iris_server.go:42"
time="2020-01-26T19:48:08+08:00" level=debug msg="[github.com/kataras/golog.integrateExternalLogger.func1(golog@v0.0.10/integration.go:28)] GET: /v1/master/job/log -> github.com/leiwenxuan/crontab/master/apis.(*MasterApi).LogList-fm() and 2 more" func=github.com/kataras/golog.integrateExternalLogger.func1 file="golog@v0.0.10/integration.go:28"
time="2020-01-26T19:48:08+08:00" level=debug msg="[github.com/kataras/golog.integrateExternalLogger.func1(golog@v0.0.10/integration.go:28)] POST: /v1/master/job/save -> github.com/leiwenxuan/crontab/master/apis.(*MasterApi).JobSave-fm() and 2 more" func=github.com/kataras/golog.integrateExternalLogger.func1 file="golog@v0.0.10/integration.go:28"
time="2020-01-26T19:48:08+08:00" level=debug msg="[github.com/kataras/golog.integrateExternalLogger.func1(golog@v0.0.10/integration.go:28)] Application: running using 1 host(s)" func=github.com/kataras/golog.integrateExternalLogger.func1 file="golog@v0.0.10/integration.go:28"
time="2020-01-26T19:48:08+08:00" level=debug msg="[github.com/kataras/golog.integrateExternalLogger.func1(golog@v0.0.10/integration.go:28)] Host: addr is :10110" func=github.com/kataras/golog.integrateExternalLogger.func1 file="golog@v0.0.10/integration.go:28"
time="2020-01-26T19:48:08+08:00" level=debug msg="[github.com/kataras/golog.integrateExternalLogger.func1(golog@v0.0.10/integration.go:28)] Host: virtual host is localhost:10110" func=github.com/kataras/golog.integrateExternalLogger.func1 file="golog@v0.0.10/integration.go:28"
time="2020-01-26T19:48:08+08:00" level=debug msg="[github.com/kataras/golog.integrateExternalLogger.func1(golog@v0.0.10/integration.go:28)] Host: register startup notifier" func=github.com/kataras/golog.integrateExternalLogger.func1 file="golog@v0.0.10/integration.go:28"
time="2020-01-26T19:48:08+08:00" level=debug msg="[github.com/kataras/golog.integrateExternalLogger.func1(golog@v0.0.10/integration.go:28)] Host: register server shutdown on interrupt(CTRL+C/CMD+C)" func=github.com/kataras/golog.integrateExternalLogger.func1 file="golog@v0.0.10/integration.go:28"
time="2020-01-26T19:48:12+08:00" level=info msg="[github.com/kataras/golog.integrateExternalLogger.func1(golog@v0.0.10/integration.go:28)] | 2020-01-26.19:48:12.738629 | 28.0051ms | 200 | 192.168.1.5 | GET | /v1/master/job/log | Mozilla/5.0 (Windows NT 10.0; Win64; x64) AppleWebKit/537.36 (KHTML, like Gecko) Chrome/79.0.3945.130 Safari/537.36 | <nil>" func=github.com/kataras/golog.integrateExternalLogger.func1 file="golog@v0.0.10/integration.go:28"
time="2020-01-26T19:48:24+08:00" level=info msg="[github.com/kataras/golog.integrateExternalLogger.func1(golog@v0.0.10/integration.go:28)] | 2020-01-26.19:48:24.908147 | 1.9964ms | 200 | 192.168.1.5 | GET | /v1/master/job/log | Mozilla/5.0 (Windows NT 10.0; Win64; x64) AppleWebKit/537.36 (KHTML, like Gecko) Chrome/79.0.3945.130 Safari/537.36 | <nil>" func=github.com/kataras/golog.integrateExternalLogger.func1 file="golog@v0.0.10/integration.go:28"
time="2020-01-26T19:48:31+08:00" level=info msg="[github.com/kataras/golog.integrateExternalLogger.func1(golog@v0.0.10/integration.go:28)] | 2020-01-26.19:48:31.860666 | 0s | 200 | ::1 | POST | /v1/master/job/save | Mozilla/5.0 (Windows NT 10.0; Win64; x64) AppleWebKit/537.36 (KHTML, like Gecko) Chrome/79.0.3945.130 Safari/537.36 | <nil>" func=github.com/kataras/golog.integrateExternalLogger.func1 file="golog@v0.0.10/integration.go:28"
time="2020-01-26T19:48:38+08:00" level=info msg="[github.com/kataras/golog.integrateExternalLogger.func1(golog@v0.0.10/integration.go:28)] | 2020-01-26.19:48:38.740218 | 0s | 200 | ::1 | POST | /v1/master/job/save | Mozilla/5.0 (Windows NT 10.0; Win64; x64) AppleWebKit/537.36 (KHTML, like Gecko) Chrome/79.0.3945.130 Safari/537.36 | <nil>" func=github.com/kataras/golog.integrateExternalLogger.func1 file="golog@v0.0.10/integration.go:28"
time="2020-01-26T19:48:42+08:00" level=info msg="[github.com/kataras/golog.integrateExternalLogger.func1(golog@v0.0.10/integration.go:28)] | 2020-01-26.19:48:42.241733 | 0s | 200 | ::1 | POST | /v1/master/job/save | Mozilla/5.0 (Windows NT 10.0; Win64; x64) AppleWebKit/537.36 (KHTML, like Gecko) Chrome/79.0.3945.130 Safari/537.36 | <nil>" func=github.com/kataras/golog.integrateExternalLogger.func1 file="golog@v0.0.10/integration.go:28"
time="2020-01-26T19:52:23+08:00" level=error msg="[github.com/kataras/golog.integrateExternalLogger.func1(golog@v0.0.10/integration.go:28)] http: Server closed" func=github.com/kataras/golog.integrateExternalLogger.func1 file="golog@v0.0.10/integration.go:28"
time="2020-01-26T19:52:36+08:00" level=debug msg="[github.com/leiwenxuan/crontab/infra.(*BootApplication).init(infra/boot.go:37)] Initializing: PriorityGroup=20,Priority=10000,type=*base.PropsStarter" func="github.com/leiwenxuan/crontab/infra.(*BootApplication).init" file="infra/boot.go:37"
time="2020-01-26T19:52:36+08:00" level=info msg="[github.com/leiwenxuan/crontab/infra/base.(*PropsStarter).Init(base/props.go:22)] 初始化配置." func="github.com/leiwenxuan/crontab/infra/base.(*PropsStarter).Init" file="base/props.go:22"
time="2020-01-26T19:52:36+08:00" level=debug msg="[github.com/leiwenxuan/crontab/infra.(*BootApplication).init(infra/boot.go:37)] Initializing: PriorityGroup=20,Priority=10000,type=*base.EtcdStarter" func="github.com/leiwenxuan/crontab/infra.(*BootApplication).init" file="infra/boot.go:37"
time="2020-01-26T19:52:36+08:00" level=debug msg="[github.com/leiwenxuan/crontab/infra.(*BootApplication).init(infra/boot.go:37)] Initializing: PriorityGroup=20,Priority=10000,type=*base.MongoDBStarter" func="github.com/leiwenxuan/crontab/infra.(*BootApplication).init" file="infra/boot.go:37"
time="2020-01-26T19:52:36+08:00" level=debug msg="[github.com/leiwenxuan/crontab/infra.(*BootApplication).init(infra/boot.go:37)] Initializing: PriorityGroup=20,Priority=10000,type=*base.ValidatorStarter" func="github.com/leiwenxuan/crontab/infra.(*BootApplication).init" file="infra/boot.go:37"
time="2020-01-26T19:52:36+08:00" level=debug msg="[github.com/leiwenxuan/crontab/infra.(*BootApplication).init(infra/boot.go:37)] Initializing: PriorityGroup=20,Priority=10000,type=*infra.WebApiStarter" func="github.com/leiwenxuan/crontab/infra.(*BootApplication).init" file="infra/boot.go:37"
time="2020-01-26T19:52:36+08:00" level=debug msg="[github.com/leiwenxuan/crontab/infra.(*BootApplication).init(infra/boot.go:37)] Initializing: PriorityGroup=20,Priority=10000,type=*base.HookStarter" func="github.com/leiwenxuan/crontab/infra.(*BootApplication).init" file="infra/boot.go:37"
time="2020-01-26T19:52:36+08:00" level=debug msg="[github.com/leiwenxuan/crontab/infra.(*BootApplication).init(infra/boot.go:37)] Initializing: PriorityGroup=20,Priority=10000,type=*base.IrisServerStarter" func="github.com/leiwenxuan/crontab/infra.(*BootApplication).init" file="infra/boot.go:37"
time="2020-01-26T19:52:36+08:00" level=debug msg="[github.com/leiwenxuan/crontab/infra.(*BootApplication).setup(infra/boot.go:47)] Setup: *base.PropsStarter" func="github.com/leiwenxuan/crontab/infra.(*BootApplication).setup" file="infra/boot.go:47"
time="2020-01-26T19:52:36+08:00" level=debug msg="[github.com/leiwenxuan/crontab/infra.(*BootApplication).setup(infra/boot.go:47)] Setup: *base.EtcdStarter" func="github.com/leiwenxuan/crontab/infra.(*BootApplication).setup" file="infra/boot.go:47"
time="2020-01-26T19:52:36+08:00" level=info msg="[github.com/leiwenxuan/crontab/infra/base.(*EtcdStarter).Setup(base/etcd.go:38)] 获取ETCD集群：[192.168.1.5:12381 192.168.1.5:12382 192.168.1.5:12381]" func="github.com/leiwenxuan/crontab/infra/base.(*EtcdStarter).Setup" file="base/etcd.go:38"
time="2020-01-26T19:52:36+08:00" level=info msg="[github.com/leiwenxuan/crontab/infra/base.(*EtcdStarter).Setup(base/etcd.go:41)] 获取ETCD超时时间：5000" func="github.com/leiwenxuan/crontab/infra/base.(*EtcdStarter).Setup" file="base/etcd.go:41"
time="2020-01-26T19:52:36+08:00" level=debug msg="[github.com/leiwenxuan/crontab/infra/base.(*EtcdStarter).Setup(base/etcd.go:54)] clientMongo etcd:&{0xc000177740 0xc000177770 0xc0005a9860 0xc0004c7770 0xc000177860 0xc000177890 0xc00045d880 {[192.168.1.5:12381 192.168.1.5:12382 192.168.1.5:12381] 0 5000000000 0 0 0 0 <nil>   false [] <nil> <nil> false} <nil> 0xc000476120 0xc000170e60 0xc0004cc840 0x508540   <nil> [{false} {2097152} {2147483647}] 0xc0004760c0}" func="github.com/leiwenxuan/crontab/infra/base.(*EtcdStarter).Setup" file="base/etcd.go:54"
time="2020-01-26T19:52:36+08:00" level=debug msg="[github.com/leiwenxuan/crontab/infra.(*BootApplication).setup(infra/boot.go:47)] Setup: *base.MongoDBStarter" func="github.com/leiwenxuan/crontab/infra.(*BootApplication).setup" file="infra/boot.go:47"
time="2020-01-26T19:52:36+08:00" level=debug msg="[github.com/leiwenxuan/crontab/infra.(*BootApplication).setup(infra/boot.go:47)] Setup: *base.ValidatorStarter" func="github.com/leiwenxuan/crontab/infra.(*BootApplication).setup" file="infra/boot.go:47"
time="2020-01-26T19:52:36+08:00" level=debug msg="[github.com/leiwenxuan/crontab/infra.(*BootApplication).setup(infra/boot.go:47)] Setup: *infra.WebApiStarter" func="github.com/leiwenxuan/crontab/infra.(*BootApplication).setup" file="infra/boot.go:47"
time="2020-01-26T19:52:36+08:00" level=debug msg="[github.com/leiwenxuan/crontab/infra.(*BootApplication).setup(infra/boot.go:47)] Setup: *base.HookStarter" func="github.com/leiwenxuan/crontab/infra.(*BootApplication).setup" file="infra/boot.go:47"
time="2020-01-26T19:52:36+08:00" level=debug msg="[github.com/leiwenxuan/crontab/infra.(*BootApplication).setup(infra/boot.go:47)] Setup: *base.IrisServerStarter" func="github.com/leiwenxuan/crontab/infra.(*BootApplication).setup" file="infra/boot.go:47"
time="2020-01-26T19:52:36+08:00" level=debug msg="[github.com/leiwenxuan/crontab/infra.(*BootApplication).start(infra/boot.go:59)] Starting: *base.PropsStarter" func="github.com/leiwenxuan/crontab/infra.(*BootApplication).start" file="infra/boot.go:59"
time="2020-01-26T19:52:36+08:00" level=debug msg="[github.com/leiwenxuan/crontab/infra.(*BootApplication).start(infra/boot.go:59)] Starting: *base.EtcdStarter" func="github.com/leiwenxuan/crontab/infra.(*BootApplication).start" file="infra/boot.go:59"
time="2020-01-26T19:52:36+08:00" level=debug msg="[github.com/leiwenxuan/crontab/infra.(*BootApplication).start(infra/boot.go:59)] Starting: *base.MongoDBStarter" func="github.com/leiwenxuan/crontab/infra.(*BootApplication).start" file="infra/boot.go:59"
time="2020-01-26T19:52:36+08:00" level=debug msg="[github.com/leiwenxuan/crontab/infra.(*BootApplication).start(infra/boot.go:59)] Starting: *base.ValidatorStarter" func="github.com/leiwenxuan/crontab/infra.(*BootApplication).start" file="infra/boot.go:59"
time="2020-01-26T19:52:36+08:00" level=debug msg="[github.com/leiwenxuan/crontab/infra.(*BootApplication).start(infra/boot.go:59)] Starting: *infra.WebApiStarter" func="github.com/leiwenxuan/crontab/infra.(*BootApplication).start" file="infra/boot.go:59"
time="2020-01-26T19:52:36+08:00" level=debug msg="[github.com/leiwenxuan/crontab/infra.(*BootApplication).start(infra/boot.go:59)] Starting: *base.HookStarter" func="github.com/leiwenxuan/crontab/infra.(*BootApplication).start" file="infra/boot.go:59"
time="2020-01-26T19:52:36+08:00" level=info msg="[github.com/leiwenxuan/crontab/infra/base.(*HookStarter).Start(base/hook.go:45)] 【Register Notify Stop】:*base.PropsStarter.Stop()" func="github.com/leiwenxuan/crontab/infra/base.(*HookStarter).Start" file="base/hook.go:45"
time="2020-01-26T19:52:36+08:00" level=info msg="[github.com/leiwenxuan/crontab/infra/base.(*HookStarter).Start(base/hook.go:45)] 【Register Notify Stop】:*base.EtcdStarter.Stop()" func="github.com/leiwenxuan/crontab/infra/base.(*HookStarter).Start" file="base/hook.go:45"
time="2020-01-26T19:52:36+08:00" level=info msg="[github.com/leiwenxuan/crontab/infra/base.(*HookStarter).Start(base/hook.go:45)] 【Register Notify Stop】:*base.MongoDBStarter.Stop()" func="github.com/leiwenxuan/crontab/infra/base.(*HookStarter).Start" file="base/hook.go:45"
time="2020-01-26T19:52:36+08:00" level=info msg="[github.com/leiwenxuan/crontab/infra/base.(*HookStarter).Start(base/hook.go:45)] 【Register Notify Stop】:*base.ValidatorStarter.Stop()" func="github.com/leiwenxuan/crontab/infra/base.(*HookStarter).Start" file="base/hook.go:45"
time="2020-01-26T19:52:36+08:00" level=info msg="[github.com/leiwenxuan/crontab/infra/base.(*HookStarter).Start(base/hook.go:45)] 【Register Notify Stop】:*infra.WebApiStarter.Stop()" func="github.com/leiwenxuan/crontab/infra/base.(*HookStarter).Start" file="base/hook.go:45"
time="2020-01-26T19:52:36+08:00" level=info msg="[github.com/leiwenxuan/crontab/infra/base.(*HookStarter).Start(base/hook.go:45)] 【Register Notify Stop】:*base.HookStarter.Stop()" func="github.com/leiwenxuan/crontab/infra/base.(*HookStarter).Start" file="base/hook.go:45"
time="2020-01-26T19:52:36+08:00" level=info msg="[github.com/leiwenxuan/crontab/infra/base.(*HookStarter).Start(base/hook.go:45)] 【Register Notify Stop】:*base.IrisServerStarter.Stop()" func="github.com/leiwenxuan/crontab/infra/base.(*HookStarter).Start" file="base/hook.go:45"
time="2020-01-26T19:52:36+08:00" level=debug msg="[github.com/leiwenxuan/crontab/infra.(*BootApplication).start(infra/boot.go:59)] Starting: *base.IrisServerStarter" func="github.com/leiwenxuan/crontab/infra.(*BootApplication).start" file="infra/boot.go:59"
time="2020-01-26T19:52:36+08:00" level=info msg="[github.com/leiwenxuan/crontab/infra/base.(*IrisServerStarter).Start(base/iris_server.go:42)] GET: /v1/master/job/log -> github.com/leiwenxuan/crontab/master/apis.(*MasterApi).LogList-fm() and 2 more" func="github.com/leiwenxuan/crontab/infra/base.(*IrisServerStarter).Start" file="base/iris_server.go:42"
time="2020-01-26T19:52:36+08:00" level=info msg="[github.com/leiwenxuan/crontab/infra/base.(*IrisServerStarter).Start(base/iris_server.go:42)] POST: /v1/master/job/save -> github.com/leiwenxuan/crontab/master/apis.(*MasterApi).JobSave-fm() and 2 more" func="github.com/leiwenxuan/crontab/infra/base.(*IrisServerStarter).Start" file="base/iris_server.go:42"
time="2020-01-26T19:52:36+08:00" level=debug msg="[github.com/kataras/golog.integrateExternalLogger.func1(golog@v0.0.10/integration.go:28)] GET: /v1/master/job/log -> github.com/leiwenxuan/crontab/master/apis.(*MasterApi).LogList-fm() and 2 more" func=github.com/kataras/golog.integrateExternalLogger.func1 file="golog@v0.0.10/integration.go:28"
time="2020-01-26T19:52:36+08:00" level=debug msg="[github.com/kataras/golog.integrateExternalLogger.func1(golog@v0.0.10/integration.go:28)] POST: /v1/master/job/save -> github.com/leiwenxuan/crontab/master/apis.(*MasterApi).JobSave-fm() and 2 more" func=github.com/kataras/golog.integrateExternalLogger.func1 file="golog@v0.0.10/integration.go:28"
time="2020-01-26T19:52:36+08:00" level=debug msg="[github.com/kataras/golog.integrateExternalLogger.func1(golog@v0.0.10/integration.go:28)] Application: running using 1 host(s)" func=github.com/kataras/golog.integrateExternalLogger.func1 file="golog@v0.0.10/integration.go:28"
time="2020-01-26T19:52:36+08:00" level=debug msg="[github.com/kataras/golog.integrateExternalLogger.func1(golog@v0.0.10/integration.go:28)] Host: addr is :10110" func=github.com/kataras/golog.integrateExternalLogger.func1 file="golog@v0.0.10/integration.go:28"
time="2020-01-26T19:52:36+08:00" level=debug msg="[github.com/kataras/golog.integrateExternalLogger.func1(golog@v0.0.10/integration.go:28)] Host: virtual host is localhost:10110" func=github.com/kataras/golog.integrateExternalLogger.func1 file="golog@v0.0.10/integration.go:28"
time="2020-01-26T19:52:36+08:00" level=debug msg="[github.com/kataras/golog.integrateExternalLogger.func1(golog@v0.0.10/integration.go:28)] Host: register startup notifier" func=github.com/kataras/golog.integrateExternalLogger.func1 file="golog@v0.0.10/integration.go:28"
time="2020-01-26T19:52:36+08:00" level=debug msg="[github.com/kataras/golog.integrateExternalLogger.func1(golog@v0.0.10/integration.go:28)] Host: register server shutdown on interrupt(CTRL+C/CMD+C)" func=github.com/kataras/golog.integrateExternalLogger.func1 file="golog@v0.0.10/integration.go:28"
time="2020-01-26T19:53:43+08:00" level=info msg="[github.com/kataras/golog.integrateExternalLogger.func1(golog@v0.0.10/integration.go:28)] | 2020-01-26.19:53:43.409581 | 11.9997ms | 200 | ::1 | POST | /v1/master/job/save | Mozilla/5.0 (Windows NT 10.0; Win64; x64) AppleWebKit/537.36 (KHTML, like Gecko) Chrome/79.0.3945.130 Safari/537.36 | <nil>" func=github.com/kataras/golog.integrateExternalLogger.func1 file="golog@v0.0.10/integration.go:28"
time="2020-01-26T19:54:22+08:00" level=info msg="[github.com/kataras/golog.integrateExternalLogger.func1(golog@v0.0.10/integration.go:28)] | 2020-01-26.19:54:22.630685 | 11.0027ms | 200 | ::1 | POST | /v1/master/job/save | Mozilla/5.0 (Windows NT 10.0; Win64; x64) AppleWebKit/537.36 (KHTML, like Gecko) Chrome/79.0.3945.130 Safari/537.36 | <nil>" func=github.com/kataras/golog.integrateExternalLogger.func1 file="golog@v0.0.10/integration.go:28"
time="2020-01-26T19:54:50+08:00" level=info msg="[github.com/kataras/golog.integrateExternalLogger.func1(golog@v0.0.10/integration.go:28)] | 2020-01-26.19:54:50.441018 | 9.9984ms | 200 | ::1 | POST | /v1/master/job/save | Mozilla/5.0 (Windows NT 10.0; Win64; x64) AppleWebKit/537.36 (KHTML, like Gecko) Chrome/79.0.3945.130 Safari/537.36 | <nil>" func=github.com/kataras/golog.integrateExternalLogger.func1 file="golog@v0.0.10/integration.go:28"
time="2020-01-26T19:54:55+08:00" level=info msg="[github.com/kataras/golog.integrateExternalLogger.func1(golog@v0.0.10/integration.go:28)] | 2020-01-26.19:54:55.051024 | 20.9974ms | 200 | ::1 | POST | /v1/master/job/save | Mozilla/5.0 (Windows NT 10.0; Win64; x64) AppleWebKit/537.36 (KHTML, like Gecko) Chrome/79.0.3945.130 Safari/537.36 | <nil>" func=github.com/kataras/golog.integrateExternalLogger.func1 file="golog@v0.0.10/integration.go:28"
