time="2020-01-28T19:07:17+08:00" level=info msg="[github.com/leiwenxuan/crontab/infra/base.(*PropsStarter).Init(base/props.go:22)] 初始化配置." func="github.com/leiwenxuan/crontab/infra/base.(*PropsStarter).Init" file="base/props.go:22"
time="2020-01-28T19:07:17+08:00" level=info msg="[github.com/leiwenxuan/crontab/infra/base.(*EtcdStarter).Setup(base/etcd.go:38)] 获取ETCD集群：[192.168.1.5:12381 192.168.1.5:12382 192.168.1.5:12381]" func="github.com/leiwenxuan/crontab/infra/base.(*EtcdStarter).Setup" file="base/etcd.go:38"
time="2020-01-28T19:07:17+08:00" level=info msg="[github.com/leiwenxuan/crontab/infra/base.(*EtcdStarter).Setup(base/etcd.go:41)] 获取ETCD超时时间：5000" func="github.com/leiwenxuan/crontab/infra/base.(*EtcdStarter).Setup" file="base/etcd.go:41"
time="2020-01-28T19:07:17+08:00" level=debug msg="[github.com/leiwenxuan/crontab/infra/base.(*EtcdStarter).Setup(base/etcd.go:54)] clientMongo etcd:&{0xc00044fad0 0xc00044fb00 0xc000335220 0xc0001588c0 0xc00044fbf0 0xc00044fc20 0xc000198000 {[192.168.1.5:12381 192.168.1.5:12382 192.168.1.5:12381] 0 5000000000 0 0 0 0 <nil>   false [] <nil> <nil> false} <nil> 0xc00045e2a0 0xc0002ab420 0xc000228380 0x5a65e0   <nil> [{false} {2097152} {2147483647}] 0xc00045e240}" func="github.com/leiwenxuan/crontab/infra/base.(*EtcdStarter).Setup" file="base/etcd.go:54"
time="2020-01-28T19:07:17+08:00" level=info msg="[github.com/leiwenxuan/crontab/worker/core.JobMangerSer.JobWatch(core/JobManger.go:46)] all kv:   &{cluster_id:2362756668383640308 member_id:13314520524074667590 revision:448 raft_term:3  [key:\"/cron/jobs/work_1\" create_revision:447 mod_revision:447 version:1 value:\"{\\\"name\\\":\\\"work_1\\\",\\\"command\\\":\\\"work_\\\",\\\"cronExpr\\\":\\\"*/10 * * * * * *\\\"}\"  key:\"/cron/jobs/work_2\" create_revision:441 mod_revision:441 version:1 value:\"{\\\"name\\\":\\\"work_2\\\",\\\"command\\\":\\\"work_\\\",\\\"cronExpr\\\":\\\"*/10 * * * * * *\\\"}\" ] false 2 {} [] 0}" func=github.com/leiwenxuan/crontab/worker/core.JobMangerSer.JobWatch file="core/JobManger.go:46"
time="2020-01-28T19:12:34+08:00" level=debug msg="[github.com/leiwenxuan/crontab/worker/core.JobMangerSer.JobWatch(core/JobManger.go:52)] &{1 0xc00016aea0}" func=github.com/leiwenxuan/crontab/worker/core.JobMangerSer.JobWatch file="core/JobManger.go:52"
time="2020-01-28T19:12:34+08:00" level=debug msg="[github.com/leiwenxuan/crontab/worker/core.(*SchedulerSer).PushJobEvent(core/scheduler.go:145)] PushJobEvent&{1 0xc00016aea0}" func="github.com/leiwenxuan/crontab/worker/core.(*SchedulerSer).PushJobEvent" file="core/scheduler.go:145"
time="2020-01-28T19:12:35+08:00" level=debug msg="[github.com/leiwenxuan/crontab/worker/core.JobMangerSer.JobWatch(core/JobManger.go:52)] &{1 0xc00016b5f0}" func=github.com/leiwenxuan/crontab/worker/core.JobMangerSer.JobWatch file="core/JobManger.go:52"
time="2020-01-28T19:12:35+08:00" level=debug msg="[github.com/leiwenxuan/crontab/worker/core.(*SchedulerSer).PushJobEvent(core/scheduler.go:145)] PushJobEvent&{1 0xc00016b5f0}" func="github.com/leiwenxuan/crontab/worker/core.(*SchedulerSer).PushJobEvent" file="core/scheduler.go:145"
time="2020-01-28T19:12:36+08:00" level=error msg="[github.com/leiwenxuan/crontab/worker.(*RegisterEtcd).keepOnline(worker/Register.go:133)] register 续租失败2020-01-28 19:12:36" func="github.com/leiwenxuan/crontab/worker.(*RegisterEtcd).keepOnline" file="worker/Register.go:133"
time="2020-01-28T19:12:40+08:00" level=info msg="[github.com/leiwenxuan/crontab/worker/core.(*SchedulerSer).TrySchedule(core/scheduler.go:122)] 执行任务: work_1" func="github.com/leiwenxuan/crontab/worker/core.(*SchedulerSer).TrySchedule" file="core/scheduler.go:122"
time="2020-01-28T19:12:40+08:00" level=info msg="[github.com/leiwenxuan/crontab/worker/core.(*SchedulerSer).TryStartJob(core/scheduler.go:101)] 执行任务：  work_12020-01-28 19:12:40 +0800 CST 2020-01-28 19:12:40.0015515 +0800 CST m=+322.426422701" func="github.com/leiwenxuan/crontab/worker/core.(*SchedulerSer).TryStartJob" file="core/scheduler.go:101"
time="2020-01-28T19:12:40+08:00" level=info msg="[github.com/leiwenxuan/crontab/worker/core.(*SchedulerSer).TrySchedule(core/scheduler.go:122)] 执行任务: work_2" func="github.com/leiwenxuan/crontab/worker/core.(*SchedulerSer).TrySchedule" file="core/scheduler.go:122"
time="2020-01-28T19:12:40+08:00" level=info msg="[github.com/leiwenxuan/crontab/worker/core.(*SchedulerSer).TryStartJob(core/scheduler.go:101)] 执行任务：  work_22020-01-28 19:12:40 +0800 CST 2020-01-28 19:12:40.0015515 +0800 CST m=+322.426422701" func="github.com/leiwenxuan/crontab/worker/core.(*SchedulerSer).TryStartJob" file="core/scheduler.go:101"
time="2020-01-28T19:12:50+08:00" level=info msg="[github.com/leiwenxuan/crontab/worker/core.(*SchedulerSer).TrySchedule(core/scheduler.go:122)] 执行任务: work_2" func="github.com/leiwenxuan/crontab/worker/core.(*SchedulerSer).TrySchedule" file="core/scheduler.go:122"
time="2020-01-28T19:12:50+08:00" level=info msg="[github.com/leiwenxuan/crontab/worker/core.(*SchedulerSer).TryStartJob(core/scheduler.go:90)] 任务尚未推出: %!(NOVERB)%!(EXTRA string=work_2)" func="github.com/leiwenxuan/crontab/worker/core.(*SchedulerSer).TryStartJob" file="core/scheduler.go:90"
time="2020-01-28T19:12:50+08:00" level=info msg="[github.com/leiwenxuan/crontab/worker/core.(*SchedulerSer).TrySchedule(core/scheduler.go:122)] 执行任务: work_1" func="github.com/leiwenxuan/crontab/worker/core.(*SchedulerSer).TrySchedule" file="core/scheduler.go:122"
time="2020-01-28T19:12:50+08:00" level=info msg="[github.com/leiwenxuan/crontab/worker/core.(*SchedulerSer).TryStartJob(core/scheduler.go:90)] 任务尚未推出: %!(NOVERB)%!(EXTRA string=work_1)" func="github.com/leiwenxuan/crontab/worker/core.(*SchedulerSer).TryStartJob" file="core/scheduler.go:90"
time="2020-01-28T19:13:00+08:00" level=info msg="[github.com/leiwenxuan/crontab/worker/core.(*SchedulerSer).TrySchedule(core/scheduler.go:122)] 执行任务: work_1" func="github.com/leiwenxuan/crontab/worker/core.(*SchedulerSer).TrySchedule" file="core/scheduler.go:122"
time="2020-01-28T19:13:00+08:00" level=info msg="[github.com/leiwenxuan/crontab/worker/core.(*SchedulerSer).TryStartJob(core/scheduler.go:90)] 任务尚未推出: %!(NOVERB)%!(EXTRA string=work_1)" func="github.com/leiwenxuan/crontab/worker/core.(*SchedulerSer).TryStartJob" file="core/scheduler.go:90"
time="2020-01-28T19:13:00+08:00" level=info msg="[github.com/leiwenxuan/crontab/worker/core.(*SchedulerSer).TrySchedule(core/scheduler.go:122)] 执行任务: work_2" func="github.com/leiwenxuan/crontab/worker/core.(*SchedulerSer).TrySchedule" file="core/scheduler.go:122"
time="2020-01-28T19:13:00+08:00" level=info msg="[github.com/leiwenxuan/crontab/worker/core.(*SchedulerSer).TryStartJob(core/scheduler.go:90)] 任务尚未推出: %!(NOVERB)%!(EXTRA string=work_2)" func="github.com/leiwenxuan/crontab/worker/core.(*SchedulerSer).TryStartJob" file="core/scheduler.go:90"
time="2020-01-28T19:13:10+08:00" level=info msg="[github.com/leiwenxuan/crontab/worker/core.(*SchedulerSer).TrySchedule(core/scheduler.go:122)] 执行任务: work_1" func="github.com/leiwenxuan/crontab/worker/core.(*SchedulerSer).TrySchedule" file="core/scheduler.go:122"
time="2020-01-28T19:13:10+08:00" level=info msg="[github.com/leiwenxuan/crontab/worker/core.(*SchedulerSer).TryStartJob(core/scheduler.go:90)] 任务尚未推出: %!(NOVERB)%!(EXTRA string=work_1)" func="github.com/leiwenxuan/crontab/worker/core.(*SchedulerSer).TryStartJob" file="core/scheduler.go:90"
time="2020-01-28T19:13:10+08:00" level=info msg="[github.com/leiwenxuan/crontab/worker/core.(*SchedulerSer).TrySchedule(core/scheduler.go:122)] 执行任务: work_2" func="github.com/leiwenxuan/crontab/worker/core.(*SchedulerSer).TrySchedule" file="core/scheduler.go:122"
time="2020-01-28T19:13:10+08:00" level=info msg="[github.com/leiwenxuan/crontab/worker/core.(*SchedulerSer).TryStartJob(core/scheduler.go:90)] 任务尚未推出: %!(NOVERB)%!(EXTRA string=work_2)" func="github.com/leiwenxuan/crontab/worker/core.(*SchedulerSer).TryStartJob" file="core/scheduler.go:90"
time="2020-01-28T19:13:20+08:00" level=info msg="[github.com/leiwenxuan/crontab/worker/core.(*SchedulerSer).TrySchedule(core/scheduler.go:122)] 执行任务: work_1" func="github.com/leiwenxuan/crontab/worker/core.(*SchedulerSer).TrySchedule" file="core/scheduler.go:122"
time="2020-01-28T19:13:20+08:00" level=info msg="[github.com/leiwenxuan/crontab/worker/core.(*SchedulerSer).TryStartJob(core/scheduler.go:90)] 任务尚未推出: %!(NOVERB)%!(EXTRA string=work_1)" func="github.com/leiwenxuan/crontab/worker/core.(*SchedulerSer).TryStartJob" file="core/scheduler.go:90"
time="2020-01-28T19:13:20+08:00" level=info msg="[github.com/leiwenxuan/crontab/worker/core.(*SchedulerSer).TrySchedule(core/scheduler.go:122)] 执行任务: work_2" func="github.com/leiwenxuan/crontab/worker/core.(*SchedulerSer).TrySchedule" file="core/scheduler.go:122"
time="2020-01-28T19:13:20+08:00" level=info msg="[github.com/leiwenxuan/crontab/worker/core.(*SchedulerSer).TryStartJob(core/scheduler.go:90)] 任务尚未推出: %!(NOVERB)%!(EXTRA string=work_2)" func="github.com/leiwenxuan/crontab/worker/core.(*SchedulerSer).TryStartJob" file="core/scheduler.go:90"
time="2020-01-28T19:13:30+08:00" level=info msg="[github.com/leiwenxuan/crontab/worker/core.(*SchedulerSer).TrySchedule(core/scheduler.go:122)] 执行任务: work_2" func="github.com/leiwenxuan/crontab/worker/core.(*SchedulerSer).TrySchedule" file="core/scheduler.go:122"
time="2020-01-28T19:13:30+08:00" level=info msg="[github.com/leiwenxuan/crontab/worker/core.(*SchedulerSer).TryStartJob(core/scheduler.go:90)] 任务尚未推出: %!(NOVERB)%!(EXTRA string=work_2)" func="github.com/leiwenxuan/crontab/worker/core.(*SchedulerSer).TryStartJob" file="core/scheduler.go:90"
time="2020-01-28T19:13:30+08:00" level=info msg="[github.com/leiwenxuan/crontab/worker/core.(*SchedulerSer).TrySchedule(core/scheduler.go:122)] 执行任务: work_1" func="github.com/leiwenxuan/crontab/worker/core.(*SchedulerSer).TrySchedule" file="core/scheduler.go:122"
time="2020-01-28T19:13:30+08:00" level=info msg="[github.com/leiwenxuan/crontab/worker/core.(*SchedulerSer).TryStartJob(core/scheduler.go:90)] 任务尚未推出: %!(NOVERB)%!(EXTRA string=work_1)" func="github.com/leiwenxuan/crontab/worker/core.(*SchedulerSer).TryStartJob" file="core/scheduler.go:90"
time="2020-01-28T19:13:40+08:00" level=info msg="[github.com/leiwenxuan/crontab/worker/core.(*SchedulerSer).TrySchedule(core/scheduler.go:122)] 执行任务: work_1" func="github.com/leiwenxuan/crontab/worker/core.(*SchedulerSer).TrySchedule" file="core/scheduler.go:122"
time="2020-01-28T19:13:40+08:00" level=info msg="[github.com/leiwenxuan/crontab/worker/core.(*SchedulerSer).TryStartJob(core/scheduler.go:90)] 任务尚未推出: %!(NOVERB)%!(EXTRA string=work_1)" func="github.com/leiwenxuan/crontab/worker/core.(*SchedulerSer).TryStartJob" file="core/scheduler.go:90"
time="2020-01-28T19:13:40+08:00" level=info msg="[github.com/leiwenxuan/crontab/worker/core.(*SchedulerSer).TrySchedule(core/scheduler.go:122)] 执行任务: work_2" func="github.com/leiwenxuan/crontab/worker/core.(*SchedulerSer).TrySchedule" file="core/scheduler.go:122"
time="2020-01-28T19:13:40+08:00" level=info msg="[github.com/leiwenxuan/crontab/worker/core.(*SchedulerSer).TryStartJob(core/scheduler.go:90)] 任务尚未推出: %!(NOVERB)%!(EXTRA string=work_2)" func="github.com/leiwenxuan/crontab/worker/core.(*SchedulerSer).TryStartJob" file="core/scheduler.go:90"
time="2020-01-28T19:13:50+08:00" level=info msg="[github.com/leiwenxuan/crontab/worker/core.(*SchedulerSer).TrySchedule(core/scheduler.go:122)] 执行任务: work_1" func="github.com/leiwenxuan/crontab/worker/core.(*SchedulerSer).TrySchedule" file="core/scheduler.go:122"
time="2020-01-28T19:13:50+08:00" level=info msg="[github.com/leiwenxuan/crontab/worker/core.(*SchedulerSer).TryStartJob(core/scheduler.go:90)] 任务尚未推出: %!(NOVERB)%!(EXTRA string=work_1)" func="github.com/leiwenxuan/crontab/worker/core.(*SchedulerSer).TryStartJob" file="core/scheduler.go:90"
time="2020-01-28T19:13:50+08:00" level=info msg="[github.com/leiwenxuan/crontab/worker/core.(*SchedulerSer).TrySchedule(core/scheduler.go:122)] 执行任务: work_2" func="github.com/leiwenxuan/crontab/worker/core.(*SchedulerSer).TrySchedule" file="core/scheduler.go:122"
time="2020-01-28T19:13:50+08:00" level=info msg="[github.com/leiwenxuan/crontab/worker/core.(*SchedulerSer).TryStartJob(core/scheduler.go:90)] 任务尚未推出: %!(NOVERB)%!(EXTRA string=work_2)" func="github.com/leiwenxuan/crontab/worker/core.(*SchedulerSer).TryStartJob" file="core/scheduler.go:90"
time="2020-01-28T19:14:00+08:00" level=info msg="[github.com/leiwenxuan/crontab/worker/core.(*SchedulerSer).TrySchedule(core/scheduler.go:122)] 执行任务: work_1" func="github.com/leiwenxuan/crontab/worker/core.(*SchedulerSer).TrySchedule" file="core/scheduler.go:122"
time="2020-01-28T19:14:00+08:00" level=info msg="[github.com/leiwenxuan/crontab/worker/core.(*SchedulerSer).TryStartJob(core/scheduler.go:90)] 任务尚未推出: %!(NOVERB)%!(EXTRA string=work_1)" func="github.com/leiwenxuan/crontab/worker/core.(*SchedulerSer).TryStartJob" file="core/scheduler.go:90"
time="2020-01-28T19:14:00+08:00" level=info msg="[github.com/leiwenxuan/crontab/worker/core.(*SchedulerSer).TrySchedule(core/scheduler.go:122)] 执行任务: work_2" func="github.com/leiwenxuan/crontab/worker/core.(*SchedulerSer).TrySchedule" file="core/scheduler.go:122"
time="2020-01-28T19:14:00+08:00" level=info msg="[github.com/leiwenxuan/crontab/worker/core.(*SchedulerSer).TryStartJob(core/scheduler.go:90)] 任务尚未推出: %!(NOVERB)%!(EXTRA string=work_2)" func="github.com/leiwenxuan/crontab/worker/core.(*SchedulerSer).TryStartJob" file="core/scheduler.go:90"
time="2020-01-28T19:14:10+08:00" level=info msg="[github.com/leiwenxuan/crontab/worker/core.(*SchedulerSer).TrySchedule(core/scheduler.go:122)] 执行任务: work_1" func="github.com/leiwenxuan/crontab/worker/core.(*SchedulerSer).TrySchedule" file="core/scheduler.go:122"
time="2020-01-28T19:14:10+08:00" level=info msg="[github.com/leiwenxuan/crontab/worker/core.(*SchedulerSer).TryStartJob(core/scheduler.go:90)] 任务尚未推出: %!(NOVERB)%!(EXTRA string=work_1)" func="github.com/leiwenxuan/crontab/worker/core.(*SchedulerSer).TryStartJob" file="core/scheduler.go:90"
time="2020-01-28T19:14:10+08:00" level=info msg="[github.com/leiwenxuan/crontab/worker/core.(*SchedulerSer).TrySchedule(core/scheduler.go:122)] 执行任务: work_2" func="github.com/leiwenxuan/crontab/worker/core.(*SchedulerSer).TrySchedule" file="core/scheduler.go:122"
time="2020-01-28T19:14:10+08:00" level=info msg="[github.com/leiwenxuan/crontab/worker/core.(*SchedulerSer).TryStartJob(core/scheduler.go:90)] 任务尚未推出: %!(NOVERB)%!(EXTRA string=work_2)" func="github.com/leiwenxuan/crontab/worker/core.(*SchedulerSer).TryStartJob" file="core/scheduler.go:90"
time="2020-01-28T19:14:20+08:00" level=info msg="[github.com/leiwenxuan/crontab/worker/core.(*SchedulerSer).TrySchedule(core/scheduler.go:122)] 执行任务: work_1" func="github.com/leiwenxuan/crontab/worker/core.(*SchedulerSer).TrySchedule" file="core/scheduler.go:122"
time="2020-01-28T19:14:20+08:00" level=info msg="[github.com/leiwenxuan/crontab/worker/core.(*SchedulerSer).TryStartJob(core/scheduler.go:90)] 任务尚未推出: %!(NOVERB)%!(EXTRA string=work_1)" func="github.com/leiwenxuan/crontab/worker/core.(*SchedulerSer).TryStartJob" file="core/scheduler.go:90"
time="2020-01-28T19:14:20+08:00" level=info msg="[github.com/leiwenxuan/crontab/worker/core.(*SchedulerSer).TrySchedule(core/scheduler.go:122)] 执行任务: work_2" func="github.com/leiwenxuan/crontab/worker/core.(*SchedulerSer).TrySchedule" file="core/scheduler.go:122"
time="2020-01-28T19:14:20+08:00" level=info msg="[github.com/leiwenxuan/crontab/worker/core.(*SchedulerSer).TryStartJob(core/scheduler.go:90)] 任务尚未推出: %!(NOVERB)%!(EXTRA string=work_2)" func="github.com/leiwenxuan/crontab/worker/core.(*SchedulerSer).TryStartJob" file="core/scheduler.go:90"
time="2020-01-28T19:14:30+08:00" level=info msg="[github.com/leiwenxuan/crontab/worker/core.(*SchedulerSer).TrySchedule(core/scheduler.go:122)] 执行任务: work_1" func="github.com/leiwenxuan/crontab/worker/core.(*SchedulerSer).TrySchedule" file="core/scheduler.go:122"
time="2020-01-28T19:14:30+08:00" level=info msg="[github.com/leiwenxuan/crontab/worker/core.(*SchedulerSer).TryStartJob(core/scheduler.go:90)] 任务尚未推出: %!(NOVERB)%!(EXTRA string=work_1)" func="github.com/leiwenxuan/crontab/worker/core.(*SchedulerSer).TryStartJob" file="core/scheduler.go:90"
time="2020-01-28T19:14:30+08:00" level=info msg="[github.com/leiwenxuan/crontab/worker/core.(*SchedulerSer).TrySchedule(core/scheduler.go:122)] 执行任务: work_2" func="github.com/leiwenxuan/crontab/worker/core.(*SchedulerSer).TrySchedule" file="core/scheduler.go:122"
time="2020-01-28T19:14:30+08:00" level=info msg="[github.com/leiwenxuan/crontab/worker/core.(*SchedulerSer).TryStartJob(core/scheduler.go:90)] 任务尚未推出: %!(NOVERB)%!(EXTRA string=work_2)" func="github.com/leiwenxuan/crontab/worker/core.(*SchedulerSer).TryStartJob" file="core/scheduler.go:90"
time="2020-01-28T19:14:40+08:00" level=info msg="[github.com/leiwenxuan/crontab/worker/core.(*SchedulerSer).TrySchedule(core/scheduler.go:122)] 执行任务: work_1" func="github.com/leiwenxuan/crontab/worker/core.(*SchedulerSer).TrySchedule" file="core/scheduler.go:122"
time="2020-01-28T19:14:40+08:00" level=info msg="[github.com/leiwenxuan/crontab/worker/core.(*SchedulerSer).TryStartJob(core/scheduler.go:90)] 任务尚未推出: %!(NOVERB)%!(EXTRA string=work_1)" func="github.com/leiwenxuan/crontab/worker/core.(*SchedulerSer).TryStartJob" file="core/scheduler.go:90"
time="2020-01-28T19:14:40+08:00" level=info msg="[github.com/leiwenxuan/crontab/worker/core.(*SchedulerSer).TrySchedule(core/scheduler.go:122)] 执行任务: work_2" func="github.com/leiwenxuan/crontab/worker/core.(*SchedulerSer).TrySchedule" file="core/scheduler.go:122"
time="2020-01-28T19:14:40+08:00" level=info msg="[github.com/leiwenxuan/crontab/worker/core.(*SchedulerSer).TryStartJob(core/scheduler.go:90)] 任务尚未推出: %!(NOVERB)%!(EXTRA string=work_2)" func="github.com/leiwenxuan/crontab/worker/core.(*SchedulerSer).TryStartJob" file="core/scheduler.go:90"
time="2020-01-28T19:14:50+08:00" level=info msg="[github.com/leiwenxuan/crontab/worker/core.(*SchedulerSer).TrySchedule(core/scheduler.go:122)] 执行任务: work_1" func="github.com/leiwenxuan/crontab/worker/core.(*SchedulerSer).TrySchedule" file="core/scheduler.go:122"
time="2020-01-28T19:14:50+08:00" level=info msg="[github.com/leiwenxuan/crontab/worker/core.(*SchedulerSer).TryStartJob(core/scheduler.go:90)] 任务尚未推出: %!(NOVERB)%!(EXTRA string=work_1)" func="github.com/leiwenxuan/crontab/worker/core.(*SchedulerSer).TryStartJob" file="core/scheduler.go:90"
time="2020-01-28T19:14:50+08:00" level=info msg="[github.com/leiwenxuan/crontab/worker/core.(*SchedulerSer).TrySchedule(core/scheduler.go:122)] 执行任务: work_2" func="github.com/leiwenxuan/crontab/worker/core.(*SchedulerSer).TrySchedule" file="core/scheduler.go:122"
time="2020-01-28T19:14:50+08:00" level=info msg="[github.com/leiwenxuan/crontab/worker/core.(*SchedulerSer).TryStartJob(core/scheduler.go:90)] 任务尚未推出: %!(NOVERB)%!(EXTRA string=work_2)" func="github.com/leiwenxuan/crontab/worker/core.(*SchedulerSer).TryStartJob" file="core/scheduler.go:90"
time="2020-01-28T19:15:00+08:00" level=info msg="[github.com/leiwenxuan/crontab/worker/core.(*SchedulerSer).TrySchedule(core/scheduler.go:122)] 执行任务: work_1" func="github.com/leiwenxuan/crontab/worker/core.(*SchedulerSer).TrySchedule" file="core/scheduler.go:122"
time="2020-01-28T19:15:00+08:00" level=info msg="[github.com/leiwenxuan/crontab/worker/core.(*SchedulerSer).TryStartJob(core/scheduler.go:90)] 任务尚未推出: %!(NOVERB)%!(EXTRA string=work_1)" func="github.com/leiwenxuan/crontab/worker/core.(*SchedulerSer).TryStartJob" file="core/scheduler.go:90"
time="2020-01-28T19:15:00+08:00" level=info msg="[github.com/leiwenxuan/crontab/worker/core.(*SchedulerSer).TrySchedule(core/scheduler.go:122)] 执行任务: work_2" func="github.com/leiwenxuan/crontab/worker/core.(*SchedulerSer).TrySchedule" file="core/scheduler.go:122"
time="2020-01-28T19:15:00+08:00" level=info msg="[github.com/leiwenxuan/crontab/worker/core.(*SchedulerSer).TryStartJob(core/scheduler.go:90)] 任务尚未推出: %!(NOVERB)%!(EXTRA string=work_2)" func="github.com/leiwenxuan/crontab/worker/core.(*SchedulerSer).TryStartJob" file="core/scheduler.go:90"
time="2020-01-28T19:15:10+08:00" level=info msg="[github.com/leiwenxuan/crontab/worker/core.(*SchedulerSer).TrySchedule(core/scheduler.go:122)] 执行任务: work_1" func="github.com/leiwenxuan/crontab/worker/core.(*SchedulerSer).TrySchedule" file="core/scheduler.go:122"
time="2020-01-28T19:15:10+08:00" level=info msg="[github.com/leiwenxuan/crontab/worker/core.(*SchedulerSer).TryStartJob(core/scheduler.go:90)] 任务尚未推出: %!(NOVERB)%!(EXTRA string=work_1)" func="github.com/leiwenxuan/crontab/worker/core.(*SchedulerSer).TryStartJob" file="core/scheduler.go:90"
time="2020-01-28T19:15:10+08:00" level=info msg="[github.com/leiwenxuan/crontab/worker/core.(*SchedulerSer).TrySchedule(core/scheduler.go:122)] 执行任务: work_2" func="github.com/leiwenxuan/crontab/worker/core.(*SchedulerSer).TrySchedule" file="core/scheduler.go:122"
time="2020-01-28T19:15:10+08:00" level=info msg="[github.com/leiwenxuan/crontab/worker/core.(*SchedulerSer).TryStartJob(core/scheduler.go:90)] 任务尚未推出: %!(NOVERB)%!(EXTRA string=work_2)" func="github.com/leiwenxuan/crontab/worker/core.(*SchedulerSer).TryStartJob" file="core/scheduler.go:90"
time="2020-01-28T19:15:20+08:00" level=info msg="[github.com/leiwenxuan/crontab/worker/core.(*SchedulerSer).TrySchedule(core/scheduler.go:122)] 执行任务: work_1" func="github.com/leiwenxuan/crontab/worker/core.(*SchedulerSer).TrySchedule" file="core/scheduler.go:122"
time="2020-01-28T19:15:20+08:00" level=info msg="[github.com/leiwenxuan/crontab/worker/core.(*SchedulerSer).TryStartJob(core/scheduler.go:90)] 任务尚未推出: %!(NOVERB)%!(EXTRA string=work_1)" func="github.com/leiwenxuan/crontab/worker/core.(*SchedulerSer).TryStartJob" file="core/scheduler.go:90"
time="2020-01-28T19:15:20+08:00" level=info msg="[github.com/leiwenxuan/crontab/worker/core.(*SchedulerSer).TrySchedule(core/scheduler.go:122)] 执行任务: work_2" func="github.com/leiwenxuan/crontab/worker/core.(*SchedulerSer).TrySchedule" file="core/scheduler.go:122"
time="2020-01-28T19:15:20+08:00" level=info msg="[github.com/leiwenxuan/crontab/worker/core.(*SchedulerSer).TryStartJob(core/scheduler.go:90)] 任务尚未推出: %!(NOVERB)%!(EXTRA string=work_2)" func="github.com/leiwenxuan/crontab/worker/core.(*SchedulerSer).TryStartJob" file="core/scheduler.go:90"
time="2020-01-28T19:15:30+08:00" level=info msg="[github.com/leiwenxuan/crontab/worker/core.(*SchedulerSer).TrySchedule(core/scheduler.go:122)] 执行任务: work_1" func="github.com/leiwenxuan/crontab/worker/core.(*SchedulerSer).TrySchedule" file="core/scheduler.go:122"
time="2020-01-28T19:15:30+08:00" level=info msg="[github.com/leiwenxuan/crontab/worker/core.(*SchedulerSer).TryStartJob(core/scheduler.go:90)] 任务尚未推出: %!(NOVERB)%!(EXTRA string=work_1)" func="github.com/leiwenxuan/crontab/worker/core.(*SchedulerSer).TryStartJob" file="core/scheduler.go:90"
time="2020-01-28T19:15:30+08:00" level=info msg="[github.com/leiwenxuan/crontab/worker/core.(*SchedulerSer).TrySchedule(core/scheduler.go:122)] 执行任务: work_2" func="github.com/leiwenxuan/crontab/worker/core.(*SchedulerSer).TrySchedule" file="core/scheduler.go:122"
time="2020-01-28T19:15:30+08:00" level=info msg="[github.com/leiwenxuan/crontab/worker/core.(*SchedulerSer).TryStartJob(core/scheduler.go:90)] 任务尚未推出: %!(NOVERB)%!(EXTRA string=work_2)" func="github.com/leiwenxuan/crontab/worker/core.(*SchedulerSer).TryStartJob" file="core/scheduler.go:90"
time="2020-01-28T19:15:40+08:00" level=info msg="[github.com/leiwenxuan/crontab/worker/core.(*SchedulerSer).TrySchedule(core/scheduler.go:122)] 执行任务: work_2" func="github.com/leiwenxuan/crontab/worker/core.(*SchedulerSer).TrySchedule" file="core/scheduler.go:122"
time="2020-01-28T19:15:40+08:00" level=info msg="[github.com/leiwenxuan/crontab/worker/core.(*SchedulerSer).TryStartJob(core/scheduler.go:90)] 任务尚未推出: %!(NOVERB)%!(EXTRA string=work_2)" func="github.com/leiwenxuan/crontab/worker/core.(*SchedulerSer).TryStartJob" file="core/scheduler.go:90"
time="2020-01-28T19:15:40+08:00" level=info msg="[github.com/leiwenxuan/crontab/worker/core.(*SchedulerSer).TrySchedule(core/scheduler.go:122)] 执行任务: work_1" func="github.com/leiwenxuan/crontab/worker/core.(*SchedulerSer).TrySchedule" file="core/scheduler.go:122"
time="2020-01-28T19:15:40+08:00" level=info msg="[github.com/leiwenxuan/crontab/worker/core.(*SchedulerSer).TryStartJob(core/scheduler.go:90)] 任务尚未推出: %!(NOVERB)%!(EXTRA string=work_1)" func="github.com/leiwenxuan/crontab/worker/core.(*SchedulerSer).TryStartJob" file="core/scheduler.go:90"
time="2020-01-28T19:15:50+08:00" level=info msg="[github.com/leiwenxuan/crontab/worker/core.(*SchedulerSer).TrySchedule(core/scheduler.go:122)] 执行任务: work_1" func="github.com/leiwenxuan/crontab/worker/core.(*SchedulerSer).TrySchedule" file="core/scheduler.go:122"
time="2020-01-28T19:15:50+08:00" level=info msg="[github.com/leiwenxuan/crontab/worker/core.(*SchedulerSer).TryStartJob(core/scheduler.go:90)] 任务尚未推出: %!(NOVERB)%!(EXTRA string=work_1)" func="github.com/leiwenxuan/crontab/worker/core.(*SchedulerSer).TryStartJob" file="core/scheduler.go:90"
time="2020-01-28T19:15:50+08:00" level=info msg="[github.com/leiwenxuan/crontab/worker/core.(*SchedulerSer).TrySchedule(core/scheduler.go:122)] 执行任务: work_2" func="github.com/leiwenxuan/crontab/worker/core.(*SchedulerSer).TrySchedule" file="core/scheduler.go:122"
time="2020-01-28T19:15:50+08:00" level=info msg="[github.com/leiwenxuan/crontab/worker/core.(*SchedulerSer).TryStartJob(core/scheduler.go:90)] 任务尚未推出: %!(NOVERB)%!(EXTRA string=work_2)" func="github.com/leiwenxuan/crontab/worker/core.(*SchedulerSer).TryStartJob" file="core/scheduler.go:90"
time="2020-01-28T19:16:00+08:00" level=info msg="[github.com/leiwenxuan/crontab/worker/core.(*SchedulerSer).TrySchedule(core/scheduler.go:122)] 执行任务: work_1" func="github.com/leiwenxuan/crontab/worker/core.(*SchedulerSer).TrySchedule" file="core/scheduler.go:122"
time="2020-01-28T19:16:00+08:00" level=info msg="[github.com/leiwenxuan/crontab/worker/core.(*SchedulerSer).TryStartJob(core/scheduler.go:90)] 任务尚未推出: %!(NOVERB)%!(EXTRA string=work_1)" func="github.com/leiwenxuan/crontab/worker/core.(*SchedulerSer).TryStartJob" file="core/scheduler.go:90"
time="2020-01-28T19:16:00+08:00" level=info msg="[github.com/leiwenxuan/crontab/worker/core.(*SchedulerSer).TrySchedule(core/scheduler.go:122)] 执行任务: work_2" func="github.com/leiwenxuan/crontab/worker/core.(*SchedulerSer).TrySchedule" file="core/scheduler.go:122"
time="2020-01-28T19:16:00+08:00" level=info msg="[github.com/leiwenxuan/crontab/worker/core.(*SchedulerSer).TryStartJob(core/scheduler.go:90)] 任务尚未推出: %!(NOVERB)%!(EXTRA string=work_2)" func="github.com/leiwenxuan/crontab/worker/core.(*SchedulerSer).TryStartJob" file="core/scheduler.go:90"
time="2020-01-28T19:16:10+08:00" level=info msg="[github.com/leiwenxuan/crontab/worker/core.(*SchedulerSer).TrySchedule(core/scheduler.go:122)] 执行任务: work_1" func="github.com/leiwenxuan/crontab/worker/core.(*SchedulerSer).TrySchedule" file="core/scheduler.go:122"
time="2020-01-28T19:16:10+08:00" level=info msg="[github.com/leiwenxuan/crontab/worker/core.(*SchedulerSer).TryStartJob(core/scheduler.go:90)] 任务尚未推出: %!(NOVERB)%!(EXTRA string=work_1)" func="github.com/leiwenxuan/crontab/worker/core.(*SchedulerSer).TryStartJob" file="core/scheduler.go:90"
time="2020-01-28T19:16:10+08:00" level=info msg="[github.com/leiwenxuan/crontab/worker/core.(*SchedulerSer).TrySchedule(core/scheduler.go:122)] 执行任务: work_2" func="github.com/leiwenxuan/crontab/worker/core.(*SchedulerSer).TrySchedule" file="core/scheduler.go:122"
time="2020-01-28T19:16:10+08:00" level=info msg="[github.com/leiwenxuan/crontab/worker/core.(*SchedulerSer).TryStartJob(core/scheduler.go:90)] 任务尚未推出: %!(NOVERB)%!(EXTRA string=work_2)" func="github.com/leiwenxuan/crontab/worker/core.(*SchedulerSer).TryStartJob" file="core/scheduler.go:90"
time="2020-01-28T19:16:20+08:00" level=info msg="[github.com/leiwenxuan/crontab/worker/core.(*SchedulerSer).TrySchedule(core/scheduler.go:122)] 执行任务: work_1" func="github.com/leiwenxuan/crontab/worker/core.(*SchedulerSer).TrySchedule" file="core/scheduler.go:122"
time="2020-01-28T19:16:20+08:00" level=info msg="[github.com/leiwenxuan/crontab/worker/core.(*SchedulerSer).TryStartJob(core/scheduler.go:90)] 任务尚未推出: %!(NOVERB)%!(EXTRA string=work_1)" func="github.com/leiwenxuan/crontab/worker/core.(*SchedulerSer).TryStartJob" file="core/scheduler.go:90"
time="2020-01-28T19:16:20+08:00" level=info msg="[github.com/leiwenxuan/crontab/worker/core.(*SchedulerSer).TrySchedule(core/scheduler.go:122)] 执行任务: work_2" func="github.com/leiwenxuan/crontab/worker/core.(*SchedulerSer).TrySchedule" file="core/scheduler.go:122"
time="2020-01-28T19:16:20+08:00" level=info msg="[github.com/leiwenxuan/crontab/worker/core.(*SchedulerSer).TryStartJob(core/scheduler.go:90)] 任务尚未推出: %!(NOVERB)%!(EXTRA string=work_2)" func="github.com/leiwenxuan/crontab/worker/core.(*SchedulerSer).TryStartJob" file="core/scheduler.go:90"
time="2020-01-28T19:16:30+08:00" level=info msg="[github.com/leiwenxuan/crontab/worker/core.(*SchedulerSer).TrySchedule(core/scheduler.go:122)] 执行任务: work_1" func="github.com/leiwenxuan/crontab/worker/core.(*SchedulerSer).TrySchedule" file="core/scheduler.go:122"
time="2020-01-28T19:16:30+08:00" level=info msg="[github.com/leiwenxuan/crontab/worker/core.(*SchedulerSer).TryStartJob(core/scheduler.go:90)] 任务尚未推出: %!(NOVERB)%!(EXTRA string=work_1)" func="github.com/leiwenxuan/crontab/worker/core.(*SchedulerSer).TryStartJob" file="core/scheduler.go:90"
time="2020-01-28T19:16:30+08:00" level=info msg="[github.com/leiwenxuan/crontab/worker/core.(*SchedulerSer).TrySchedule(core/scheduler.go:122)] 执行任务: work_2" func="github.com/leiwenxuan/crontab/worker/core.(*SchedulerSer).TrySchedule" file="core/scheduler.go:122"
time="2020-01-28T19:16:30+08:00" level=info msg="[github.com/leiwenxuan/crontab/worker/core.(*SchedulerSer).TryStartJob(core/scheduler.go:90)] 任务尚未推出: %!(NOVERB)%!(EXTRA string=work_2)" func="github.com/leiwenxuan/crontab/worker/core.(*SchedulerSer).TryStartJob" file="core/scheduler.go:90"
time="2020-01-28T19:16:40+08:00" level=info msg="[github.com/leiwenxuan/crontab/worker/core.(*SchedulerSer).TrySchedule(core/scheduler.go:122)] 执行任务: work_1" func="github.com/leiwenxuan/crontab/worker/core.(*SchedulerSer).TrySchedule" file="core/scheduler.go:122"
time="2020-01-28T19:16:40+08:00" level=info msg="[github.com/leiwenxuan/crontab/worker/core.(*SchedulerSer).TryStartJob(core/scheduler.go:90)] 任务尚未推出: %!(NOVERB)%!(EXTRA string=work_1)" func="github.com/leiwenxuan/crontab/worker/core.(*SchedulerSer).TryStartJob" file="core/scheduler.go:90"
time="2020-01-28T19:16:40+08:00" level=info msg="[github.com/leiwenxuan/crontab/worker/core.(*SchedulerSer).TrySchedule(core/scheduler.go:122)] 执行任务: work_2" func="github.com/leiwenxuan/crontab/worker/core.(*SchedulerSer).TrySchedule" file="core/scheduler.go:122"
time="2020-01-28T19:16:40+08:00" level=info msg="[github.com/leiwenxuan/crontab/worker/core.(*SchedulerSer).TryStartJob(core/scheduler.go:90)] 任务尚未推出: %!(NOVERB)%!(EXTRA string=work_2)" func="github.com/leiwenxuan/crontab/worker/core.(*SchedulerSer).TryStartJob" file="core/scheduler.go:90"
time="2020-01-28T19:16:50+08:00" level=info msg="[github.com/leiwenxuan/crontab/worker/core.(*SchedulerSer).TrySchedule(core/scheduler.go:122)] 执行任务: work_1" func="github.com/leiwenxuan/crontab/worker/core.(*SchedulerSer).TrySchedule" file="core/scheduler.go:122"
time="2020-01-28T19:16:50+08:00" level=info msg="[github.com/leiwenxuan/crontab/worker/core.(*SchedulerSer).TryStartJob(core/scheduler.go:90)] 任务尚未推出: %!(NOVERB)%!(EXTRA string=work_1)" func="github.com/leiwenxuan/crontab/worker/core.(*SchedulerSer).TryStartJob" file="core/scheduler.go:90"
time="2020-01-28T19:16:50+08:00" level=info msg="[github.com/leiwenxuan/crontab/worker/core.(*SchedulerSer).TrySchedule(core/scheduler.go:122)] 执行任务: work_2" func="github.com/leiwenxuan/crontab/worker/core.(*SchedulerSer).TrySchedule" file="core/scheduler.go:122"
time="2020-01-28T19:16:50+08:00" level=info msg="[github.com/leiwenxuan/crontab/worker/core.(*SchedulerSer).TryStartJob(core/scheduler.go:90)] 任务尚未推出: %!(NOVERB)%!(EXTRA string=work_2)" func="github.com/leiwenxuan/crontab/worker/core.(*SchedulerSer).TryStartJob" file="core/scheduler.go:90"
time="2020-01-28T19:17:00+08:00" level=info msg="[github.com/leiwenxuan/crontab/worker/core.(*SchedulerSer).TrySchedule(core/scheduler.go:122)] 执行任务: work_1" func="github.com/leiwenxuan/crontab/worker/core.(*SchedulerSer).TrySchedule" file="core/scheduler.go:122"
time="2020-01-28T19:17:00+08:00" level=info msg="[github.com/leiwenxuan/crontab/worker/core.(*SchedulerSer).TryStartJob(core/scheduler.go:90)] 任务尚未推出: %!(NOVERB)%!(EXTRA string=work_1)" func="github.com/leiwenxuan/crontab/worker/core.(*SchedulerSer).TryStartJob" file="core/scheduler.go:90"
time="2020-01-28T19:17:00+08:00" level=info msg="[github.com/leiwenxuan/crontab/worker/core.(*SchedulerSer).TrySchedule(core/scheduler.go:122)] 执行任务: work_2" func="github.com/leiwenxuan/crontab/worker/core.(*SchedulerSer).TrySchedule" file="core/scheduler.go:122"
time="2020-01-28T19:17:00+08:00" level=info msg="[github.com/leiwenxuan/crontab/worker/core.(*SchedulerSer).TryStartJob(core/scheduler.go:90)] 任务尚未推出: %!(NOVERB)%!(EXTRA string=work_2)" func="github.com/leiwenxuan/crontab/worker/core.(*SchedulerSer).TryStartJob" file="core/scheduler.go:90"
time="2020-01-28T19:17:10+08:00" level=info msg="[github.com/leiwenxuan/crontab/worker/core.(*SchedulerSer).TrySchedule(core/scheduler.go:122)] 执行任务: work_1" func="github.com/leiwenxuan/crontab/worker/core.(*SchedulerSer).TrySchedule" file="core/scheduler.go:122"
time="2020-01-28T19:17:10+08:00" level=info msg="[github.com/leiwenxuan/crontab/worker/core.(*SchedulerSer).TryStartJob(core/scheduler.go:90)] 任务尚未推出: %!(NOVERB)%!(EXTRA string=work_1)" func="github.com/leiwenxuan/crontab/worker/core.(*SchedulerSer).TryStartJob" file="core/scheduler.go:90"
time="2020-01-28T19:17:10+08:00" level=info msg="[github.com/leiwenxuan/crontab/worker/core.(*SchedulerSer).TrySchedule(core/scheduler.go:122)] 执行任务: work_2" func="github.com/leiwenxuan/crontab/worker/core.(*SchedulerSer).TrySchedule" file="core/scheduler.go:122"
time="2020-01-28T19:17:10+08:00" level=info msg="[github.com/leiwenxuan/crontab/worker/core.(*SchedulerSer).TryStartJob(core/scheduler.go:90)] 任务尚未推出: %!(NOVERB)%!(EXTRA string=work_2)" func="github.com/leiwenxuan/crontab/worker/core.(*SchedulerSer).TryStartJob" file="core/scheduler.go:90"
time="2020-01-28T19:17:20+08:00" level=info msg="[github.com/leiwenxuan/crontab/worker/core.(*SchedulerSer).TrySchedule(core/scheduler.go:122)] 执行任务: work_1" func="github.com/leiwenxuan/crontab/worker/core.(*SchedulerSer).TrySchedule" file="core/scheduler.go:122"
time="2020-01-28T19:17:20+08:00" level=info msg="[github.com/leiwenxuan/crontab/worker/core.(*SchedulerSer).TryStartJob(core/scheduler.go:90)] 任务尚未推出: %!(NOVERB)%!(EXTRA string=work_1)" func="github.com/leiwenxuan/crontab/worker/core.(*SchedulerSer).TryStartJob" file="core/scheduler.go:90"
time="2020-01-28T19:17:20+08:00" level=info msg="[github.com/leiwenxuan/crontab/worker/core.(*SchedulerSer).TrySchedule(core/scheduler.go:122)] 执行任务: work_2" func="github.com/leiwenxuan/crontab/worker/core.(*SchedulerSer).TrySchedule" file="core/scheduler.go:122"
time="2020-01-28T19:17:20+08:00" level=info msg="[github.com/leiwenxuan/crontab/worker/core.(*SchedulerSer).TryStartJob(core/scheduler.go:90)] 任务尚未推出: %!(NOVERB)%!(EXTRA string=work_2)" func="github.com/leiwenxuan/crontab/worker/core.(*SchedulerSer).TryStartJob" file="core/scheduler.go:90"
time="2020-01-28T19:17:30+08:00" level=info msg="[github.com/leiwenxuan/crontab/worker/core.(*SchedulerSer).TrySchedule(core/scheduler.go:122)] 执行任务: work_1" func="github.com/leiwenxuan/crontab/worker/core.(*SchedulerSer).TrySchedule" file="core/scheduler.go:122"
time="2020-01-28T19:17:30+08:00" level=info msg="[github.com/leiwenxuan/crontab/worker/core.(*SchedulerSer).TryStartJob(core/scheduler.go:90)] 任务尚未推出: %!(NOVERB)%!(EXTRA string=work_1)" func="github.com/leiwenxuan/crontab/worker/core.(*SchedulerSer).TryStartJob" file="core/scheduler.go:90"
time="2020-01-28T19:17:30+08:00" level=info msg="[github.com/leiwenxuan/crontab/worker/core.(*SchedulerSer).TrySchedule(core/scheduler.go:122)] 执行任务: work_2" func="github.com/leiwenxuan/crontab/worker/core.(*SchedulerSer).TrySchedule" file="core/scheduler.go:122"
time="2020-01-28T19:17:30+08:00" level=info msg="[github.com/leiwenxuan/crontab/worker/core.(*SchedulerSer).TryStartJob(core/scheduler.go:90)] 任务尚未推出: %!(NOVERB)%!(EXTRA string=work_2)" func="github.com/leiwenxuan/crontab/worker/core.(*SchedulerSer).TryStartJob" file="core/scheduler.go:90"
time="2020-01-28T19:17:40+08:00" level=info msg="[github.com/leiwenxuan/crontab/worker/core.(*SchedulerSer).TrySchedule(core/scheduler.go:122)] 执行任务: work_1" func="github.com/leiwenxuan/crontab/worker/core.(*SchedulerSer).TrySchedule" file="core/scheduler.go:122"
time="2020-01-28T19:17:40+08:00" level=info msg="[github.com/leiwenxuan/crontab/worker/core.(*SchedulerSer).TryStartJob(core/scheduler.go:90)] 任务尚未推出: %!(NOVERB)%!(EXTRA string=work_1)" func="github.com/leiwenxuan/crontab/worker/core.(*SchedulerSer).TryStartJob" file="core/scheduler.go:90"
time="2020-01-28T19:17:40+08:00" level=info msg="[github.com/leiwenxuan/crontab/worker/core.(*SchedulerSer).TrySchedule(core/scheduler.go:122)] 执行任务: work_2" func="github.com/leiwenxuan/crontab/worker/core.(*SchedulerSer).TrySchedule" file="core/scheduler.go:122"
time="2020-01-28T19:17:40+08:00" level=info msg="[github.com/leiwenxuan/crontab/worker/core.(*SchedulerSer).TryStartJob(core/scheduler.go:90)] 任务尚未推出: %!(NOVERB)%!(EXTRA string=work_2)" func="github.com/leiwenxuan/crontab/worker/core.(*SchedulerSer).TryStartJob" file="core/scheduler.go:90"
time="2020-01-28T19:17:50+08:00" level=info msg="[github.com/leiwenxuan/crontab/worker/core.(*SchedulerSer).TrySchedule(core/scheduler.go:122)] 执行任务: work_1" func="github.com/leiwenxuan/crontab/worker/core.(*SchedulerSer).TrySchedule" file="core/scheduler.go:122"
time="2020-01-28T19:17:50+08:00" level=info msg="[github.com/leiwenxuan/crontab/worker/core.(*SchedulerSer).TryStartJob(core/scheduler.go:90)] 任务尚未推出: %!(NOVERB)%!(EXTRA string=work_1)" func="github.com/leiwenxuan/crontab/worker/core.(*SchedulerSer).TryStartJob" file="core/scheduler.go:90"
time="2020-01-28T19:17:50+08:00" level=info msg="[github.com/leiwenxuan/crontab/worker/core.(*SchedulerSer).TrySchedule(core/scheduler.go:122)] 执行任务: work_2" func="github.com/leiwenxuan/crontab/worker/core.(*SchedulerSer).TrySchedule" file="core/scheduler.go:122"
time="2020-01-28T19:17:50+08:00" level=info msg="[github.com/leiwenxuan/crontab/worker/core.(*SchedulerSer).TryStartJob(core/scheduler.go:90)] 任务尚未推出: %!(NOVERB)%!(EXTRA string=work_2)" func="github.com/leiwenxuan/crontab/worker/core.(*SchedulerSer).TryStartJob" file="core/scheduler.go:90"
time="2020-01-28T19:18:00+08:00" level=info msg="[github.com/leiwenxuan/crontab/worker/core.(*SchedulerSer).TrySchedule(core/scheduler.go:122)] 执行任务: work_1" func="github.com/leiwenxuan/crontab/worker/core.(*SchedulerSer).TrySchedule" file="core/scheduler.go:122"
time="2020-01-28T19:18:00+08:00" level=info msg="[github.com/leiwenxuan/crontab/worker/core.(*SchedulerSer).TryStartJob(core/scheduler.go:90)] 任务尚未推出: %!(NOVERB)%!(EXTRA string=work_1)" func="github.com/leiwenxuan/crontab/worker/core.(*SchedulerSer).TryStartJob" file="core/scheduler.go:90"
time="2020-01-28T19:18:00+08:00" level=info msg="[github.com/leiwenxuan/crontab/worker/core.(*SchedulerSer).TrySchedule(core/scheduler.go:122)] 执行任务: work_2" func="github.com/leiwenxuan/crontab/worker/core.(*SchedulerSer).TrySchedule" file="core/scheduler.go:122"
time="2020-01-28T19:18:00+08:00" level=info msg="[github.com/leiwenxuan/crontab/worker/core.(*SchedulerSer).TryStartJob(core/scheduler.go:90)] 任务尚未推出: %!(NOVERB)%!(EXTRA string=work_2)" func="github.com/leiwenxuan/crontab/worker/core.(*SchedulerSer).TryStartJob" file="core/scheduler.go:90"
time="2020-01-28T19:18:10+08:00" level=info msg="[github.com/leiwenxuan/crontab/worker/core.(*SchedulerSer).TrySchedule(core/scheduler.go:122)] 执行任务: work_2" func="github.com/leiwenxuan/crontab/worker/core.(*SchedulerSer).TrySchedule" file="core/scheduler.go:122"
time="2020-01-28T19:18:10+08:00" level=info msg="[github.com/leiwenxuan/crontab/worker/core.(*SchedulerSer).TryStartJob(core/scheduler.go:90)] 任务尚未推出: %!(NOVERB)%!(EXTRA string=work_2)" func="github.com/leiwenxuan/crontab/worker/core.(*SchedulerSer).TryStartJob" file="core/scheduler.go:90"
time="2020-01-28T19:18:10+08:00" level=info msg="[github.com/leiwenxuan/crontab/worker/core.(*SchedulerSer).TrySchedule(core/scheduler.go:122)] 执行任务: work_1" func="github.com/leiwenxuan/crontab/worker/core.(*SchedulerSer).TrySchedule" file="core/scheduler.go:122"
time="2020-01-28T19:18:10+08:00" level=info msg="[github.com/leiwenxuan/crontab/worker/core.(*SchedulerSer).TryStartJob(core/scheduler.go:90)] 任务尚未推出: %!(NOVERB)%!(EXTRA string=work_1)" func="github.com/leiwenxuan/crontab/worker/core.(*SchedulerSer).TryStartJob" file="core/scheduler.go:90"
time="2020-01-28T19:18:20+08:00" level=info msg="[github.com/leiwenxuan/crontab/worker/core.(*SchedulerSer).TrySchedule(core/scheduler.go:122)] 执行任务: work_1" func="github.com/leiwenxuan/crontab/worker/core.(*SchedulerSer).TrySchedule" file="core/scheduler.go:122"
time="2020-01-28T19:18:20+08:00" level=info msg="[github.com/leiwenxuan/crontab/worker/core.(*SchedulerSer).TryStartJob(core/scheduler.go:90)] 任务尚未推出: %!(NOVERB)%!(EXTRA string=work_1)" func="github.com/leiwenxuan/crontab/worker/core.(*SchedulerSer).TryStartJob" file="core/scheduler.go:90"
time="2020-01-28T19:18:20+08:00" level=info msg="[github.com/leiwenxuan/crontab/worker/core.(*SchedulerSer).TrySchedule(core/scheduler.go:122)] 执行任务: work_2" func="github.com/leiwenxuan/crontab/worker/core.(*SchedulerSer).TrySchedule" file="core/scheduler.go:122"
time="2020-01-28T19:18:20+08:00" level=info msg="[github.com/leiwenxuan/crontab/worker/core.(*SchedulerSer).TryStartJob(core/scheduler.go:90)] 任务尚未推出: %!(NOVERB)%!(EXTRA string=work_2)" func="github.com/leiwenxuan/crontab/worker/core.(*SchedulerSer).TryStartJob" file="core/scheduler.go:90"
time="2020-01-28T19:18:30+08:00" level=info msg="[github.com/leiwenxuan/crontab/worker/core.(*SchedulerSer).TrySchedule(core/scheduler.go:122)] 执行任务: work_1" func="github.com/leiwenxuan/crontab/worker/core.(*SchedulerSer).TrySchedule" file="core/scheduler.go:122"
time="2020-01-28T19:18:30+08:00" level=info msg="[github.com/leiwenxuan/crontab/worker/core.(*SchedulerSer).TryStartJob(core/scheduler.go:90)] 任务尚未推出: %!(NOVERB)%!(EXTRA string=work_1)" func="github.com/leiwenxuan/crontab/worker/core.(*SchedulerSer).TryStartJob" file="core/scheduler.go:90"
time="2020-01-28T19:18:30+08:00" level=info msg="[github.com/leiwenxuan/crontab/worker/core.(*SchedulerSer).TrySchedule(core/scheduler.go:122)] 执行任务: work_2" func="github.com/leiwenxuan/crontab/worker/core.(*SchedulerSer).TrySchedule" file="core/scheduler.go:122"
time="2020-01-28T19:18:30+08:00" level=info msg="[github.com/leiwenxuan/crontab/worker/core.(*SchedulerSer).TryStartJob(core/scheduler.go:90)] 任务尚未推出: %!(NOVERB)%!(EXTRA string=work_2)" func="github.com/leiwenxuan/crontab/worker/core.(*SchedulerSer).TryStartJob" file="core/scheduler.go:90"
time="2020-01-28T19:18:40+08:00" level=info msg="[github.com/leiwenxuan/crontab/worker/core.(*SchedulerSer).TrySchedule(core/scheduler.go:122)] 执行任务: work_1" func="github.com/leiwenxuan/crontab/worker/core.(*SchedulerSer).TrySchedule" file="core/scheduler.go:122"
time="2020-01-28T19:18:40+08:00" level=info msg="[github.com/leiwenxuan/crontab/worker/core.(*SchedulerSer).TryStartJob(core/scheduler.go:90)] 任务尚未推出: %!(NOVERB)%!(EXTRA string=work_1)" func="github.com/leiwenxuan/crontab/worker/core.(*SchedulerSer).TryStartJob" file="core/scheduler.go:90"
time="2020-01-28T19:18:40+08:00" level=info msg="[github.com/leiwenxuan/crontab/worker/core.(*SchedulerSer).TrySchedule(core/scheduler.go:122)] 执行任务: work_2" func="github.com/leiwenxuan/crontab/worker/core.(*SchedulerSer).TrySchedule" file="core/scheduler.go:122"
time="2020-01-28T19:18:40+08:00" level=info msg="[github.com/leiwenxuan/crontab/worker/core.(*SchedulerSer).TryStartJob(core/scheduler.go:90)] 任务尚未推出: %!(NOVERB)%!(EXTRA string=work_2)" func="github.com/leiwenxuan/crontab/worker/core.(*SchedulerSer).TryStartJob" file="core/scheduler.go:90"
time="2020-01-28T19:18:50+08:00" level=info msg="[github.com/leiwenxuan/crontab/worker/core.(*SchedulerSer).TrySchedule(core/scheduler.go:122)] 执行任务: work_1" func="github.com/leiwenxuan/crontab/worker/core.(*SchedulerSer).TrySchedule" file="core/scheduler.go:122"
time="2020-01-28T19:18:50+08:00" level=info msg="[github.com/leiwenxuan/crontab/worker/core.(*SchedulerSer).TryStartJob(core/scheduler.go:90)] 任务尚未推出: %!(NOVERB)%!(EXTRA string=work_1)" func="github.com/leiwenxuan/crontab/worker/core.(*SchedulerSer).TryStartJob" file="core/scheduler.go:90"
time="2020-01-28T19:18:50+08:00" level=info msg="[github.com/leiwenxuan/crontab/worker/core.(*SchedulerSer).TrySchedule(core/scheduler.go:122)] 执行任务: work_2" func="github.com/leiwenxuan/crontab/worker/core.(*SchedulerSer).TrySchedule" file="core/scheduler.go:122"
time="2020-01-28T19:18:50+08:00" level=info msg="[github.com/leiwenxuan/crontab/worker/core.(*SchedulerSer).TryStartJob(core/scheduler.go:90)] 任务尚未推出: %!(NOVERB)%!(EXTRA string=work_2)" func="github.com/leiwenxuan/crontab/worker/core.(*SchedulerSer).TryStartJob" file="core/scheduler.go:90"
time="2020-01-28T19:19:00+08:00" level=info msg="[github.com/leiwenxuan/crontab/worker/core.(*SchedulerSer).TrySchedule(core/scheduler.go:122)] 执行任务: work_1" func="github.com/leiwenxuan/crontab/worker/core.(*SchedulerSer).TrySchedule" file="core/scheduler.go:122"
time="2020-01-28T19:19:00+08:00" level=info msg="[github.com/leiwenxuan/crontab/worker/core.(*SchedulerSer).TryStartJob(core/scheduler.go:90)] 任务尚未推出: %!(NOVERB)%!(EXTRA string=work_1)" func="github.com/leiwenxuan/crontab/worker/core.(*SchedulerSer).TryStartJob" file="core/scheduler.go:90"
time="2020-01-28T19:19:00+08:00" level=info msg="[github.com/leiwenxuan/crontab/worker/core.(*SchedulerSer).TrySchedule(core/scheduler.go:122)] 执行任务: work_2" func="github.com/leiwenxuan/crontab/worker/core.(*SchedulerSer).TrySchedule" file="core/scheduler.go:122"
time="2020-01-28T19:19:00+08:00" level=info msg="[github.com/leiwenxuan/crontab/worker/core.(*SchedulerSer).TryStartJob(core/scheduler.go:90)] 任务尚未推出: %!(NOVERB)%!(EXTRA string=work_2)" func="github.com/leiwenxuan/crontab/worker/core.(*SchedulerSer).TryStartJob" file="core/scheduler.go:90"
time="2020-01-28T19:19:10+08:00" level=info msg="[github.com/leiwenxuan/crontab/worker/core.(*SchedulerSer).TrySchedule(core/scheduler.go:122)] 执行任务: work_1" func="github.com/leiwenxuan/crontab/worker/core.(*SchedulerSer).TrySchedule" file="core/scheduler.go:122"
time="2020-01-28T19:19:10+08:00" level=info msg="[github.com/leiwenxuan/crontab/worker/core.(*SchedulerSer).TryStartJob(core/scheduler.go:90)] 任务尚未推出: %!(NOVERB)%!(EXTRA string=work_1)" func="github.com/leiwenxuan/crontab/worker/core.(*SchedulerSer).TryStartJob" file="core/scheduler.go:90"
time="2020-01-28T19:19:10+08:00" level=info msg="[github.com/leiwenxuan/crontab/worker/core.(*SchedulerSer).TrySchedule(core/scheduler.go:122)] 执行任务: work_2" func="github.com/leiwenxuan/crontab/worker/core.(*SchedulerSer).TrySchedule" file="core/scheduler.go:122"
time="2020-01-28T19:19:10+08:00" level=info msg="[github.com/leiwenxuan/crontab/worker/core.(*SchedulerSer).TryStartJob(core/scheduler.go:90)] 任务尚未推出: %!(NOVERB)%!(EXTRA string=work_2)" func="github.com/leiwenxuan/crontab/worker/core.(*SchedulerSer).TryStartJob" file="core/scheduler.go:90"
time="2020-01-28T19:19:20+08:00" level=info msg="[github.com/leiwenxuan/crontab/worker/core.(*SchedulerSer).TrySchedule(core/scheduler.go:122)] 执行任务: work_1" func="github.com/leiwenxuan/crontab/worker/core.(*SchedulerSer).TrySchedule" file="core/scheduler.go:122"
time="2020-01-28T19:19:20+08:00" level=info msg="[github.com/leiwenxuan/crontab/worker/core.(*SchedulerSer).TryStartJob(core/scheduler.go:90)] 任务尚未推出: %!(NOVERB)%!(EXTRA string=work_1)" func="github.com/leiwenxuan/crontab/worker/core.(*SchedulerSer).TryStartJob" file="core/scheduler.go:90"
time="2020-01-28T19:19:20+08:00" level=info msg="[github.com/leiwenxuan/crontab/worker/core.(*SchedulerSer).TrySchedule(core/scheduler.go:122)] 执行任务: work_2" func="github.com/leiwenxuan/crontab/worker/core.(*SchedulerSer).TrySchedule" file="core/scheduler.go:122"
time="2020-01-28T19:19:20+08:00" level=info msg="[github.com/leiwenxuan/crontab/worker/core.(*SchedulerSer).TryStartJob(core/scheduler.go:90)] 任务尚未推出: %!(NOVERB)%!(EXTRA string=work_2)" func="github.com/leiwenxuan/crontab/worker/core.(*SchedulerSer).TryStartJob" file="core/scheduler.go:90"
time="2020-01-28T19:19:30+08:00" level=info msg="[github.com/leiwenxuan/crontab/worker/core.(*SchedulerSer).TrySchedule(core/scheduler.go:122)] 执行任务: work_1" func="github.com/leiwenxuan/crontab/worker/core.(*SchedulerSer).TrySchedule" file="core/scheduler.go:122"
time="2020-01-28T19:19:30+08:00" level=info msg="[github.com/leiwenxuan/crontab/worker/core.(*SchedulerSer).TryStartJob(core/scheduler.go:90)] 任务尚未推出: %!(NOVERB)%!(EXTRA string=work_1)" func="github.com/leiwenxuan/crontab/worker/core.(*SchedulerSer).TryStartJob" file="core/scheduler.go:90"
time="2020-01-28T19:19:30+08:00" level=info msg="[github.com/leiwenxuan/crontab/worker/core.(*SchedulerSer).TrySchedule(core/scheduler.go:122)] 执行任务: work_2" func="github.com/leiwenxuan/crontab/worker/core.(*SchedulerSer).TrySchedule" file="core/scheduler.go:122"
time="2020-01-28T19:19:30+08:00" level=info msg="[github.com/leiwenxuan/crontab/worker/core.(*SchedulerSer).TryStartJob(core/scheduler.go:90)] 任务尚未推出: %!(NOVERB)%!(EXTRA string=work_2)" func="github.com/leiwenxuan/crontab/worker/core.(*SchedulerSer).TryStartJob" file="core/scheduler.go:90"
time="2020-01-28T19:19:40+08:00" level=info msg="[github.com/leiwenxuan/crontab/worker/core.(*SchedulerSer).TrySchedule(core/scheduler.go:122)] 执行任务: work_1" func="github.com/leiwenxuan/crontab/worker/core.(*SchedulerSer).TrySchedule" file="core/scheduler.go:122"
time="2020-01-28T19:19:40+08:00" level=info msg="[github.com/leiwenxuan/crontab/worker/core.(*SchedulerSer).TryStartJob(core/scheduler.go:90)] 任务尚未推出: %!(NOVERB)%!(EXTRA string=work_1)" func="github.com/leiwenxuan/crontab/worker/core.(*SchedulerSer).TryStartJob" file="core/scheduler.go:90"
time="2020-01-28T19:19:40+08:00" level=info msg="[github.com/leiwenxuan/crontab/worker/core.(*SchedulerSer).TrySchedule(core/scheduler.go:122)] 执行任务: work_2" func="github.com/leiwenxuan/crontab/worker/core.(*SchedulerSer).TrySchedule" file="core/scheduler.go:122"
time="2020-01-28T19:19:40+08:00" level=info msg="[github.com/leiwenxuan/crontab/worker/core.(*SchedulerSer).TryStartJob(core/scheduler.go:90)] 任务尚未推出: %!(NOVERB)%!(EXTRA string=work_2)" func="github.com/leiwenxuan/crontab/worker/core.(*SchedulerSer).TryStartJob" file="core/scheduler.go:90"
time="2020-01-28T19:19:50+08:00" level=info msg="[github.com/leiwenxuan/crontab/worker/core.(*SchedulerSer).TrySchedule(core/scheduler.go:122)] 执行任务: work_1" func="github.com/leiwenxuan/crontab/worker/core.(*SchedulerSer).TrySchedule" file="core/scheduler.go:122"
time="2020-01-28T19:19:50+08:00" level=info msg="[github.com/leiwenxuan/crontab/worker/core.(*SchedulerSer).TryStartJob(core/scheduler.go:90)] 任务尚未推出: %!(NOVERB)%!(EXTRA string=work_1)" func="github.com/leiwenxuan/crontab/worker/core.(*SchedulerSer).TryStartJob" file="core/scheduler.go:90"
time="2020-01-28T19:19:50+08:00" level=info msg="[github.com/leiwenxuan/crontab/worker/core.(*SchedulerSer).TrySchedule(core/scheduler.go:122)] 执行任务: work_2" func="github.com/leiwenxuan/crontab/worker/core.(*SchedulerSer).TrySchedule" file="core/scheduler.go:122"
time="2020-01-28T19:19:50+08:00" level=info msg="[github.com/leiwenxuan/crontab/worker/core.(*SchedulerSer).TryStartJob(core/scheduler.go:90)] 任务尚未推出: %!(NOVERB)%!(EXTRA string=work_2)" func="github.com/leiwenxuan/crontab/worker/core.(*SchedulerSer).TryStartJob" file="core/scheduler.go:90"
time="2020-01-28T19:20:00+08:00" level=info msg="[github.com/leiwenxuan/crontab/worker/core.(*SchedulerSer).TrySchedule(core/scheduler.go:122)] 执行任务: work_1" func="github.com/leiwenxuan/crontab/worker/core.(*SchedulerSer).TrySchedule" file="core/scheduler.go:122"
time="2020-01-28T19:20:00+08:00" level=info msg="[github.com/leiwenxuan/crontab/worker/core.(*SchedulerSer).TryStartJob(core/scheduler.go:90)] 任务尚未推出: %!(NOVERB)%!(EXTRA string=work_1)" func="github.com/leiwenxuan/crontab/worker/core.(*SchedulerSer).TryStartJob" file="core/scheduler.go:90"
time="2020-01-28T19:20:00+08:00" level=info msg="[github.com/leiwenxuan/crontab/worker/core.(*SchedulerSer).TrySchedule(core/scheduler.go:122)] 执行任务: work_2" func="github.com/leiwenxuan/crontab/worker/core.(*SchedulerSer).TrySchedule" file="core/scheduler.go:122"
time="2020-01-28T19:20:00+08:00" level=info msg="[github.com/leiwenxuan/crontab/worker/core.(*SchedulerSer).TryStartJob(core/scheduler.go:90)] 任务尚未推出: %!(NOVERB)%!(EXTRA string=work_2)" func="github.com/leiwenxuan/crontab/worker/core.(*SchedulerSer).TryStartJob" file="core/scheduler.go:90"
time="2020-01-28T19:20:10+08:00" level=info msg="[github.com/leiwenxuan/crontab/worker/core.(*SchedulerSer).TrySchedule(core/scheduler.go:122)] 执行任务: work_1" func="github.com/leiwenxuan/crontab/worker/core.(*SchedulerSer).TrySchedule" file="core/scheduler.go:122"
time="2020-01-28T19:20:10+08:00" level=info msg="[github.com/leiwenxuan/crontab/worker/core.(*SchedulerSer).TryStartJob(core/scheduler.go:90)] 任务尚未推出: %!(NOVERB)%!(EXTRA string=work_1)" func="github.com/leiwenxuan/crontab/worker/core.(*SchedulerSer).TryStartJob" file="core/scheduler.go:90"
time="2020-01-28T19:20:10+08:00" level=info msg="[github.com/leiwenxuan/crontab/worker/core.(*SchedulerSer).TrySchedule(core/scheduler.go:122)] 执行任务: work_2" func="github.com/leiwenxuan/crontab/worker/core.(*SchedulerSer).TrySchedule" file="core/scheduler.go:122"
time="2020-01-28T19:20:10+08:00" level=info msg="[github.com/leiwenxuan/crontab/worker/core.(*SchedulerSer).TryStartJob(core/scheduler.go:90)] 任务尚未推出: %!(NOVERB)%!(EXTRA string=work_2)" func="github.com/leiwenxuan/crontab/worker/core.(*SchedulerSer).TryStartJob" file="core/scheduler.go:90"
time="2020-01-28T19:20:16+08:00" level=info msg="[github.com/leiwenxuan/crontab/worker/core.JobMangerSer.JobWatch.func1(core/JobManger.go:79)] 监听事件变化: \t 2 , &{Name:/cron/jobs/work_2 Command: CronExpr:}" func=github.com/leiwenxuan/crontab/worker/core.JobMangerSer.JobWatch.func1 file="core/JobManger.go:79"
time="2020-01-28T19:20:16+08:00" level=debug msg="[github.com/leiwenxuan/crontab/worker/core.(*SchedulerSer).PushJobEvent(core/scheduler.go:145)] PushJobEvent&{2 0xc000514d20}" func="github.com/leiwenxuan/crontab/worker/core.(*SchedulerSer).PushJobEvent" file="core/scheduler.go:145"
time="2020-01-28T19:20:21+08:00" level=info msg="[github.com/leiwenxuan/crontab/worker/core.(*SchedulerSer).TrySchedule(core/scheduler.go:122)] 执行任务: work_1" func="github.com/leiwenxuan/crontab/worker/core.(*SchedulerSer).TrySchedule" file="core/scheduler.go:122"
time="2020-01-28T19:20:21+08:00" level=info msg="[github.com/leiwenxuan/crontab/worker/core.JobMangerSer.JobWatch.func1(core/JobManger.go:79)] 监听事件变化: \t 2 , &{Name:/cron/jobs/work_1 Command: CronExpr:}" func=github.com/leiwenxuan/crontab/worker/core.JobMangerSer.JobWatch.func1 file="core/JobManger.go:79"
time="2020-01-28T19:20:21+08:00" level=info msg="[github.com/leiwenxuan/crontab/worker/core.(*SchedulerSer).TryStartJob(core/scheduler.go:90)] 任务尚未推出: %!(NOVERB)%!(EXTRA string=work_1)" func="github.com/leiwenxuan/crontab/worker/core.(*SchedulerSer).TryStartJob" file="core/scheduler.go:90"
time="2020-01-28T19:20:23+08:00" level=debug msg="[github.com/leiwenxuan/crontab/worker/core.(*SchedulerSer).PushJobEvent(core/scheduler.go:145)] PushJobEvent&{2 0xc000515020}" func="github.com/leiwenxuan/crontab/worker/core.(*SchedulerSer).PushJobEvent" file="core/scheduler.go:145"
time="2020-01-28T19:20:23+08:00" level=info msg="[github.com/leiwenxuan/crontab/worker/core.(*SchedulerSer).TrySchedule(core/scheduler.go:122)] 执行任务: work_2" func="github.com/leiwenxuan/crontab/worker/core.(*SchedulerSer).TrySchedule" file="core/scheduler.go:122"
time="2020-01-28T19:20:23+08:00" level=info msg="[github.com/leiwenxuan/crontab/worker/core.(*SchedulerSer).TryStartJob(core/scheduler.go:90)] 任务尚未推出: %!(NOVERB)%!(EXTRA string=work_2)" func="github.com/leiwenxuan/crontab/worker/core.(*SchedulerSer).TryStartJob" file="core/scheduler.go:90"
time="2020-01-28T19:20:30+08:00" level=info msg="[github.com/leiwenxuan/crontab/worker/core.(*SchedulerSer).TrySchedule(core/scheduler.go:122)] 执行任务: work_1" func="github.com/leiwenxuan/crontab/worker/core.(*SchedulerSer).TrySchedule" file="core/scheduler.go:122"
time="2020-01-28T19:20:30+08:00" level=info msg="[github.com/leiwenxuan/crontab/worker/core.(*SchedulerSer).TryStartJob(core/scheduler.go:90)] 任务尚未推出: %!(NOVERB)%!(EXTRA string=work_1)" func="github.com/leiwenxuan/crontab/worker/core.(*SchedulerSer).TryStartJob" file="core/scheduler.go:90"
time="2020-01-28T19:20:30+08:00" level=info msg="[github.com/leiwenxuan/crontab/worker/core.(*SchedulerSer).TrySchedule(core/scheduler.go:122)] 执行任务: work_2" func="github.com/leiwenxuan/crontab/worker/core.(*SchedulerSer).TrySchedule" file="core/scheduler.go:122"
time="2020-01-28T19:20:30+08:00" level=info msg="[github.com/leiwenxuan/crontab/worker/core.(*SchedulerSer).TryStartJob(core/scheduler.go:90)] 任务尚未推出: %!(NOVERB)%!(EXTRA string=work_2)" func="github.com/leiwenxuan/crontab/worker/core.(*SchedulerSer).TryStartJob" file="core/scheduler.go:90"
time="2020-01-28T19:20:40+08:00" level=info msg="[github.com/leiwenxuan/crontab/worker/core.(*SchedulerSer).TrySchedule(core/scheduler.go:122)] 执行任务: work_1" func="github.com/leiwenxuan/crontab/worker/core.(*SchedulerSer).TrySchedule" file="core/scheduler.go:122"
time="2020-01-28T19:20:40+08:00" level=info msg="[github.com/leiwenxuan/crontab/worker/core.(*SchedulerSer).TryStartJob(core/scheduler.go:90)] 任务尚未推出: %!(NOVERB)%!(EXTRA string=work_1)" func="github.com/leiwenxuan/crontab/worker/core.(*SchedulerSer).TryStartJob" file="core/scheduler.go:90"
time="2020-01-28T19:20:40+08:00" level=info msg="[github.com/leiwenxuan/crontab/worker/core.(*SchedulerSer).TrySchedule(core/scheduler.go:122)] 执行任务: work_2" func="github.com/leiwenxuan/crontab/worker/core.(*SchedulerSer).TrySchedule" file="core/scheduler.go:122"
time="2020-01-28T19:20:40+08:00" level=info msg="[github.com/leiwenxuan/crontab/worker/core.(*SchedulerSer).TryStartJob(core/scheduler.go:90)] 任务尚未推出: %!(NOVERB)%!(EXTRA string=work_2)" func="github.com/leiwenxuan/crontab/worker/core.(*SchedulerSer).TryStartJob" file="core/scheduler.go:90"
time="2020-01-28T19:20:50+08:00" level=info msg="[github.com/leiwenxuan/crontab/worker/core.(*SchedulerSer).TrySchedule(core/scheduler.go:122)] 执行任务: work_1" func="github.com/leiwenxuan/crontab/worker/core.(*SchedulerSer).TrySchedule" file="core/scheduler.go:122"
time="2020-01-28T19:20:50+08:00" level=info msg="[github.com/leiwenxuan/crontab/worker/core.(*SchedulerSer).TryStartJob(core/scheduler.go:90)] 任务尚未推出: %!(NOVERB)%!(EXTRA string=work_1)" func="github.com/leiwenxuan/crontab/worker/core.(*SchedulerSer).TryStartJob" file="core/scheduler.go:90"
time="2020-01-28T19:20:50+08:00" level=info msg="[github.com/leiwenxuan/crontab/worker/core.(*SchedulerSer).TrySchedule(core/scheduler.go:122)] 执行任务: work_2" func="github.com/leiwenxuan/crontab/worker/core.(*SchedulerSer).TrySchedule" file="core/scheduler.go:122"
time="2020-01-28T19:20:50+08:00" level=info msg="[github.com/leiwenxuan/crontab/worker/core.(*SchedulerSer).TryStartJob(core/scheduler.go:90)] 任务尚未推出: %!(NOVERB)%!(EXTRA string=work_2)" func="github.com/leiwenxuan/crontab/worker/core.(*SchedulerSer).TryStartJob" file="core/scheduler.go:90"
time="2020-01-28T19:21:00+08:00" level=info msg="[github.com/leiwenxuan/crontab/worker/core.(*SchedulerSer).TrySchedule(core/scheduler.go:122)] 执行任务: work_2" func="github.com/leiwenxuan/crontab/worker/core.(*SchedulerSer).TrySchedule" file="core/scheduler.go:122"
time="2020-01-28T19:21:00+08:00" level=info msg="[github.com/leiwenxuan/crontab/worker/core.(*SchedulerSer).TryStartJob(core/scheduler.go:90)] 任务尚未推出: %!(NOVERB)%!(EXTRA string=work_2)" func="github.com/leiwenxuan/crontab/worker/core.(*SchedulerSer).TryStartJob" file="core/scheduler.go:90"
time="2020-01-28T19:21:00+08:00" level=info msg="[github.com/leiwenxuan/crontab/worker/core.(*SchedulerSer).TrySchedule(core/scheduler.go:122)] 执行任务: work_1" func="github.com/leiwenxuan/crontab/worker/core.(*SchedulerSer).TrySchedule" file="core/scheduler.go:122"
time="2020-01-28T19:21:00+08:00" level=info msg="[github.com/leiwenxuan/crontab/worker/core.(*SchedulerSer).TryStartJob(core/scheduler.go:90)] 任务尚未推出: %!(NOVERB)%!(EXTRA string=work_1)" func="github.com/leiwenxuan/crontab/worker/core.(*SchedulerSer).TryStartJob" file="core/scheduler.go:90"
time="2020-01-28T19:21:10+08:00" level=info msg="[github.com/leiwenxuan/crontab/worker/core.(*SchedulerSer).TrySchedule(core/scheduler.go:122)] 执行任务: work_2" func="github.com/leiwenxuan/crontab/worker/core.(*SchedulerSer).TrySchedule" file="core/scheduler.go:122"
time="2020-01-28T19:21:10+08:00" level=info msg="[github.com/leiwenxuan/crontab/worker/core.(*SchedulerSer).TryStartJob(core/scheduler.go:90)] 任务尚未推出: %!(NOVERB)%!(EXTRA string=work_2)" func="github.com/leiwenxuan/crontab/worker/core.(*SchedulerSer).TryStartJob" file="core/scheduler.go:90"
time="2020-01-28T19:21:10+08:00" level=info msg="[github.com/leiwenxuan/crontab/worker/core.(*SchedulerSer).TrySchedule(core/scheduler.go:122)] 执行任务: work_1" func="github.com/leiwenxuan/crontab/worker/core.(*SchedulerSer).TrySchedule" file="core/scheduler.go:122"
time="2020-01-28T19:21:10+08:00" level=info msg="[github.com/leiwenxuan/crontab/worker/core.(*SchedulerSer).TryStartJob(core/scheduler.go:90)] 任务尚未推出: %!(NOVERB)%!(EXTRA string=work_1)" func="github.com/leiwenxuan/crontab/worker/core.(*SchedulerSer).TryStartJob" file="core/scheduler.go:90"
time="2020-01-28T19:21:20+08:00" level=info msg="[github.com/leiwenxuan/crontab/worker/core.(*SchedulerSer).TrySchedule(core/scheduler.go:122)] 执行任务: work_1" func="github.com/leiwenxuan/crontab/worker/core.(*SchedulerSer).TrySchedule" file="core/scheduler.go:122"
time="2020-01-28T19:21:20+08:00" level=info msg="[github.com/leiwenxuan/crontab/worker/core.(*SchedulerSer).TryStartJob(core/scheduler.go:90)] 任务尚未推出: %!(NOVERB)%!(EXTRA string=work_1)" func="github.com/leiwenxuan/crontab/worker/core.(*SchedulerSer).TryStartJob" file="core/scheduler.go:90"
time="2020-01-28T19:21:20+08:00" level=info msg="[github.com/leiwenxuan/crontab/worker/core.(*SchedulerSer).TrySchedule(core/scheduler.go:122)] 执行任务: work_2" func="github.com/leiwenxuan/crontab/worker/core.(*SchedulerSer).TrySchedule" file="core/scheduler.go:122"
time="2020-01-28T19:21:20+08:00" level=info msg="[github.com/leiwenxuan/crontab/worker/core.(*SchedulerSer).TryStartJob(core/scheduler.go:90)] 任务尚未推出: %!(NOVERB)%!(EXTRA string=work_2)" func="github.com/leiwenxuan/crontab/worker/core.(*SchedulerSer).TryStartJob" file="core/scheduler.go:90"
time="2020-01-28T19:21:30+08:00" level=info msg="[github.com/leiwenxuan/crontab/worker/core.(*SchedulerSer).TrySchedule(core/scheduler.go:122)] 执行任务: work_2" func="github.com/leiwenxuan/crontab/worker/core.(*SchedulerSer).TrySchedule" file="core/scheduler.go:122"
time="2020-01-28T19:21:30+08:00" level=info msg="[github.com/leiwenxuan/crontab/worker/core.(*SchedulerSer).TryStartJob(core/scheduler.go:90)] 任务尚未推出: %!(NOVERB)%!(EXTRA string=work_2)" func="github.com/leiwenxuan/crontab/worker/core.(*SchedulerSer).TryStartJob" file="core/scheduler.go:90"
time="2020-01-28T19:21:30+08:00" level=info msg="[github.com/leiwenxuan/crontab/worker/core.(*SchedulerSer).TrySchedule(core/scheduler.go:122)] 执行任务: work_1" func="github.com/leiwenxuan/crontab/worker/core.(*SchedulerSer).TrySchedule" file="core/scheduler.go:122"
time="2020-01-28T19:21:30+08:00" level=info msg="[github.com/leiwenxuan/crontab/worker/core.(*SchedulerSer).TryStartJob(core/scheduler.go:90)] 任务尚未推出: %!(NOVERB)%!(EXTRA string=work_1)" func="github.com/leiwenxuan/crontab/worker/core.(*SchedulerSer).TryStartJob" file="core/scheduler.go:90"
time="2020-01-28T19:21:40+08:00" level=info msg="[github.com/leiwenxuan/crontab/worker/core.(*SchedulerSer).TrySchedule(core/scheduler.go:122)] 执行任务: work_1" func="github.com/leiwenxuan/crontab/worker/core.(*SchedulerSer).TrySchedule" file="core/scheduler.go:122"
time="2020-01-28T19:21:40+08:00" level=info msg="[github.com/leiwenxuan/crontab/worker/core.(*SchedulerSer).TryStartJob(core/scheduler.go:90)] 任务尚未推出: %!(NOVERB)%!(EXTRA string=work_1)" func="github.com/leiwenxuan/crontab/worker/core.(*SchedulerSer).TryStartJob" file="core/scheduler.go:90"
time="2020-01-28T19:21:40+08:00" level=info msg="[github.com/leiwenxuan/crontab/worker/core.(*SchedulerSer).TrySchedule(core/scheduler.go:122)] 执行任务: work_2" func="github.com/leiwenxuan/crontab/worker/core.(*SchedulerSer).TrySchedule" file="core/scheduler.go:122"
time="2020-01-28T19:21:40+08:00" level=info msg="[github.com/leiwenxuan/crontab/worker/core.(*SchedulerSer).TryStartJob(core/scheduler.go:90)] 任务尚未推出: %!(NOVERB)%!(EXTRA string=work_2)" func="github.com/leiwenxuan/crontab/worker/core.(*SchedulerSer).TryStartJob" file="core/scheduler.go:90"
time="2020-01-28T19:21:50+08:00" level=info msg="[github.com/leiwenxuan/crontab/worker/core.(*SchedulerSer).TrySchedule(core/scheduler.go:122)] 执行任务: work_1" func="github.com/leiwenxuan/crontab/worker/core.(*SchedulerSer).TrySchedule" file="core/scheduler.go:122"
time="2020-01-28T19:21:50+08:00" level=info msg="[github.com/leiwenxuan/crontab/worker/core.(*SchedulerSer).TryStartJob(core/scheduler.go:90)] 任务尚未推出: %!(NOVERB)%!(EXTRA string=work_1)" func="github.com/leiwenxuan/crontab/worker/core.(*SchedulerSer).TryStartJob" file="core/scheduler.go:90"
time="2020-01-28T19:21:50+08:00" level=info msg="[github.com/leiwenxuan/crontab/worker/core.(*SchedulerSer).TrySchedule(core/scheduler.go:122)] 执行任务: work_2" func="github.com/leiwenxuan/crontab/worker/core.(*SchedulerSer).TrySchedule" file="core/scheduler.go:122"
time="2020-01-28T19:21:50+08:00" level=info msg="[github.com/leiwenxuan/crontab/worker/core.(*SchedulerSer).TryStartJob(core/scheduler.go:90)] 任务尚未推出: %!(NOVERB)%!(EXTRA string=work_2)" func="github.com/leiwenxuan/crontab/worker/core.(*SchedulerSer).TryStartJob" file="core/scheduler.go:90"
time="2020-01-28T19:22:00+08:00" level=info msg="[github.com/leiwenxuan/crontab/worker/core.(*SchedulerSer).TrySchedule(core/scheduler.go:122)] 执行任务: work_1" func="github.com/leiwenxuan/crontab/worker/core.(*SchedulerSer).TrySchedule" file="core/scheduler.go:122"
time="2020-01-28T19:22:00+08:00" level=info msg="[github.com/leiwenxuan/crontab/worker/core.(*SchedulerSer).TryStartJob(core/scheduler.go:90)] 任务尚未推出: %!(NOVERB)%!(EXTRA string=work_1)" func="github.com/leiwenxuan/crontab/worker/core.(*SchedulerSer).TryStartJob" file="core/scheduler.go:90"
time="2020-01-28T19:22:00+08:00" level=info msg="[github.com/leiwenxuan/crontab/worker/core.(*SchedulerSer).TrySchedule(core/scheduler.go:122)] 执行任务: work_2" func="github.com/leiwenxuan/crontab/worker/core.(*SchedulerSer).TrySchedule" file="core/scheduler.go:122"
time="2020-01-28T19:22:00+08:00" level=info msg="[github.com/leiwenxuan/crontab/worker/core.(*SchedulerSer).TryStartJob(core/scheduler.go:90)] 任务尚未推出: %!(NOVERB)%!(EXTRA string=work_2)" func="github.com/leiwenxuan/crontab/worker/core.(*SchedulerSer).TryStartJob" file="core/scheduler.go:90"
time="2020-01-28T19:22:15+08:00" level=info msg="[github.com/leiwenxuan/crontab/infra/base.(*PropsStarter).Init(base/props.go:22)] 初始化配置." func="github.com/leiwenxuan/crontab/infra/base.(*PropsStarter).Init" file="base/props.go:22"
time="2020-01-28T19:22:15+08:00" level=info msg="[github.com/leiwenxuan/crontab/infra/base.(*EtcdStarter).Setup(base/etcd.go:38)] 获取ETCD集群：[192.168.1.5:12381 192.168.1.5:12382 192.168.1.5:12381]" func="github.com/leiwenxuan/crontab/infra/base.(*EtcdStarter).Setup" file="base/etcd.go:38"
time="2020-01-28T19:22:15+08:00" level=info msg="[github.com/leiwenxuan/crontab/infra/base.(*EtcdStarter).Setup(base/etcd.go:41)] 获取ETCD超时时间：5000" func="github.com/leiwenxuan/crontab/infra/base.(*EtcdStarter).Setup" file="base/etcd.go:41"
time="2020-01-28T19:22:15+08:00" level=debug msg="[github.com/leiwenxuan/crontab/infra/base.(*EtcdStarter).Setup(base/etcd.go:54)] clientMongo etcd:&{0xc000328c00 0xc000328c30 0xc0003d8c80 0xc0002828c0 0xc000328d20 0xc000328d50 0xc00015e700 {[192.168.1.5:12381 192.168.1.5:12382 192.168.1.5:12381] 0 5000000000 0 0 0 0 <nil>   false [] <nil> <nil> false} <nil> 0xc00026e2a0 0xc0002d5980 0xc000246300 0x5a65e0   <nil> [{false} {2097152} {2147483647}] 0xc00026e240}" func="github.com/leiwenxuan/crontab/infra/base.(*EtcdStarter).Setup" file="base/etcd.go:54"
time="2020-01-28T19:22:15+08:00" level=info msg="[github.com/leiwenxuan/crontab/worker/core.JobMangerSer.JobWatch(core/JobManger.go:46)] all kv:   &{cluster_id:2362756668383640308 member_id:13314520524074667590 revision:452 raft_term:3  [] false 0 {} [] 0}" func=github.com/leiwenxuan/crontab/worker/core.JobMangerSer.JobWatch file="core/JobManger.go:46"
time="2020-01-28T19:30:26+08:00" level=info msg="[github.com/leiwenxuan/crontab/worker/core.JobMangerSer.JobWatch.func1(core/JobManger.go:79)] 监听事件变化: \t 1 , &{Name:work_ls Command:*  CronExpr:* }" func=github.com/leiwenxuan/crontab/worker/core.JobMangerSer.JobWatch.func1 file="core/JobManger.go:79"
time="2020-01-28T19:30:31+08:00" level=debug msg="[github.com/leiwenxuan/crontab/worker/core.(*SchedulerSer).PushJobEvent(core/scheduler.go:145)] PushJobEvent&{1 0xc0003e6570}" func="github.com/leiwenxuan/crontab/worker/core.(*SchedulerSer).PushJobEvent" file="core/scheduler.go:145"
time="2020-01-28T19:30:47+08:00" level=info msg="[github.com/leiwenxuan/crontab/worker/core.JobMangerSer.JobWatch.func1(core/JobManger.go:79)] 监听事件变化: \t 1 , &{Name:work_ls Command:*  CronExpr:* }" func=github.com/leiwenxuan/crontab/worker/core.JobMangerSer.JobWatch.func1 file="core/JobManger.go:79"
time="2020-01-28T19:30:48+08:00" level=debug msg="[github.com/leiwenxuan/crontab/worker/core.(*SchedulerSer).PushJobEvent(core/scheduler.go:145)] PushJobEvent&{1 0xc0004e4fc0}" func="github.com/leiwenxuan/crontab/worker/core.(*SchedulerSer).PushJobEvent" file="core/scheduler.go:145"
time="2020-01-28T19:34:46+08:00" level=info msg="[github.com/leiwenxuan/crontab/worker/core.JobMangerSer.JobWatch.func1(core/JobManger.go:79)] 监听事件变化: \t 1 , &{Name:work_1 Command:*  CronExpr:*/10 * * * * *}" func=github.com/leiwenxuan/crontab/worker/core.JobMangerSer.JobWatch.func1 file="core/JobManger.go:79"
time="2020-01-28T19:34:48+08:00" level=debug msg="[github.com/leiwenxuan/crontab/worker/core.(*SchedulerSer).PushJobEvent(core/scheduler.go:145)] PushJobEvent&{1 0xc0004e4b10}" func="github.com/leiwenxuan/crontab/worker/core.(*SchedulerSer).PushJobEvent" file="core/scheduler.go:145"
time="2020-01-28T19:36:30+08:00" level=info msg="[github.com/leiwenxuan/crontab/infra/base.(*PropsStarter).Init(base/props.go:22)] 初始化配置." func="github.com/leiwenxuan/crontab/infra/base.(*PropsStarter).Init" file="base/props.go:22"
time="2020-01-28T19:36:30+08:00" level=info msg="[github.com/leiwenxuan/crontab/infra/base.(*EtcdStarter).Setup(base/etcd.go:38)] 获取ETCD集群：[192.168.1.5:12381 192.168.1.5:12382 192.168.1.5:12381]" func="github.com/leiwenxuan/crontab/infra/base.(*EtcdStarter).Setup" file="base/etcd.go:38"
time="2020-01-28T19:36:30+08:00" level=info msg="[github.com/leiwenxuan/crontab/infra/base.(*EtcdStarter).Setup(base/etcd.go:41)] 获取ETCD超时时间：5000" func="github.com/leiwenxuan/crontab/infra/base.(*EtcdStarter).Setup" file="base/etcd.go:41"
time="2020-01-28T19:36:30+08:00" level=debug msg="[github.com/leiwenxuan/crontab/infra/base.(*EtcdStarter).Setup(base/etcd.go:54)] clientMongo etcd:&{0xc00034a090 0xc00034a0c0 0xc000437180 0xc00049eaf0 0xc00034a1b0 0xc00034a1e0 0xc0002b2000 {[192.168.1.5:12381 192.168.1.5:12382 192.168.1.5:12381] 0 5000000000 0 0 0 0 <nil>   false [] <nil> <nil> false} <nil> 0xc000164480 0xc0002f7920 0xc000038680 0x5a65e0   <nil> [{false} {2097152} {2147483647}] 0xc000164420}" func="github.com/leiwenxuan/crontab/infra/base.(*EtcdStarter).Setup" file="base/etcd.go:54"
time="2020-01-28T19:36:30+08:00" level=info msg="[github.com/leiwenxuan/crontab/worker/core.JobMangerSer.JobWatch(core/JobManger.go:46)] all kv:   &{cluster_id:2362756668383640308 member_id:13314520524074667590 revision:457 raft_term:3  [key:\"/cron/jobs/work_1\" create_revision:456 mod_revision:456 version:1 value:\"{\\\"name\\\":\\\"work_1\\\",\\\"command\\\":\\\"* \\\",\\\"cronExpr\\\":\\\"*/10 * * * * *\\\"}\"  key:\"/cron/jobs/work_ls\" create_revision:454 mod_revision:455 version:2 value:\"{\\\"name\\\":\\\"work_ls\\\",\\\"command\\\":\\\"* \\\",\\\"cronExpr\\\":\\\"* \\\"}\" ] false 2 {} [] 0}" func=github.com/leiwenxuan/crontab/worker/core.JobMangerSer.JobWatch file="core/JobManger.go:46"
time="2020-01-28T19:36:36+08:00" level=debug msg="[github.com/leiwenxuan/crontab/worker/core.JobMangerSer.JobWatch(core/JobManger.go:52)] &{1 0xc0004972c0}" func=github.com/leiwenxuan/crontab/worker/core.JobMangerSer.JobWatch file="core/JobManger.go:52"
time="2020-01-28T19:36:36+08:00" level=debug msg="[github.com/leiwenxuan/crontab/worker/core.(*SchedulerSer).PushJobEvent(core/scheduler.go:145)] PushJobEvent&{1 0xc0004972c0}" func="github.com/leiwenxuan/crontab/worker/core.(*SchedulerSer).PushJobEvent" file="core/scheduler.go:145"
time="2020-01-28T19:36:36+08:00" level=debug msg="[github.com/leiwenxuan/crontab/worker/core.JobMangerSer.JobWatch(core/JobManger.go:52)] &{1 0xc000445d10}" func=github.com/leiwenxuan/crontab/worker/core.JobMangerSer.JobWatch file="core/JobManger.go:52"
time="2020-01-28T19:36:36+08:00" level=debug msg="[github.com/leiwenxuan/crontab/worker/core.(*SchedulerSer).PushJobEvent(core/scheduler.go:145)] PushJobEvent&{1 0xc000445d10}" func="github.com/leiwenxuan/crontab/worker/core.(*SchedulerSer).PushJobEvent" file="core/scheduler.go:145"
time="2020-01-28T19:37:15+08:00" level=info msg="[github.com/leiwenxuan/crontab/worker/core.JobMangerSer.JobWatch.func1(core/JobManger.go:79)] 监听事件变化: \t 1 , &{Name:work_ls Command:*  CronExpr:* }" func=github.com/leiwenxuan/crontab/worker/core.JobMangerSer.JobWatch.func1 file="core/JobManger.go:79"
time="2020-01-28T19:37:17+08:00" level=debug msg="[github.com/leiwenxuan/crontab/worker/core.(*SchedulerSer).PushJobEvent(core/scheduler.go:145)] PushJobEvent&{1 0xc0000fd620}" func="github.com/leiwenxuan/crontab/worker/core.(*SchedulerSer).PushJobEvent" file="core/scheduler.go:145"
time="2020-01-28T19:40:00+08:00" level=info msg="[github.com/leiwenxuan/crontab/worker/core.(*SchedulerSer).TrySchedule(core/scheduler.go:122)] 执行任务: work_1" func="github.com/leiwenxuan/crontab/worker/core.(*SchedulerSer).TrySchedule" file="core/scheduler.go:122"
time="2020-01-28T19:40:00+08:00" level=info msg="[github.com/leiwenxuan/crontab/worker/core.(*SchedulerSer).TryStartJob(core/scheduler.go:101)] 执行任务：  work_12020-01-28 19:40:00 +0800 CST 2020-01-28 19:40:00.0008189 +0800 CST m=+210.228581301" func="github.com/leiwenxuan/crontab/worker/core.(*SchedulerSer).TryStartJob" file="core/scheduler.go:101"
time="2020-01-28T19:44:33+08:00" level=info msg="[github.com/leiwenxuan/crontab/worker/core.JobMangerSer.JobWatch.func1(core/JobManger.go:79)] 监听事件变化: \t 1 , &{Name:work_ls Command:*  CronExpr:*/5 * * * * * *}" func=github.com/leiwenxuan/crontab/worker/core.JobMangerSer.JobWatch.func1 file="core/JobManger.go:79"
time="2020-01-28T19:44:43+08:00" level=debug msg="[github.com/leiwenxuan/crontab/worker/core.(*SchedulerSer).PushJobEvent(core/scheduler.go:145)] PushJobEvent&{1 0xc0004446f0}" func="github.com/leiwenxuan/crontab/worker/core.(*SchedulerSer).PushJobEvent" file="core/scheduler.go:145"
time="2020-01-28T19:44:44+08:00" level=error msg="[github.com/leiwenxuan/crontab/worker.(*RegisterEtcd).keepOnline(worker/Register.go:133)] register 续租失败2020-01-28 19:44:44" func="github.com/leiwenxuan/crontab/worker.(*RegisterEtcd).keepOnline" file="worker/Register.go:133"
time="2020-01-28T19:44:45+08:00" level=info msg="[github.com/leiwenxuan/crontab/worker/core.(*SchedulerSer).TrySchedule(core/scheduler.go:122)] 执行任务: work_ls" func="github.com/leiwenxuan/crontab/worker/core.(*SchedulerSer).TrySchedule" file="core/scheduler.go:122"
time="2020-01-28T19:44:45+08:00" level=info msg="[github.com/leiwenxuan/crontab/worker/core.(*SchedulerSer).TryStartJob(core/scheduler.go:101)] 执行任务：  work_ls2020-01-28 19:44:45 +0800 CST 2020-01-28 19:44:45.0015563 +0800 CST m=+495.229318701" func="github.com/leiwenxuan/crontab/worker/core.(*SchedulerSer).TryStartJob" file="core/scheduler.go:101"
time="2020-01-28T19:44:50+08:00" level=info msg="[github.com/leiwenxuan/crontab/worker/core.(*SchedulerSer).TrySchedule(core/scheduler.go:122)] 执行任务: work_ls" func="github.com/leiwenxuan/crontab/worker/core.(*SchedulerSer).TrySchedule" file="core/scheduler.go:122"
time="2020-01-28T19:44:50+08:00" level=info msg="[github.com/leiwenxuan/crontab/worker/core.(*SchedulerSer).TryStartJob(core/scheduler.go:90)] 任务尚未推出: %!(NOVERB)%!(EXTRA string=work_ls)" func="github.com/leiwenxuan/crontab/worker/core.(*SchedulerSer).TryStartJob" file="core/scheduler.go:90"
time="2020-01-28T19:44:55+08:00" level=info msg="[github.com/leiwenxuan/crontab/worker/core.(*SchedulerSer).TrySchedule(core/scheduler.go:122)] 执行任务: work_ls" func="github.com/leiwenxuan/crontab/worker/core.(*SchedulerSer).TrySchedule" file="core/scheduler.go:122"
time="2020-01-28T19:44:55+08:00" level=info msg="[github.com/leiwenxuan/crontab/worker/core.(*SchedulerSer).TryStartJob(core/scheduler.go:90)] 任务尚未推出: %!(NOVERB)%!(EXTRA string=work_ls)" func="github.com/leiwenxuan/crontab/worker/core.(*SchedulerSer).TryStartJob" file="core/scheduler.go:90"
time="2020-01-28T19:45:00+08:00" level=info msg="[github.com/leiwenxuan/crontab/worker/core.(*SchedulerSer).TrySchedule(core/scheduler.go:122)] 执行任务: work_ls" func="github.com/leiwenxuan/crontab/worker/core.(*SchedulerSer).TrySchedule" file="core/scheduler.go:122"
time="2020-01-28T19:45:00+08:00" level=info msg="[github.com/leiwenxuan/crontab/worker/core.(*SchedulerSer).TryStartJob(core/scheduler.go:90)] 任务尚未推出: %!(NOVERB)%!(EXTRA string=work_ls)" func="github.com/leiwenxuan/crontab/worker/core.(*SchedulerSer).TryStartJob" file="core/scheduler.go:90"
time="2020-01-28T19:45:05+08:00" level=info msg="[github.com/leiwenxuan/crontab/worker/core.(*SchedulerSer).TrySchedule(core/scheduler.go:122)] 执行任务: work_ls" func="github.com/leiwenxuan/crontab/worker/core.(*SchedulerSer).TrySchedule" file="core/scheduler.go:122"
time="2020-01-28T19:45:05+08:00" level=info msg="[github.com/leiwenxuan/crontab/worker/core.(*SchedulerSer).TryStartJob(core/scheduler.go:90)] 任务尚未推出: %!(NOVERB)%!(EXTRA string=work_ls)" func="github.com/leiwenxuan/crontab/worker/core.(*SchedulerSer).TryStartJob" file="core/scheduler.go:90"
time="2020-01-28T19:45:10+08:00" level=info msg="[github.com/leiwenxuan/crontab/worker/core.(*SchedulerSer).TrySchedule(core/scheduler.go:122)] 执行任务: work_ls" func="github.com/leiwenxuan/crontab/worker/core.(*SchedulerSer).TrySchedule" file="core/scheduler.go:122"
time="2020-01-28T19:45:10+08:00" level=info msg="[github.com/leiwenxuan/crontab/worker/core.(*SchedulerSer).TryStartJob(core/scheduler.go:90)] 任务尚未推出: %!(NOVERB)%!(EXTRA string=work_ls)" func="github.com/leiwenxuan/crontab/worker/core.(*SchedulerSer).TryStartJob" file="core/scheduler.go:90"
time="2020-01-28T19:45:15+08:00" level=info msg="[github.com/leiwenxuan/crontab/worker/core.(*SchedulerSer).TrySchedule(core/scheduler.go:122)] 执行任务: work_ls" func="github.com/leiwenxuan/crontab/worker/core.(*SchedulerSer).TrySchedule" file="core/scheduler.go:122"
time="2020-01-28T19:45:15+08:00" level=info msg="[github.com/leiwenxuan/crontab/worker/core.(*SchedulerSer).TryStartJob(core/scheduler.go:90)] 任务尚未推出: %!(NOVERB)%!(EXTRA string=work_ls)" func="github.com/leiwenxuan/crontab/worker/core.(*SchedulerSer).TryStartJob" file="core/scheduler.go:90"
time="2020-01-28T19:45:20+08:00" level=info msg="[github.com/leiwenxuan/crontab/worker/core.(*SchedulerSer).TrySchedule(core/scheduler.go:122)] 执行任务: work_ls" func="github.com/leiwenxuan/crontab/worker/core.(*SchedulerSer).TrySchedule" file="core/scheduler.go:122"
time="2020-01-28T19:45:20+08:00" level=info msg="[github.com/leiwenxuan/crontab/worker/core.(*SchedulerSer).TryStartJob(core/scheduler.go:90)] 任务尚未推出: %!(NOVERB)%!(EXTRA string=work_ls)" func="github.com/leiwenxuan/crontab/worker/core.(*SchedulerSer).TryStartJob" file="core/scheduler.go:90"
time="2020-01-28T19:45:25+08:00" level=info msg="[github.com/leiwenxuan/crontab/worker/core.(*SchedulerSer).TrySchedule(core/scheduler.go:122)] 执行任务: work_ls" func="github.com/leiwenxuan/crontab/worker/core.(*SchedulerSer).TrySchedule" file="core/scheduler.go:122"
time="2020-01-28T19:45:25+08:00" level=info msg="[github.com/leiwenxuan/crontab/worker/core.(*SchedulerSer).TryStartJob(core/scheduler.go:90)] 任务尚未推出: %!(NOVERB)%!(EXTRA string=work_ls)" func="github.com/leiwenxuan/crontab/worker/core.(*SchedulerSer).TryStartJob" file="core/scheduler.go:90"
time="2020-01-28T19:45:30+08:00" level=info msg="[github.com/leiwenxuan/crontab/worker/core.(*SchedulerSer).TrySchedule(core/scheduler.go:122)] 执行任务: work_ls" func="github.com/leiwenxuan/crontab/worker/core.(*SchedulerSer).TrySchedule" file="core/scheduler.go:122"
time="2020-01-28T19:45:30+08:00" level=info msg="[github.com/leiwenxuan/crontab/worker/core.(*SchedulerSer).TryStartJob(core/scheduler.go:90)] 任务尚未推出: %!(NOVERB)%!(EXTRA string=work_ls)" func="github.com/leiwenxuan/crontab/worker/core.(*SchedulerSer).TryStartJob" file="core/scheduler.go:90"
time="2020-01-28T19:45:35+08:00" level=info msg="[github.com/leiwenxuan/crontab/worker/core.(*SchedulerSer).TrySchedule(core/scheduler.go:122)] 执行任务: work_ls" func="github.com/leiwenxuan/crontab/worker/core.(*SchedulerSer).TrySchedule" file="core/scheduler.go:122"
time="2020-01-28T19:45:35+08:00" level=info msg="[github.com/leiwenxuan/crontab/worker/core.(*SchedulerSer).TryStartJob(core/scheduler.go:90)] 任务尚未推出: %!(NOVERB)%!(EXTRA string=work_ls)" func="github.com/leiwenxuan/crontab/worker/core.(*SchedulerSer).TryStartJob" file="core/scheduler.go:90"
time="2020-01-28T19:45:40+08:00" level=info msg="[github.com/leiwenxuan/crontab/worker/core.(*SchedulerSer).TrySchedule(core/scheduler.go:122)] 执行任务: work_ls" func="github.com/leiwenxuan/crontab/worker/core.(*SchedulerSer).TrySchedule" file="core/scheduler.go:122"
time="2020-01-28T19:45:40+08:00" level=info msg="[github.com/leiwenxuan/crontab/worker/core.(*SchedulerSer).TryStartJob(core/scheduler.go:90)] 任务尚未推出: %!(NOVERB)%!(EXTRA string=work_ls)" func="github.com/leiwenxuan/crontab/worker/core.(*SchedulerSer).TryStartJob" file="core/scheduler.go:90"
time="2020-01-28T19:45:45+08:00" level=info msg="[github.com/leiwenxuan/crontab/worker/core.(*SchedulerSer).TrySchedule(core/scheduler.go:122)] 执行任务: work_ls" func="github.com/leiwenxuan/crontab/worker/core.(*SchedulerSer).TrySchedule" file="core/scheduler.go:122"
time="2020-01-28T19:45:45+08:00" level=info msg="[github.com/leiwenxuan/crontab/worker/core.(*SchedulerSer).TryStartJob(core/scheduler.go:90)] 任务尚未推出: %!(NOVERB)%!(EXTRA string=work_ls)" func="github.com/leiwenxuan/crontab/worker/core.(*SchedulerSer).TryStartJob" file="core/scheduler.go:90"
time="2020-01-28T19:45:50+08:00" level=info msg="[github.com/leiwenxuan/crontab/worker/core.(*SchedulerSer).TrySchedule(core/scheduler.go:122)] 执行任务: work_ls" func="github.com/leiwenxuan/crontab/worker/core.(*SchedulerSer).TrySchedule" file="core/scheduler.go:122"
time="2020-01-28T19:45:50+08:00" level=info msg="[github.com/leiwenxuan/crontab/worker/core.(*SchedulerSer).TryStartJob(core/scheduler.go:90)] 任务尚未推出: %!(NOVERB)%!(EXTRA string=work_ls)" func="github.com/leiwenxuan/crontab/worker/core.(*SchedulerSer).TryStartJob" file="core/scheduler.go:90"
time="2020-01-28T19:45:55+08:00" level=info msg="[github.com/leiwenxuan/crontab/worker/core.(*SchedulerSer).TrySchedule(core/scheduler.go:122)] 执行任务: work_ls" func="github.com/leiwenxuan/crontab/worker/core.(*SchedulerSer).TrySchedule" file="core/scheduler.go:122"
time="2020-01-28T19:45:55+08:00" level=info msg="[github.com/leiwenxuan/crontab/worker/core.(*SchedulerSer).TryStartJob(core/scheduler.go:90)] 任务尚未推出: %!(NOVERB)%!(EXTRA string=work_ls)" func="github.com/leiwenxuan/crontab/worker/core.(*SchedulerSer).TryStartJob" file="core/scheduler.go:90"
time="2020-01-28T19:46:00+08:00" level=info msg="[github.com/leiwenxuan/crontab/worker/core.(*SchedulerSer).TrySchedule(core/scheduler.go:122)] 执行任务: work_ls" func="github.com/leiwenxuan/crontab/worker/core.(*SchedulerSer).TrySchedule" file="core/scheduler.go:122"
time="2020-01-28T19:46:00+08:00" level=info msg="[github.com/leiwenxuan/crontab/worker/core.(*SchedulerSer).TryStartJob(core/scheduler.go:90)] 任务尚未推出: %!(NOVERB)%!(EXTRA string=work_ls)" func="github.com/leiwenxuan/crontab/worker/core.(*SchedulerSer).TryStartJob" file="core/scheduler.go:90"
time="2020-01-28T19:46:05+08:00" level=info msg="[github.com/leiwenxuan/crontab/worker/core.(*SchedulerSer).TrySchedule(core/scheduler.go:122)] 执行任务: work_ls" func="github.com/leiwenxuan/crontab/worker/core.(*SchedulerSer).TrySchedule" file="core/scheduler.go:122"
time="2020-01-28T19:46:05+08:00" level=info msg="[github.com/leiwenxuan/crontab/worker/core.(*SchedulerSer).TryStartJob(core/scheduler.go:90)] 任务尚未推出: %!(NOVERB)%!(EXTRA string=work_ls)" func="github.com/leiwenxuan/crontab/worker/core.(*SchedulerSer).TryStartJob" file="core/scheduler.go:90"
time="2020-01-28T19:46:10+08:00" level=info msg="[github.com/leiwenxuan/crontab/worker/core.(*SchedulerSer).TrySchedule(core/scheduler.go:122)] 执行任务: work_ls" func="github.com/leiwenxuan/crontab/worker/core.(*SchedulerSer).TrySchedule" file="core/scheduler.go:122"
time="2020-01-28T19:46:10+08:00" level=info msg="[github.com/leiwenxuan/crontab/worker/core.(*SchedulerSer).TryStartJob(core/scheduler.go:90)] 任务尚未推出: %!(NOVERB)%!(EXTRA string=work_ls)" func="github.com/leiwenxuan/crontab/worker/core.(*SchedulerSer).TryStartJob" file="core/scheduler.go:90"
time="2020-01-28T19:46:15+08:00" level=info msg="[github.com/leiwenxuan/crontab/worker/core.(*SchedulerSer).TrySchedule(core/scheduler.go:122)] 执行任务: work_ls" func="github.com/leiwenxuan/crontab/worker/core.(*SchedulerSer).TrySchedule" file="core/scheduler.go:122"
time="2020-01-28T19:46:15+08:00" level=info msg="[github.com/leiwenxuan/crontab/worker/core.(*SchedulerSer).TryStartJob(core/scheduler.go:90)] 任务尚未推出: %!(NOVERB)%!(EXTRA string=work_ls)" func="github.com/leiwenxuan/crontab/worker/core.(*SchedulerSer).TryStartJob" file="core/scheduler.go:90"
time="2020-01-28T19:46:20+08:00" level=info msg="[github.com/leiwenxuan/crontab/worker/core.(*SchedulerSer).TrySchedule(core/scheduler.go:122)] 执行任务: work_ls" func="github.com/leiwenxuan/crontab/worker/core.(*SchedulerSer).TrySchedule" file="core/scheduler.go:122"
time="2020-01-28T19:46:20+08:00" level=info msg="[github.com/leiwenxuan/crontab/worker/core.(*SchedulerSer).TryStartJob(core/scheduler.go:90)] 任务尚未推出: %!(NOVERB)%!(EXTRA string=work_ls)" func="github.com/leiwenxuan/crontab/worker/core.(*SchedulerSer).TryStartJob" file="core/scheduler.go:90"
time="2020-01-28T19:46:25+08:00" level=info msg="[github.com/leiwenxuan/crontab/worker/core.(*SchedulerSer).TrySchedule(core/scheduler.go:122)] 执行任务: work_ls" func="github.com/leiwenxuan/crontab/worker/core.(*SchedulerSer).TrySchedule" file="core/scheduler.go:122"
time="2020-01-28T19:46:25+08:00" level=info msg="[github.com/leiwenxuan/crontab/worker/core.(*SchedulerSer).TryStartJob(core/scheduler.go:90)] 任务尚未推出: %!(NOVERB)%!(EXTRA string=work_ls)" func="github.com/leiwenxuan/crontab/worker/core.(*SchedulerSer).TryStartJob" file="core/scheduler.go:90"
time="2020-01-28T19:46:30+08:00" level=info msg="[github.com/leiwenxuan/crontab/worker/core.(*SchedulerSer).TrySchedule(core/scheduler.go:122)] 执行任务: work_ls" func="github.com/leiwenxuan/crontab/worker/core.(*SchedulerSer).TrySchedule" file="core/scheduler.go:122"
time="2020-01-28T19:46:30+08:00" level=info msg="[github.com/leiwenxuan/crontab/worker/core.(*SchedulerSer).TryStartJob(core/scheduler.go:90)] 任务尚未推出: %!(NOVERB)%!(EXTRA string=work_ls)" func="github.com/leiwenxuan/crontab/worker/core.(*SchedulerSer).TryStartJob" file="core/scheduler.go:90"
time="2020-01-28T19:46:35+08:00" level=info msg="[github.com/leiwenxuan/crontab/worker/core.(*SchedulerSer).TrySchedule(core/scheduler.go:122)] 执行任务: work_ls" func="github.com/leiwenxuan/crontab/worker/core.(*SchedulerSer).TrySchedule" file="core/scheduler.go:122"
time="2020-01-28T19:46:35+08:00" level=info msg="[github.com/leiwenxuan/crontab/worker/core.(*SchedulerSer).TryStartJob(core/scheduler.go:90)] 任务尚未推出: %!(NOVERB)%!(EXTRA string=work_ls)" func="github.com/leiwenxuan/crontab/worker/core.(*SchedulerSer).TryStartJob" file="core/scheduler.go:90"
time="2020-01-28T19:46:37+08:00" level=info msg="[github.com/leiwenxuan/crontab/worker/core.JobMangerSer.JobWatch.func1(core/JobManger.go:79)] 监听事件变化: \t 1 , &{Name:work_ls Command:*  CronExpr:*/10 * * * * * *}" func=github.com/leiwenxuan/crontab/worker/core.JobMangerSer.JobWatch.func1 file="core/JobManger.go:79"
time="2020-01-28T19:46:41+08:00" level=debug msg="[github.com/leiwenxuan/crontab/worker/core.(*SchedulerSer).PushJobEvent(core/scheduler.go:145)] PushJobEvent&{1 0xc0000fc8a0}" func="github.com/leiwenxuan/crontab/worker/core.(*SchedulerSer).PushJobEvent" file="core/scheduler.go:145"
time="2020-01-28T19:46:41+08:00" level=info msg="[github.com/leiwenxuan/crontab/worker/core.(*SchedulerSer).TrySchedule(core/scheduler.go:122)] 执行任务: work_ls" func="github.com/leiwenxuan/crontab/worker/core.(*SchedulerSer).TrySchedule" file="core/scheduler.go:122"
time="2020-01-28T19:46:41+08:00" level=info msg="[github.com/leiwenxuan/crontab/worker/core.(*SchedulerSer).TryStartJob(core/scheduler.go:90)] 任务尚未推出: %!(NOVERB)%!(EXTRA string=work_ls)" func="github.com/leiwenxuan/crontab/worker/core.(*SchedulerSer).TryStartJob" file="core/scheduler.go:90"
time="2020-01-28T19:46:50+08:00" level=info msg="[github.com/leiwenxuan/crontab/worker/core.(*SchedulerSer).TrySchedule(core/scheduler.go:122)] 执行任务: work_ls" func="github.com/leiwenxuan/crontab/worker/core.(*SchedulerSer).TrySchedule" file="core/scheduler.go:122"
time="2020-01-28T19:46:50+08:00" level=info msg="[github.com/leiwenxuan/crontab/worker/core.(*SchedulerSer).TryStartJob(core/scheduler.go:90)] 任务尚未推出: %!(NOVERB)%!(EXTRA string=work_ls)" func="github.com/leiwenxuan/crontab/worker/core.(*SchedulerSer).TryStartJob" file="core/scheduler.go:90"
time="2020-01-28T19:47:00+08:00" level=info msg="[github.com/leiwenxuan/crontab/worker/core.(*SchedulerSer).TrySchedule(core/scheduler.go:122)] 执行任务: work_ls" func="github.com/leiwenxuan/crontab/worker/core.(*SchedulerSer).TrySchedule" file="core/scheduler.go:122"
time="2020-01-28T19:47:00+08:00" level=info msg="[github.com/leiwenxuan/crontab/worker/core.(*SchedulerSer).TryStartJob(core/scheduler.go:90)] 任务尚未推出: %!(NOVERB)%!(EXTRA string=work_ls)" func="github.com/leiwenxuan/crontab/worker/core.(*SchedulerSer).TryStartJob" file="core/scheduler.go:90"
time="2020-01-28T19:47:10+08:00" level=info msg="[github.com/leiwenxuan/crontab/worker/core.(*SchedulerSer).TrySchedule(core/scheduler.go:122)] 执行任务: work_ls" func="github.com/leiwenxuan/crontab/worker/core.(*SchedulerSer).TrySchedule" file="core/scheduler.go:122"
time="2020-01-28T19:47:10+08:00" level=info msg="[github.com/leiwenxuan/crontab/worker/core.(*SchedulerSer).TryStartJob(core/scheduler.go:90)] 任务尚未推出: %!(NOVERB)%!(EXTRA string=work_ls)" func="github.com/leiwenxuan/crontab/worker/core.(*SchedulerSer).TryStartJob" file="core/scheduler.go:90"
time="2020-01-28T19:47:42+08:00" level=error msg="[github.com/leiwenxuan/crontab/worker.(*RegisterEtcd).keepOnline(worker/Register.go:133)] register 续租失败2020-01-28 19:47:42" func="github.com/leiwenxuan/crontab/worker.(*RegisterEtcd).keepOnline" file="worker/Register.go:133"
time="2020-01-28T19:47:44+08:00" level=info msg="[github.com/leiwenxuan/crontab/worker/core.(*SchedulerSer).TrySchedule(core/scheduler.go:122)] 执行任务: work_ls" func="github.com/leiwenxuan/crontab/worker/core.(*SchedulerSer).TrySchedule" file="core/scheduler.go:122"
time="2020-01-28T19:47:44+08:00" level=info msg="[github.com/leiwenxuan/crontab/worker/core.(*SchedulerSer).TryStartJob(core/scheduler.go:90)] 任务尚未推出: %!(NOVERB)%!(EXTRA string=work_ls)" func="github.com/leiwenxuan/crontab/worker/core.(*SchedulerSer).TryStartJob" file="core/scheduler.go:90"
