time="2020-02-03T21:55:33+08:00" level=info msg="[github.com/leiwenxuan/crontab/infra/base.(*PropsStarter).Init(base/props.go:22)] 初始化配置." func="github.com/leiwenxuan/crontab/infra/base.(*PropsStarter).Init" file="base/props.go:22"
time="2020-02-03T21:55:33+08:00" level=info msg="[github.com/leiwenxuan/crontab/infra/base.(*EtcdStarter).Setup(base/etcd.go:38)] 获取ETCD集群：[192.168.1.5:12381 192.168.1.5:12382 192.168.1.5:12381]" func="github.com/leiwenxuan/crontab/infra/base.(*EtcdStarter).Setup" file="base/etcd.go:38"
time="2020-02-03T21:55:33+08:00" level=info msg="[github.com/leiwenxuan/crontab/infra/base.(*EtcdStarter).Setup(base/etcd.go:41)] 获取ETCD超时时间：5000" func="github.com/leiwenxuan/crontab/infra/base.(*EtcdStarter).Setup" file="base/etcd.go:41"
time="2020-02-03T21:55:33+08:00" level=debug msg="[github.com/leiwenxuan/crontab/infra/base.(*EtcdStarter).Setup(base/etcd.go:54)] clientMongo etcd:&{0xc00030c0c0 0xc00030c0f0 0xc0002de000 0xc0002e6000 0xc00030c1e0 0xc00030c210 0xc00011e700 {[192.168.1.5:12381 192.168.1.5:12382 192.168.1.5:12381] 0 5000000000 0 0 0 0 <nil>   false [] <nil> <nil> false} <nil> 0xc000070300 0xc0002ed7a0 0xc000476200 0x53a190   <nil> [{false} {2097152} {2147483647}] 0xc0000702a0}" func="github.com/leiwenxuan/crontab/infra/base.(*EtcdStarter).Setup" file="base/etcd.go:54"
time="2020-02-03T21:55:33+08:00" level=debug msg="[main.main(main/main.go:33)] 调度器初始化" func=main.main file="main/main.go:33"
time="2020-02-03T21:55:33+08:00" level=debug msg="[main.main(main/main.go:37)] 初始化job管理器" func=main.main file="main/main.go:37"
time="2020-02-03T21:55:33+08:00" level=info msg="[github.com/leiwenxuan/crontab/worker/core.(*JobMangerSer).JobWatch(core/JobManger.go:75)] all kv:   &{cluster_id:2362756668383640308 member_id:9858694209087393831 revision:57013 raft_term:15  [key:\"/cron/jobs/2020_1_30_19_04\" create_revision:45021 mod_revision:52666 version:3 value:\"{\\\"name\\\":\\\"2020_1_30_19_04\\\",\\\"command\\\":\\\"echo 'hello'; sleep 2\\\",\\\"cronExpr\\\":\\\"*/10 * * * * * * *\\\"}\" ] false 1 {} [] 0}" func="github.com/leiwenxuan/crontab/worker/core.(*JobMangerSer).JobWatch" file="core/JobManger.go:75"
time="2020-02-03T21:55:33+08:00" level=debug msg="[github.com/leiwenxuan/crontab/worker/core.(*JobMangerSer).JobWatch(core/JobManger.go:81)] &{1 0xc0003447b0}" func="github.com/leiwenxuan/crontab/worker/core.(*JobMangerSer).JobWatch" file="core/JobManger.go:81"
time="2020-02-03T21:55:33+08:00" level=debug msg="[github.com/leiwenxuan/crontab/worker/core.(*SchedulerSer).PushJobEvent(core/scheduler.go:167)] PushJobEvent&{1 0xc0003447b0}" func="github.com/leiwenxuan/crontab/worker/core.(*SchedulerSer).PushJobEvent" file="core/scheduler.go:167"
time="2020-02-03T21:55:33+08:00" level=debug msg="[main.main(main/main.go:42)] 初始化日志" func=main.main file="main/main.go:42"
time="2020-02-03T21:55:33+08:00" level=debug msg="[main.main(main/main.go:44)] 初始化执行器" func=main.main file="main/main.go:44"
time="2020-02-03T21:55:40+08:00" level=info msg="[github.com/leiwenxuan/crontab/worker/core.(*SchedulerSer).TrySchedule(core/scheduler.go:123)] 执行任务: 2020_1_30_19_04" func="github.com/leiwenxuan/crontab/worker/core.(*SchedulerSer).TrySchedule" file="core/scheduler.go:123"
time="2020-02-03T21:55:40+08:00" level=info msg="[github.com/leiwenxuan/crontab/worker/core.(*SchedulerSer).TryStartJob(core/scheduler.go:101)] 执行任务：  2020_1_30_19_042020-02-03 21:55:40 +0800 CST 2020-02-03 21:55:40.001775 +0800 CST m=+7.175618801" func="github.com/leiwenxuan/crontab/worker/core.(*SchedulerSer).TryStartJob" file="core/scheduler.go:101"
time="2020-02-03T21:55:40+08:00" level=debug msg="[github.com/leiwenxuan/crontab/worker/core.(*Executor).ExecutorJob.func1(core/executor.go:36)] 初始化分布式锁KEY: 2020_1_30_19_04" func="github.com/leiwenxuan/crontab/worker/core.(*Executor).ExecutorJob.func1" file="core/executor.go:36"
time="2020-02-03T21:55:40+08:00" level=debug msg="[github.com/leiwenxuan/crontab/worker/core.(*Executor).ExecutorJob.func1(core/executor.go:54)] 加锁成功" func="github.com/leiwenxuan/crontab/worker/core.(*Executor).ExecutorJob.func1" file="core/executor.go:54"
time="2020-02-03T21:55:40+08:00" level=error msg="[github.com/leiwenxuan/crontab/worker/core.(*Executor).ExecutorJob.func1(core/executor.go:61)] 执行任务出错： exec: \"/bin/bash\": file does not exist" func="github.com/leiwenxuan/crontab/worker/core.(*Executor).ExecutorJob.func1" file="core/executor.go:61"
time="2020-02-03T21:55:40+08:00" level=info msg="[github.com/leiwenxuan/crontab/worker/core.(*LogSink).Append(core/logManger.go:121)] 发送日志" func="github.com/leiwenxuan/crontab/worker/core.(*LogSink).Append" file="core/logManger.go:121"
time="2020-02-03T21:55:40+08:00" level=info msg="[github.com/leiwenxuan/crontab/worker/core.(*SchedulerSer).HandleJobResult(core/scheduler.go:161)] 任务执行完成:  2020_1_30_19_04" func="github.com/leiwenxuan/crontab/worker/core.(*SchedulerSer).HandleJobResult" file="core/scheduler.go:161"
time="2020-02-03T21:55:45+08:00" level=debug msg="[github.com/leiwenxuan/crontab/worker/core.(*LogSink).SaveLogs(core/logManger.go:116)] 提交日志:  2020-02-03 21:55:45" func="github.com/leiwenxuan/crontab/worker/core.(*LogSink).SaveLogs" file="core/logManger.go:116"
time="2020-02-03T21:55:50+08:00" level=info msg="[github.com/leiwenxuan/crontab/worker/core.(*SchedulerSer).TrySchedule(core/scheduler.go:123)] 执行任务: 2020_1_30_19_04" func="github.com/leiwenxuan/crontab/worker/core.(*SchedulerSer).TrySchedule" file="core/scheduler.go:123"
time="2020-02-03T21:55:50+08:00" level=info msg="[github.com/leiwenxuan/crontab/worker/core.(*SchedulerSer).TryStartJob(core/scheduler.go:101)] 执行任务：  2020_1_30_19_042020-02-03 21:55:50 +0800 CST 2020-02-03 21:55:50.0006024 +0800 CST m=+17.174446201" func="github.com/leiwenxuan/crontab/worker/core.(*SchedulerSer).TryStartJob" file="core/scheduler.go:101"
time="2020-02-03T21:55:50+08:00" level=debug msg="[github.com/leiwenxuan/crontab/worker/core.(*Executor).ExecutorJob.func1(core/executor.go:36)] 初始化分布式锁KEY: 2020_1_30_19_04" func="github.com/leiwenxuan/crontab/worker/core.(*Executor).ExecutorJob.func1" file="core/executor.go:36"
time="2020-02-03T21:55:50+08:00" level=debug msg="[github.com/leiwenxuan/crontab/worker/core.(*Executor).ExecutorJob.func1(core/executor.go:54)] 加锁成功" func="github.com/leiwenxuan/crontab/worker/core.(*Executor).ExecutorJob.func1" file="core/executor.go:54"
time="2020-02-03T21:55:50+08:00" level=error msg="[github.com/leiwenxuan/crontab/worker/core.(*Executor).ExecutorJob.func1(core/executor.go:61)] 执行任务出错： exec: \"/bin/bash\": file does not exist" func="github.com/leiwenxuan/crontab/worker/core.(*Executor).ExecutorJob.func1" file="core/executor.go:61"
time="2020-02-03T21:55:50+08:00" level=info msg="[github.com/leiwenxuan/crontab/worker/core.(*LogSink).Append(core/logManger.go:121)] 发送日志" func="github.com/leiwenxuan/crontab/worker/core.(*LogSink).Append" file="core/logManger.go:121"
time="2020-02-03T21:55:50+08:00" level=info msg="[github.com/leiwenxuan/crontab/worker/core.(*SchedulerSer).HandleJobResult(core/scheduler.go:161)] 任务执行完成:  2020_1_30_19_04" func="github.com/leiwenxuan/crontab/worker/core.(*SchedulerSer).HandleJobResult" file="core/scheduler.go:161"
time="2020-02-03T21:55:55+08:00" level=debug msg="[github.com/leiwenxuan/crontab/worker/core.(*LogSink).SaveLogs(core/logManger.go:116)] 提交日志:  2020-02-03 21:55:55" func="github.com/leiwenxuan/crontab/worker/core.(*LogSink).SaveLogs" file="core/logManger.go:116"
time="2020-02-03T21:56:00+08:00" level=info msg="[github.com/leiwenxuan/crontab/worker/core.(*SchedulerSer).TrySchedule(core/scheduler.go:123)] 执行任务: 2020_1_30_19_04" func="github.com/leiwenxuan/crontab/worker/core.(*SchedulerSer).TrySchedule" file="core/scheduler.go:123"
time="2020-02-03T21:56:00+08:00" level=info msg="[github.com/leiwenxuan/crontab/worker/core.(*SchedulerSer).TryStartJob(core/scheduler.go:101)] 执行任务：  2020_1_30_19_042020-02-03 21:56:00 +0800 CST 2020-02-03 21:56:00.00069 +0800 CST m=+27.174533801" func="github.com/leiwenxuan/crontab/worker/core.(*SchedulerSer).TryStartJob" file="core/scheduler.go:101"
time="2020-02-03T21:56:00+08:00" level=debug msg="[github.com/leiwenxuan/crontab/worker/core.(*Executor).ExecutorJob.func1(core/executor.go:36)] 初始化分布式锁KEY: 2020_1_30_19_04" func="github.com/leiwenxuan/crontab/worker/core.(*Executor).ExecutorJob.func1" file="core/executor.go:36"
time="2020-02-03T21:56:00+08:00" level=debug msg="[github.com/leiwenxuan/crontab/worker/core.(*Executor).ExecutorJob.func1(core/executor.go:54)] 加锁成功" func="github.com/leiwenxuan/crontab/worker/core.(*Executor).ExecutorJob.func1" file="core/executor.go:54"
time="2020-02-03T21:56:00+08:00" level=error msg="[github.com/leiwenxuan/crontab/worker/core.(*Executor).ExecutorJob.func1(core/executor.go:61)] 执行任务出错： exec: \"/bin/bash\": file does not exist" func="github.com/leiwenxuan/crontab/worker/core.(*Executor).ExecutorJob.func1" file="core/executor.go:61"
time="2020-02-03T21:56:00+08:00" level=info msg="[github.com/leiwenxuan/crontab/worker/core.(*LogSink).Append(core/logManger.go:121)] 发送日志" func="github.com/leiwenxuan/crontab/worker/core.(*LogSink).Append" file="core/logManger.go:121"
time="2020-02-03T21:56:00+08:00" level=info msg="[github.com/leiwenxuan/crontab/worker/core.(*SchedulerSer).HandleJobResult(core/scheduler.go:161)] 任务执行完成:  2020_1_30_19_04" func="github.com/leiwenxuan/crontab/worker/core.(*SchedulerSer).HandleJobResult" file="core/scheduler.go:161"
time="2020-02-03T21:56:05+08:00" level=debug msg="[github.com/leiwenxuan/crontab/worker/core.(*LogSink).SaveLogs(core/logManger.go:116)] 提交日志:  2020-02-03 21:56:05" func="github.com/leiwenxuan/crontab/worker/core.(*LogSink).SaveLogs" file="core/logManger.go:116"
time="2020-02-03T21:56:10+08:00" level=info msg="[github.com/leiwenxuan/crontab/worker/core.(*SchedulerSer).TrySchedule(core/scheduler.go:123)] 执行任务: 2020_1_30_19_04" func="github.com/leiwenxuan/crontab/worker/core.(*SchedulerSer).TrySchedule" file="core/scheduler.go:123"
time="2020-02-03T21:56:10+08:00" level=info msg="[github.com/leiwenxuan/crontab/worker/core.(*SchedulerSer).TryStartJob(core/scheduler.go:101)] 执行任务：  2020_1_30_19_042020-02-03 21:56:10 +0800 CST 2020-02-03 21:56:10.0015507 +0800 CST m=+37.175394501" func="github.com/leiwenxuan/crontab/worker/core.(*SchedulerSer).TryStartJob" file="core/scheduler.go:101"
time="2020-02-03T21:56:10+08:00" level=debug msg="[github.com/leiwenxuan/crontab/worker/core.(*Executor).ExecutorJob.func1(core/executor.go:36)] 初始化分布式锁KEY: 2020_1_30_19_04" func="github.com/leiwenxuan/crontab/worker/core.(*Executor).ExecutorJob.func1" file="core/executor.go:36"
time="2020-02-03T21:56:10+08:00" level=debug msg="[github.com/leiwenxuan/crontab/worker/core.(*Executor).ExecutorJob.func1(core/executor.go:54)] 加锁成功" func="github.com/leiwenxuan/crontab/worker/core.(*Executor).ExecutorJob.func1" file="core/executor.go:54"
time="2020-02-03T21:56:10+08:00" level=error msg="[github.com/leiwenxuan/crontab/worker/core.(*Executor).ExecutorJob.func1(core/executor.go:61)] 执行任务出错： exec: \"/bin/bash\": file does not exist" func="github.com/leiwenxuan/crontab/worker/core.(*Executor).ExecutorJob.func1" file="core/executor.go:61"
time="2020-02-03T21:56:10+08:00" level=info msg="[github.com/leiwenxuan/crontab/worker/core.(*LogSink).Append(core/logManger.go:121)] 发送日志" func="github.com/leiwenxuan/crontab/worker/core.(*LogSink).Append" file="core/logManger.go:121"
time="2020-02-03T21:56:10+08:00" level=info msg="[github.com/leiwenxuan/crontab/worker/core.(*SchedulerSer).HandleJobResult(core/scheduler.go:161)] 任务执行完成:  2020_1_30_19_04" func="github.com/leiwenxuan/crontab/worker/core.(*SchedulerSer).HandleJobResult" file="core/scheduler.go:161"
time="2020-02-03T21:56:15+08:00" level=debug msg="[github.com/leiwenxuan/crontab/worker/core.(*LogSink).SaveLogs(core/logManger.go:116)] 提交日志:  2020-02-03 21:56:15" func="github.com/leiwenxuan/crontab/worker/core.(*LogSink).SaveLogs" file="core/logManger.go:116"
time="2020-02-03T21:56:20+08:00" level=info msg="[github.com/leiwenxuan/crontab/worker/core.(*SchedulerSer).TrySchedule(core/scheduler.go:123)] 执行任务: 2020_1_30_19_04" func="github.com/leiwenxuan/crontab/worker/core.(*SchedulerSer).TrySchedule" file="core/scheduler.go:123"
time="2020-02-03T21:56:20+08:00" level=info msg="[github.com/leiwenxuan/crontab/worker/core.(*SchedulerSer).TryStartJob(core/scheduler.go:101)] 执行任务：  2020_1_30_19_042020-02-03 21:56:20 +0800 CST 2020-02-03 21:56:20.0003154 +0800 CST m=+47.174159201" func="github.com/leiwenxuan/crontab/worker/core.(*SchedulerSer).TryStartJob" file="core/scheduler.go:101"
time="2020-02-03T21:56:20+08:00" level=debug msg="[github.com/leiwenxuan/crontab/worker/core.(*Executor).ExecutorJob.func1(core/executor.go:36)] 初始化分布式锁KEY: 2020_1_30_19_04" func="github.com/leiwenxuan/crontab/worker/core.(*Executor).ExecutorJob.func1" file="core/executor.go:36"
time="2020-02-03T21:56:20+08:00" level=debug msg="[github.com/leiwenxuan/crontab/worker/core.(*Executor).ExecutorJob.func1(core/executor.go:54)] 加锁成功" func="github.com/leiwenxuan/crontab/worker/core.(*Executor).ExecutorJob.func1" file="core/executor.go:54"
time="2020-02-03T21:56:20+08:00" level=error msg="[github.com/leiwenxuan/crontab/worker/core.(*Executor).ExecutorJob.func1(core/executor.go:61)] 执行任务出错： exec: \"/bin/bash\": file does not exist" func="github.com/leiwenxuan/crontab/worker/core.(*Executor).ExecutorJob.func1" file="core/executor.go:61"
time="2020-02-03T21:56:20+08:00" level=info msg="[github.com/leiwenxuan/crontab/worker/core.(*LogSink).Append(core/logManger.go:121)] 发送日志" func="github.com/leiwenxuan/crontab/worker/core.(*LogSink).Append" file="core/logManger.go:121"
time="2020-02-03T21:56:20+08:00" level=info msg="[github.com/leiwenxuan/crontab/worker/core.(*SchedulerSer).HandleJobResult(core/scheduler.go:161)] 任务执行完成:  2020_1_30_19_04" func="github.com/leiwenxuan/crontab/worker/core.(*SchedulerSer).HandleJobResult" file="core/scheduler.go:161"
time="2020-02-03T21:56:25+08:00" level=debug msg="[github.com/leiwenxuan/crontab/worker/core.(*LogSink).SaveLogs(core/logManger.go:116)] 提交日志:  2020-02-03 21:56:25" func="github.com/leiwenxuan/crontab/worker/core.(*LogSink).SaveLogs" file="core/logManger.go:116"
time="2020-02-03T21:56:30+08:00" level=info msg="[github.com/leiwenxuan/crontab/worker/core.(*SchedulerSer).TrySchedule(core/scheduler.go:123)] 执行任务: 2020_1_30_19_04" func="github.com/leiwenxuan/crontab/worker/core.(*SchedulerSer).TrySchedule" file="core/scheduler.go:123"
time="2020-02-03T21:56:30+08:00" level=info msg="[github.com/leiwenxuan/crontab/worker/core.(*SchedulerSer).TryStartJob(core/scheduler.go:101)] 执行任务：  2020_1_30_19_042020-02-03 21:56:30 +0800 CST 2020-02-03 21:56:30.0013554 +0800 CST m=+57.175199201" func="github.com/leiwenxuan/crontab/worker/core.(*SchedulerSer).TryStartJob" file="core/scheduler.go:101"
time="2020-02-03T21:56:30+08:00" level=debug msg="[github.com/leiwenxuan/crontab/worker/core.(*Executor).ExecutorJob.func1(core/executor.go:36)] 初始化分布式锁KEY: 2020_1_30_19_04" func="github.com/leiwenxuan/crontab/worker/core.(*Executor).ExecutorJob.func1" file="core/executor.go:36"
time="2020-02-03T21:56:30+08:00" level=debug msg="[github.com/leiwenxuan/crontab/worker/core.(*Executor).ExecutorJob.func1(core/executor.go:54)] 加锁成功" func="github.com/leiwenxuan/crontab/worker/core.(*Executor).ExecutorJob.func1" file="core/executor.go:54"
time="2020-02-03T21:56:30+08:00" level=error msg="[github.com/leiwenxuan/crontab/worker/core.(*Executor).ExecutorJob.func1(core/executor.go:61)] 执行任务出错： exec: \"/bin/bash\": file does not exist" func="github.com/leiwenxuan/crontab/worker/core.(*Executor).ExecutorJob.func1" file="core/executor.go:61"
time="2020-02-03T21:56:30+08:00" level=info msg="[github.com/leiwenxuan/crontab/worker/core.(*LogSink).Append(core/logManger.go:121)] 发送日志" func="github.com/leiwenxuan/crontab/worker/core.(*LogSink).Append" file="core/logManger.go:121"
time="2020-02-03T21:56:30+08:00" level=info msg="[github.com/leiwenxuan/crontab/worker/core.(*SchedulerSer).HandleJobResult(core/scheduler.go:161)] 任务执行完成:  2020_1_30_19_04" func="github.com/leiwenxuan/crontab/worker/core.(*SchedulerSer).HandleJobResult" file="core/scheduler.go:161"
time="2020-02-03T21:56:35+08:00" level=debug msg="[github.com/leiwenxuan/crontab/worker/core.(*LogSink).SaveLogs(core/logManger.go:116)] 提交日志:  2020-02-03 21:56:35" func="github.com/leiwenxuan/crontab/worker/core.(*LogSink).SaveLogs" file="core/logManger.go:116"
time="2020-02-03T21:56:40+08:00" level=info msg="[github.com/leiwenxuan/crontab/worker/core.(*SchedulerSer).TrySchedule(core/scheduler.go:123)] 执行任务: 2020_1_30_19_04" func="github.com/leiwenxuan/crontab/worker/core.(*SchedulerSer).TrySchedule" file="core/scheduler.go:123"
time="2020-02-03T21:56:40+08:00" level=info msg="[github.com/leiwenxuan/crontab/worker/core.(*SchedulerSer).TryStartJob(core/scheduler.go:101)] 执行任务：  2020_1_30_19_042020-02-03 21:56:40 +0800 CST 2020-02-03 21:56:40.0000046 +0800 CST m=+67.173848401" func="github.com/leiwenxuan/crontab/worker/core.(*SchedulerSer).TryStartJob" file="core/scheduler.go:101"
time="2020-02-03T21:56:40+08:00" level=debug msg="[github.com/leiwenxuan/crontab/worker/core.(*Executor).ExecutorJob.func1(core/executor.go:36)] 初始化分布式锁KEY: 2020_1_30_19_04" func="github.com/leiwenxuan/crontab/worker/core.(*Executor).ExecutorJob.func1" file="core/executor.go:36"
time="2020-02-03T21:56:40+08:00" level=debug msg="[github.com/leiwenxuan/crontab/worker/core.(*Executor).ExecutorJob.func1(core/executor.go:54)] 加锁成功" func="github.com/leiwenxuan/crontab/worker/core.(*Executor).ExecutorJob.func1" file="core/executor.go:54"
time="2020-02-03T21:56:40+08:00" level=error msg="[github.com/leiwenxuan/crontab/worker/core.(*Executor).ExecutorJob.func1(core/executor.go:61)] 执行任务出错： exec: \"/bin/bash\": file does not exist" func="github.com/leiwenxuan/crontab/worker/core.(*Executor).ExecutorJob.func1" file="core/executor.go:61"
time="2020-02-03T21:56:40+08:00" level=info msg="[github.com/leiwenxuan/crontab/worker/core.(*LogSink).Append(core/logManger.go:121)] 发送日志" func="github.com/leiwenxuan/crontab/worker/core.(*LogSink).Append" file="core/logManger.go:121"
time="2020-02-03T21:56:40+08:00" level=info msg="[github.com/leiwenxuan/crontab/worker/core.(*SchedulerSer).HandleJobResult(core/scheduler.go:161)] 任务执行完成:  2020_1_30_19_04" func="github.com/leiwenxuan/crontab/worker/core.(*SchedulerSer).HandleJobResult" file="core/scheduler.go:161"
time="2020-02-03T21:56:45+08:00" level=debug msg="[github.com/leiwenxuan/crontab/worker/core.(*LogSink).SaveLogs(core/logManger.go:116)] 提交日志:  2020-02-03 21:56:45" func="github.com/leiwenxuan/crontab/worker/core.(*LogSink).SaveLogs" file="core/logManger.go:116"
time="2020-02-03T21:56:50+08:00" level=info msg="[github.com/leiwenxuan/crontab/worker/core.(*SchedulerSer).TrySchedule(core/scheduler.go:123)] 执行任务: 2020_1_30_19_04" func="github.com/leiwenxuan/crontab/worker/core.(*SchedulerSer).TrySchedule" file="core/scheduler.go:123"
time="2020-02-03T21:56:50+08:00" level=info msg="[github.com/leiwenxuan/crontab/worker/core.(*SchedulerSer).TryStartJob(core/scheduler.go:101)] 执行任务：  2020_1_30_19_042020-02-03 21:56:50 +0800 CST 2020-02-03 21:56:50.0003391 +0800 CST m=+77.174182901" func="github.com/leiwenxuan/crontab/worker/core.(*SchedulerSer).TryStartJob" file="core/scheduler.go:101"
time="2020-02-03T21:56:50+08:00" level=debug msg="[github.com/leiwenxuan/crontab/worker/core.(*Executor).ExecutorJob.func1(core/executor.go:36)] 初始化分布式锁KEY: 2020_1_30_19_04" func="github.com/leiwenxuan/crontab/worker/core.(*Executor).ExecutorJob.func1" file="core/executor.go:36"
time="2020-02-03T21:56:50+08:00" level=debug msg="[github.com/leiwenxuan/crontab/worker/core.(*Executor).ExecutorJob.func1(core/executor.go:54)] 加锁成功" func="github.com/leiwenxuan/crontab/worker/core.(*Executor).ExecutorJob.func1" file="core/executor.go:54"
time="2020-02-03T21:56:50+08:00" level=error msg="[github.com/leiwenxuan/crontab/worker/core.(*Executor).ExecutorJob.func1(core/executor.go:61)] 执行任务出错： exec: \"/bin/bash\": file does not exist" func="github.com/leiwenxuan/crontab/worker/core.(*Executor).ExecutorJob.func1" file="core/executor.go:61"
time="2020-02-03T21:56:50+08:00" level=info msg="[github.com/leiwenxuan/crontab/worker/core.(*LogSink).Append(core/logManger.go:121)] 发送日志" func="github.com/leiwenxuan/crontab/worker/core.(*LogSink).Append" file="core/logManger.go:121"
time="2020-02-03T21:56:50+08:00" level=info msg="[github.com/leiwenxuan/crontab/worker/core.(*SchedulerSer).HandleJobResult(core/scheduler.go:161)] 任务执行完成:  2020_1_30_19_04" func="github.com/leiwenxuan/crontab/worker/core.(*SchedulerSer).HandleJobResult" file="core/scheduler.go:161"
time="2020-02-03T21:56:55+08:00" level=debug msg="[github.com/leiwenxuan/crontab/worker/core.(*LogSink).SaveLogs(core/logManger.go:116)] 提交日志:  2020-02-03 21:56:55" func="github.com/leiwenxuan/crontab/worker/core.(*LogSink).SaveLogs" file="core/logManger.go:116"
time="2020-02-03T21:57:00+08:00" level=info msg="[github.com/leiwenxuan/crontab/worker/core.(*SchedulerSer).TrySchedule(core/scheduler.go:123)] 执行任务: 2020_1_30_19_04" func="github.com/leiwenxuan/crontab/worker/core.(*SchedulerSer).TrySchedule" file="core/scheduler.go:123"
time="2020-02-03T21:57:00+08:00" level=info msg="[github.com/leiwenxuan/crontab/worker/core.(*SchedulerSer).TryStartJob(core/scheduler.go:101)] 执行任务：  2020_1_30_19_042020-02-03 21:57:00 +0800 CST 2020-02-03 21:57:00.001108 +0800 CST m=+87.174951801" func="github.com/leiwenxuan/crontab/worker/core.(*SchedulerSer).TryStartJob" file="core/scheduler.go:101"
time="2020-02-03T21:57:00+08:00" level=debug msg="[github.com/leiwenxuan/crontab/worker/core.(*Executor).ExecutorJob.func1(core/executor.go:36)] 初始化分布式锁KEY: 2020_1_30_19_04" func="github.com/leiwenxuan/crontab/worker/core.(*Executor).ExecutorJob.func1" file="core/executor.go:36"
time="2020-02-03T21:57:00+08:00" level=debug msg="[github.com/leiwenxuan/crontab/worker/core.(*Executor).ExecutorJob.func1(core/executor.go:54)] 加锁成功" func="github.com/leiwenxuan/crontab/worker/core.(*Executor).ExecutorJob.func1" file="core/executor.go:54"
time="2020-02-03T21:57:00+08:00" level=error msg="[github.com/leiwenxuan/crontab/worker/core.(*Executor).ExecutorJob.func1(core/executor.go:61)] 执行任务出错： exec: \"/bin/bash\": file does not exist" func="github.com/leiwenxuan/crontab/worker/core.(*Executor).ExecutorJob.func1" file="core/executor.go:61"
time="2020-02-03T21:57:00+08:00" level=info msg="[github.com/leiwenxuan/crontab/worker/core.(*LogSink).Append(core/logManger.go:121)] 发送日志" func="github.com/leiwenxuan/crontab/worker/core.(*LogSink).Append" file="core/logManger.go:121"
time="2020-02-03T21:57:00+08:00" level=info msg="[github.com/leiwenxuan/crontab/worker/core.(*SchedulerSer).HandleJobResult(core/scheduler.go:161)] 任务执行完成:  2020_1_30_19_04" func="github.com/leiwenxuan/crontab/worker/core.(*SchedulerSer).HandleJobResult" file="core/scheduler.go:161"
time="2020-02-03T21:57:05+08:00" level=debug msg="[github.com/leiwenxuan/crontab/worker/core.(*LogSink).SaveLogs(core/logManger.go:116)] 提交日志:  2020-02-03 21:57:05" func="github.com/leiwenxuan/crontab/worker/core.(*LogSink).SaveLogs" file="core/logManger.go:116"
time="2020-02-03T21:57:10+08:00" level=info msg="[github.com/leiwenxuan/crontab/worker/core.(*SchedulerSer).TrySchedule(core/scheduler.go:123)] 执行任务: 2020_1_30_19_04" func="github.com/leiwenxuan/crontab/worker/core.(*SchedulerSer).TrySchedule" file="core/scheduler.go:123"
time="2020-02-03T21:57:10+08:00" level=info msg="[github.com/leiwenxuan/crontab/worker/core.(*SchedulerSer).TryStartJob(core/scheduler.go:101)] 执行任务：  2020_1_30_19_042020-02-03 21:57:10 +0800 CST 2020-02-03 21:57:10.0001291 +0800 CST m=+97.173972901" func="github.com/leiwenxuan/crontab/worker/core.(*SchedulerSer).TryStartJob" file="core/scheduler.go:101"
time="2020-02-03T21:57:10+08:00" level=debug msg="[github.com/leiwenxuan/crontab/worker/core.(*Executor).ExecutorJob.func1(core/executor.go:36)] 初始化分布式锁KEY: 2020_1_30_19_04" func="github.com/leiwenxuan/crontab/worker/core.(*Executor).ExecutorJob.func1" file="core/executor.go:36"
time="2020-02-03T21:57:10+08:00" level=debug msg="[github.com/leiwenxuan/crontab/worker/core.(*Executor).ExecutorJob.func1(core/executor.go:54)] 加锁成功" func="github.com/leiwenxuan/crontab/worker/core.(*Executor).ExecutorJob.func1" file="core/executor.go:54"
time="2020-02-03T21:57:10+08:00" level=error msg="[github.com/leiwenxuan/crontab/worker/core.(*Executor).ExecutorJob.func1(core/executor.go:61)] 执行任务出错： exec: \"/bin/bash\": file does not exist" func="github.com/leiwenxuan/crontab/worker/core.(*Executor).ExecutorJob.func1" file="core/executor.go:61"
time="2020-02-03T21:57:10+08:00" level=info msg="[github.com/leiwenxuan/crontab/worker/core.(*LogSink).Append(core/logManger.go:121)] 发送日志" func="github.com/leiwenxuan/crontab/worker/core.(*LogSink).Append" file="core/logManger.go:121"
time="2020-02-03T21:57:10+08:00" level=info msg="[github.com/leiwenxuan/crontab/worker/core.(*SchedulerSer).HandleJobResult(core/scheduler.go:161)] 任务执行完成:  2020_1_30_19_04" func="github.com/leiwenxuan/crontab/worker/core.(*SchedulerSer).HandleJobResult" file="core/scheduler.go:161"
time="2020-02-03T21:57:15+08:00" level=debug msg="[github.com/leiwenxuan/crontab/worker/core.(*LogSink).SaveLogs(core/logManger.go:116)] 提交日志:  2020-02-03 21:57:15" func="github.com/leiwenxuan/crontab/worker/core.(*LogSink).SaveLogs" file="core/logManger.go:116"
time="2020-02-03T21:57:20+08:00" level=info msg="[github.com/leiwenxuan/crontab/worker/core.(*SchedulerSer).TrySchedule(core/scheduler.go:123)] 执行任务: 2020_1_30_19_04" func="github.com/leiwenxuan/crontab/worker/core.(*SchedulerSer).TrySchedule" file="core/scheduler.go:123"
time="2020-02-03T21:57:20+08:00" level=info msg="[github.com/leiwenxuan/crontab/worker/core.(*SchedulerSer).TryStartJob(core/scheduler.go:101)] 执行任务：  2020_1_30_19_042020-02-03 21:57:20 +0800 CST 2020-02-03 21:57:20.0003722 +0800 CST m=+107.174216001" func="github.com/leiwenxuan/crontab/worker/core.(*SchedulerSer).TryStartJob" file="core/scheduler.go:101"
time="2020-02-03T21:57:20+08:00" level=debug msg="[github.com/leiwenxuan/crontab/worker/core.(*Executor).ExecutorJob.func1(core/executor.go:36)] 初始化分布式锁KEY: 2020_1_30_19_04" func="github.com/leiwenxuan/crontab/worker/core.(*Executor).ExecutorJob.func1" file="core/executor.go:36"
time="2020-02-03T21:57:20+08:00" level=debug msg="[github.com/leiwenxuan/crontab/worker/core.(*Executor).ExecutorJob.func1(core/executor.go:54)] 加锁成功" func="github.com/leiwenxuan/crontab/worker/core.(*Executor).ExecutorJob.func1" file="core/executor.go:54"
time="2020-02-03T21:57:20+08:00" level=error msg="[github.com/leiwenxuan/crontab/worker/core.(*Executor).ExecutorJob.func1(core/executor.go:61)] 执行任务出错： exec: \"/bin/bash\": file does not exist" func="github.com/leiwenxuan/crontab/worker/core.(*Executor).ExecutorJob.func1" file="core/executor.go:61"
time="2020-02-03T21:57:20+08:00" level=info msg="[github.com/leiwenxuan/crontab/worker/core.(*LogSink).Append(core/logManger.go:121)] 发送日志" func="github.com/leiwenxuan/crontab/worker/core.(*LogSink).Append" file="core/logManger.go:121"
time="2020-02-03T21:57:20+08:00" level=info msg="[github.com/leiwenxuan/crontab/worker/core.(*SchedulerSer).HandleJobResult(core/scheduler.go:161)] 任务执行完成:  2020_1_30_19_04" func="github.com/leiwenxuan/crontab/worker/core.(*SchedulerSer).HandleJobResult" file="core/scheduler.go:161"
time="2020-02-03T21:57:25+08:00" level=debug msg="[github.com/leiwenxuan/crontab/worker/core.(*LogSink).SaveLogs(core/logManger.go:116)] 提交日志:  2020-02-03 21:57:25" func="github.com/leiwenxuan/crontab/worker/core.(*LogSink).SaveLogs" file="core/logManger.go:116"
time="2020-02-03T21:57:30+08:00" level=info msg="[github.com/leiwenxuan/crontab/worker/core.(*SchedulerSer).TrySchedule(core/scheduler.go:123)] 执行任务: 2020_1_30_19_04" func="github.com/leiwenxuan/crontab/worker/core.(*SchedulerSer).TrySchedule" file="core/scheduler.go:123"
time="2020-02-03T21:57:30+08:00" level=info msg="[github.com/leiwenxuan/crontab/worker/core.(*SchedulerSer).TryStartJob(core/scheduler.go:101)] 执行任务：  2020_1_30_19_042020-02-03 21:57:30 +0800 CST 2020-02-03 21:57:30.0001227 +0800 CST m=+117.173966501" func="github.com/leiwenxuan/crontab/worker/core.(*SchedulerSer).TryStartJob" file="core/scheduler.go:101"
time="2020-02-03T21:57:30+08:00" level=debug msg="[github.com/leiwenxuan/crontab/worker/core.(*Executor).ExecutorJob.func1(core/executor.go:36)] 初始化分布式锁KEY: 2020_1_30_19_04" func="github.com/leiwenxuan/crontab/worker/core.(*Executor).ExecutorJob.func1" file="core/executor.go:36"
time="2020-02-03T21:57:30+08:00" level=debug msg="[github.com/leiwenxuan/crontab/worker/core.(*Executor).ExecutorJob.func1(core/executor.go:54)] 加锁成功" func="github.com/leiwenxuan/crontab/worker/core.(*Executor).ExecutorJob.func1" file="core/executor.go:54"
time="2020-02-03T21:57:30+08:00" level=error msg="[github.com/leiwenxuan/crontab/worker/core.(*Executor).ExecutorJob.func1(core/executor.go:61)] 执行任务出错： exec: \"/bin/bash\": file does not exist" func="github.com/leiwenxuan/crontab/worker/core.(*Executor).ExecutorJob.func1" file="core/executor.go:61"
time="2020-02-03T21:57:30+08:00" level=info msg="[github.com/leiwenxuan/crontab/worker/core.(*LogSink).Append(core/logManger.go:121)] 发送日志" func="github.com/leiwenxuan/crontab/worker/core.(*LogSink).Append" file="core/logManger.go:121"
time="2020-02-03T21:57:30+08:00" level=info msg="[github.com/leiwenxuan/crontab/worker/core.(*SchedulerSer).HandleJobResult(core/scheduler.go:161)] 任务执行完成:  2020_1_30_19_04" func="github.com/leiwenxuan/crontab/worker/core.(*SchedulerSer).HandleJobResult" file="core/scheduler.go:161"
time="2020-02-03T21:57:35+08:00" level=debug msg="[github.com/leiwenxuan/crontab/worker/core.(*LogSink).SaveLogs(core/logManger.go:116)] 提交日志:  2020-02-03 21:57:35" func="github.com/leiwenxuan/crontab/worker/core.(*LogSink).SaveLogs" file="core/logManger.go:116"
time="2020-02-03T21:57:40+08:00" level=info msg="[github.com/leiwenxuan/crontab/worker/core.(*SchedulerSer).TrySchedule(core/scheduler.go:123)] 执行任务: 2020_1_30_19_04" func="github.com/leiwenxuan/crontab/worker/core.(*SchedulerSer).TrySchedule" file="core/scheduler.go:123"
time="2020-02-03T21:57:40+08:00" level=info msg="[github.com/leiwenxuan/crontab/worker/core.(*SchedulerSer).TryStartJob(core/scheduler.go:101)] 执行任务：  2020_1_30_19_042020-02-03 21:57:40 +0800 CST 2020-02-03 21:57:40.0019865 +0800 CST m=+127.175830301" func="github.com/leiwenxuan/crontab/worker/core.(*SchedulerSer).TryStartJob" file="core/scheduler.go:101"
time="2020-02-03T21:57:40+08:00" level=debug msg="[github.com/leiwenxuan/crontab/worker/core.(*Executor).ExecutorJob.func1(core/executor.go:36)] 初始化分布式锁KEY: 2020_1_30_19_04" func="github.com/leiwenxuan/crontab/worker/core.(*Executor).ExecutorJob.func1" file="core/executor.go:36"
time="2020-02-03T21:57:40+08:00" level=debug msg="[github.com/leiwenxuan/crontab/worker/core.(*Executor).ExecutorJob.func1(core/executor.go:54)] 加锁成功" func="github.com/leiwenxuan/crontab/worker/core.(*Executor).ExecutorJob.func1" file="core/executor.go:54"
time="2020-02-03T21:57:40+08:00" level=error msg="[github.com/leiwenxuan/crontab/worker/core.(*Executor).ExecutorJob.func1(core/executor.go:61)] 执行任务出错： exec: \"/bin/bash\": file does not exist" func="github.com/leiwenxuan/crontab/worker/core.(*Executor).ExecutorJob.func1" file="core/executor.go:61"
time="2020-02-03T21:57:40+08:00" level=info msg="[github.com/leiwenxuan/crontab/worker/core.(*LogSink).Append(core/logManger.go:121)] 发送日志" func="github.com/leiwenxuan/crontab/worker/core.(*LogSink).Append" file="core/logManger.go:121"
time="2020-02-03T21:57:40+08:00" level=info msg="[github.com/leiwenxuan/crontab/worker/core.(*SchedulerSer).HandleJobResult(core/scheduler.go:161)] 任务执行完成:  2020_1_30_19_04" func="github.com/leiwenxuan/crontab/worker/core.(*SchedulerSer).HandleJobResult" file="core/scheduler.go:161"
time="2020-02-03T21:57:45+08:00" level=debug msg="[github.com/leiwenxuan/crontab/worker/core.(*LogSink).SaveLogs(core/logManger.go:116)] 提交日志:  2020-02-03 21:57:45" func="github.com/leiwenxuan/crontab/worker/core.(*LogSink).SaveLogs" file="core/logManger.go:116"
time="2020-02-03T21:57:50+08:00" level=info msg="[github.com/leiwenxuan/crontab/worker/core.(*SchedulerSer).TrySchedule(core/scheduler.go:123)] 执行任务: 2020_1_30_19_04" func="github.com/leiwenxuan/crontab/worker/core.(*SchedulerSer).TrySchedule" file="core/scheduler.go:123"
time="2020-02-03T21:57:50+08:00" level=info msg="[github.com/leiwenxuan/crontab/worker/core.(*SchedulerSer).TryStartJob(core/scheduler.go:101)] 执行任务：  2020_1_30_19_042020-02-03 21:57:50 +0800 CST 2020-02-03 21:57:50.0002003 +0800 CST m=+137.174044101" func="github.com/leiwenxuan/crontab/worker/core.(*SchedulerSer).TryStartJob" file="core/scheduler.go:101"
time="2020-02-03T21:57:50+08:00" level=debug msg="[github.com/leiwenxuan/crontab/worker/core.(*Executor).ExecutorJob.func1(core/executor.go:36)] 初始化分布式锁KEY: 2020_1_30_19_04" func="github.com/leiwenxuan/crontab/worker/core.(*Executor).ExecutorJob.func1" file="core/executor.go:36"
time="2020-02-03T21:57:50+08:00" level=debug msg="[github.com/leiwenxuan/crontab/worker/core.(*Executor).ExecutorJob.func1(core/executor.go:54)] 加锁成功" func="github.com/leiwenxuan/crontab/worker/core.(*Executor).ExecutorJob.func1" file="core/executor.go:54"
time="2020-02-03T21:57:50+08:00" level=error msg="[github.com/leiwenxuan/crontab/worker/core.(*Executor).ExecutorJob.func1(core/executor.go:61)] 执行任务出错： exec: \"/bin/bash\": file does not exist" func="github.com/leiwenxuan/crontab/worker/core.(*Executor).ExecutorJob.func1" file="core/executor.go:61"
time="2020-02-03T21:57:50+08:00" level=info msg="[github.com/leiwenxuan/crontab/worker/core.(*LogSink).Append(core/logManger.go:121)] 发送日志" func="github.com/leiwenxuan/crontab/worker/core.(*LogSink).Append" file="core/logManger.go:121"
time="2020-02-03T21:57:50+08:00" level=info msg="[github.com/leiwenxuan/crontab/worker/core.(*SchedulerSer).HandleJobResult(core/scheduler.go:161)] 任务执行完成:  2020_1_30_19_04" func="github.com/leiwenxuan/crontab/worker/core.(*SchedulerSer).HandleJobResult" file="core/scheduler.go:161"
time="2020-02-03T21:57:55+08:00" level=debug msg="[github.com/leiwenxuan/crontab/worker/core.(*LogSink).SaveLogs(core/logManger.go:116)] 提交日志:  2020-02-03 21:57:55" func="github.com/leiwenxuan/crontab/worker/core.(*LogSink).SaveLogs" file="core/logManger.go:116"
time="2020-02-03T21:58:00+08:00" level=info msg="[github.com/leiwenxuan/crontab/worker/core.(*SchedulerSer).TrySchedule(core/scheduler.go:123)] 执行任务: 2020_1_30_19_04" func="github.com/leiwenxuan/crontab/worker/core.(*SchedulerSer).TrySchedule" file="core/scheduler.go:123"
time="2020-02-03T21:58:00+08:00" level=info msg="[github.com/leiwenxuan/crontab/worker/core.(*SchedulerSer).TryStartJob(core/scheduler.go:101)] 执行任务：  2020_1_30_19_042020-02-03 21:58:00 +0800 CST 2020-02-03 21:58:00.0002853 +0800 CST m=+147.174129101" func="github.com/leiwenxuan/crontab/worker/core.(*SchedulerSer).TryStartJob" file="core/scheduler.go:101"
time="2020-02-03T21:58:00+08:00" level=debug msg="[github.com/leiwenxuan/crontab/worker/core.(*Executor).ExecutorJob.func1(core/executor.go:36)] 初始化分布式锁KEY: 2020_1_30_19_04" func="github.com/leiwenxuan/crontab/worker/core.(*Executor).ExecutorJob.func1" file="core/executor.go:36"
time="2020-02-03T21:58:00+08:00" level=debug msg="[github.com/leiwenxuan/crontab/worker/core.(*Executor).ExecutorJob.func1(core/executor.go:54)] 加锁成功" func="github.com/leiwenxuan/crontab/worker/core.(*Executor).ExecutorJob.func1" file="core/executor.go:54"
time="2020-02-03T21:58:00+08:00" level=error msg="[github.com/leiwenxuan/crontab/worker/core.(*Executor).ExecutorJob.func1(core/executor.go:61)] 执行任务出错： exec: \"/bin/bash\": file does not exist" func="github.com/leiwenxuan/crontab/worker/core.(*Executor).ExecutorJob.func1" file="core/executor.go:61"
time="2020-02-03T21:58:00+08:00" level=info msg="[github.com/leiwenxuan/crontab/worker/core.(*LogSink).Append(core/logManger.go:121)] 发送日志" func="github.com/leiwenxuan/crontab/worker/core.(*LogSink).Append" file="core/logManger.go:121"
time="2020-02-03T21:58:00+08:00" level=info msg="[github.com/leiwenxuan/crontab/worker/core.(*SchedulerSer).HandleJobResult(core/scheduler.go:161)] 任务执行完成:  2020_1_30_19_04" func="github.com/leiwenxuan/crontab/worker/core.(*SchedulerSer).HandleJobResult" file="core/scheduler.go:161"
time="2020-02-03T21:58:05+08:00" level=debug msg="[github.com/leiwenxuan/crontab/worker/core.(*LogSink).SaveLogs(core/logManger.go:116)] 提交日志:  2020-02-03 21:58:05" func="github.com/leiwenxuan/crontab/worker/core.(*LogSink).SaveLogs" file="core/logManger.go:116"
time="2020-02-03T21:58:10+08:00" level=info msg="[github.com/leiwenxuan/crontab/worker/core.(*SchedulerSer).TrySchedule(core/scheduler.go:123)] 执行任务: 2020_1_30_19_04" func="github.com/leiwenxuan/crontab/worker/core.(*SchedulerSer).TrySchedule" file="core/scheduler.go:123"
time="2020-02-03T21:58:10+08:00" level=info msg="[github.com/leiwenxuan/crontab/worker/core.(*SchedulerSer).TryStartJob(core/scheduler.go:101)] 执行任务：  2020_1_30_19_042020-02-03 21:58:10 +0800 CST 2020-02-03 21:58:10.0003908 +0800 CST m=+157.174234601" func="github.com/leiwenxuan/crontab/worker/core.(*SchedulerSer).TryStartJob" file="core/scheduler.go:101"
time="2020-02-03T21:58:10+08:00" level=debug msg="[github.com/leiwenxuan/crontab/worker/core.(*Executor).ExecutorJob.func1(core/executor.go:36)] 初始化分布式锁KEY: 2020_1_30_19_04" func="github.com/leiwenxuan/crontab/worker/core.(*Executor).ExecutorJob.func1" file="core/executor.go:36"
time="2020-02-03T21:58:10+08:00" level=debug msg="[github.com/leiwenxuan/crontab/worker/core.(*Executor).ExecutorJob.func1(core/executor.go:54)] 加锁成功" func="github.com/leiwenxuan/crontab/worker/core.(*Executor).ExecutorJob.func1" file="core/executor.go:54"
time="2020-02-03T21:58:10+08:00" level=error msg="[github.com/leiwenxuan/crontab/worker/core.(*Executor).ExecutorJob.func1(core/executor.go:61)] 执行任务出错： exec: \"/bin/bash\": file does not exist" func="github.com/leiwenxuan/crontab/worker/core.(*Executor).ExecutorJob.func1" file="core/executor.go:61"
time="2020-02-03T21:58:10+08:00" level=info msg="[github.com/leiwenxuan/crontab/worker/core.(*LogSink).Append(core/logManger.go:121)] 发送日志" func="github.com/leiwenxuan/crontab/worker/core.(*LogSink).Append" file="core/logManger.go:121"
time="2020-02-03T21:58:10+08:00" level=info msg="[github.com/leiwenxuan/crontab/worker/core.(*SchedulerSer).HandleJobResult(core/scheduler.go:161)] 任务执行完成:  2020_1_30_19_04" func="github.com/leiwenxuan/crontab/worker/core.(*SchedulerSer).HandleJobResult" file="core/scheduler.go:161"
time="2020-02-03T21:58:15+08:00" level=debug msg="[github.com/leiwenxuan/crontab/worker/core.(*LogSink).SaveLogs(core/logManger.go:116)] 提交日志:  2020-02-03 21:58:15" func="github.com/leiwenxuan/crontab/worker/core.(*LogSink).SaveLogs" file="core/logManger.go:116"
time="2020-02-03T21:58:20+08:00" level=info msg="[github.com/leiwenxuan/crontab/worker/core.(*SchedulerSer).TrySchedule(core/scheduler.go:123)] 执行任务: 2020_1_30_19_04" func="github.com/leiwenxuan/crontab/worker/core.(*SchedulerSer).TrySchedule" file="core/scheduler.go:123"
time="2020-02-03T21:58:20+08:00" level=info msg="[github.com/leiwenxuan/crontab/worker/core.(*SchedulerSer).TryStartJob(core/scheduler.go:101)] 执行任务：  2020_1_30_19_042020-02-03 21:58:20 +0800 CST 2020-02-03 21:58:20.0006978 +0800 CST m=+167.174541601" func="github.com/leiwenxuan/crontab/worker/core.(*SchedulerSer).TryStartJob" file="core/scheduler.go:101"
time="2020-02-03T21:58:20+08:00" level=debug msg="[github.com/leiwenxuan/crontab/worker/core.(*Executor).ExecutorJob.func1(core/executor.go:36)] 初始化分布式锁KEY: 2020_1_30_19_04" func="github.com/leiwenxuan/crontab/worker/core.(*Executor).ExecutorJob.func1" file="core/executor.go:36"
time="2020-02-03T21:58:20+08:00" level=debug msg="[github.com/leiwenxuan/crontab/worker/core.(*Executor).ExecutorJob.func1(core/executor.go:54)] 加锁成功" func="github.com/leiwenxuan/crontab/worker/core.(*Executor).ExecutorJob.func1" file="core/executor.go:54"
time="2020-02-03T21:58:20+08:00" level=error msg="[github.com/leiwenxuan/crontab/worker/core.(*Executor).ExecutorJob.func1(core/executor.go:61)] 执行任务出错： exec: \"/bin/bash\": file does not exist" func="github.com/leiwenxuan/crontab/worker/core.(*Executor).ExecutorJob.func1" file="core/executor.go:61"
time="2020-02-03T21:58:20+08:00" level=info msg="[github.com/leiwenxuan/crontab/worker/core.(*LogSink).Append(core/logManger.go:121)] 发送日志" func="github.com/leiwenxuan/crontab/worker/core.(*LogSink).Append" file="core/logManger.go:121"
time="2020-02-03T21:58:20+08:00" level=info msg="[github.com/leiwenxuan/crontab/worker/core.(*SchedulerSer).HandleJobResult(core/scheduler.go:161)] 任务执行完成:  2020_1_30_19_04" func="github.com/leiwenxuan/crontab/worker/core.(*SchedulerSer).HandleJobResult" file="core/scheduler.go:161"
time="2020-02-03T21:58:25+08:00" level=debug msg="[github.com/leiwenxuan/crontab/worker/core.(*LogSink).SaveLogs(core/logManger.go:116)] 提交日志:  2020-02-03 21:58:25" func="github.com/leiwenxuan/crontab/worker/core.(*LogSink).SaveLogs" file="core/logManger.go:116"
time="2020-02-03T21:58:30+08:00" level=info msg="[github.com/leiwenxuan/crontab/worker/core.(*SchedulerSer).TrySchedule(core/scheduler.go:123)] 执行任务: 2020_1_30_19_04" func="github.com/leiwenxuan/crontab/worker/core.(*SchedulerSer).TrySchedule" file="core/scheduler.go:123"
time="2020-02-03T21:58:30+08:00" level=info msg="[github.com/leiwenxuan/crontab/worker/core.(*SchedulerSer).TryStartJob(core/scheduler.go:101)] 执行任务：  2020_1_30_19_042020-02-03 21:58:30 +0800 CST 2020-02-03 21:58:30.0003374 +0800 CST m=+177.174181201" func="github.com/leiwenxuan/crontab/worker/core.(*SchedulerSer).TryStartJob" file="core/scheduler.go:101"
time="2020-02-03T21:58:30+08:00" level=debug msg="[github.com/leiwenxuan/crontab/worker/core.(*Executor).ExecutorJob.func1(core/executor.go:36)] 初始化分布式锁KEY: 2020_1_30_19_04" func="github.com/leiwenxuan/crontab/worker/core.(*Executor).ExecutorJob.func1" file="core/executor.go:36"
time="2020-02-03T21:58:30+08:00" level=debug msg="[github.com/leiwenxuan/crontab/worker/core.(*Executor).ExecutorJob.func1(core/executor.go:54)] 加锁成功" func="github.com/leiwenxuan/crontab/worker/core.(*Executor).ExecutorJob.func1" file="core/executor.go:54"
time="2020-02-03T21:58:30+08:00" level=error msg="[github.com/leiwenxuan/crontab/worker/core.(*Executor).ExecutorJob.func1(core/executor.go:61)] 执行任务出错： exec: \"/bin/bash\": file does not exist" func="github.com/leiwenxuan/crontab/worker/core.(*Executor).ExecutorJob.func1" file="core/executor.go:61"
time="2020-02-03T21:58:30+08:00" level=info msg="[github.com/leiwenxuan/crontab/worker/core.(*LogSink).Append(core/logManger.go:121)] 发送日志" func="github.com/leiwenxuan/crontab/worker/core.(*LogSink).Append" file="core/logManger.go:121"
time="2020-02-03T21:58:30+08:00" level=info msg="[github.com/leiwenxuan/crontab/worker/core.(*SchedulerSer).HandleJobResult(core/scheduler.go:161)] 任务执行完成:  2020_1_30_19_04" func="github.com/leiwenxuan/crontab/worker/core.(*SchedulerSer).HandleJobResult" file="core/scheduler.go:161"
time="2020-02-03T21:58:35+08:00" level=debug msg="[github.com/leiwenxuan/crontab/worker/core.(*LogSink).SaveLogs(core/logManger.go:116)] 提交日志:  2020-02-03 21:58:35" func="github.com/leiwenxuan/crontab/worker/core.(*LogSink).SaveLogs" file="core/logManger.go:116"
time="2020-02-03T21:58:40+08:00" level=info msg="[github.com/leiwenxuan/crontab/worker/core.(*SchedulerSer).TrySchedule(core/scheduler.go:123)] 执行任务: 2020_1_30_19_04" func="github.com/leiwenxuan/crontab/worker/core.(*SchedulerSer).TrySchedule" file="core/scheduler.go:123"
time="2020-02-03T21:58:40+08:00" level=info msg="[github.com/leiwenxuan/crontab/worker/core.(*SchedulerSer).TryStartJob(core/scheduler.go:101)] 执行任务：  2020_1_30_19_042020-02-03 21:58:40 +0800 CST 2020-02-03 21:58:40.0004147 +0800 CST m=+187.174258501" func="github.com/leiwenxuan/crontab/worker/core.(*SchedulerSer).TryStartJob" file="core/scheduler.go:101"
time="2020-02-03T21:58:40+08:00" level=debug msg="[github.com/leiwenxuan/crontab/worker/core.(*Executor).ExecutorJob.func1(core/executor.go:36)] 初始化分布式锁KEY: 2020_1_30_19_04" func="github.com/leiwenxuan/crontab/worker/core.(*Executor).ExecutorJob.func1" file="core/executor.go:36"
time="2020-02-03T21:58:40+08:00" level=debug msg="[github.com/leiwenxuan/crontab/worker/core.(*Executor).ExecutorJob.func1(core/executor.go:54)] 加锁成功" func="github.com/leiwenxuan/crontab/worker/core.(*Executor).ExecutorJob.func1" file="core/executor.go:54"
time="2020-02-03T21:58:40+08:00" level=error msg="[github.com/leiwenxuan/crontab/worker/core.(*Executor).ExecutorJob.func1(core/executor.go:61)] 执行任务出错： exec: \"/bin/bash\": file does not exist" func="github.com/leiwenxuan/crontab/worker/core.(*Executor).ExecutorJob.func1" file="core/executor.go:61"
time="2020-02-03T21:58:40+08:00" level=info msg="[github.com/leiwenxuan/crontab/worker/core.(*LogSink).Append(core/logManger.go:121)] 发送日志" func="github.com/leiwenxuan/crontab/worker/core.(*LogSink).Append" file="core/logManger.go:121"
time="2020-02-03T21:58:40+08:00" level=info msg="[github.com/leiwenxuan/crontab/worker/core.(*SchedulerSer).HandleJobResult(core/scheduler.go:161)] 任务执行完成:  2020_1_30_19_04" func="github.com/leiwenxuan/crontab/worker/core.(*SchedulerSer).HandleJobResult" file="core/scheduler.go:161"
time="2020-02-03T21:58:45+08:00" level=debug msg="[github.com/leiwenxuan/crontab/worker/core.(*LogSink).SaveLogs(core/logManger.go:116)] 提交日志:  2020-02-03 21:58:45" func="github.com/leiwenxuan/crontab/worker/core.(*LogSink).SaveLogs" file="core/logManger.go:116"
time="2020-02-03T21:58:50+08:00" level=info msg="[github.com/leiwenxuan/crontab/worker/core.(*SchedulerSer).TrySchedule(core/scheduler.go:123)] 执行任务: 2020_1_30_19_04" func="github.com/leiwenxuan/crontab/worker/core.(*SchedulerSer).TrySchedule" file="core/scheduler.go:123"
time="2020-02-03T21:58:50+08:00" level=info msg="[github.com/leiwenxuan/crontab/worker/core.(*SchedulerSer).TryStartJob(core/scheduler.go:101)] 执行任务：  2020_1_30_19_042020-02-03 21:58:50 +0800 CST 2020-02-03 21:58:50.0003092 +0800 CST m=+197.174153001" func="github.com/leiwenxuan/crontab/worker/core.(*SchedulerSer).TryStartJob" file="core/scheduler.go:101"
time="2020-02-03T21:58:50+08:00" level=debug msg="[github.com/leiwenxuan/crontab/worker/core.(*Executor).ExecutorJob.func1(core/executor.go:36)] 初始化分布式锁KEY: 2020_1_30_19_04" func="github.com/leiwenxuan/crontab/worker/core.(*Executor).ExecutorJob.func1" file="core/executor.go:36"
time="2020-02-03T21:58:50+08:00" level=debug msg="[github.com/leiwenxuan/crontab/worker/core.(*Executor).ExecutorJob.func1(core/executor.go:54)] 加锁成功" func="github.com/leiwenxuan/crontab/worker/core.(*Executor).ExecutorJob.func1" file="core/executor.go:54"
time="2020-02-03T21:58:50+08:00" level=error msg="[github.com/leiwenxuan/crontab/worker/core.(*Executor).ExecutorJob.func1(core/executor.go:61)] 执行任务出错： exec: \"/bin/bash\": file does not exist" func="github.com/leiwenxuan/crontab/worker/core.(*Executor).ExecutorJob.func1" file="core/executor.go:61"
time="2020-02-03T21:58:50+08:00" level=info msg="[github.com/leiwenxuan/crontab/worker/core.(*LogSink).Append(core/logManger.go:121)] 发送日志" func="github.com/leiwenxuan/crontab/worker/core.(*LogSink).Append" file="core/logManger.go:121"
time="2020-02-03T21:58:50+08:00" level=info msg="[github.com/leiwenxuan/crontab/worker/core.(*SchedulerSer).HandleJobResult(core/scheduler.go:161)] 任务执行完成:  2020_1_30_19_04" func="github.com/leiwenxuan/crontab/worker/core.(*SchedulerSer).HandleJobResult" file="core/scheduler.go:161"
time="2020-02-03T21:58:55+08:00" level=debug msg="[github.com/leiwenxuan/crontab/worker/core.(*LogSink).SaveLogs(core/logManger.go:116)] 提交日志:  2020-02-03 21:58:55" func="github.com/leiwenxuan/crontab/worker/core.(*LogSink).SaveLogs" file="core/logManger.go:116"
time="2020-02-03T21:59:00+08:00" level=info msg="[github.com/leiwenxuan/crontab/worker/core.(*SchedulerSer).TrySchedule(core/scheduler.go:123)] 执行任务: 2020_1_30_19_04" func="github.com/leiwenxuan/crontab/worker/core.(*SchedulerSer).TrySchedule" file="core/scheduler.go:123"
time="2020-02-03T21:59:00+08:00" level=info msg="[github.com/leiwenxuan/crontab/worker/core.(*SchedulerSer).TryStartJob(core/scheduler.go:101)] 执行任务：  2020_1_30_19_042020-02-03 21:59:00 +0800 CST 2020-02-03 21:59:00.0007964 +0800 CST m=+207.174640201" func="github.com/leiwenxuan/crontab/worker/core.(*SchedulerSer).TryStartJob" file="core/scheduler.go:101"
time="2020-02-03T21:59:00+08:00" level=debug msg="[github.com/leiwenxuan/crontab/worker/core.(*Executor).ExecutorJob.func1(core/executor.go:36)] 初始化分布式锁KEY: 2020_1_30_19_04" func="github.com/leiwenxuan/crontab/worker/core.(*Executor).ExecutorJob.func1" file="core/executor.go:36"
time="2020-02-03T21:59:00+08:00" level=debug msg="[github.com/leiwenxuan/crontab/worker/core.(*Executor).ExecutorJob.func1(core/executor.go:54)] 加锁成功" func="github.com/leiwenxuan/crontab/worker/core.(*Executor).ExecutorJob.func1" file="core/executor.go:54"
time="2020-02-03T21:59:00+08:00" level=error msg="[github.com/leiwenxuan/crontab/worker/core.(*Executor).ExecutorJob.func1(core/executor.go:61)] 执行任务出错： exec: \"/bin/bash\": file does not exist" func="github.com/leiwenxuan/crontab/worker/core.(*Executor).ExecutorJob.func1" file="core/executor.go:61"
time="2020-02-03T21:59:00+08:00" level=info msg="[github.com/leiwenxuan/crontab/worker/core.(*LogSink).Append(core/logManger.go:121)] 发送日志" func="github.com/leiwenxuan/crontab/worker/core.(*LogSink).Append" file="core/logManger.go:121"
time="2020-02-03T21:59:00+08:00" level=info msg="[github.com/leiwenxuan/crontab/worker/core.(*SchedulerSer).HandleJobResult(core/scheduler.go:161)] 任务执行完成:  2020_1_30_19_04" func="github.com/leiwenxuan/crontab/worker/core.(*SchedulerSer).HandleJobResult" file="core/scheduler.go:161"
time="2020-02-03T21:59:05+08:00" level=debug msg="[github.com/leiwenxuan/crontab/worker/core.(*LogSink).SaveLogs(core/logManger.go:116)] 提交日志:  2020-02-03 21:59:05" func="github.com/leiwenxuan/crontab/worker/core.(*LogSink).SaveLogs" file="core/logManger.go:116"
time="2020-02-03T21:59:10+08:00" level=info msg="[github.com/leiwenxuan/crontab/worker/core.(*SchedulerSer).TrySchedule(core/scheduler.go:123)] 执行任务: 2020_1_30_19_04" func="github.com/leiwenxuan/crontab/worker/core.(*SchedulerSer).TrySchedule" file="core/scheduler.go:123"
time="2020-02-03T21:59:10+08:00" level=info msg="[github.com/leiwenxuan/crontab/worker/core.(*SchedulerSer).TryStartJob(core/scheduler.go:101)] 执行任务：  2020_1_30_19_042020-02-03 21:59:10 +0800 CST 2020-02-03 21:59:10.0007835 +0800 CST m=+217.174627301" func="github.com/leiwenxuan/crontab/worker/core.(*SchedulerSer).TryStartJob" file="core/scheduler.go:101"
time="2020-02-03T21:59:10+08:00" level=debug msg="[github.com/leiwenxuan/crontab/worker/core.(*Executor).ExecutorJob.func1(core/executor.go:36)] 初始化分布式锁KEY: 2020_1_30_19_04" func="github.com/leiwenxuan/crontab/worker/core.(*Executor).ExecutorJob.func1" file="core/executor.go:36"
time="2020-02-03T21:59:10+08:00" level=debug msg="[github.com/leiwenxuan/crontab/worker/core.(*Executor).ExecutorJob.func1(core/executor.go:54)] 加锁成功" func="github.com/leiwenxuan/crontab/worker/core.(*Executor).ExecutorJob.func1" file="core/executor.go:54"
time="2020-02-03T21:59:10+08:00" level=error msg="[github.com/leiwenxuan/crontab/worker/core.(*Executor).ExecutorJob.func1(core/executor.go:61)] 执行任务出错： exec: \"/bin/bash\": file does not exist" func="github.com/leiwenxuan/crontab/worker/core.(*Executor).ExecutorJob.func1" file="core/executor.go:61"
time="2020-02-03T21:59:10+08:00" level=info msg="[github.com/leiwenxuan/crontab/worker/core.(*LogSink).Append(core/logManger.go:121)] 发送日志" func="github.com/leiwenxuan/crontab/worker/core.(*LogSink).Append" file="core/logManger.go:121"
time="2020-02-03T21:59:10+08:00" level=info msg="[github.com/leiwenxuan/crontab/worker/core.(*SchedulerSer).HandleJobResult(core/scheduler.go:161)] 任务执行完成:  2020_1_30_19_04" func="github.com/leiwenxuan/crontab/worker/core.(*SchedulerSer).HandleJobResult" file="core/scheduler.go:161"
time="2020-02-03T21:59:15+08:00" level=debug msg="[github.com/leiwenxuan/crontab/worker/core.(*LogSink).SaveLogs(core/logManger.go:116)] 提交日志:  2020-02-03 21:59:15" func="github.com/leiwenxuan/crontab/worker/core.(*LogSink).SaveLogs" file="core/logManger.go:116"
time="2020-02-03T21:59:20+08:00" level=info msg="[github.com/leiwenxuan/crontab/worker/core.(*SchedulerSer).TrySchedule(core/scheduler.go:123)] 执行任务: 2020_1_30_19_04" func="github.com/leiwenxuan/crontab/worker/core.(*SchedulerSer).TrySchedule" file="core/scheduler.go:123"
time="2020-02-03T21:59:20+08:00" level=info msg="[github.com/leiwenxuan/crontab/worker/core.(*SchedulerSer).TryStartJob(core/scheduler.go:101)] 执行任务：  2020_1_30_19_042020-02-03 21:59:20 +0800 CST 2020-02-03 21:59:20.000327 +0800 CST m=+227.174170801" func="github.com/leiwenxuan/crontab/worker/core.(*SchedulerSer).TryStartJob" file="core/scheduler.go:101"
time="2020-02-03T21:59:20+08:00" level=debug msg="[github.com/leiwenxuan/crontab/worker/core.(*Executor).ExecutorJob.func1(core/executor.go:36)] 初始化分布式锁KEY: 2020_1_30_19_04" func="github.com/leiwenxuan/crontab/worker/core.(*Executor).ExecutorJob.func1" file="core/executor.go:36"
time="2020-02-03T21:59:20+08:00" level=debug msg="[github.com/leiwenxuan/crontab/worker/core.(*Executor).ExecutorJob.func1(core/executor.go:54)] 加锁成功" func="github.com/leiwenxuan/crontab/worker/core.(*Executor).ExecutorJob.func1" file="core/executor.go:54"
time="2020-02-03T21:59:20+08:00" level=error msg="[github.com/leiwenxuan/crontab/worker/core.(*Executor).ExecutorJob.func1(core/executor.go:61)] 执行任务出错： exec: \"/bin/bash\": file does not exist" func="github.com/leiwenxuan/crontab/worker/core.(*Executor).ExecutorJob.func1" file="core/executor.go:61"
time="2020-02-03T21:59:20+08:00" level=info msg="[github.com/leiwenxuan/crontab/worker/core.(*LogSink).Append(core/logManger.go:121)] 发送日志" func="github.com/leiwenxuan/crontab/worker/core.(*LogSink).Append" file="core/logManger.go:121"
time="2020-02-03T21:59:20+08:00" level=info msg="[github.com/leiwenxuan/crontab/worker/core.(*SchedulerSer).HandleJobResult(core/scheduler.go:161)] 任务执行完成:  2020_1_30_19_04" func="github.com/leiwenxuan/crontab/worker/core.(*SchedulerSer).HandleJobResult" file="core/scheduler.go:161"
time="2020-02-03T21:59:25+08:00" level=debug msg="[github.com/leiwenxuan/crontab/worker/core.(*LogSink).SaveLogs(core/logManger.go:116)] 提交日志:  2020-02-03 21:59:25" func="github.com/leiwenxuan/crontab/worker/core.(*LogSink).SaveLogs" file="core/logManger.go:116"
time="2020-02-03T21:59:30+08:00" level=info msg="[github.com/leiwenxuan/crontab/worker/core.(*SchedulerSer).TrySchedule(core/scheduler.go:123)] 执行任务: 2020_1_30_19_04" func="github.com/leiwenxuan/crontab/worker/core.(*SchedulerSer).TrySchedule" file="core/scheduler.go:123"
time="2020-02-03T21:59:30+08:00" level=info msg="[github.com/leiwenxuan/crontab/worker/core.(*SchedulerSer).TryStartJob(core/scheduler.go:101)] 执行任务：  2020_1_30_19_042020-02-03 21:59:30 +0800 CST 2020-02-03 21:59:30.0009077 +0800 CST m=+237.174751501" func="github.com/leiwenxuan/crontab/worker/core.(*SchedulerSer).TryStartJob" file="core/scheduler.go:101"
time="2020-02-03T21:59:30+08:00" level=debug msg="[github.com/leiwenxuan/crontab/worker/core.(*Executor).ExecutorJob.func1(core/executor.go:36)] 初始化分布式锁KEY: 2020_1_30_19_04" func="github.com/leiwenxuan/crontab/worker/core.(*Executor).ExecutorJob.func1" file="core/executor.go:36"
time="2020-02-03T21:59:30+08:00" level=debug msg="[github.com/leiwenxuan/crontab/worker/core.(*Executor).ExecutorJob.func1(core/executor.go:54)] 加锁成功" func="github.com/leiwenxuan/crontab/worker/core.(*Executor).ExecutorJob.func1" file="core/executor.go:54"
time="2020-02-03T21:59:30+08:00" level=error msg="[github.com/leiwenxuan/crontab/worker/core.(*Executor).ExecutorJob.func1(core/executor.go:61)] 执行任务出错： exec: \"/bin/bash\": file does not exist" func="github.com/leiwenxuan/crontab/worker/core.(*Executor).ExecutorJob.func1" file="core/executor.go:61"
time="2020-02-03T21:59:30+08:00" level=info msg="[github.com/leiwenxuan/crontab/worker/core.(*LogSink).Append(core/logManger.go:121)] 发送日志" func="github.com/leiwenxuan/crontab/worker/core.(*LogSink).Append" file="core/logManger.go:121"
time="2020-02-03T21:59:30+08:00" level=info msg="[github.com/leiwenxuan/crontab/worker/core.(*SchedulerSer).HandleJobResult(core/scheduler.go:161)] 任务执行完成:  2020_1_30_19_04" func="github.com/leiwenxuan/crontab/worker/core.(*SchedulerSer).HandleJobResult" file="core/scheduler.go:161"
time="2020-02-03T21:59:35+08:00" level=debug msg="[github.com/leiwenxuan/crontab/worker/core.(*LogSink).SaveLogs(core/logManger.go:116)] 提交日志:  2020-02-03 21:59:35" func="github.com/leiwenxuan/crontab/worker/core.(*LogSink).SaveLogs" file="core/logManger.go:116"
time="2020-02-03T21:59:40+08:00" level=info msg="[github.com/leiwenxuan/crontab/worker/core.(*SchedulerSer).TrySchedule(core/scheduler.go:123)] 执行任务: 2020_1_30_19_04" func="github.com/leiwenxuan/crontab/worker/core.(*SchedulerSer).TrySchedule" file="core/scheduler.go:123"
time="2020-02-03T21:59:40+08:00" level=info msg="[github.com/leiwenxuan/crontab/worker/core.(*SchedulerSer).TryStartJob(core/scheduler.go:101)] 执行任务：  2020_1_30_19_042020-02-03 21:59:40 +0800 CST 2020-02-03 21:59:40.0004957 +0800 CST m=+247.174339501" func="github.com/leiwenxuan/crontab/worker/core.(*SchedulerSer).TryStartJob" file="core/scheduler.go:101"
time="2020-02-03T21:59:40+08:00" level=debug msg="[github.com/leiwenxuan/crontab/worker/core.(*Executor).ExecutorJob.func1(core/executor.go:36)] 初始化分布式锁KEY: 2020_1_30_19_04" func="github.com/leiwenxuan/crontab/worker/core.(*Executor).ExecutorJob.func1" file="core/executor.go:36"
time="2020-02-03T21:59:40+08:00" level=debug msg="[github.com/leiwenxuan/crontab/worker/core.(*Executor).ExecutorJob.func1(core/executor.go:54)] 加锁成功" func="github.com/leiwenxuan/crontab/worker/core.(*Executor).ExecutorJob.func1" file="core/executor.go:54"
time="2020-02-03T21:59:40+08:00" level=error msg="[github.com/leiwenxuan/crontab/worker/core.(*Executor).ExecutorJob.func1(core/executor.go:61)] 执行任务出错： exec: \"/bin/bash\": file does not exist" func="github.com/leiwenxuan/crontab/worker/core.(*Executor).ExecutorJob.func1" file="core/executor.go:61"
time="2020-02-03T21:59:40+08:00" level=info msg="[github.com/leiwenxuan/crontab/worker/core.(*LogSink).Append(core/logManger.go:121)] 发送日志" func="github.com/leiwenxuan/crontab/worker/core.(*LogSink).Append" file="core/logManger.go:121"
time="2020-02-03T21:59:40+08:00" level=info msg="[github.com/leiwenxuan/crontab/worker/core.(*SchedulerSer).HandleJobResult(core/scheduler.go:161)] 任务执行完成:  2020_1_30_19_04" func="github.com/leiwenxuan/crontab/worker/core.(*SchedulerSer).HandleJobResult" file="core/scheduler.go:161"
time="2020-02-03T21:59:45+08:00" level=debug msg="[github.com/leiwenxuan/crontab/worker/core.(*LogSink).SaveLogs(core/logManger.go:116)] 提交日志:  2020-02-03 21:59:45" func="github.com/leiwenxuan/crontab/worker/core.(*LogSink).SaveLogs" file="core/logManger.go:116"
time="2020-02-03T21:59:50+08:00" level=info msg="[github.com/leiwenxuan/crontab/worker/core.(*SchedulerSer).TrySchedule(core/scheduler.go:123)] 执行任务: 2020_1_30_19_04" func="github.com/leiwenxuan/crontab/worker/core.(*SchedulerSer).TrySchedule" file="core/scheduler.go:123"
time="2020-02-03T21:59:50+08:00" level=info msg="[github.com/leiwenxuan/crontab/worker/core.(*SchedulerSer).TryStartJob(core/scheduler.go:101)] 执行任务：  2020_1_30_19_042020-02-03 21:59:50 +0800 CST 2020-02-03 21:59:50.000003 +0800 CST m=+257.173846801" func="github.com/leiwenxuan/crontab/worker/core.(*SchedulerSer).TryStartJob" file="core/scheduler.go:101"
time="2020-02-03T21:59:50+08:00" level=debug msg="[github.com/leiwenxuan/crontab/worker/core.(*Executor).ExecutorJob.func1(core/executor.go:36)] 初始化分布式锁KEY: 2020_1_30_19_04" func="github.com/leiwenxuan/crontab/worker/core.(*Executor).ExecutorJob.func1" file="core/executor.go:36"
time="2020-02-03T21:59:50+08:00" level=debug msg="[github.com/leiwenxuan/crontab/worker/core.(*Executor).ExecutorJob.func1(core/executor.go:54)] 加锁成功" func="github.com/leiwenxuan/crontab/worker/core.(*Executor).ExecutorJob.func1" file="core/executor.go:54"
time="2020-02-03T21:59:50+08:00" level=error msg="[github.com/leiwenxuan/crontab/worker/core.(*Executor).ExecutorJob.func1(core/executor.go:61)] 执行任务出错： exec: \"/bin/bash\": file does not exist" func="github.com/leiwenxuan/crontab/worker/core.(*Executor).ExecutorJob.func1" file="core/executor.go:61"
time="2020-02-03T21:59:50+08:00" level=info msg="[github.com/leiwenxuan/crontab/worker/core.(*LogSink).Append(core/logManger.go:121)] 发送日志" func="github.com/leiwenxuan/crontab/worker/core.(*LogSink).Append" file="core/logManger.go:121"
time="2020-02-03T21:59:50+08:00" level=info msg="[github.com/leiwenxuan/crontab/worker/core.(*SchedulerSer).HandleJobResult(core/scheduler.go:161)] 任务执行完成:  2020_1_30_19_04" func="github.com/leiwenxuan/crontab/worker/core.(*SchedulerSer).HandleJobResult" file="core/scheduler.go:161"
time="2020-02-03T21:59:55+08:00" level=debug msg="[github.com/leiwenxuan/crontab/worker/core.(*LogSink).SaveLogs(core/logManger.go:116)] 提交日志:  2020-02-03 21:59:55" func="github.com/leiwenxuan/crontab/worker/core.(*LogSink).SaveLogs" file="core/logManger.go:116"
