time="2020-01-28T15:40:56+08:00" level=debug msg="[github.com/leiwenxuan/crontab/infra.(*BootApplication).init(infra/boot.go:37)] Initializing: PriorityGroup=20,Priority=10000,type=*base.PropsStarter" func="github.com/leiwenxuan/crontab/infra.(*BootApplication).init" file="infra/boot.go:37"
time="2020-01-28T15:40:56+08:00" level=info msg="[github.com/leiwenxuan/crontab/infra/base.(*PropsStarter).Init(base/props.go:22)] 初始化配置." func="github.com/leiwenxuan/crontab/infra/base.(*PropsStarter).Init" file="base/props.go:22"
time="2020-01-28T15:40:56+08:00" level=debug msg="[github.com/leiwenxuan/crontab/infra.(*BootApplication).init(infra/boot.go:37)] Initializing: PriorityGroup=20,Priority=10000,type=*base.EtcdStarter" func="github.com/leiwenxuan/crontab/infra.(*BootApplication).init" file="infra/boot.go:37"
time="2020-01-28T15:40:56+08:00" level=debug msg="[github.com/leiwenxuan/crontab/infra.(*BootApplication).init(infra/boot.go:37)] Initializing: PriorityGroup=20,Priority=10000,type=*base.EtcdRegisterStarter" func="github.com/leiwenxuan/crontab/infra.(*BootApplication).init" file="infra/boot.go:37"
time="2020-01-28T15:40:56+08:00" level=debug msg="[github.com/leiwenxuan/crontab/infra.(*BootApplication).init(infra/boot.go:37)] Initializing: PriorityGroup=20,Priority=10000,type=*base.ValidatorStarter" func="github.com/leiwenxuan/crontab/infra.(*BootApplication).init" file="infra/boot.go:37"
time="2020-01-28T15:40:56+08:00" level=debug msg="[github.com/leiwenxuan/crontab/infra.(*BootApplication).init(infra/boot.go:37)] Initializing: PriorityGroup=20,Priority=10000,type=*infra.WebApiStarter" func="github.com/leiwenxuan/crontab/infra.(*BootApplication).init" file="infra/boot.go:37"
time="2020-01-28T15:40:56+08:00" level=debug msg="[github.com/leiwenxuan/crontab/infra.(*BootApplication).init(infra/boot.go:37)] Initializing: PriorityGroup=20,Priority=10000,type=*base.HookStarter" func="github.com/leiwenxuan/crontab/infra.(*BootApplication).init" file="infra/boot.go:37"
time="2020-01-28T15:40:56+08:00" level=debug msg="[github.com/leiwenxuan/crontab/infra.(*BootApplication).init(infra/boot.go:37)] Initializing: PriorityGroup=20,Priority=10000,type=*worker.WatchRegisterStarter" func="github.com/leiwenxuan/crontab/infra.(*BootApplication).init" file="infra/boot.go:37"
time="2020-01-28T15:40:56+08:00" level=debug msg="[github.com/leiwenxuan/crontab/infra.(*BootApplication).init(infra/boot.go:37)] Initializing: PriorityGroup=20,Priority=10000,type=*base.IrisServerStarter" func="github.com/leiwenxuan/crontab/infra.(*BootApplication).init" file="infra/boot.go:37"
time="2020-01-28T15:40:56+08:00" level=debug msg="[github.com/leiwenxuan/crontab/infra.(*BootApplication).setup(infra/boot.go:47)] Setup: *base.PropsStarter" func="github.com/leiwenxuan/crontab/infra.(*BootApplication).setup" file="infra/boot.go:47"
time="2020-01-28T15:40:56+08:00" level=debug msg="[github.com/leiwenxuan/crontab/infra.(*BootApplication).setup(infra/boot.go:47)] Setup: *base.EtcdStarter" func="github.com/leiwenxuan/crontab/infra.(*BootApplication).setup" file="infra/boot.go:47"
time="2020-01-28T15:40:56+08:00" level=info msg="[github.com/leiwenxuan/crontab/infra/base.(*EtcdStarter).Setup(base/etcd.go:38)] 获取ETCD集群：[192.168.1.5:12381 192.168.1.5:12382 192.168.1.5:12381]" func="github.com/leiwenxuan/crontab/infra/base.(*EtcdStarter).Setup" file="base/etcd.go:38"
time="2020-01-28T15:40:56+08:00" level=info msg="[github.com/leiwenxuan/crontab/infra/base.(*EtcdStarter).Setup(base/etcd.go:41)] 获取ETCD超时时间：5000" func="github.com/leiwenxuan/crontab/infra/base.(*EtcdStarter).Setup" file="base/etcd.go:41"
time="2020-01-28T15:40:56+08:00" level=debug msg="[github.com/leiwenxuan/crontab/infra/base.(*EtcdStarter).Setup(base/etcd.go:54)] clientMongo etcd:&{0xc000463a10 0xc000463a40 0xc000335cc0 0xc000464d20 0xc000463b30 0xc000463b60 0xc00015f180 {[192.168.1.5:12381 192.168.1.5:12382 192.168.1.5:12381] 0 5000000000 0 0 0 0 <nil>   false [] <nil> <nil> false} <nil> 0xc00006af60 0xc00055c7a0 0xc000223880 0x55ce90   <nil> [{false} {2097152} {2147483647}] 0xc00006af00}" func="github.com/leiwenxuan/crontab/infra/base.(*EtcdStarter).Setup" file="base/etcd.go:54"
time="2020-01-28T15:40:56+08:00" level=debug msg="[github.com/leiwenxuan/crontab/infra.(*BootApplication).setup(infra/boot.go:47)] Setup: *base.EtcdRegisterStarter" func="github.com/leiwenxuan/crontab/infra.(*BootApplication).setup" file="infra/boot.go:47"
time="2020-01-28T15:40:56+08:00" level=debug msg="[github.com/leiwenxuan/crontab/infra.(*BootApplication).setup(infra/boot.go:47)] Setup: *base.ValidatorStarter" func="github.com/leiwenxuan/crontab/infra.(*BootApplication).setup" file="infra/boot.go:47"
time="2020-01-28T15:40:56+08:00" level=debug msg="[github.com/leiwenxuan/crontab/infra.(*BootApplication).setup(infra/boot.go:47)] Setup: *infra.WebApiStarter" func="github.com/leiwenxuan/crontab/infra.(*BootApplication).setup" file="infra/boot.go:47"
time="2020-01-28T15:40:56+08:00" level=debug msg="[github.com/leiwenxuan/crontab/infra.(*BootApplication).setup(infra/boot.go:47)] Setup: *base.HookStarter" func="github.com/leiwenxuan/crontab/infra.(*BootApplication).setup" file="infra/boot.go:47"
time="2020-01-28T15:40:56+08:00" level=debug msg="[github.com/leiwenxuan/crontab/infra.(*BootApplication).setup(infra/boot.go:47)] Setup: *worker.WatchRegisterStarter" func="github.com/leiwenxuan/crontab/infra.(*BootApplication).setup" file="infra/boot.go:47"
time="2020-01-28T15:40:56+08:00" level=debug msg="[github.com/leiwenxuan/crontab/infra.(*BootApplication).setup(infra/boot.go:47)] Setup: *base.IrisServerStarter" func="github.com/leiwenxuan/crontab/infra.(*BootApplication).setup" file="infra/boot.go:47"
time="2020-01-28T15:40:56+08:00" level=debug msg="[github.com/leiwenxuan/crontab/infra.(*BootApplication).start(infra/boot.go:59)] Starting: *base.PropsStarter" func="github.com/leiwenxuan/crontab/infra.(*BootApplication).start" file="infra/boot.go:59"
time="2020-01-28T15:40:56+08:00" level=debug msg="[github.com/leiwenxuan/crontab/infra.(*BootApplication).start(infra/boot.go:59)] Starting: *base.EtcdStarter" func="github.com/leiwenxuan/crontab/infra.(*BootApplication).start" file="infra/boot.go:59"
time="2020-01-28T15:40:56+08:00" level=debug msg="[github.com/leiwenxuan/crontab/infra.(*BootApplication).start(infra/boot.go:59)] Starting: *base.EtcdRegisterStarter" func="github.com/leiwenxuan/crontab/infra.(*BootApplication).start" file="infra/boot.go:59"
time="2020-01-28T15:40:59+08:00" level=debug msg="[github.com/leiwenxuan/crontab/infra.(*BootApplication).start(infra/boot.go:59)] Starting: *base.ValidatorStarter" func="github.com/leiwenxuan/crontab/infra.(*BootApplication).start" file="infra/boot.go:59"
time="2020-01-28T15:40:59+08:00" level=debug msg="[github.com/leiwenxuan/crontab/infra.(*BootApplication).start(infra/boot.go:59)] Starting: *infra.WebApiStarter" func="github.com/leiwenxuan/crontab/infra.(*BootApplication).start" file="infra/boot.go:59"
time="2020-01-28T15:40:59+08:00" level=debug msg="[github.com/leiwenxuan/crontab/infra.(*BootApplication).start(infra/boot.go:59)] Starting: *base.HookStarter" func="github.com/leiwenxuan/crontab/infra.(*BootApplication).start" file="infra/boot.go:59"
time="2020-01-28T15:40:59+08:00" level=info msg="[github.com/leiwenxuan/crontab/infra/base.(*HookStarter).Start(base/hook.go:45)] 【Register Notify Stop】:*base.PropsStarter.Stop()" func="github.com/leiwenxuan/crontab/infra/base.(*HookStarter).Start" file="base/hook.go:45"
time="2020-01-28T15:40:59+08:00" level=info msg="[github.com/leiwenxuan/crontab/infra/base.(*HookStarter).Start(base/hook.go:45)] 【Register Notify Stop】:*base.EtcdStarter.Stop()" func="github.com/leiwenxuan/crontab/infra/base.(*HookStarter).Start" file="base/hook.go:45"
time="2020-01-28T15:40:59+08:00" level=info msg="[github.com/leiwenxuan/crontab/infra/base.(*HookStarter).Start(base/hook.go:45)] 【Register Notify Stop】:*base.EtcdRegisterStarter.Stop()" func="github.com/leiwenxuan/crontab/infra/base.(*HookStarter).Start" file="base/hook.go:45"
time="2020-01-28T15:40:59+08:00" level=info msg="[github.com/leiwenxuan/crontab/infra/base.(*HookStarter).Start(base/hook.go:45)] 【Register Notify Stop】:*base.ValidatorStarter.Stop()" func="github.com/leiwenxuan/crontab/infra/base.(*HookStarter).Start" file="base/hook.go:45"
time="2020-01-28T15:40:59+08:00" level=info msg="[github.com/leiwenxuan/crontab/infra/base.(*HookStarter).Start(base/hook.go:45)] 【Register Notify Stop】:*infra.WebApiStarter.Stop()" func="github.com/leiwenxuan/crontab/infra/base.(*HookStarter).Start" file="base/hook.go:45"
time="2020-01-28T15:40:59+08:00" level=info msg="[github.com/leiwenxuan/crontab/infra/base.(*HookStarter).Start(base/hook.go:45)] 【Register Notify Stop】:*base.HookStarter.Stop()" func="github.com/leiwenxuan/crontab/infra/base.(*HookStarter).Start" file="base/hook.go:45"
time="2020-01-28T15:40:59+08:00" level=info msg="[github.com/leiwenxuan/crontab/infra/base.(*HookStarter).Start(base/hook.go:45)] 【Register Notify Stop】:*worker.WatchRegisterStarter.Stop()" func="github.com/leiwenxuan/crontab/infra/base.(*HookStarter).Start" file="base/hook.go:45"
time="2020-01-28T15:40:59+08:00" level=info msg="[github.com/leiwenxuan/crontab/infra/base.(*HookStarter).Start(base/hook.go:45)] 【Register Notify Stop】:*base.IrisServerStarter.Stop()" func="github.com/leiwenxuan/crontab/infra/base.(*HookStarter).Start" file="base/hook.go:45"
time="2020-01-28T15:40:59+08:00" level=debug msg="[github.com/leiwenxuan/crontab/infra.(*BootApplication).start(infra/boot.go:59)] Starting: *worker.WatchRegisterStarter" func="github.com/leiwenxuan/crontab/infra.(*BootApplication).start" file="infra/boot.go:59"
time="2020-01-28T15:41:00+08:00" level=debug msg="[github.com/leiwenxuan/crontab/infra.(*BootApplication).start(infra/boot.go:59)] Starting: *base.IrisServerStarter" func="github.com/leiwenxuan/crontab/infra.(*BootApplication).start" file="infra/boot.go:59"
time="2020-01-28T15:41:00+08:00" level=debug msg="[github.com/kataras/golog.integrateExternalLogger.func1(golog@v0.0.10/integration.go:28)] Application: running using 1 host(s)" func=github.com/kataras/golog.integrateExternalLogger.func1 file="golog@v0.0.10/integration.go:28"
time="2020-01-28T15:41:00+08:00" level=debug msg="[github.com/kataras/golog.integrateExternalLogger.func1(golog@v0.0.10/integration.go:28)] Host: addr is :10101" func=github.com/kataras/golog.integrateExternalLogger.func1 file="golog@v0.0.10/integration.go:28"
time="2020-01-28T15:41:00+08:00" level=debug msg="[github.com/kataras/golog.integrateExternalLogger.func1(golog@v0.0.10/integration.go:28)] Host: virtual host is 0.0.0.0:10101" func=github.com/kataras/golog.integrateExternalLogger.func1 file="golog@v0.0.10/integration.go:28"
time="2020-01-28T15:41:00+08:00" level=debug msg="[github.com/kataras/golog.integrateExternalLogger.func1(golog@v0.0.10/integration.go:28)] Host: register startup notifier" func=github.com/kataras/golog.integrateExternalLogger.func1 file="golog@v0.0.10/integration.go:28"
time="2020-01-28T15:41:00+08:00" level=debug msg="[github.com/kataras/golog.integrateExternalLogger.func1(golog@v0.0.10/integration.go:28)] Host: register server shutdown on interrupt(CTRL+C/CMD+C)" func=github.com/kataras/golog.integrateExternalLogger.func1 file="golog@v0.0.10/integration.go:28"
time="2020-01-28T15:41:17+08:00" level=info msg="[github.com/leiwenxuan/crontab/worker/core.JobMangerSer.JobWatch.func1(core/JobManger.go:75)] 监听事件变化: \t 1 , &{Name:work_2 Command:work_2 CronExpr:work_2}" func=github.com/leiwenxuan/crontab/worker/core.JobMangerSer.JobWatch.func1 file="core/JobManger.go:75"
time="2020-01-28T15:42:27+08:00" level=info msg="[github.com/leiwenxuan/crontab/worker/core.JobMangerSer.JobWatch.func1(core/JobManger.go:75)] 监听事件变化: \t 1 , &{Name:work_1 Command:work_1 CronExpr:*/2 * * * * *}" func=github.com/leiwenxuan/crontab/worker/core.JobMangerSer.JobWatch.func1 file="core/JobManger.go:75"
time="2020-01-28T15:44:41+08:00" level=info msg="[github.com/leiwenxuan/crontab/worker/core.JobMangerSer.JobWatch.func1(core/JobManger.go:75)] 监听事件变化: \t 1 , &{Name:work_1 Command:work_1 CronExpr:*/2 * * * * * *}" func=github.com/leiwenxuan/crontab/worker/core.JobMangerSer.JobWatch.func1 file="core/JobManger.go:75"
time="2020-01-28T15:46:13+08:00" level=debug msg="[github.com/leiwenxuan/crontab/infra.(*BootApplication).init(infra/boot.go:37)] Initializing: PriorityGroup=20,Priority=10000,type=*base.PropsStarter" func="github.com/leiwenxuan/crontab/infra.(*BootApplication).init" file="infra/boot.go:37"
time="2020-01-28T15:46:13+08:00" level=info msg="[github.com/leiwenxuan/crontab/infra/base.(*PropsStarter).Init(base/props.go:22)] 初始化配置." func="github.com/leiwenxuan/crontab/infra/base.(*PropsStarter).Init" file="base/props.go:22"
time="2020-01-28T15:46:13+08:00" level=debug msg="[github.com/leiwenxuan/crontab/infra.(*BootApplication).init(infra/boot.go:37)] Initializing: PriorityGroup=20,Priority=10000,type=*base.EtcdStarter" func="github.com/leiwenxuan/crontab/infra.(*BootApplication).init" file="infra/boot.go:37"
time="2020-01-28T15:46:13+08:00" level=debug msg="[github.com/leiwenxuan/crontab/infra.(*BootApplication).init(infra/boot.go:37)] Initializing: PriorityGroup=20,Priority=10000,type=*base.EtcdRegisterStarter" func="github.com/leiwenxuan/crontab/infra.(*BootApplication).init" file="infra/boot.go:37"
time="2020-01-28T15:46:13+08:00" level=debug msg="[github.com/leiwenxuan/crontab/infra.(*BootApplication).init(infra/boot.go:37)] Initializing: PriorityGroup=20,Priority=10000,type=*base.ValidatorStarter" func="github.com/leiwenxuan/crontab/infra.(*BootApplication).init" file="infra/boot.go:37"
time="2020-01-28T15:46:13+08:00" level=debug msg="[github.com/leiwenxuan/crontab/infra.(*BootApplication).init(infra/boot.go:37)] Initializing: PriorityGroup=20,Priority=10000,type=*infra.WebApiStarter" func="github.com/leiwenxuan/crontab/infra.(*BootApplication).init" file="infra/boot.go:37"
time="2020-01-28T15:46:13+08:00" level=debug msg="[github.com/leiwenxuan/crontab/infra.(*BootApplication).init(infra/boot.go:37)] Initializing: PriorityGroup=20,Priority=10000,type=*base.HookStarter" func="github.com/leiwenxuan/crontab/infra.(*BootApplication).init" file="infra/boot.go:37"
time="2020-01-28T15:46:13+08:00" level=debug msg="[github.com/leiwenxuan/crontab/infra.(*BootApplication).init(infra/boot.go:37)] Initializing: PriorityGroup=20,Priority=10000,type=*worker.WatchRegisterStarter" func="github.com/leiwenxuan/crontab/infra.(*BootApplication).init" file="infra/boot.go:37"
time="2020-01-28T15:46:13+08:00" level=debug msg="[github.com/leiwenxuan/crontab/infra.(*BootApplication).init(infra/boot.go:37)] Initializing: PriorityGroup=20,Priority=10000,type=*base.IrisServerStarter" func="github.com/leiwenxuan/crontab/infra.(*BootApplication).init" file="infra/boot.go:37"
time="2020-01-28T15:46:13+08:00" level=debug msg="[github.com/leiwenxuan/crontab/infra.(*BootApplication).setup(infra/boot.go:47)] Setup: *base.PropsStarter" func="github.com/leiwenxuan/crontab/infra.(*BootApplication).setup" file="infra/boot.go:47"
time="2020-01-28T15:46:13+08:00" level=debug msg="[github.com/leiwenxuan/crontab/infra.(*BootApplication).setup(infra/boot.go:47)] Setup: *base.EtcdStarter" func="github.com/leiwenxuan/crontab/infra.(*BootApplication).setup" file="infra/boot.go:47"
time="2020-01-28T15:46:13+08:00" level=info msg="[github.com/leiwenxuan/crontab/infra/base.(*EtcdStarter).Setup(base/etcd.go:38)] 获取ETCD集群：[192.168.1.5:12381 192.168.1.5:12382 192.168.1.5:12381]" func="github.com/leiwenxuan/crontab/infra/base.(*EtcdStarter).Setup" file="base/etcd.go:38"
time="2020-01-28T15:46:13+08:00" level=info msg="[github.com/leiwenxuan/crontab/infra/base.(*EtcdStarter).Setup(base/etcd.go:41)] 获取ETCD超时时间：5000" func="github.com/leiwenxuan/crontab/infra/base.(*EtcdStarter).Setup" file="base/etcd.go:41"
time="2020-01-28T15:46:13+08:00" level=debug msg="[github.com/leiwenxuan/crontab/infra/base.(*EtcdStarter).Setup(base/etcd.go:54)] clientMongo etcd:&{0xc0004fbbf0 0xc0004fbc20 0xc0002b4c80 0xc0000b1c70 0xc0004fbd10 0xc0004fbd40 0xc00013bc00 {[192.168.1.5:12381 192.168.1.5:12382 192.168.1.5:12381] 0 5000000000 0 0 0 0 <nil>   false [] <nil> <nil> false} <nil> 0xc0003e05a0 0xc0002db700 0xc000232c00 0x55ce90   <nil> [{false} {2097152} {2147483647}] 0xc0003e0540}" func="github.com/leiwenxuan/crontab/infra/base.(*EtcdStarter).Setup" file="base/etcd.go:54"
time="2020-01-28T15:46:13+08:00" level=debug msg="[github.com/leiwenxuan/crontab/infra.(*BootApplication).setup(infra/boot.go:47)] Setup: *base.EtcdRegisterStarter" func="github.com/leiwenxuan/crontab/infra.(*BootApplication).setup" file="infra/boot.go:47"
time="2020-01-28T15:46:13+08:00" level=debug msg="[github.com/leiwenxuan/crontab/infra.(*BootApplication).setup(infra/boot.go:47)] Setup: *base.ValidatorStarter" func="github.com/leiwenxuan/crontab/infra.(*BootApplication).setup" file="infra/boot.go:47"
time="2020-01-28T15:46:13+08:00" level=debug msg="[github.com/leiwenxuan/crontab/infra.(*BootApplication).setup(infra/boot.go:47)] Setup: *infra.WebApiStarter" func="github.com/leiwenxuan/crontab/infra.(*BootApplication).setup" file="infra/boot.go:47"
time="2020-01-28T15:46:13+08:00" level=debug msg="[github.com/leiwenxuan/crontab/infra.(*BootApplication).setup(infra/boot.go:47)] Setup: *base.HookStarter" func="github.com/leiwenxuan/crontab/infra.(*BootApplication).setup" file="infra/boot.go:47"
time="2020-01-28T15:46:13+08:00" level=debug msg="[github.com/leiwenxuan/crontab/infra.(*BootApplication).setup(infra/boot.go:47)] Setup: *worker.WatchRegisterStarter" func="github.com/leiwenxuan/crontab/infra.(*BootApplication).setup" file="infra/boot.go:47"
time="2020-01-28T15:46:13+08:00" level=debug msg="[github.com/leiwenxuan/crontab/infra.(*BootApplication).setup(infra/boot.go:47)] Setup: *base.IrisServerStarter" func="github.com/leiwenxuan/crontab/infra.(*BootApplication).setup" file="infra/boot.go:47"
time="2020-01-28T15:46:13+08:00" level=debug msg="[github.com/leiwenxuan/crontab/infra.(*BootApplication).start(infra/boot.go:59)] Starting: *base.PropsStarter" func="github.com/leiwenxuan/crontab/infra.(*BootApplication).start" file="infra/boot.go:59"
time="2020-01-28T15:46:13+08:00" level=debug msg="[github.com/leiwenxuan/crontab/infra.(*BootApplication).start(infra/boot.go:59)] Starting: *base.EtcdStarter" func="github.com/leiwenxuan/crontab/infra.(*BootApplication).start" file="infra/boot.go:59"
time="2020-01-28T15:46:13+08:00" level=debug msg="[github.com/leiwenxuan/crontab/infra.(*BootApplication).start(infra/boot.go:59)] Starting: *base.EtcdRegisterStarter" func="github.com/leiwenxuan/crontab/infra.(*BootApplication).start" file="infra/boot.go:59"
time="2020-01-28T15:46:27+08:00" level=debug msg="[github.com/leiwenxuan/crontab/infra.(*BootApplication).start(infra/boot.go:59)] Starting: *base.ValidatorStarter" func="github.com/leiwenxuan/crontab/infra.(*BootApplication).start" file="infra/boot.go:59"
time="2020-01-28T15:46:27+08:00" level=debug msg="[github.com/leiwenxuan/crontab/infra.(*BootApplication).start(infra/boot.go:59)] Starting: *infra.WebApiStarter" func="github.com/leiwenxuan/crontab/infra.(*BootApplication).start" file="infra/boot.go:59"
time="2020-01-28T15:46:27+08:00" level=debug msg="[github.com/leiwenxuan/crontab/infra.(*BootApplication).start(infra/boot.go:59)] Starting: *base.HookStarter" func="github.com/leiwenxuan/crontab/infra.(*BootApplication).start" file="infra/boot.go:59"
time="2020-01-28T15:46:27+08:00" level=info msg="[github.com/leiwenxuan/crontab/infra/base.(*HookStarter).Start(base/hook.go:45)] 【Register Notify Stop】:*base.PropsStarter.Stop()" func="github.com/leiwenxuan/crontab/infra/base.(*HookStarter).Start" file="base/hook.go:45"
time="2020-01-28T15:46:27+08:00" level=info msg="[github.com/leiwenxuan/crontab/infra/base.(*HookStarter).Start(base/hook.go:45)] 【Register Notify Stop】:*base.EtcdStarter.Stop()" func="github.com/leiwenxuan/crontab/infra/base.(*HookStarter).Start" file="base/hook.go:45"
time="2020-01-28T15:46:27+08:00" level=info msg="[github.com/leiwenxuan/crontab/infra/base.(*HookStarter).Start(base/hook.go:45)] 【Register Notify Stop】:*base.EtcdRegisterStarter.Stop()" func="github.com/leiwenxuan/crontab/infra/base.(*HookStarter).Start" file="base/hook.go:45"
time="2020-01-28T15:46:27+08:00" level=info msg="[github.com/leiwenxuan/crontab/infra/base.(*HookStarter).Start(base/hook.go:45)] 【Register Notify Stop】:*base.ValidatorStarter.Stop()" func="github.com/leiwenxuan/crontab/infra/base.(*HookStarter).Start" file="base/hook.go:45"
time="2020-01-28T15:46:27+08:00" level=info msg="[github.com/leiwenxuan/crontab/infra/base.(*HookStarter).Start(base/hook.go:45)] 【Register Notify Stop】:*infra.WebApiStarter.Stop()" func="github.com/leiwenxuan/crontab/infra/base.(*HookStarter).Start" file="base/hook.go:45"
time="2020-01-28T15:46:27+08:00" level=info msg="[github.com/leiwenxuan/crontab/infra/base.(*HookStarter).Start(base/hook.go:45)] 【Register Notify Stop】:*base.HookStarter.Stop()" func="github.com/leiwenxuan/crontab/infra/base.(*HookStarter).Start" file="base/hook.go:45"
time="2020-01-28T15:46:27+08:00" level=info msg="[github.com/leiwenxuan/crontab/infra/base.(*HookStarter).Start(base/hook.go:45)] 【Register Notify Stop】:*worker.WatchRegisterStarter.Stop()" func="github.com/leiwenxuan/crontab/infra/base.(*HookStarter).Start" file="base/hook.go:45"
time="2020-01-28T15:46:27+08:00" level=info msg="[github.com/leiwenxuan/crontab/infra/base.(*HookStarter).Start(base/hook.go:45)] 【Register Notify Stop】:*base.IrisServerStarter.Stop()" func="github.com/leiwenxuan/crontab/infra/base.(*HookStarter).Start" file="base/hook.go:45"
time="2020-01-28T15:46:27+08:00" level=debug msg="[github.com/leiwenxuan/crontab/infra.(*BootApplication).start(infra/boot.go:59)] Starting: *worker.WatchRegisterStarter" func="github.com/leiwenxuan/crontab/infra.(*BootApplication).start" file="infra/boot.go:59"
time="2020-01-28T15:46:27+08:00" level=debug msg="[github.com/leiwenxuan/crontab/infra.(*BootApplication).start(infra/boot.go:59)] Starting: *base.IrisServerStarter" func="github.com/leiwenxuan/crontab/infra.(*BootApplication).start" file="infra/boot.go:59"
time="2020-01-28T15:46:27+08:00" level=debug msg="[github.com/kataras/golog.integrateExternalLogger.func1(golog@v0.0.10/integration.go:28)] Application: running using 1 host(s)" func=github.com/kataras/golog.integrateExternalLogger.func1 file="golog@v0.0.10/integration.go:28"
time="2020-01-28T15:46:27+08:00" level=debug msg="[github.com/kataras/golog.integrateExternalLogger.func1(golog@v0.0.10/integration.go:28)] Host: addr is :10101" func=github.com/kataras/golog.integrateExternalLogger.func1 file="golog@v0.0.10/integration.go:28"
time="2020-01-28T15:46:27+08:00" level=debug msg="[github.com/kataras/golog.integrateExternalLogger.func1(golog@v0.0.10/integration.go:28)] Host: virtual host is 0.0.0.0:10101" func=github.com/kataras/golog.integrateExternalLogger.func1 file="golog@v0.0.10/integration.go:28"
time="2020-01-28T15:46:27+08:00" level=debug msg="[github.com/kataras/golog.integrateExternalLogger.func1(golog@v0.0.10/integration.go:28)] Host: register startup notifier" func=github.com/kataras/golog.integrateExternalLogger.func1 file="golog@v0.0.10/integration.go:28"
time="2020-01-28T15:46:27+08:00" level=debug msg="[github.com/kataras/golog.integrateExternalLogger.func1(golog@v0.0.10/integration.go:28)] Host: register server shutdown on interrupt(CTRL+C/CMD+C)" func=github.com/kataras/golog.integrateExternalLogger.func1 file="golog@v0.0.10/integration.go:28"
time="2020-01-28T15:46:34+08:00" level=info msg="[github.com/leiwenxuan/crontab/worker/core.JobMangerSer.JobWatch.func1(core/JobManger.go:75)] 监听事件变化: \t 1 , &{Name:work_1 Command:work_1 CronExpr:*/2 * * * * * *}" func=github.com/leiwenxuan/crontab/worker/core.JobMangerSer.JobWatch.func1 file="core/JobManger.go:75"
time="2020-01-28T15:47:16+08:00" level=info msg="[github.com/leiwenxuan/crontab/worker/core.JobMangerSer.JobWatch.func1(core/JobManger.go:75)] 监听事件变化: \t 1 , &{Name:work_2 Command:work_2 CronExpr:*/2 * * * * * *}" func=github.com/leiwenxuan/crontab/worker/core.JobMangerSer.JobWatch.func1 file="core/JobManger.go:75"
time="2020-01-28T15:54:21+08:00" level=debug msg="[github.com/leiwenxuan/crontab/infra.(*BootApplication).init(infra/boot.go:37)] Initializing: PriorityGroup=20,Priority=10000,type=*base.PropsStarter" func="github.com/leiwenxuan/crontab/infra.(*BootApplication).init" file="infra/boot.go:37"
time="2020-01-28T15:54:21+08:00" level=info msg="[github.com/leiwenxuan/crontab/infra/base.(*PropsStarter).Init(base/props.go:22)] 初始化配置." func="github.com/leiwenxuan/crontab/infra/base.(*PropsStarter).Init" file="base/props.go:22"
time="2020-01-28T15:54:21+08:00" level=debug msg="[github.com/leiwenxuan/crontab/infra.(*BootApplication).init(infra/boot.go:37)] Initializing: PriorityGroup=20,Priority=10000,type=*base.EtcdStarter" func="github.com/leiwenxuan/crontab/infra.(*BootApplication).init" file="infra/boot.go:37"
time="2020-01-28T15:54:21+08:00" level=debug msg="[github.com/leiwenxuan/crontab/infra.(*BootApplication).init(infra/boot.go:37)] Initializing: PriorityGroup=20,Priority=10000,type=*base.EtcdRegisterStarter" func="github.com/leiwenxuan/crontab/infra.(*BootApplication).init" file="infra/boot.go:37"
time="2020-01-28T15:54:21+08:00" level=debug msg="[github.com/leiwenxuan/crontab/infra.(*BootApplication).init(infra/boot.go:37)] Initializing: PriorityGroup=20,Priority=10000,type=*base.ValidatorStarter" func="github.com/leiwenxuan/crontab/infra.(*BootApplication).init" file="infra/boot.go:37"
time="2020-01-28T15:54:21+08:00" level=debug msg="[github.com/leiwenxuan/crontab/infra.(*BootApplication).init(infra/boot.go:37)] Initializing: PriorityGroup=20,Priority=10000,type=*infra.WebApiStarter" func="github.com/leiwenxuan/crontab/infra.(*BootApplication).init" file="infra/boot.go:37"
time="2020-01-28T15:54:21+08:00" level=debug msg="[github.com/leiwenxuan/crontab/infra.(*BootApplication).init(infra/boot.go:37)] Initializing: PriorityGroup=20,Priority=10000,type=*base.HookStarter" func="github.com/leiwenxuan/crontab/infra.(*BootApplication).init" file="infra/boot.go:37"
time="2020-01-28T15:54:21+08:00" level=debug msg="[github.com/leiwenxuan/crontab/infra.(*BootApplication).init(infra/boot.go:37)] Initializing: PriorityGroup=20,Priority=10000,type=*worker.WatchRegisterStarter" func="github.com/leiwenxuan/crontab/infra.(*BootApplication).init" file="infra/boot.go:37"
time="2020-01-28T15:54:21+08:00" level=debug msg="[github.com/leiwenxuan/crontab/infra.(*BootApplication).init(infra/boot.go:37)] Initializing: PriorityGroup=20,Priority=10000,type=*base.IrisServerStarter" func="github.com/leiwenxuan/crontab/infra.(*BootApplication).init" file="infra/boot.go:37"
time="2020-01-28T15:54:21+08:00" level=debug msg="[github.com/leiwenxuan/crontab/infra.(*BootApplication).setup(infra/boot.go:47)] Setup: *base.PropsStarter" func="github.com/leiwenxuan/crontab/infra.(*BootApplication).setup" file="infra/boot.go:47"
time="2020-01-28T15:54:21+08:00" level=debug msg="[github.com/leiwenxuan/crontab/infra.(*BootApplication).setup(infra/boot.go:47)] Setup: *base.EtcdStarter" func="github.com/leiwenxuan/crontab/infra.(*BootApplication).setup" file="infra/boot.go:47"
time="2020-01-28T15:54:21+08:00" level=info msg="[github.com/leiwenxuan/crontab/infra/base.(*EtcdStarter).Setup(base/etcd.go:38)] 获取ETCD集群：[192.168.1.5:12381 192.168.1.5:12382 192.168.1.5:12381]" func="github.com/leiwenxuan/crontab/infra/base.(*EtcdStarter).Setup" file="base/etcd.go:38"
time="2020-01-28T15:54:21+08:00" level=info msg="[github.com/leiwenxuan/crontab/infra/base.(*EtcdStarter).Setup(base/etcd.go:41)] 获取ETCD超时时间：5000" func="github.com/leiwenxuan/crontab/infra/base.(*EtcdStarter).Setup" file="base/etcd.go:41"
time="2020-01-28T15:54:21+08:00" level=debug msg="[github.com/leiwenxuan/crontab/infra/base.(*EtcdStarter).Setup(base/etcd.go:54)] clientMongo etcd:&{0xc000327920 0xc000327980 0xc00021eb40 0xc00022c730 0xc000327b60 0xc000327bc0 0xc000402000 {[192.168.1.5:12381 192.168.1.5:12382 192.168.1.5:12381] 0 5000000000 0 0 0 0 <nil>   false [] <nil> <nil> false} <nil> 0xc00006afc0 0xc000284800 0xc0001fd100 0x55ce90   <nil> [{false} {2097152} {2147483647}] 0xc00006af60}" func="github.com/leiwenxuan/crontab/infra/base.(*EtcdStarter).Setup" file="base/etcd.go:54"
time="2020-01-28T15:54:21+08:00" level=debug msg="[github.com/leiwenxuan/crontab/infra.(*BootApplication).setup(infra/boot.go:47)] Setup: *base.EtcdRegisterStarter" func="github.com/leiwenxuan/crontab/infra.(*BootApplication).setup" file="infra/boot.go:47"
time="2020-01-28T15:54:21+08:00" level=debug msg="[github.com/leiwenxuan/crontab/infra.(*BootApplication).setup(infra/boot.go:47)] Setup: *base.ValidatorStarter" func="github.com/leiwenxuan/crontab/infra.(*BootApplication).setup" file="infra/boot.go:47"
time="2020-01-28T15:54:21+08:00" level=debug msg="[github.com/leiwenxuan/crontab/infra.(*BootApplication).setup(infra/boot.go:47)] Setup: *infra.WebApiStarter" func="github.com/leiwenxuan/crontab/infra.(*BootApplication).setup" file="infra/boot.go:47"
time="2020-01-28T15:54:21+08:00" level=debug msg="[github.com/leiwenxuan/crontab/infra.(*BootApplication).setup(infra/boot.go:47)] Setup: *base.HookStarter" func="github.com/leiwenxuan/crontab/infra.(*BootApplication).setup" file="infra/boot.go:47"
time="2020-01-28T15:54:21+08:00" level=debug msg="[github.com/leiwenxuan/crontab/infra.(*BootApplication).setup(infra/boot.go:47)] Setup: *worker.WatchRegisterStarter" func="github.com/leiwenxuan/crontab/infra.(*BootApplication).setup" file="infra/boot.go:47"
time="2020-01-28T15:54:21+08:00" level=debug msg="[github.com/leiwenxuan/crontab/infra.(*BootApplication).setup(infra/boot.go:47)] Setup: *base.IrisServerStarter" func="github.com/leiwenxuan/crontab/infra.(*BootApplication).setup" file="infra/boot.go:47"
time="2020-01-28T15:54:21+08:00" level=debug msg="[github.com/leiwenxuan/crontab/infra.(*BootApplication).start(infra/boot.go:59)] Starting: *base.PropsStarter" func="github.com/leiwenxuan/crontab/infra.(*BootApplication).start" file="infra/boot.go:59"
time="2020-01-28T15:54:21+08:00" level=debug msg="[github.com/leiwenxuan/crontab/infra.(*BootApplication).start(infra/boot.go:59)] Starting: *base.EtcdStarter" func="github.com/leiwenxuan/crontab/infra.(*BootApplication).start" file="infra/boot.go:59"
time="2020-01-28T15:54:21+08:00" level=debug msg="[github.com/leiwenxuan/crontab/infra.(*BootApplication).start(infra/boot.go:59)] Starting: *base.EtcdRegisterStarter" func="github.com/leiwenxuan/crontab/infra.(*BootApplication).start" file="infra/boot.go:59"
time="2020-01-28T15:54:23+08:00" level=debug msg="[github.com/leiwenxuan/crontab/infra.(*BootApplication).start(infra/boot.go:59)] Starting: *base.ValidatorStarter" func="github.com/leiwenxuan/crontab/infra.(*BootApplication).start" file="infra/boot.go:59"
time="2020-01-28T15:54:23+08:00" level=debug msg="[github.com/leiwenxuan/crontab/infra.(*BootApplication).start(infra/boot.go:59)] Starting: *infra.WebApiStarter" func="github.com/leiwenxuan/crontab/infra.(*BootApplication).start" file="infra/boot.go:59"
time="2020-01-28T15:54:23+08:00" level=debug msg="[github.com/leiwenxuan/crontab/infra.(*BootApplication).start(infra/boot.go:59)] Starting: *base.HookStarter" func="github.com/leiwenxuan/crontab/infra.(*BootApplication).start" file="infra/boot.go:59"
time="2020-01-28T15:54:23+08:00" level=info msg="[github.com/leiwenxuan/crontab/infra/base.(*HookStarter).Start(base/hook.go:45)] 【Register Notify Stop】:*base.PropsStarter.Stop()" func="github.com/leiwenxuan/crontab/infra/base.(*HookStarter).Start" file="base/hook.go:45"
time="2020-01-28T15:54:23+08:00" level=info msg="[github.com/leiwenxuan/crontab/infra/base.(*HookStarter).Start(base/hook.go:45)] 【Register Notify Stop】:*base.EtcdStarter.Stop()" func="github.com/leiwenxuan/crontab/infra/base.(*HookStarter).Start" file="base/hook.go:45"
time="2020-01-28T15:54:23+08:00" level=info msg="[github.com/leiwenxuan/crontab/infra/base.(*HookStarter).Start(base/hook.go:45)] 【Register Notify Stop】:*base.EtcdRegisterStarter.Stop()" func="github.com/leiwenxuan/crontab/infra/base.(*HookStarter).Start" file="base/hook.go:45"
time="2020-01-28T15:54:23+08:00" level=info msg="[github.com/leiwenxuan/crontab/infra/base.(*HookStarter).Start(base/hook.go:45)] 【Register Notify Stop】:*base.ValidatorStarter.Stop()" func="github.com/leiwenxuan/crontab/infra/base.(*HookStarter).Start" file="base/hook.go:45"
time="2020-01-28T15:54:23+08:00" level=info msg="[github.com/leiwenxuan/crontab/infra/base.(*HookStarter).Start(base/hook.go:45)] 【Register Notify Stop】:*infra.WebApiStarter.Stop()" func="github.com/leiwenxuan/crontab/infra/base.(*HookStarter).Start" file="base/hook.go:45"
time="2020-01-28T15:54:23+08:00" level=info msg="[github.com/leiwenxuan/crontab/infra/base.(*HookStarter).Start(base/hook.go:45)] 【Register Notify Stop】:*base.HookStarter.Stop()" func="github.com/leiwenxuan/crontab/infra/base.(*HookStarter).Start" file="base/hook.go:45"
time="2020-01-28T15:54:23+08:00" level=info msg="[github.com/leiwenxuan/crontab/infra/base.(*HookStarter).Start(base/hook.go:45)] 【Register Notify Stop】:*worker.WatchRegisterStarter.Stop()" func="github.com/leiwenxuan/crontab/infra/base.(*HookStarter).Start" file="base/hook.go:45"
time="2020-01-28T15:54:23+08:00" level=info msg="[github.com/leiwenxuan/crontab/infra/base.(*HookStarter).Start(base/hook.go:45)] 【Register Notify Stop】:*base.IrisServerStarter.Stop()" func="github.com/leiwenxuan/crontab/infra/base.(*HookStarter).Start" file="base/hook.go:45"
time="2020-01-28T15:54:23+08:00" level=debug msg="[github.com/leiwenxuan/crontab/infra.(*BootApplication).start(infra/boot.go:59)] Starting: *worker.WatchRegisterStarter" func="github.com/leiwenxuan/crontab/infra.(*BootApplication).start" file="infra/boot.go:59"
time="2020-01-28T15:54:23+08:00" level=debug msg="[github.com/leiwenxuan/crontab/infra.(*BootApplication).start(infra/boot.go:59)] Starting: *base.IrisServerStarter" func="github.com/leiwenxuan/crontab/infra.(*BootApplication).start" file="infra/boot.go:59"
time="2020-01-28T15:54:23+08:00" level=debug msg="[github.com/kataras/golog.integrateExternalLogger.func1(golog@v0.0.10/integration.go:28)] Application: running using 1 host(s)" func=github.com/kataras/golog.integrateExternalLogger.func1 file="golog@v0.0.10/integration.go:28"
time="2020-01-28T15:54:23+08:00" level=debug msg="[github.com/kataras/golog.integrateExternalLogger.func1(golog@v0.0.10/integration.go:28)] Host: addr is :10101" func=github.com/kataras/golog.integrateExternalLogger.func1 file="golog@v0.0.10/integration.go:28"
time="2020-01-28T15:54:23+08:00" level=debug msg="[github.com/kataras/golog.integrateExternalLogger.func1(golog@v0.0.10/integration.go:28)] Host: virtual host is 0.0.0.0:10101" func=github.com/kataras/golog.integrateExternalLogger.func1 file="golog@v0.0.10/integration.go:28"
time="2020-01-28T15:54:23+08:00" level=debug msg="[github.com/kataras/golog.integrateExternalLogger.func1(golog@v0.0.10/integration.go:28)] Host: register startup notifier" func=github.com/kataras/golog.integrateExternalLogger.func1 file="golog@v0.0.10/integration.go:28"
time="2020-01-28T15:54:23+08:00" level=debug msg="[github.com/kataras/golog.integrateExternalLogger.func1(golog@v0.0.10/integration.go:28)] Host: register server shutdown on interrupt(CTRL+C/CMD+C)" func=github.com/kataras/golog.integrateExternalLogger.func1 file="golog@v0.0.10/integration.go:28"
time="2020-01-28T15:58:28+08:00" level=debug msg="[github.com/leiwenxuan/crontab/infra.(*BootApplication).init(infra/boot.go:37)] Initializing: PriorityGroup=20,Priority=10000,type=*base.PropsStarter" func="github.com/leiwenxuan/crontab/infra.(*BootApplication).init" file="infra/boot.go:37"
time="2020-01-28T15:58:28+08:00" level=info msg="[github.com/leiwenxuan/crontab/infra/base.(*PropsStarter).Init(base/props.go:22)] 初始化配置." func="github.com/leiwenxuan/crontab/infra/base.(*PropsStarter).Init" file="base/props.go:22"
time="2020-01-28T15:58:28+08:00" level=debug msg="[github.com/leiwenxuan/crontab/infra.(*BootApplication).init(infra/boot.go:37)] Initializing: PriorityGroup=20,Priority=10000,type=*base.EtcdStarter" func="github.com/leiwenxuan/crontab/infra.(*BootApplication).init" file="infra/boot.go:37"
time="2020-01-28T15:58:28+08:00" level=debug msg="[github.com/leiwenxuan/crontab/infra.(*BootApplication).init(infra/boot.go:37)] Initializing: PriorityGroup=20,Priority=10000,type=*base.EtcdRegisterStarter" func="github.com/leiwenxuan/crontab/infra.(*BootApplication).init" file="infra/boot.go:37"
time="2020-01-28T15:58:28+08:00" level=debug msg="[github.com/leiwenxuan/crontab/infra.(*BootApplication).init(infra/boot.go:37)] Initializing: PriorityGroup=20,Priority=10000,type=*base.ValidatorStarter" func="github.com/leiwenxuan/crontab/infra.(*BootApplication).init" file="infra/boot.go:37"
time="2020-01-28T15:58:28+08:00" level=debug msg="[github.com/leiwenxuan/crontab/infra.(*BootApplication).init(infra/boot.go:37)] Initializing: PriorityGroup=20,Priority=10000,type=*infra.WebApiStarter" func="github.com/leiwenxuan/crontab/infra.(*BootApplication).init" file="infra/boot.go:37"
time="2020-01-28T15:58:28+08:00" level=debug msg="[github.com/leiwenxuan/crontab/infra.(*BootApplication).init(infra/boot.go:37)] Initializing: PriorityGroup=20,Priority=10000,type=*base.HookStarter" func="github.com/leiwenxuan/crontab/infra.(*BootApplication).init" file="infra/boot.go:37"
time="2020-01-28T15:58:28+08:00" level=debug msg="[github.com/leiwenxuan/crontab/infra.(*BootApplication).init(infra/boot.go:37)] Initializing: PriorityGroup=20,Priority=10000,type=*worker.WatchRegisterStarter" func="github.com/leiwenxuan/crontab/infra.(*BootApplication).init" file="infra/boot.go:37"
time="2020-01-28T15:58:28+08:00" level=debug msg="[github.com/leiwenxuan/crontab/infra.(*BootApplication).init(infra/boot.go:37)] Initializing: PriorityGroup=20,Priority=10000,type=*base.IrisServerStarter" func="github.com/leiwenxuan/crontab/infra.(*BootApplication).init" file="infra/boot.go:37"
time="2020-01-28T15:58:28+08:00" level=debug msg="[github.com/leiwenxuan/crontab/infra.(*BootApplication).setup(infra/boot.go:47)] Setup: *base.PropsStarter" func="github.com/leiwenxuan/crontab/infra.(*BootApplication).setup" file="infra/boot.go:47"
time="2020-01-28T15:58:28+08:00" level=debug msg="[github.com/leiwenxuan/crontab/infra.(*BootApplication).setup(infra/boot.go:47)] Setup: *base.EtcdStarter" func="github.com/leiwenxuan/crontab/infra.(*BootApplication).setup" file="infra/boot.go:47"
time="2020-01-28T15:58:28+08:00" level=info msg="[github.com/leiwenxuan/crontab/infra/base.(*EtcdStarter).Setup(base/etcd.go:38)] 获取ETCD集群：[192.168.1.5:12381 192.168.1.5:12382 192.168.1.5:12381]" func="github.com/leiwenxuan/crontab/infra/base.(*EtcdStarter).Setup" file="base/etcd.go:38"
time="2020-01-28T15:58:28+08:00" level=info msg="[github.com/leiwenxuan/crontab/infra/base.(*EtcdStarter).Setup(base/etcd.go:41)] 获取ETCD超时时间：5000" func="github.com/leiwenxuan/crontab/infra/base.(*EtcdStarter).Setup" file="base/etcd.go:41"
time="2020-01-28T15:58:28+08:00" level=debug msg="[github.com/leiwenxuan/crontab/infra/base.(*EtcdStarter).Setup(base/etcd.go:54)] clientMongo etcd:&{0xc00024e2d0 0xc00024e300 0xc000314000 0xc0002fc0f0 0xc00024e450 0xc00024e4b0 0xc000442380 {[192.168.1.5:12381 192.168.1.5:12382 192.168.1.5:12381] 0 5000000000 0 0 0 0 <nil>   false [] <nil> <nil> false} <nil> 0xc0002e6000 0xc0002c3c40 0xc00022b000 0x55ce90   <nil> [{false} {2097152} {2147483647}] 0xc00006b260}" func="github.com/leiwenxuan/crontab/infra/base.(*EtcdStarter).Setup" file="base/etcd.go:54"
time="2020-01-28T15:58:28+08:00" level=debug msg="[github.com/leiwenxuan/crontab/infra.(*BootApplication).setup(infra/boot.go:47)] Setup: *base.EtcdRegisterStarter" func="github.com/leiwenxuan/crontab/infra.(*BootApplication).setup" file="infra/boot.go:47"
time="2020-01-28T15:58:28+08:00" level=debug msg="[github.com/leiwenxuan/crontab/infra.(*BootApplication).setup(infra/boot.go:47)] Setup: *base.ValidatorStarter" func="github.com/leiwenxuan/crontab/infra.(*BootApplication).setup" file="infra/boot.go:47"
time="2020-01-28T15:58:28+08:00" level=debug msg="[github.com/leiwenxuan/crontab/infra.(*BootApplication).setup(infra/boot.go:47)] Setup: *infra.WebApiStarter" func="github.com/leiwenxuan/crontab/infra.(*BootApplication).setup" file="infra/boot.go:47"
time="2020-01-28T15:58:28+08:00" level=debug msg="[github.com/leiwenxuan/crontab/infra.(*BootApplication).setup(infra/boot.go:47)] Setup: *base.HookStarter" func="github.com/leiwenxuan/crontab/infra.(*BootApplication).setup" file="infra/boot.go:47"
time="2020-01-28T15:58:28+08:00" level=debug msg="[github.com/leiwenxuan/crontab/infra.(*BootApplication).setup(infra/boot.go:47)] Setup: *worker.WatchRegisterStarter" func="github.com/leiwenxuan/crontab/infra.(*BootApplication).setup" file="infra/boot.go:47"
time="2020-01-28T15:58:28+08:00" level=debug msg="[github.com/leiwenxuan/crontab/infra.(*BootApplication).setup(infra/boot.go:47)] Setup: *base.IrisServerStarter" func="github.com/leiwenxuan/crontab/infra.(*BootApplication).setup" file="infra/boot.go:47"
time="2020-01-28T15:58:28+08:00" level=debug msg="[github.com/leiwenxuan/crontab/infra.(*BootApplication).start(infra/boot.go:59)] Starting: *base.PropsStarter" func="github.com/leiwenxuan/crontab/infra.(*BootApplication).start" file="infra/boot.go:59"
time="2020-01-28T15:58:28+08:00" level=debug msg="[github.com/leiwenxuan/crontab/infra.(*BootApplication).start(infra/boot.go:59)] Starting: *base.EtcdStarter" func="github.com/leiwenxuan/crontab/infra.(*BootApplication).start" file="infra/boot.go:59"
time="2020-01-28T15:58:28+08:00" level=debug msg="[github.com/leiwenxuan/crontab/infra.(*BootApplication).start(infra/boot.go:59)] Starting: *base.EtcdRegisterStarter" func="github.com/leiwenxuan/crontab/infra.(*BootApplication).start" file="infra/boot.go:59"
time="2020-01-28T15:58:30+08:00" level=debug msg="[github.com/leiwenxuan/crontab/infra.(*BootApplication).start(infra/boot.go:59)] Starting: *base.ValidatorStarter" func="github.com/leiwenxuan/crontab/infra.(*BootApplication).start" file="infra/boot.go:59"
time="2020-01-28T15:58:30+08:00" level=debug msg="[github.com/leiwenxuan/crontab/infra.(*BootApplication).start(infra/boot.go:59)] Starting: *infra.WebApiStarter" func="github.com/leiwenxuan/crontab/infra.(*BootApplication).start" file="infra/boot.go:59"
time="2020-01-28T15:58:30+08:00" level=debug msg="[github.com/leiwenxuan/crontab/infra.(*BootApplication).start(infra/boot.go:59)] Starting: *base.HookStarter" func="github.com/leiwenxuan/crontab/infra.(*BootApplication).start" file="infra/boot.go:59"
time="2020-01-28T15:58:30+08:00" level=info msg="[github.com/leiwenxuan/crontab/infra/base.(*HookStarter).Start(base/hook.go:45)] 【Register Notify Stop】:*base.PropsStarter.Stop()" func="github.com/leiwenxuan/crontab/infra/base.(*HookStarter).Start" file="base/hook.go:45"
time="2020-01-28T15:58:30+08:00" level=info msg="[github.com/leiwenxuan/crontab/infra/base.(*HookStarter).Start(base/hook.go:45)] 【Register Notify Stop】:*base.EtcdStarter.Stop()" func="github.com/leiwenxuan/crontab/infra/base.(*HookStarter).Start" file="base/hook.go:45"
time="2020-01-28T15:58:30+08:00" level=info msg="[github.com/leiwenxuan/crontab/infra/base.(*HookStarter).Start(base/hook.go:45)] 【Register Notify Stop】:*base.EtcdRegisterStarter.Stop()" func="github.com/leiwenxuan/crontab/infra/base.(*HookStarter).Start" file="base/hook.go:45"
time="2020-01-28T15:58:30+08:00" level=info msg="[github.com/leiwenxuan/crontab/infra/base.(*HookStarter).Start(base/hook.go:45)] 【Register Notify Stop】:*base.ValidatorStarter.Stop()" func="github.com/leiwenxuan/crontab/infra/base.(*HookStarter).Start" file="base/hook.go:45"
time="2020-01-28T15:58:30+08:00" level=info msg="[github.com/leiwenxuan/crontab/infra/base.(*HookStarter).Start(base/hook.go:45)] 【Register Notify Stop】:*infra.WebApiStarter.Stop()" func="github.com/leiwenxuan/crontab/infra/base.(*HookStarter).Start" file="base/hook.go:45"
time="2020-01-28T15:58:30+08:00" level=info msg="[github.com/leiwenxuan/crontab/infra/base.(*HookStarter).Start(base/hook.go:45)] 【Register Notify Stop】:*base.HookStarter.Stop()" func="github.com/leiwenxuan/crontab/infra/base.(*HookStarter).Start" file="base/hook.go:45"
time="2020-01-28T15:58:30+08:00" level=info msg="[github.com/leiwenxuan/crontab/infra/base.(*HookStarter).Start(base/hook.go:45)] 【Register Notify Stop】:*worker.WatchRegisterStarter.Stop()" func="github.com/leiwenxuan/crontab/infra/base.(*HookStarter).Start" file="base/hook.go:45"
time="2020-01-28T15:58:30+08:00" level=info msg="[github.com/leiwenxuan/crontab/infra/base.(*HookStarter).Start(base/hook.go:45)] 【Register Notify Stop】:*base.IrisServerStarter.Stop()" func="github.com/leiwenxuan/crontab/infra/base.(*HookStarter).Start" file="base/hook.go:45"
time="2020-01-28T15:58:30+08:00" level=debug msg="[github.com/leiwenxuan/crontab/infra.(*BootApplication).start(infra/boot.go:59)] Starting: *worker.WatchRegisterStarter" func="github.com/leiwenxuan/crontab/infra.(*BootApplication).start" file="infra/boot.go:59"
time="2020-01-28T15:58:31+08:00" level=debug msg="[github.com/leiwenxuan/crontab/infra.(*BootApplication).start(infra/boot.go:59)] Starting: *base.IrisServerStarter" func="github.com/leiwenxuan/crontab/infra.(*BootApplication).start" file="infra/boot.go:59"
time="2020-01-28T15:58:31+08:00" level=debug msg="[github.com/kataras/golog.integrateExternalLogger.func1(golog@v0.0.10/integration.go:28)] Application: running using 1 host(s)" func=github.com/kataras/golog.integrateExternalLogger.func1 file="golog@v0.0.10/integration.go:28"
time="2020-01-28T15:58:31+08:00" level=debug msg="[github.com/kataras/golog.integrateExternalLogger.func1(golog@v0.0.10/integration.go:28)] Host: addr is :10101" func=github.com/kataras/golog.integrateExternalLogger.func1 file="golog@v0.0.10/integration.go:28"
time="2020-01-28T15:58:31+08:00" level=debug msg="[github.com/kataras/golog.integrateExternalLogger.func1(golog@v0.0.10/integration.go:28)] Host: virtual host is 0.0.0.0:10101" func=github.com/kataras/golog.integrateExternalLogger.func1 file="golog@v0.0.10/integration.go:28"
time="2020-01-28T15:58:31+08:00" level=debug msg="[github.com/kataras/golog.integrateExternalLogger.func1(golog@v0.0.10/integration.go:28)] Host: register startup notifier" func=github.com/kataras/golog.integrateExternalLogger.func1 file="golog@v0.0.10/integration.go:28"
time="2020-01-28T15:58:31+08:00" level=debug msg="[github.com/kataras/golog.integrateExternalLogger.func1(golog@v0.0.10/integration.go:28)] Host: register server shutdown on interrupt(CTRL+C/CMD+C)" func=github.com/kataras/golog.integrateExternalLogger.func1 file="golog@v0.0.10/integration.go:28"
time="2020-01-28T15:58:36+08:00" level=info msg="[github.com/leiwenxuan/crontab/worker/core.JobMangerSer.JobWatch.func1(core/JobManger.go:76)] 监听事件变化: \t 1 , &{Name:work_1 Command:work_1 CronExpr:*/2 * * * * * *}" func=github.com/leiwenxuan/crontab/worker/core.JobMangerSer.JobWatch.func1 file="core/JobManger.go:76"
