time="2020-02-01T22:58:48+08:00" level=info msg="[github.com/leiwenxuan/crontab/infra/base.(*PropsStarter).Init(base/props.go:22)] 初始化配置." func="github.com/leiwenxuan/crontab/infra/base.(*PropsStarter).Init" file="base/props.go:22"
time="2020-02-01T22:58:48+08:00" level=info msg="[github.com/leiwenxuan/crontab/infra/base.(*EtcdStarter).Setup(base/etcd.go:38)] 获取ETCD集群：[192.168.1.5:12381 192.168.1.5:12382 192.168.1.5:12381]" func="github.com/leiwenxuan/crontab/infra/base.(*EtcdStarter).Setup" file="base/etcd.go:38"
time="2020-02-01T22:58:48+08:00" level=info msg="[github.com/leiwenxuan/crontab/infra/base.(*EtcdStarter).Setup(base/etcd.go:41)] 获取ETCD超时时间：5000" func="github.com/leiwenxuan/crontab/infra/base.(*EtcdStarter).Setup" file="base/etcd.go:41"
time="2020-02-01T22:58:48+08:00" level=debug msg="[github.com/leiwenxuan/crontab/infra/base.(*EtcdStarter).Setup(base/etcd.go:54)] clientMongo etcd:&{0xc0003f9290 0xc0003f92c0 0xc00025d2c0 0xc000258a00 0xc0003f93b0 0xc0003f93e0 0xc00015d880 {[192.168.1.5:12381 192.168.1.5:12382 192.168.1.5:12381] 0 5000000000 0 0 0 0 <nil>   false [] <nil> <nil> false} <nil> 0xc0002820c0 0xc000279140 0xc000195d00 0x52e560   <nil> [{false} {2097152} {2147483647}] 0xc000282060}" func="github.com/leiwenxuan/crontab/infra/base.(*EtcdStarter).Setup" file="base/etcd.go:54"
time="2020-02-01T22:58:48+08:00" level=info msg="[github.com/leiwenxuan/crontab/worker/core.(*JobMangerSer).JobWatch(core/JobManger.go:75)] all kv:   &{cluster_id:2362756668383640308 member_id:13314520524074667590 revision:52130 raft_term:14  [key:\"/cron/jobs/2020_1_30_19_04\" create_revision:45021 mod_revision:46555 version:2 value:\"{\\\"name\\\":\\\"2020_1_30_19_04\\\",\\\"command\\\":\\\"echo 'hello'; sleep 2\\\",\\\"cronExpr\\\":\\\"*/10 * * * * * * *\\\"}\" ] false 1 {} [] 0}" func="github.com/leiwenxuan/crontab/worker/core.(*JobMangerSer).JobWatch" file="core/JobManger.go:75"
time="2020-02-01T22:58:48+08:00" level=debug msg="[github.com/leiwenxuan/crontab/worker/core.(*JobMangerSer).JobWatch(core/JobManger.go:81)] &{1 0xc0005373e0}" func="github.com/leiwenxuan/crontab/worker/core.(*JobMangerSer).JobWatch" file="core/JobManger.go:81"
time="2020-02-01T22:58:48+08:00" level=debug msg="[github.com/leiwenxuan/crontab/worker/core.(*SchedulerSer).PushJobEvent(core/scheduler.go:167)] PushJobEvent&{1 0xc0005373e0}" func="github.com/leiwenxuan/crontab/worker/core.(*SchedulerSer).PushJobEvent" file="core/scheduler.go:167"
time="2020-02-01T22:58:50+08:00" level=info msg="[github.com/leiwenxuan/crontab/worker/core.(*SchedulerSer).TrySchedule(core/scheduler.go:123)] 执行任务: 2020_1_30_19_04" func="github.com/leiwenxuan/crontab/worker/core.(*SchedulerSer).TrySchedule" file="core/scheduler.go:123"
time="2020-02-01T22:58:50+08:00" level=info msg="[github.com/leiwenxuan/crontab/worker/core.(*SchedulerSer).TryStartJob(core/scheduler.go:101)] 执行任务：  2020_1_30_19_042020-02-01 22:58:50 +0800 CST 2020-02-01 22:58:50.001007577 +0800 CST m=+1.251131551" func="github.com/leiwenxuan/crontab/worker/core.(*SchedulerSer).TryStartJob" file="core/scheduler.go:101"
time="2020-02-01T22:58:50+08:00" level=debug msg="[github.com/leiwenxuan/crontab/worker/core.(*Executor).ExecutorJob.func1(core/executor.go:35)] 初始化分布式锁KEY: 2020_1_30_19_04" func="github.com/leiwenxuan/crontab/worker/core.(*Executor).ExecutorJob.func1" file="core/executor.go:35"
time="2020-02-01T22:58:50+08:00" level=debug msg="[github.com/leiwenxuan/crontab/worker/core.(*Executor).ExecutorJob.func1(core/executor.go:53)] 加锁成功" func="github.com/leiwenxuan/crontab/worker/core.(*Executor).ExecutorJob.func1" file="core/executor.go:53"
time="2020-02-01T22:58:52+08:00" level=info msg="[github.com/leiwenxuan/crontab/worker/core.(*LogSink).Append(core/logManger.go:121)] 发送日志" func="github.com/leiwenxuan/crontab/worker/core.(*LogSink).Append" file="core/logManger.go:121"
time="2020-02-01T22:58:52+08:00" level=info msg="[github.com/leiwenxuan/crontab/worker/core.(*SchedulerSer).HandleJobResult(core/scheduler.go:161)] 任务执行完成:  2020_1_30_19_04" func="github.com/leiwenxuan/crontab/worker/core.(*SchedulerSer).HandleJobResult" file="core/scheduler.go:161"
time="2020-02-01T22:58:57+08:00" level=debug msg="[github.com/leiwenxuan/crontab/worker/core.(*LogSink).SaveLogs(core/logManger.go:116)] 提交日志:  2020-02-01 22:58:57" func="github.com/leiwenxuan/crontab/worker/core.(*LogSink).SaveLogs" file="core/logManger.go:116"
time="2020-02-01T22:59:00+08:00" level=info msg="[github.com/leiwenxuan/crontab/worker/core.(*SchedulerSer).TrySchedule(core/scheduler.go:123)] 执行任务: 2020_1_30_19_04" func="github.com/leiwenxuan/crontab/worker/core.(*SchedulerSer).TrySchedule" file="core/scheduler.go:123"
time="2020-02-01T22:59:00+08:00" level=info msg="[github.com/leiwenxuan/crontab/worker/core.(*SchedulerSer).TryStartJob(core/scheduler.go:101)] 执行任务：  2020_1_30_19_042020-02-01 22:59:00 +0800 CST 2020-02-01 22:59:00.000630323 +0800 CST m=+11.250754298" func="github.com/leiwenxuan/crontab/worker/core.(*SchedulerSer).TryStartJob" file="core/scheduler.go:101"
time="2020-02-01T22:59:00+08:00" level=debug msg="[github.com/leiwenxuan/crontab/worker/core.(*Executor).ExecutorJob.func1(core/executor.go:35)] 初始化分布式锁KEY: 2020_1_30_19_04" func="github.com/leiwenxuan/crontab/worker/core.(*Executor).ExecutorJob.func1" file="core/executor.go:35"
time="2020-02-01T22:59:00+08:00" level=debug msg="[github.com/leiwenxuan/crontab/worker/core.(*Executor).ExecutorJob.func1(core/executor.go:53)] 加锁成功" func="github.com/leiwenxuan/crontab/worker/core.(*Executor).ExecutorJob.func1" file="core/executor.go:53"
time="2020-02-01T22:59:02+08:00" level=info msg="[github.com/leiwenxuan/crontab/worker/core.(*LogSink).Append(core/logManger.go:121)] 发送日志" func="github.com/leiwenxuan/crontab/worker/core.(*LogSink).Append" file="core/logManger.go:121"
time="2020-02-01T22:59:02+08:00" level=info msg="[github.com/leiwenxuan/crontab/worker/core.(*SchedulerSer).HandleJobResult(core/scheduler.go:161)] 任务执行完成:  2020_1_30_19_04" func="github.com/leiwenxuan/crontab/worker/core.(*SchedulerSer).HandleJobResult" file="core/scheduler.go:161"
time="2020-02-01T22:59:07+08:00" level=debug msg="[github.com/leiwenxuan/crontab/worker/core.(*LogSink).SaveLogs(core/logManger.go:116)] 提交日志:  2020-02-01 22:59:07" func="github.com/leiwenxuan/crontab/worker/core.(*LogSink).SaveLogs" file="core/logManger.go:116"
time="2020-02-01T22:59:10+08:00" level=info msg="[github.com/leiwenxuan/crontab/worker/core.(*SchedulerSer).TrySchedule(core/scheduler.go:123)] 执行任务: 2020_1_30_19_04" func="github.com/leiwenxuan/crontab/worker/core.(*SchedulerSer).TrySchedule" file="core/scheduler.go:123"
time="2020-02-01T22:59:10+08:00" level=info msg="[github.com/leiwenxuan/crontab/worker/core.(*SchedulerSer).TryStartJob(core/scheduler.go:101)] 执行任务：  2020_1_30_19_042020-02-01 22:59:10 +0800 CST 2020-02-01 22:59:10.001143015 +0800 CST m=+21.251266988" func="github.com/leiwenxuan/crontab/worker/core.(*SchedulerSer).TryStartJob" file="core/scheduler.go:101"
time="2020-02-01T22:59:10+08:00" level=debug msg="[github.com/leiwenxuan/crontab/worker/core.(*Executor).ExecutorJob.func1(core/executor.go:35)] 初始化分布式锁KEY: 2020_1_30_19_04" func="github.com/leiwenxuan/crontab/worker/core.(*Executor).ExecutorJob.func1" file="core/executor.go:35"
time="2020-02-01T22:59:10+08:00" level=debug msg="[github.com/leiwenxuan/crontab/worker/core.(*Executor).ExecutorJob.func1(core/executor.go:53)] 加锁成功" func="github.com/leiwenxuan/crontab/worker/core.(*Executor).ExecutorJob.func1" file="core/executor.go:53"
time="2020-02-01T22:59:12+08:00" level=info msg="[github.com/leiwenxuan/crontab/worker/core.(*LogSink).Append(core/logManger.go:121)] 发送日志" func="github.com/leiwenxuan/crontab/worker/core.(*LogSink).Append" file="core/logManger.go:121"
time="2020-02-01T22:59:12+08:00" level=info msg="[github.com/leiwenxuan/crontab/worker/core.(*SchedulerSer).HandleJobResult(core/scheduler.go:161)] 任务执行完成:  2020_1_30_19_04" func="github.com/leiwenxuan/crontab/worker/core.(*SchedulerSer).HandleJobResult" file="core/scheduler.go:161"
time="2020-02-01T22:59:17+08:00" level=debug msg="[github.com/leiwenxuan/crontab/worker/core.(*LogSink).SaveLogs(core/logManger.go:116)] 提交日志:  2020-02-01 22:59:17" func="github.com/leiwenxuan/crontab/worker/core.(*LogSink).SaveLogs" file="core/logManger.go:116"
time="2020-02-01T22:59:20+08:00" level=info msg="[github.com/leiwenxuan/crontab/worker/core.(*SchedulerSer).TrySchedule(core/scheduler.go:123)] 执行任务: 2020_1_30_19_04" func="github.com/leiwenxuan/crontab/worker/core.(*SchedulerSer).TrySchedule" file="core/scheduler.go:123"
time="2020-02-01T22:59:20+08:00" level=info msg="[github.com/leiwenxuan/crontab/worker/core.(*SchedulerSer).TryStartJob(core/scheduler.go:101)] 执行任务：  2020_1_30_19_042020-02-01 22:59:20 +0800 CST 2020-02-01 22:59:20.001802609 +0800 CST m=+31.251926594" func="github.com/leiwenxuan/crontab/worker/core.(*SchedulerSer).TryStartJob" file="core/scheduler.go:101"
time="2020-02-01T22:59:20+08:00" level=debug msg="[github.com/leiwenxuan/crontab/worker/core.(*Executor).ExecutorJob.func1(core/executor.go:35)] 初始化分布式锁KEY: 2020_1_30_19_04" func="github.com/leiwenxuan/crontab/worker/core.(*Executor).ExecutorJob.func1" file="core/executor.go:35"
time="2020-02-01T22:59:20+08:00" level=debug msg="[github.com/leiwenxuan/crontab/worker/core.(*Executor).ExecutorJob.func1(core/executor.go:53)] 加锁成功" func="github.com/leiwenxuan/crontab/worker/core.(*Executor).ExecutorJob.func1" file="core/executor.go:53"
time="2020-02-01T22:59:22+08:00" level=info msg="[github.com/leiwenxuan/crontab/worker/core.(*LogSink).Append(core/logManger.go:121)] 发送日志" func="github.com/leiwenxuan/crontab/worker/core.(*LogSink).Append" file="core/logManger.go:121"
time="2020-02-01T22:59:22+08:00" level=info msg="[github.com/leiwenxuan/crontab/worker/core.(*SchedulerSer).HandleJobResult(core/scheduler.go:161)] 任务执行完成:  2020_1_30_19_04" func="github.com/leiwenxuan/crontab/worker/core.(*SchedulerSer).HandleJobResult" file="core/scheduler.go:161"
time="2020-02-01T22:59:27+08:00" level=debug msg="[github.com/leiwenxuan/crontab/worker/core.(*LogSink).SaveLogs(core/logManger.go:116)] 提交日志:  2020-02-01 22:59:27" func="github.com/leiwenxuan/crontab/worker/core.(*LogSink).SaveLogs" file="core/logManger.go:116"
time="2020-02-01T22:59:30+08:00" level=info msg="[github.com/leiwenxuan/crontab/worker/core.(*SchedulerSer).TrySchedule(core/scheduler.go:123)] 执行任务: 2020_1_30_19_04" func="github.com/leiwenxuan/crontab/worker/core.(*SchedulerSer).TrySchedule" file="core/scheduler.go:123"
time="2020-02-01T22:59:30+08:00" level=info msg="[github.com/leiwenxuan/crontab/worker/core.(*SchedulerSer).TryStartJob(core/scheduler.go:101)] 执行任务：  2020_1_30_19_042020-02-01 22:59:30 +0800 CST 2020-02-01 22:59:30.0022646 +0800 CST m=+41.252388568" func="github.com/leiwenxuan/crontab/worker/core.(*SchedulerSer).TryStartJob" file="core/scheduler.go:101"
time="2020-02-01T22:59:30+08:00" level=debug msg="[github.com/leiwenxuan/crontab/worker/core.(*Executor).ExecutorJob.func1(core/executor.go:35)] 初始化分布式锁KEY: 2020_1_30_19_04" func="github.com/leiwenxuan/crontab/worker/core.(*Executor).ExecutorJob.func1" file="core/executor.go:35"
time="2020-02-01T22:59:30+08:00" level=debug msg="[github.com/leiwenxuan/crontab/worker/core.(*Executor).ExecutorJob.func1(core/executor.go:53)] 加锁成功" func="github.com/leiwenxuan/crontab/worker/core.(*Executor).ExecutorJob.func1" file="core/executor.go:53"
time="2020-02-01T22:59:32+08:00" level=info msg="[github.com/leiwenxuan/crontab/worker/core.(*LogSink).Append(core/logManger.go:121)] 发送日志" func="github.com/leiwenxuan/crontab/worker/core.(*LogSink).Append" file="core/logManger.go:121"
time="2020-02-01T22:59:32+08:00" level=info msg="[github.com/leiwenxuan/crontab/worker/core.(*SchedulerSer).HandleJobResult(core/scheduler.go:161)] 任务执行完成:  2020_1_30_19_04" func="github.com/leiwenxuan/crontab/worker/core.(*SchedulerSer).HandleJobResult" file="core/scheduler.go:161"
time="2020-02-01T22:59:37+08:00" level=debug msg="[github.com/leiwenxuan/crontab/worker/core.(*LogSink).SaveLogs(core/logManger.go:116)] 提交日志:  2020-02-01 22:59:37" func="github.com/leiwenxuan/crontab/worker/core.(*LogSink).SaveLogs" file="core/logManger.go:116"
time="2020-02-01T22:59:40+08:00" level=info msg="[github.com/leiwenxuan/crontab/worker/core.(*SchedulerSer).TrySchedule(core/scheduler.go:123)] 执行任务: 2020_1_30_19_04" func="github.com/leiwenxuan/crontab/worker/core.(*SchedulerSer).TrySchedule" file="core/scheduler.go:123"
time="2020-02-01T22:59:40+08:00" level=info msg="[github.com/leiwenxuan/crontab/worker/core.(*SchedulerSer).TryStartJob(core/scheduler.go:101)] 执行任务：  2020_1_30_19_042020-02-01 22:59:40 +0800 CST 2020-02-01 22:59:40.001952565 +0800 CST m=+51.252076548" func="github.com/leiwenxuan/crontab/worker/core.(*SchedulerSer).TryStartJob" file="core/scheduler.go:101"
time="2020-02-01T22:59:40+08:00" level=debug msg="[github.com/leiwenxuan/crontab/worker/core.(*Executor).ExecutorJob.func1(core/executor.go:35)] 初始化分布式锁KEY: 2020_1_30_19_04" func="github.com/leiwenxuan/crontab/worker/core.(*Executor).ExecutorJob.func1" file="core/executor.go:35"
time="2020-02-01T22:59:40+08:00" level=debug msg="[github.com/leiwenxuan/crontab/worker/core.(*Executor).ExecutorJob.func1(core/executor.go:53)] 加锁成功" func="github.com/leiwenxuan/crontab/worker/core.(*Executor).ExecutorJob.func1" file="core/executor.go:53"
time="2020-02-01T22:59:42+08:00" level=info msg="[github.com/leiwenxuan/crontab/worker/core.(*LogSink).Append(core/logManger.go:121)] 发送日志" func="github.com/leiwenxuan/crontab/worker/core.(*LogSink).Append" file="core/logManger.go:121"
time="2020-02-01T22:59:42+08:00" level=info msg="[github.com/leiwenxuan/crontab/worker/core.(*SchedulerSer).HandleJobResult(core/scheduler.go:161)] 任务执行完成:  2020_1_30_19_04" func="github.com/leiwenxuan/crontab/worker/core.(*SchedulerSer).HandleJobResult" file="core/scheduler.go:161"
time="2020-02-01T22:59:47+08:00" level=debug msg="[github.com/leiwenxuan/crontab/worker/core.(*LogSink).SaveLogs(core/logManger.go:116)] 提交日志:  2020-02-01 22:59:47" func="github.com/leiwenxuan/crontab/worker/core.(*LogSink).SaveLogs" file="core/logManger.go:116"
time="2020-02-01T22:59:50+08:00" level=info msg="[github.com/leiwenxuan/crontab/worker/core.(*SchedulerSer).TrySchedule(core/scheduler.go:123)] 执行任务: 2020_1_30_19_04" func="github.com/leiwenxuan/crontab/worker/core.(*SchedulerSer).TrySchedule" file="core/scheduler.go:123"
time="2020-02-01T22:59:50+08:00" level=info msg="[github.com/leiwenxuan/crontab/worker/core.(*SchedulerSer).TryStartJob(core/scheduler.go:101)] 执行任务：  2020_1_30_19_042020-02-01 22:59:50 +0800 CST 2020-02-01 22:59:50.001473111 +0800 CST m=+61.251597099" func="github.com/leiwenxuan/crontab/worker/core.(*SchedulerSer).TryStartJob" file="core/scheduler.go:101"
time="2020-02-01T22:59:50+08:00" level=debug msg="[github.com/leiwenxuan/crontab/worker/core.(*Executor).ExecutorJob.func1(core/executor.go:35)] 初始化分布式锁KEY: 2020_1_30_19_04" func="github.com/leiwenxuan/crontab/worker/core.(*Executor).ExecutorJob.func1" file="core/executor.go:35"
time="2020-02-01T22:59:50+08:00" level=debug msg="[github.com/leiwenxuan/crontab/worker/core.(*Executor).ExecutorJob.func1(core/executor.go:53)] 加锁成功" func="github.com/leiwenxuan/crontab/worker/core.(*Executor).ExecutorJob.func1" file="core/executor.go:53"
time="2020-02-01T22:59:52+08:00" level=info msg="[github.com/leiwenxuan/crontab/worker/core.(*LogSink).Append(core/logManger.go:121)] 发送日志" func="github.com/leiwenxuan/crontab/worker/core.(*LogSink).Append" file="core/logManger.go:121"
time="2020-02-01T22:59:52+08:00" level=info msg="[github.com/leiwenxuan/crontab/worker/core.(*SchedulerSer).HandleJobResult(core/scheduler.go:161)] 任务执行完成:  2020_1_30_19_04" func="github.com/leiwenxuan/crontab/worker/core.(*SchedulerSer).HandleJobResult" file="core/scheduler.go:161"
time="2020-02-01T22:59:57+08:00" level=debug msg="[github.com/leiwenxuan/crontab/worker/core.(*LogSink).SaveLogs(core/logManger.go:116)] 提交日志:  2020-02-01 22:59:57" func="github.com/leiwenxuan/crontab/worker/core.(*LogSink).SaveLogs" file="core/logManger.go:116"
time="2020-02-01T22:57:40+08:00" level=info msg="[github.com/leiwenxuan/crontab/infra/base.(*PropsStarter).Init(base/props.go:22)] 初始化配置." func="github.com/leiwenxuan/crontab/infra/base.(*PropsStarter).Init" file="base/props.go:22"
time="2020-02-01T22:57:40+08:00" level=info msg="[github.com/leiwenxuan/crontab/infra/base.(*EtcdStarter).Setup(base/etcd.go:38)] 获取ETCD集群：[192.168.1.5:12381 192.168.1.5:12382 192.168.1.5:12381]" func="github.com/leiwenxuan/crontab/infra/base.(*EtcdStarter).Setup" file="base/etcd.go:38"
time="2020-02-01T22:57:40+08:00" level=info msg="[github.com/leiwenxuan/crontab/infra/base.(*EtcdStarter).Setup(base/etcd.go:41)] 获取ETCD超时时间：5000" func="github.com/leiwenxuan/crontab/infra/base.(*EtcdStarter).Setup" file="base/etcd.go:41"
time="2020-02-01T22:57:40+08:00" level=debug msg="[github.com/leiwenxuan/crontab/infra/base.(*EtcdStarter).Setup(base/etcd.go:54)] clientMongo etcd:&{0xc0003662d0 0xc000366360 0xc00045a000 0xc0000c0050 0xc000366780 0xc0003667b0 0xc00044dc00 {[192.168.1.5:12381 192.168.1.5:12382 192.168.1.5:12381] 0 5000000000 0 0 0 0 <nil>   false [] <nil> <nil> false} <nil> 0xc00049fb60 0xc0002b18e0 0xc000222d00 0x53a190   <nil> [{false} {2097152} {2147483647}] 0xc00049fb00}" func="github.com/leiwenxuan/crontab/infra/base.(*EtcdStarter).Setup" file="base/etcd.go:54"
time="2020-02-01T22:57:40+08:00" level=info msg="[github.com/leiwenxuan/crontab/worker/core.(*JobMangerSer).JobWatch(core/JobManger.go:75)] all kv:   &{cluster_id:2362756668383640308 member_id:13314520524074667590 revision:52154 raft_term:14  [key:\"/cron/jobs/2020_1_30_19_04\" create_revision:45021 mod_revision:46555 version:2 value:\"{\\\"name\\\":\\\"2020_1_30_19_04\\\",\\\"command\\\":\\\"echo 'hello'; sleep 2\\\",\\\"cronExpr\\\":\\\"*/10 * * * * * * *\\\"}\" ] false 1 {} [] 0}" func="github.com/leiwenxuan/crontab/worker/core.(*JobMangerSer).JobWatch" file="core/JobManger.go:75"
time="2020-02-01T22:57:40+08:00" level=debug msg="[github.com/leiwenxuan/crontab/worker/core.(*JobMangerSer).JobWatch(core/JobManger.go:81)] &{1 0xc000348ba0}" func="github.com/leiwenxuan/crontab/worker/core.(*JobMangerSer).JobWatch" file="core/JobManger.go:81"
time="2020-02-01T22:57:40+08:00" level=debug msg="[github.com/leiwenxuan/crontab/worker/core.(*SchedulerSer).PushJobEvent(core/scheduler.go:167)] PushJobEvent&{1 0xc000348ba0}" func="github.com/leiwenxuan/crontab/worker/core.(*SchedulerSer).PushJobEvent" file="core/scheduler.go:167"
time="2020-02-01T22:57:50+08:00" level=info msg="[github.com/leiwenxuan/crontab/worker/core.(*SchedulerSer).TrySchedule(core/scheduler.go:123)] 执行任务: 2020_1_30_19_04" func="github.com/leiwenxuan/crontab/worker/core.(*SchedulerSer).TrySchedule" file="core/scheduler.go:123"
time="2020-02-01T22:57:50+08:00" level=info msg="[github.com/leiwenxuan/crontab/worker/core.(*SchedulerSer).TryStartJob(core/scheduler.go:101)] 执行任务：  2020_1_30_19_042020-02-01 22:57:50 +0800 CST 2020-02-01 22:57:50.0108101 +0800 CST m=+10.059960701" func="github.com/leiwenxuan/crontab/worker/core.(*SchedulerSer).TryStartJob" file="core/scheduler.go:101"
time="2020-02-01T22:57:50+08:00" level=debug msg="[github.com/leiwenxuan/crontab/worker/core.(*Executor).ExecutorJob.func1(core/executor.go:35)] 初始化分布式锁KEY: 2020_1_30_19_04" func="github.com/leiwenxuan/crontab/worker/core.(*Executor).ExecutorJob.func1" file="core/executor.go:35"
time="2020-02-01T22:57:50+08:00" level=debug msg="[github.com/leiwenxuan/crontab/worker/core.(*Executor).ExecutorJob.func1(core/executor.go:53)] 加锁成功" func="github.com/leiwenxuan/crontab/worker/core.(*Executor).ExecutorJob.func1" file="core/executor.go:53"
time="2020-02-01T22:57:50+08:00" level=error msg="[github.com/leiwenxuan/crontab/worker/core.(*Executor).ExecutorJob.func1(core/executor.go:60)] 执行任务出错： exec: \"/bin/bash\": file does not exist" func="github.com/leiwenxuan/crontab/worker/core.(*Executor).ExecutorJob.func1" file="core/executor.go:60"
time="2020-02-01T22:57:50+08:00" level=info msg="[github.com/leiwenxuan/crontab/worker/core.(*LogSink).Append(core/logManger.go:121)] 发送日志" func="github.com/leiwenxuan/crontab/worker/core.(*LogSink).Append" file="core/logManger.go:121"
time="2020-02-01T22:57:50+08:00" level=info msg="[github.com/leiwenxuan/crontab/worker/core.(*SchedulerSer).HandleJobResult(core/scheduler.go:161)] 任务执行完成:  2020_1_30_19_04" func="github.com/leiwenxuan/crontab/worker/core.(*SchedulerSer).HandleJobResult" file="core/scheduler.go:161"
time="2020-02-01T22:57:55+08:00" level=debug msg="[github.com/leiwenxuan/crontab/worker/core.(*LogSink).SaveLogs(core/logManger.go:116)] 提交日志:  2020-02-01 22:57:55" func="github.com/leiwenxuan/crontab/worker/core.(*LogSink).SaveLogs" file="core/logManger.go:116"
time="2020-02-01T22:58:00+08:00" level=info msg="[github.com/leiwenxuan/crontab/worker/core.(*SchedulerSer).TrySchedule(core/scheduler.go:123)] 执行任务: 2020_1_30_19_04" func="github.com/leiwenxuan/crontab/worker/core.(*SchedulerSer).TrySchedule" file="core/scheduler.go:123"
time="2020-02-01T22:58:00+08:00" level=info msg="[github.com/leiwenxuan/crontab/worker/core.(*SchedulerSer).TryStartJob(core/scheduler.go:101)] 执行任务：  2020_1_30_19_042020-02-01 22:58:00 +0800 CST 2020-02-01 22:58:00.0341573 +0800 CST m=+20.083307901" func="github.com/leiwenxuan/crontab/worker/core.(*SchedulerSer).TryStartJob" file="core/scheduler.go:101"
time="2020-02-01T22:58:00+08:00" level=debug msg="[github.com/leiwenxuan/crontab/worker/core.(*Executor).ExecutorJob.func1(core/executor.go:35)] 初始化分布式锁KEY: 2020_1_30_19_04" func="github.com/leiwenxuan/crontab/worker/core.(*Executor).ExecutorJob.func1" file="core/executor.go:35"
time="2020-02-01T22:58:00+08:00" level=debug msg="[github.com/leiwenxuan/crontab/worker/core.(*Executor).ExecutorJob.func1(core/executor.go:53)] 加锁成功" func="github.com/leiwenxuan/crontab/worker/core.(*Executor).ExecutorJob.func1" file="core/executor.go:53"
time="2020-02-01T22:58:00+08:00" level=error msg="[github.com/leiwenxuan/crontab/worker/core.(*Executor).ExecutorJob.func1(core/executor.go:60)] 执行任务出错： exec: \"/bin/bash\": file does not exist" func="github.com/leiwenxuan/crontab/worker/core.(*Executor).ExecutorJob.func1" file="core/executor.go:60"
time="2020-02-01T22:58:00+08:00" level=info msg="[github.com/leiwenxuan/crontab/worker/core.(*LogSink).Append(core/logManger.go:121)] 发送日志" func="github.com/leiwenxuan/crontab/worker/core.(*LogSink).Append" file="core/logManger.go:121"
time="2020-02-01T22:58:00+08:00" level=info msg="[github.com/leiwenxuan/crontab/worker/core.(*SchedulerSer).HandleJobResult(core/scheduler.go:161)] 任务执行完成:  2020_1_30_19_04" func="github.com/leiwenxuan/crontab/worker/core.(*SchedulerSer).HandleJobResult" file="core/scheduler.go:161"
time="2020-02-01T22:58:05+08:00" level=debug msg="[github.com/leiwenxuan/crontab/worker/core.(*LogSink).SaveLogs(core/logManger.go:116)] 提交日志:  2020-02-01 22:58:05" func="github.com/leiwenxuan/crontab/worker/core.(*LogSink).SaveLogs" file="core/logManger.go:116"
time="2020-02-01T22:58:10+08:00" level=info msg="[github.com/leiwenxuan/crontab/worker/core.(*SchedulerSer).TrySchedule(core/scheduler.go:123)] 执行任务: 2020_1_30_19_04" func="github.com/leiwenxuan/crontab/worker/core.(*SchedulerSer).TrySchedule" file="core/scheduler.go:123"
time="2020-02-01T22:58:10+08:00" level=info msg="[github.com/leiwenxuan/crontab/worker/core.(*SchedulerSer).TryStartJob(core/scheduler.go:101)] 执行任务：  2020_1_30_19_042020-02-01 22:58:10 +0800 CST 2020-02-01 22:58:10.0396538 +0800 CST m=+30.088804401" func="github.com/leiwenxuan/crontab/worker/core.(*SchedulerSer).TryStartJob" file="core/scheduler.go:101"
time="2020-02-01T22:58:10+08:00" level=debug msg="[github.com/leiwenxuan/crontab/worker/core.(*Executor).ExecutorJob.func1(core/executor.go:35)] 初始化分布式锁KEY: 2020_1_30_19_04" func="github.com/leiwenxuan/crontab/worker/core.(*Executor).ExecutorJob.func1" file="core/executor.go:35"
time="2020-02-01T22:58:10+08:00" level=debug msg="[github.com/leiwenxuan/crontab/worker/core.(*Executor).ExecutorJob.func1(core/executor.go:53)] 加锁成功" func="github.com/leiwenxuan/crontab/worker/core.(*Executor).ExecutorJob.func1" file="core/executor.go:53"
time="2020-02-01T22:58:10+08:00" level=error msg="[github.com/leiwenxuan/crontab/worker/core.(*Executor).ExecutorJob.func1(core/executor.go:60)] 执行任务出错： exec: \"/bin/bash\": file does not exist" func="github.com/leiwenxuan/crontab/worker/core.(*Executor).ExecutorJob.func1" file="core/executor.go:60"
time="2020-02-01T22:58:10+08:00" level=info msg="[github.com/leiwenxuan/crontab/worker/core.(*LogSink).Append(core/logManger.go:121)] 发送日志" func="github.com/leiwenxuan/crontab/worker/core.(*LogSink).Append" file="core/logManger.go:121"
time="2020-02-01T22:58:10+08:00" level=info msg="[github.com/leiwenxuan/crontab/worker/core.(*SchedulerSer).HandleJobResult(core/scheduler.go:161)] 任务执行完成:  2020_1_30_19_04" func="github.com/leiwenxuan/crontab/worker/core.(*SchedulerSer).HandleJobResult" file="core/scheduler.go:161"
time="2020-02-01T22:58:15+08:00" level=debug msg="[github.com/leiwenxuan/crontab/worker/core.(*LogSink).SaveLogs(core/logManger.go:116)] 提交日志:  2020-02-01 22:58:15" func="github.com/leiwenxuan/crontab/worker/core.(*LogSink).SaveLogs" file="core/logManger.go:116"
time="2020-02-01T22:58:20+08:00" level=info msg="[github.com/leiwenxuan/crontab/worker/core.(*SchedulerSer).TrySchedule(core/scheduler.go:123)] 执行任务: 2020_1_30_19_04" func="github.com/leiwenxuan/crontab/worker/core.(*SchedulerSer).TrySchedule" file="core/scheduler.go:123"
time="2020-02-01T22:58:20+08:00" level=info msg="[github.com/leiwenxuan/crontab/worker/core.(*SchedulerSer).TryStartJob(core/scheduler.go:101)] 执行任务：  2020_1_30_19_042020-02-01 22:58:20 +0800 CST 2020-02-01 22:58:20.0410494 +0800 CST m=+40.090200001" func="github.com/leiwenxuan/crontab/worker/core.(*SchedulerSer).TryStartJob" file="core/scheduler.go:101"
time="2020-02-01T22:58:20+08:00" level=debug msg="[github.com/leiwenxuan/crontab/worker/core.(*Executor).ExecutorJob.func1(core/executor.go:35)] 初始化分布式锁KEY: 2020_1_30_19_04" func="github.com/leiwenxuan/crontab/worker/core.(*Executor).ExecutorJob.func1" file="core/executor.go:35"
time="2020-02-01T22:58:20+08:00" level=debug msg="[github.com/leiwenxuan/crontab/worker/core.(*Executor).ExecutorJob.func1(core/executor.go:53)] 加锁成功" func="github.com/leiwenxuan/crontab/worker/core.(*Executor).ExecutorJob.func1" file="core/executor.go:53"
time="2020-02-01T22:58:20+08:00" level=error msg="[github.com/leiwenxuan/crontab/worker/core.(*Executor).ExecutorJob.func1(core/executor.go:60)] 执行任务出错： exec: \"/bin/bash\": file does not exist" func="github.com/leiwenxuan/crontab/worker/core.(*Executor).ExecutorJob.func1" file="core/executor.go:60"
time="2020-02-01T22:58:20+08:00" level=info msg="[github.com/leiwenxuan/crontab/worker/core.(*LogSink).Append(core/logManger.go:121)] 发送日志" func="github.com/leiwenxuan/crontab/worker/core.(*LogSink).Append" file="core/logManger.go:121"
time="2020-02-01T22:58:20+08:00" level=info msg="[github.com/leiwenxuan/crontab/worker/core.(*SchedulerSer).HandleJobResult(core/scheduler.go:161)] 任务执行完成:  2020_1_30_19_04" func="github.com/leiwenxuan/crontab/worker/core.(*SchedulerSer).HandleJobResult" file="core/scheduler.go:161"
time="2020-02-01T22:58:22+08:00" level=info msg="[github.com/leiwenxuan/crontab/infra/base.(*PropsStarter).Init(base/props.go:22)] 初始化配置." func="github.com/leiwenxuan/crontab/infra/base.(*PropsStarter).Init" file="base/props.go:22"
time="2020-02-01T22:58:22+08:00" level=info msg="[github.com/leiwenxuan/crontab/infra/base.(*EtcdStarter).Setup(base/etcd.go:38)] 获取ETCD集群：[192.168.1.5:12381 192.168.1.5:12382 192.168.1.5:12381]" func="github.com/leiwenxuan/crontab/infra/base.(*EtcdStarter).Setup" file="base/etcd.go:38"
time="2020-02-01T22:58:22+08:00" level=info msg="[github.com/leiwenxuan/crontab/infra/base.(*EtcdStarter).Setup(base/etcd.go:41)] 获取ETCD超时时间：5000" func="github.com/leiwenxuan/crontab/infra/base.(*EtcdStarter).Setup" file="base/etcd.go:41"
time="2020-02-01T22:58:22+08:00" level=debug msg="[github.com/leiwenxuan/crontab/infra/base.(*EtcdStarter).Setup(base/etcd.go:54)] clientMongo etcd:&{0xc0000f7ad0 0xc0000f7b00 0xc000551680 0xc0000b5b80 0xc0000f7bf0 0xc0000f7c20 0xc00018a700 {[192.168.1.5:12381 192.168.1.5:12382 192.168.1.5:12381] 0 5000000000 0 0 0 0 <nil>   false [] <nil> <nil> false} <nil> 0xc00043a540 0xc0002b1240 0xc000167e80 0x53a190   <nil> [{false} {2097152} {2147483647}] 0xc00043a4e0}" func="github.com/leiwenxuan/crontab/infra/base.(*EtcdStarter).Setup" file="base/etcd.go:54"
time="2020-02-01T22:58:22+08:00" level=info msg="[github.com/leiwenxuan/crontab/worker/core.(*JobMangerSer).JobWatch(core/JobManger.go:75)] all kv:   &{cluster_id:2362756668383640308 member_id:13314520524074667590 revision:52163 raft_term:14  [key:\"/cron/jobs/2020_1_30_19_04\" create_revision:45021 mod_revision:46555 version:2 value:\"{\\\"name\\\":\\\"2020_1_30_19_04\\\",\\\"command\\\":\\\"echo 'hello'; sleep 2\\\",\\\"cronExpr\\\":\\\"*/10 * * * * * * *\\\"}\" ] false 1 {} [] 0}" func="github.com/leiwenxuan/crontab/worker/core.(*JobMangerSer).JobWatch" file="core/JobManger.go:75"
time="2020-02-01T22:58:22+08:00" level=debug msg="[github.com/leiwenxuan/crontab/worker/core.(*JobMangerSer).JobWatch(core/JobManger.go:81)] &{1 0xc000318480}" func="github.com/leiwenxuan/crontab/worker/core.(*JobMangerSer).JobWatch" file="core/JobManger.go:81"
time="2020-02-01T22:58:22+08:00" level=debug msg="[github.com/leiwenxuan/crontab/worker/core.(*SchedulerSer).PushJobEvent(core/scheduler.go:167)] PushJobEvent&{1 0xc000318480}" func="github.com/leiwenxuan/crontab/worker/core.(*SchedulerSer).PushJobEvent" file="core/scheduler.go:167"
time="2020-02-01T22:58:25+08:00" level=debug msg="[github.com/leiwenxuan/crontab/worker/core.(*LogSink).SaveLogs(core/logManger.go:116)] 提交日志:  2020-02-01 22:58:25" func="github.com/leiwenxuan/crontab/worker/core.(*LogSink).SaveLogs" file="core/logManger.go:116"
time="2020-02-01T22:58:30+08:00" level=info msg="[github.com/leiwenxuan/crontab/worker/core.(*SchedulerSer).TrySchedule(core/scheduler.go:123)] 执行任务: 2020_1_30_19_04" func="github.com/leiwenxuan/crontab/worker/core.(*SchedulerSer).TrySchedule" file="core/scheduler.go:123"
time="2020-02-01T22:58:30+08:00" level=info msg="[github.com/leiwenxuan/crontab/worker/core.(*SchedulerSer).TryStartJob(core/scheduler.go:101)] 执行任务：  2020_1_30_19_042020-02-01 22:58:30 +0800 CST 2020-02-01 22:58:30.0018443 +0800 CST m=+8.183629801" func="github.com/leiwenxuan/crontab/worker/core.(*SchedulerSer).TryStartJob" file="core/scheduler.go:101"
time="2020-02-01T22:58:30+08:00" level=debug msg="[github.com/leiwenxuan/crontab/worker/core.(*Executor).ExecutorJob.func1(core/executor.go:35)] 初始化分布式锁KEY: 2020_1_30_19_04" func="github.com/leiwenxuan/crontab/worker/core.(*Executor).ExecutorJob.func1" file="core/executor.go:35"
time="2020-02-01T22:58:30+08:00" level=debug msg="[github.com/leiwenxuan/crontab/worker/core.(*Executor).ExecutorJob.func1(core/executor.go:53)] 加锁成功" func="github.com/leiwenxuan/crontab/worker/core.(*Executor).ExecutorJob.func1" file="core/executor.go:53"
time="2020-02-01T22:58:30+08:00" level=error msg="[github.com/leiwenxuan/crontab/worker/core.(*Executor).ExecutorJob.func1(core/executor.go:60)] 执行任务出错： exec: \"/bin/bash\": file does not exist" func="github.com/leiwenxuan/crontab/worker/core.(*Executor).ExecutorJob.func1" file="core/executor.go:60"
time="2020-02-01T22:58:30+08:00" level=info msg="[github.com/leiwenxuan/crontab/worker/core.(*LogSink).Append(core/logManger.go:121)] 发送日志" func="github.com/leiwenxuan/crontab/worker/core.(*LogSink).Append" file="core/logManger.go:121"
time="2020-02-01T22:58:30+08:00" level=info msg="[github.com/leiwenxuan/crontab/worker/core.(*SchedulerSer).HandleJobResult(core/scheduler.go:161)] 任务执行完成:  2020_1_30_19_04" func="github.com/leiwenxuan/crontab/worker/core.(*SchedulerSer).HandleJobResult" file="core/scheduler.go:161"
time="2020-02-01T22:58:30+08:00" level=info msg="[github.com/leiwenxuan/crontab/worker/core.(*SchedulerSer).TrySchedule(core/scheduler.go:123)] 执行任务: 2020_1_30_19_04" func="github.com/leiwenxuan/crontab/worker/core.(*SchedulerSer).TrySchedule" file="core/scheduler.go:123"
time="2020-02-01T22:58:30+08:00" level=info msg="[github.com/leiwenxuan/crontab/worker/core.(*SchedulerSer).TryStartJob(core/scheduler.go:101)] 执行任务：  2020_1_30_19_042020-02-01 22:58:30 +0800 CST 2020-02-01 22:58:30.0414104 +0800 CST m=+50.090561001" func="github.com/leiwenxuan/crontab/worker/core.(*SchedulerSer).TryStartJob" file="core/scheduler.go:101"
time="2020-02-01T22:58:30+08:00" level=debug msg="[github.com/leiwenxuan/crontab/worker/core.(*Executor).ExecutorJob.func1(core/executor.go:35)] 初始化分布式锁KEY: 2020_1_30_19_04" func="github.com/leiwenxuan/crontab/worker/core.(*Executor).ExecutorJob.func1" file="core/executor.go:35"
time="2020-02-01T22:58:30+08:00" level=debug msg="[github.com/leiwenxuan/crontab/worker/core.(*Executor).ExecutorJob.func1(core/executor.go:53)] 加锁成功" func="github.com/leiwenxuan/crontab/worker/core.(*Executor).ExecutorJob.func1" file="core/executor.go:53"
time="2020-02-01T22:58:30+08:00" level=error msg="[github.com/leiwenxuan/crontab/worker/core.(*Executor).ExecutorJob.func1(core/executor.go:60)] 执行任务出错： exec: \"/bin/bash\": file does not exist" func="github.com/leiwenxuan/crontab/worker/core.(*Executor).ExecutorJob.func1" file="core/executor.go:60"
time="2020-02-01T22:58:30+08:00" level=info msg="[github.com/leiwenxuan/crontab/worker/core.(*LogSink).Append(core/logManger.go:121)] 发送日志" func="github.com/leiwenxuan/crontab/worker/core.(*LogSink).Append" file="core/logManger.go:121"
time="2020-02-01T22:58:30+08:00" level=info msg="[github.com/leiwenxuan/crontab/worker/core.(*SchedulerSer).HandleJobResult(core/scheduler.go:161)] 任务执行完成:  2020_1_30_19_04" func="github.com/leiwenxuan/crontab/worker/core.(*SchedulerSer).HandleJobResult" file="core/scheduler.go:161"
time="2020-02-01T22:58:35+08:00" level=debug msg="[github.com/leiwenxuan/crontab/worker/core.(*LogSink).SaveLogs(core/logManger.go:116)] 提交日志:  2020-02-01 22:58:35" func="github.com/leiwenxuan/crontab/worker/core.(*LogSink).SaveLogs" file="core/logManger.go:116"
time="2020-02-01T22:58:35+08:00" level=debug msg="[github.com/leiwenxuan/crontab/worker/core.(*LogSink).SaveLogs(core/logManger.go:116)] 提交日志:  2020-02-01 22:58:35" func="github.com/leiwenxuan/crontab/worker/core.(*LogSink).SaveLogs" file="core/logManger.go:116"
time="2020-02-01T22:58:40+08:00" level=info msg="[github.com/leiwenxuan/crontab/worker/core.(*SchedulerSer).TrySchedule(core/scheduler.go:123)] 执行任务: 2020_1_30_19_04" func="github.com/leiwenxuan/crontab/worker/core.(*SchedulerSer).TrySchedule" file="core/scheduler.go:123"
time="2020-02-01T22:58:40+08:00" level=info msg="[github.com/leiwenxuan/crontab/worker/core.(*SchedulerSer).TryStartJob(core/scheduler.go:101)] 执行任务：  2020_1_30_19_042020-02-01 22:58:40 +0800 CST 2020-02-01 22:58:40.0018393 +0800 CST m=+18.183624801" func="github.com/leiwenxuan/crontab/worker/core.(*SchedulerSer).TryStartJob" file="core/scheduler.go:101"
time="2020-02-01T22:58:40+08:00" level=debug msg="[github.com/leiwenxuan/crontab/worker/core.(*Executor).ExecutorJob.func1(core/executor.go:35)] 初始化分布式锁KEY: 2020_1_30_19_04" func="github.com/leiwenxuan/crontab/worker/core.(*Executor).ExecutorJob.func1" file="core/executor.go:35"
time="2020-02-01T22:58:40+08:00" level=debug msg="[github.com/leiwenxuan/crontab/worker/core.(*Executor).ExecutorJob.func1(core/executor.go:53)] 加锁成功" func="github.com/leiwenxuan/crontab/worker/core.(*Executor).ExecutorJob.func1" file="core/executor.go:53"
time="2020-02-01T22:58:40+08:00" level=error msg="[github.com/leiwenxuan/crontab/worker/core.(*Executor).ExecutorJob.func1(core/executor.go:60)] 执行任务出错： exec: \"/bin/bash\": file does not exist" func="github.com/leiwenxuan/crontab/worker/core.(*Executor).ExecutorJob.func1" file="core/executor.go:60"
time="2020-02-01T22:58:40+08:00" level=info msg="[github.com/leiwenxuan/crontab/worker/core.(*LogSink).Append(core/logManger.go:121)] 发送日志" func="github.com/leiwenxuan/crontab/worker/core.(*LogSink).Append" file="core/logManger.go:121"
time="2020-02-01T22:58:40+08:00" level=info msg="[github.com/leiwenxuan/crontab/worker/core.(*SchedulerSer).HandleJobResult(core/scheduler.go:161)] 任务执行完成:  2020_1_30_19_04" func="github.com/leiwenxuan/crontab/worker/core.(*SchedulerSer).HandleJobResult" file="core/scheduler.go:161"
time="2020-02-01T22:58:40+08:00" level=info msg="[github.com/leiwenxuan/crontab/worker/core.(*SchedulerSer).TrySchedule(core/scheduler.go:123)] 执行任务: 2020_1_30_19_04" func="github.com/leiwenxuan/crontab/worker/core.(*SchedulerSer).TrySchedule" file="core/scheduler.go:123"
time="2020-02-01T22:58:40+08:00" level=info msg="[github.com/leiwenxuan/crontab/worker/core.(*SchedulerSer).TryStartJob(core/scheduler.go:101)] 执行任务：  2020_1_30_19_042020-02-01 22:58:40 +0800 CST 2020-02-01 22:58:40.0368382 +0800 CST m=+60.085988801" func="github.com/leiwenxuan/crontab/worker/core.(*SchedulerSer).TryStartJob" file="core/scheduler.go:101"
time="2020-02-01T22:58:40+08:00" level=debug msg="[github.com/leiwenxuan/crontab/worker/core.(*Executor).ExecutorJob.func1(core/executor.go:35)] 初始化分布式锁KEY: 2020_1_30_19_04" func="github.com/leiwenxuan/crontab/worker/core.(*Executor).ExecutorJob.func1" file="core/executor.go:35"
time="2020-02-01T22:58:40+08:00" level=debug msg="[github.com/leiwenxuan/crontab/worker/core.(*Executor).ExecutorJob.func1(core/executor.go:53)] 加锁成功" func="github.com/leiwenxuan/crontab/worker/core.(*Executor).ExecutorJob.func1" file="core/executor.go:53"
time="2020-02-01T22:58:40+08:00" level=error msg="[github.com/leiwenxuan/crontab/worker/core.(*Executor).ExecutorJob.func1(core/executor.go:60)] 执行任务出错： exec: \"/bin/bash\": file does not exist" func="github.com/leiwenxuan/crontab/worker/core.(*Executor).ExecutorJob.func1" file="core/executor.go:60"
time="2020-02-01T22:58:40+08:00" level=info msg="[github.com/leiwenxuan/crontab/worker/core.(*LogSink).Append(core/logManger.go:121)] 发送日志" func="github.com/leiwenxuan/crontab/worker/core.(*LogSink).Append" file="core/logManger.go:121"
time="2020-02-01T22:58:40+08:00" level=info msg="[github.com/leiwenxuan/crontab/worker/core.(*SchedulerSer).HandleJobResult(core/scheduler.go:161)] 任务执行完成:  2020_1_30_19_04" func="github.com/leiwenxuan/crontab/worker/core.(*SchedulerSer).HandleJobResult" file="core/scheduler.go:161"
time="2020-02-01T22:58:45+08:00" level=debug msg="[github.com/leiwenxuan/crontab/worker/core.(*LogSink).SaveLogs(core/logManger.go:116)] 提交日志:  2020-02-01 22:58:45" func="github.com/leiwenxuan/crontab/worker/core.(*LogSink).SaveLogs" file="core/logManger.go:116"
time="2020-02-01T22:58:45+08:00" level=debug msg="[github.com/leiwenxuan/crontab/worker/core.(*LogSink).SaveLogs(core/logManger.go:116)] 提交日志:  2020-02-01 22:58:45" func="github.com/leiwenxuan/crontab/worker/core.(*LogSink).SaveLogs" file="core/logManger.go:116"
time="2020-02-01T22:58:50+08:00" level=info msg="[github.com/leiwenxuan/crontab/worker/core.(*SchedulerSer).TrySchedule(core/scheduler.go:123)] 执行任务: 2020_1_30_19_04" func="github.com/leiwenxuan/crontab/worker/core.(*SchedulerSer).TrySchedule" file="core/scheduler.go:123"
time="2020-02-01T22:58:50+08:00" level=info msg="[github.com/leiwenxuan/crontab/worker/core.(*SchedulerSer).TryStartJob(core/scheduler.go:101)] 执行任务：  2020_1_30_19_042020-02-01 22:58:50 +0800 CST 2020-02-01 22:58:50.0000343 +0800 CST m=+28.181819801" func="github.com/leiwenxuan/crontab/worker/core.(*SchedulerSer).TryStartJob" file="core/scheduler.go:101"
time="2020-02-01T22:58:50+08:00" level=debug msg="[github.com/leiwenxuan/crontab/worker/core.(*Executor).ExecutorJob.func1(core/executor.go:35)] 初始化分布式锁KEY: 2020_1_30_19_04" func="github.com/leiwenxuan/crontab/worker/core.(*Executor).ExecutorJob.func1" file="core/executor.go:35"
time="2020-02-01T22:58:50+08:00" level=debug msg="[github.com/leiwenxuan/crontab/worker/core.(*Executor).ExecutorJob.func1(core/executor.go:53)] 加锁成功" func="github.com/leiwenxuan/crontab/worker/core.(*Executor).ExecutorJob.func1" file="core/executor.go:53"
time="2020-02-01T22:58:50+08:00" level=error msg="[github.com/leiwenxuan/crontab/worker/core.(*Executor).ExecutorJob.func1(core/executor.go:60)] 执行任务出错： exec: \"/bin/bash\": file does not exist" func="github.com/leiwenxuan/crontab/worker/core.(*Executor).ExecutorJob.func1" file="core/executor.go:60"
time="2020-02-01T22:58:50+08:00" level=info msg="[github.com/leiwenxuan/crontab/worker/core.(*LogSink).Append(core/logManger.go:121)] 发送日志" func="github.com/leiwenxuan/crontab/worker/core.(*LogSink).Append" file="core/logManger.go:121"
time="2020-02-01T22:58:50+08:00" level=info msg="[github.com/leiwenxuan/crontab/worker/core.(*SchedulerSer).HandleJobResult(core/scheduler.go:161)] 任务执行完成:  2020_1_30_19_04" func="github.com/leiwenxuan/crontab/worker/core.(*SchedulerSer).HandleJobResult" file="core/scheduler.go:161"
time="2020-02-01T22:58:50+08:00" level=info msg="[github.com/leiwenxuan/crontab/worker/core.(*SchedulerSer).TrySchedule(core/scheduler.go:123)] 执行任务: 2020_1_30_19_04" func="github.com/leiwenxuan/crontab/worker/core.(*SchedulerSer).TrySchedule" file="core/scheduler.go:123"
time="2020-02-01T22:58:50+08:00" level=info msg="[github.com/leiwenxuan/crontab/worker/core.(*SchedulerSer).TryStartJob(core/scheduler.go:101)] 执行任务：  2020_1_30_19_042020-02-01 22:58:50 +0800 CST 2020-02-01 22:58:50.0453699 +0800 CST m=+70.094520501" func="github.com/leiwenxuan/crontab/worker/core.(*SchedulerSer).TryStartJob" file="core/scheduler.go:101"
time="2020-02-01T22:58:50+08:00" level=debug msg="[github.com/leiwenxuan/crontab/worker/core.(*Executor).ExecutorJob.func1(core/executor.go:35)] 初始化分布式锁KEY: 2020_1_30_19_04" func="github.com/leiwenxuan/crontab/worker/core.(*Executor).ExecutorJob.func1" file="core/executor.go:35"
time="2020-02-01T22:58:50+08:00" level=debug msg="[github.com/leiwenxuan/crontab/worker/core.(*Executor).ExecutorJob.func1(core/executor.go:53)] 加锁成功" func="github.com/leiwenxuan/crontab/worker/core.(*Executor).ExecutorJob.func1" file="core/executor.go:53"
time="2020-02-01T22:58:50+08:00" level=error msg="[github.com/leiwenxuan/crontab/worker/core.(*Executor).ExecutorJob.func1(core/executor.go:60)] 执行任务出错： exec: \"/bin/bash\": file does not exist" func="github.com/leiwenxuan/crontab/worker/core.(*Executor).ExecutorJob.func1" file="core/executor.go:60"
time="2020-02-01T22:58:50+08:00" level=info msg="[github.com/leiwenxuan/crontab/worker/core.(*LogSink).Append(core/logManger.go:121)] 发送日志" func="github.com/leiwenxuan/crontab/worker/core.(*LogSink).Append" file="core/logManger.go:121"
time="2020-02-01T22:58:50+08:00" level=info msg="[github.com/leiwenxuan/crontab/worker/core.(*SchedulerSer).HandleJobResult(core/scheduler.go:161)] 任务执行完成:  2020_1_30_19_04" func="github.com/leiwenxuan/crontab/worker/core.(*SchedulerSer).HandleJobResult" file="core/scheduler.go:161"
time="2020-02-01T22:58:55+08:00" level=debug msg="[github.com/leiwenxuan/crontab/worker/core.(*LogSink).SaveLogs(core/logManger.go:116)] 提交日志:  2020-02-01 22:58:55" func="github.com/leiwenxuan/crontab/worker/core.(*LogSink).SaveLogs" file="core/logManger.go:116"
time="2020-02-01T22:58:55+08:00" level=debug msg="[github.com/leiwenxuan/crontab/worker/core.(*LogSink).SaveLogs(core/logManger.go:116)] 提交日志:  2020-02-01 22:58:55" func="github.com/leiwenxuan/crontab/worker/core.(*LogSink).SaveLogs" file="core/logManger.go:116"
time="2020-02-01T22:59:00+08:00" level=info msg="[github.com/leiwenxuan/crontab/worker/core.(*SchedulerSer).TrySchedule(core/scheduler.go:123)] 执行任务: 2020_1_30_19_04" func="github.com/leiwenxuan/crontab/worker/core.(*SchedulerSer).TrySchedule" file="core/scheduler.go:123"
time="2020-02-01T22:59:00+08:00" level=info msg="[github.com/leiwenxuan/crontab/worker/core.(*SchedulerSer).TryStartJob(core/scheduler.go:101)] 执行任务：  2020_1_30_19_042020-02-01 22:59:00 +0800 CST 2020-02-01 22:59:00.0008929 +0800 CST m=+38.182678401" func="github.com/leiwenxuan/crontab/worker/core.(*SchedulerSer).TryStartJob" file="core/scheduler.go:101"
time="2020-02-01T22:59:00+08:00" level=debug msg="[github.com/leiwenxuan/crontab/worker/core.(*Executor).ExecutorJob.func1(core/executor.go:35)] 初始化分布式锁KEY: 2020_1_30_19_04" func="github.com/leiwenxuan/crontab/worker/core.(*Executor).ExecutorJob.func1" file="core/executor.go:35"
time="2020-02-01T22:59:00+08:00" level=debug msg="[github.com/leiwenxuan/crontab/worker/core.(*Executor).ExecutorJob.func1(core/executor.go:53)] 加锁成功" func="github.com/leiwenxuan/crontab/worker/core.(*Executor).ExecutorJob.func1" file="core/executor.go:53"
time="2020-02-01T22:59:00+08:00" level=error msg="[github.com/leiwenxuan/crontab/worker/core.(*Executor).ExecutorJob.func1(core/executor.go:60)] 执行任务出错： exec: \"/bin/bash\": file does not exist" func="github.com/leiwenxuan/crontab/worker/core.(*Executor).ExecutorJob.func1" file="core/executor.go:60"
time="2020-02-01T22:59:00+08:00" level=info msg="[github.com/leiwenxuan/crontab/worker/core.(*LogSink).Append(core/logManger.go:121)] 发送日志" func="github.com/leiwenxuan/crontab/worker/core.(*LogSink).Append" file="core/logManger.go:121"
time="2020-02-01T22:59:00+08:00" level=info msg="[github.com/leiwenxuan/crontab/worker/core.(*SchedulerSer).HandleJobResult(core/scheduler.go:161)] 任务执行完成:  2020_1_30_19_04" func="github.com/leiwenxuan/crontab/worker/core.(*SchedulerSer).HandleJobResult" file="core/scheduler.go:161"
time="2020-02-01T22:59:00+08:00" level=info msg="[github.com/leiwenxuan/crontab/worker/core.(*SchedulerSer).TrySchedule(core/scheduler.go:123)] 执行任务: 2020_1_30_19_04" func="github.com/leiwenxuan/crontab/worker/core.(*SchedulerSer).TrySchedule" file="core/scheduler.go:123"
time="2020-02-01T22:59:00+08:00" level=info msg="[github.com/leiwenxuan/crontab/worker/core.(*SchedulerSer).TryStartJob(core/scheduler.go:101)] 执行任务：  2020_1_30_19_042020-02-01 22:59:00 +0800 CST 2020-02-01 22:59:00.0388906 +0800 CST m=+80.088041201" func="github.com/leiwenxuan/crontab/worker/core.(*SchedulerSer).TryStartJob" file="core/scheduler.go:101"
time="2020-02-01T22:59:00+08:00" level=debug msg="[github.com/leiwenxuan/crontab/worker/core.(*Executor).ExecutorJob.func1(core/executor.go:35)] 初始化分布式锁KEY: 2020_1_30_19_04" func="github.com/leiwenxuan/crontab/worker/core.(*Executor).ExecutorJob.func1" file="core/executor.go:35"
time="2020-02-01T22:59:00+08:00" level=debug msg="[github.com/leiwenxuan/crontab/worker/core.(*Executor).ExecutorJob.func1(core/executor.go:53)] 加锁成功" func="github.com/leiwenxuan/crontab/worker/core.(*Executor).ExecutorJob.func1" file="core/executor.go:53"
time="2020-02-01T22:59:00+08:00" level=error msg="[github.com/leiwenxuan/crontab/worker/core.(*Executor).ExecutorJob.func1(core/executor.go:60)] 执行任务出错： exec: \"/bin/bash\": file does not exist" func="github.com/leiwenxuan/crontab/worker/core.(*Executor).ExecutorJob.func1" file="core/executor.go:60"
time="2020-02-01T22:59:00+08:00" level=info msg="[github.com/leiwenxuan/crontab/worker/core.(*LogSink).Append(core/logManger.go:121)] 发送日志" func="github.com/leiwenxuan/crontab/worker/core.(*LogSink).Append" file="core/logManger.go:121"
time="2020-02-01T22:59:00+08:00" level=info msg="[github.com/leiwenxuan/crontab/worker/core.(*SchedulerSer).HandleJobResult(core/scheduler.go:161)] 任务执行完成:  2020_1_30_19_04" func="github.com/leiwenxuan/crontab/worker/core.(*SchedulerSer).HandleJobResult" file="core/scheduler.go:161"
time="2020-02-01T22:59:05+08:00" level=debug msg="[github.com/leiwenxuan/crontab/worker/core.(*LogSink).SaveLogs(core/logManger.go:116)] 提交日志:  2020-02-01 22:59:05" func="github.com/leiwenxuan/crontab/worker/core.(*LogSink).SaveLogs" file="core/logManger.go:116"
time="2020-02-01T22:59:05+08:00" level=debug msg="[github.com/leiwenxuan/crontab/worker/core.(*LogSink).SaveLogs(core/logManger.go:116)] 提交日志:  2020-02-01 22:59:05" func="github.com/leiwenxuan/crontab/worker/core.(*LogSink).SaveLogs" file="core/logManger.go:116"
time="2020-02-01T22:59:10+08:00" level=info msg="[github.com/leiwenxuan/crontab/worker/core.(*SchedulerSer).TrySchedule(core/scheduler.go:123)] 执行任务: 2020_1_30_19_04" func="github.com/leiwenxuan/crontab/worker/core.(*SchedulerSer).TrySchedule" file="core/scheduler.go:123"
time="2020-02-01T22:59:10+08:00" level=info msg="[github.com/leiwenxuan/crontab/worker/core.(*SchedulerSer).TryStartJob(core/scheduler.go:101)] 执行任务：  2020_1_30_19_042020-02-01 22:59:10 +0800 CST 2020-02-01 22:59:10.0013297 +0800 CST m=+48.183115201" func="github.com/leiwenxuan/crontab/worker/core.(*SchedulerSer).TryStartJob" file="core/scheduler.go:101"
time="2020-02-01T22:59:10+08:00" level=debug msg="[github.com/leiwenxuan/crontab/worker/core.(*Executor).ExecutorJob.func1(core/executor.go:35)] 初始化分布式锁KEY: 2020_1_30_19_04" func="github.com/leiwenxuan/crontab/worker/core.(*Executor).ExecutorJob.func1" file="core/executor.go:35"
time="2020-02-01T22:59:10+08:00" level=debug msg="[github.com/leiwenxuan/crontab/worker/core.(*Executor).ExecutorJob.func1(core/executor.go:53)] 加锁成功" func="github.com/leiwenxuan/crontab/worker/core.(*Executor).ExecutorJob.func1" file="core/executor.go:53"
time="2020-02-01T22:59:10+08:00" level=error msg="[github.com/leiwenxuan/crontab/worker/core.(*Executor).ExecutorJob.func1(core/executor.go:60)] 执行任务出错： exec: \"/bin/bash\": file does not exist" func="github.com/leiwenxuan/crontab/worker/core.(*Executor).ExecutorJob.func1" file="core/executor.go:60"
time="2020-02-01T22:59:10+08:00" level=info msg="[github.com/leiwenxuan/crontab/worker/core.(*LogSink).Append(core/logManger.go:121)] 发送日志" func="github.com/leiwenxuan/crontab/worker/core.(*LogSink).Append" file="core/logManger.go:121"
time="2020-02-01T22:59:10+08:00" level=info msg="[github.com/leiwenxuan/crontab/worker/core.(*SchedulerSer).HandleJobResult(core/scheduler.go:161)] 任务执行完成:  2020_1_30_19_04" func="github.com/leiwenxuan/crontab/worker/core.(*SchedulerSer).HandleJobResult" file="core/scheduler.go:161"
time="2020-02-01T22:59:10+08:00" level=info msg="[github.com/leiwenxuan/crontab/worker/core.(*SchedulerSer).TrySchedule(core/scheduler.go:123)] 执行任务: 2020_1_30_19_04" func="github.com/leiwenxuan/crontab/worker/core.(*SchedulerSer).TrySchedule" file="core/scheduler.go:123"
time="2020-02-01T22:59:10+08:00" level=info msg="[github.com/leiwenxuan/crontab/worker/core.(*SchedulerSer).TryStartJob(core/scheduler.go:101)] 执行任务：  2020_1_30_19_042020-02-01 22:59:10 +0800 CST 2020-02-01 22:59:10.0349625 +0800 CST m=+90.084113101" func="github.com/leiwenxuan/crontab/worker/core.(*SchedulerSer).TryStartJob" file="core/scheduler.go:101"
time="2020-02-01T22:59:10+08:00" level=debug msg="[github.com/leiwenxuan/crontab/worker/core.(*Executor).ExecutorJob.func1(core/executor.go:35)] 初始化分布式锁KEY: 2020_1_30_19_04" func="github.com/leiwenxuan/crontab/worker/core.(*Executor).ExecutorJob.func1" file="core/executor.go:35"
time="2020-02-01T22:59:10+08:00" level=debug msg="[github.com/leiwenxuan/crontab/worker/core.(*Executor).ExecutorJob.func1(core/executor.go:53)] 加锁成功" func="github.com/leiwenxuan/crontab/worker/core.(*Executor).ExecutorJob.func1" file="core/executor.go:53"
time="2020-02-01T22:59:10+08:00" level=error msg="[github.com/leiwenxuan/crontab/worker/core.(*Executor).ExecutorJob.func1(core/executor.go:60)] 执行任务出错： exec: \"/bin/bash\": file does not exist" func="github.com/leiwenxuan/crontab/worker/core.(*Executor).ExecutorJob.func1" file="core/executor.go:60"
time="2020-02-01T22:59:10+08:00" level=info msg="[github.com/leiwenxuan/crontab/worker/core.(*LogSink).Append(core/logManger.go:121)] 发送日志" func="github.com/leiwenxuan/crontab/worker/core.(*LogSink).Append" file="core/logManger.go:121"
time="2020-02-01T22:59:10+08:00" level=info msg="[github.com/leiwenxuan/crontab/worker/core.(*SchedulerSer).HandleJobResult(core/scheduler.go:161)] 任务执行完成:  2020_1_30_19_04" func="github.com/leiwenxuan/crontab/worker/core.(*SchedulerSer).HandleJobResult" file="core/scheduler.go:161"
time="2020-02-01T22:59:15+08:00" level=debug msg="[github.com/leiwenxuan/crontab/worker/core.(*LogSink).SaveLogs(core/logManger.go:116)] 提交日志:  2020-02-01 22:59:15" func="github.com/leiwenxuan/crontab/worker/core.(*LogSink).SaveLogs" file="core/logManger.go:116"
time="2020-02-01T22:59:15+08:00" level=debug msg="[github.com/leiwenxuan/crontab/worker/core.(*LogSink).SaveLogs(core/logManger.go:116)] 提交日志:  2020-02-01 22:59:15" func="github.com/leiwenxuan/crontab/worker/core.(*LogSink).SaveLogs" file="core/logManger.go:116"
time="2020-02-01T22:59:20+08:00" level=info msg="[github.com/leiwenxuan/crontab/worker/core.(*SchedulerSer).TrySchedule(core/scheduler.go:123)] 执行任务: 2020_1_30_19_04" func="github.com/leiwenxuan/crontab/worker/core.(*SchedulerSer).TrySchedule" file="core/scheduler.go:123"
time="2020-02-01T22:59:20+08:00" level=info msg="[github.com/leiwenxuan/crontab/worker/core.(*SchedulerSer).TryStartJob(core/scheduler.go:101)] 执行任务：  2020_1_30_19_042020-02-01 22:59:20 +0800 CST 2020-02-01 22:59:20.0004626 +0800 CST m=+58.182248101" func="github.com/leiwenxuan/crontab/worker/core.(*SchedulerSer).TryStartJob" file="core/scheduler.go:101"
time="2020-02-01T22:59:20+08:00" level=debug msg="[github.com/leiwenxuan/crontab/worker/core.(*Executor).ExecutorJob.func1(core/executor.go:35)] 初始化分布式锁KEY: 2020_1_30_19_04" func="github.com/leiwenxuan/crontab/worker/core.(*Executor).ExecutorJob.func1" file="core/executor.go:35"
time="2020-02-01T22:59:20+08:00" level=debug msg="[github.com/leiwenxuan/crontab/worker/core.(*Executor).ExecutorJob.func1(core/executor.go:53)] 加锁成功" func="github.com/leiwenxuan/crontab/worker/core.(*Executor).ExecutorJob.func1" file="core/executor.go:53"
time="2020-02-01T22:59:20+08:00" level=error msg="[github.com/leiwenxuan/crontab/worker/core.(*Executor).ExecutorJob.func1(core/executor.go:60)] 执行任务出错： exec: \"/bin/bash\": file does not exist" func="github.com/leiwenxuan/crontab/worker/core.(*Executor).ExecutorJob.func1" file="core/executor.go:60"
time="2020-02-01T22:59:20+08:00" level=info msg="[github.com/leiwenxuan/crontab/worker/core.(*LogSink).Append(core/logManger.go:121)] 发送日志" func="github.com/leiwenxuan/crontab/worker/core.(*LogSink).Append" file="core/logManger.go:121"
time="2020-02-01T22:59:20+08:00" level=info msg="[github.com/leiwenxuan/crontab/worker/core.(*SchedulerSer).HandleJobResult(core/scheduler.go:161)] 任务执行完成:  2020_1_30_19_04" func="github.com/leiwenxuan/crontab/worker/core.(*SchedulerSer).HandleJobResult" file="core/scheduler.go:161"
time="2020-02-01T22:59:20+08:00" level=info msg="[github.com/leiwenxuan/crontab/worker/core.(*SchedulerSer).TrySchedule(core/scheduler.go:123)] 执行任务: 2020_1_30_19_04" func="github.com/leiwenxuan/crontab/worker/core.(*SchedulerSer).TrySchedule" file="core/scheduler.go:123"
time="2020-02-01T22:59:20+08:00" level=info msg="[github.com/leiwenxuan/crontab/worker/core.(*SchedulerSer).TryStartJob(core/scheduler.go:101)] 执行任务：  2020_1_30_19_042020-02-01 22:59:20 +0800 CST 2020-02-01 22:59:20.0274631 +0800 CST m=+100.076613701" func="github.com/leiwenxuan/crontab/worker/core.(*SchedulerSer).TryStartJob" file="core/scheduler.go:101"
time="2020-02-01T22:59:20+08:00" level=debug msg="[github.com/leiwenxuan/crontab/worker/core.(*Executor).ExecutorJob.func1(core/executor.go:35)] 初始化分布式锁KEY: 2020_1_30_19_04" func="github.com/leiwenxuan/crontab/worker/core.(*Executor).ExecutorJob.func1" file="core/executor.go:35"
time="2020-02-01T22:59:20+08:00" level=debug msg="[github.com/leiwenxuan/crontab/worker/core.(*Executor).ExecutorJob.func1(core/executor.go:53)] 加锁成功" func="github.com/leiwenxuan/crontab/worker/core.(*Executor).ExecutorJob.func1" file="core/executor.go:53"
time="2020-02-01T22:59:20+08:00" level=error msg="[github.com/leiwenxuan/crontab/worker/core.(*Executor).ExecutorJob.func1(core/executor.go:60)] 执行任务出错： exec: \"/bin/bash\": file does not exist" func="github.com/leiwenxuan/crontab/worker/core.(*Executor).ExecutorJob.func1" file="core/executor.go:60"
time="2020-02-01T22:59:20+08:00" level=info msg="[github.com/leiwenxuan/crontab/worker/core.(*LogSink).Append(core/logManger.go:121)] 发送日志" func="github.com/leiwenxuan/crontab/worker/core.(*LogSink).Append" file="core/logManger.go:121"
time="2020-02-01T22:59:20+08:00" level=info msg="[github.com/leiwenxuan/crontab/worker/core.(*SchedulerSer).HandleJobResult(core/scheduler.go:161)] 任务执行完成:  2020_1_30_19_04" func="github.com/leiwenxuan/crontab/worker/core.(*SchedulerSer).HandleJobResult" file="core/scheduler.go:161"
time="2020-02-01T22:59:25+08:00" level=debug msg="[github.com/leiwenxuan/crontab/worker/core.(*LogSink).SaveLogs(core/logManger.go:116)] 提交日志:  2020-02-01 22:59:25" func="github.com/leiwenxuan/crontab/worker/core.(*LogSink).SaveLogs" file="core/logManger.go:116"
time="2020-02-01T22:59:25+08:00" level=debug msg="[github.com/leiwenxuan/crontab/worker/core.(*LogSink).SaveLogs(core/logManger.go:116)] 提交日志:  2020-02-01 22:59:25" func="github.com/leiwenxuan/crontab/worker/core.(*LogSink).SaveLogs" file="core/logManger.go:116"
time="2020-02-01T22:59:30+08:00" level=info msg="[github.com/leiwenxuan/crontab/worker/core.(*SchedulerSer).TrySchedule(core/scheduler.go:123)] 执行任务: 2020_1_30_19_04" func="github.com/leiwenxuan/crontab/worker/core.(*SchedulerSer).TrySchedule" file="core/scheduler.go:123"
time="2020-02-01T22:59:30+08:00" level=info msg="[github.com/leiwenxuan/crontab/worker/core.(*SchedulerSer).TryStartJob(core/scheduler.go:101)] 执行任务：  2020_1_30_19_042020-02-01 22:59:30 +0800 CST 2020-02-01 22:59:30.0002001 +0800 CST m=+68.181985601" func="github.com/leiwenxuan/crontab/worker/core.(*SchedulerSer).TryStartJob" file="core/scheduler.go:101"
time="2020-02-01T22:59:30+08:00" level=debug msg="[github.com/leiwenxuan/crontab/worker/core.(*Executor).ExecutorJob.func1(core/executor.go:35)] 初始化分布式锁KEY: 2020_1_30_19_04" func="github.com/leiwenxuan/crontab/worker/core.(*Executor).ExecutorJob.func1" file="core/executor.go:35"
time="2020-02-01T22:59:30+08:00" level=debug msg="[github.com/leiwenxuan/crontab/worker/core.(*Executor).ExecutorJob.func1(core/executor.go:53)] 加锁成功" func="github.com/leiwenxuan/crontab/worker/core.(*Executor).ExecutorJob.func1" file="core/executor.go:53"
time="2020-02-01T22:59:30+08:00" level=error msg="[github.com/leiwenxuan/crontab/worker/core.(*Executor).ExecutorJob.func1(core/executor.go:60)] 执行任务出错： exec: \"/bin/bash\": file does not exist" func="github.com/leiwenxuan/crontab/worker/core.(*Executor).ExecutorJob.func1" file="core/executor.go:60"
time="2020-02-01T22:59:30+08:00" level=info msg="[github.com/leiwenxuan/crontab/worker/core.(*LogSink).Append(core/logManger.go:121)] 发送日志" func="github.com/leiwenxuan/crontab/worker/core.(*LogSink).Append" file="core/logManger.go:121"
time="2020-02-01T22:59:30+08:00" level=info msg="[github.com/leiwenxuan/crontab/worker/core.(*SchedulerSer).HandleJobResult(core/scheduler.go:161)] 任务执行完成:  2020_1_30_19_04" func="github.com/leiwenxuan/crontab/worker/core.(*SchedulerSer).HandleJobResult" file="core/scheduler.go:161"
time="2020-02-01T22:59:30+08:00" level=info msg="[github.com/leiwenxuan/crontab/worker/core.(*SchedulerSer).TrySchedule(core/scheduler.go:123)] 执行任务: 2020_1_30_19_04" func="github.com/leiwenxuan/crontab/worker/core.(*SchedulerSer).TrySchedule" file="core/scheduler.go:123"
time="2020-02-01T22:59:30+08:00" level=info msg="[github.com/leiwenxuan/crontab/worker/core.(*SchedulerSer).TryStartJob(core/scheduler.go:101)] 执行任务：  2020_1_30_19_042020-02-01 22:59:30 +0800 CST 2020-02-01 22:59:30.0338488 +0800 CST m=+110.082999401" func="github.com/leiwenxuan/crontab/worker/core.(*SchedulerSer).TryStartJob" file="core/scheduler.go:101"
time="2020-02-01T22:59:30+08:00" level=debug msg="[github.com/leiwenxuan/crontab/worker/core.(*Executor).ExecutorJob.func1(core/executor.go:35)] 初始化分布式锁KEY: 2020_1_30_19_04" func="github.com/leiwenxuan/crontab/worker/core.(*Executor).ExecutorJob.func1" file="core/executor.go:35"
time="2020-02-01T22:59:30+08:00" level=debug msg="[github.com/leiwenxuan/crontab/worker/core.(*Executor).ExecutorJob.func1(core/executor.go:53)] 加锁成功" func="github.com/leiwenxuan/crontab/worker/core.(*Executor).ExecutorJob.func1" file="core/executor.go:53"
time="2020-02-01T22:59:30+08:00" level=error msg="[github.com/leiwenxuan/crontab/worker/core.(*Executor).ExecutorJob.func1(core/executor.go:60)] 执行任务出错： exec: \"/bin/bash\": file does not exist" func="github.com/leiwenxuan/crontab/worker/core.(*Executor).ExecutorJob.func1" file="core/executor.go:60"
time="2020-02-01T22:59:30+08:00" level=info msg="[github.com/leiwenxuan/crontab/worker/core.(*LogSink).Append(core/logManger.go:121)] 发送日志" func="github.com/leiwenxuan/crontab/worker/core.(*LogSink).Append" file="core/logManger.go:121"
time="2020-02-01T22:59:30+08:00" level=info msg="[github.com/leiwenxuan/crontab/worker/core.(*SchedulerSer).HandleJobResult(core/scheduler.go:161)] 任务执行完成:  2020_1_30_19_04" func="github.com/leiwenxuan/crontab/worker/core.(*SchedulerSer).HandleJobResult" file="core/scheduler.go:161"
time="2020-02-01T22:59:35+08:00" level=debug msg="[github.com/leiwenxuan/crontab/worker/core.(*LogSink).SaveLogs(core/logManger.go:116)] 提交日志:  2020-02-01 22:59:35" func="github.com/leiwenxuan/crontab/worker/core.(*LogSink).SaveLogs" file="core/logManger.go:116"
time="2020-02-01T22:59:40+08:00" level=info msg="[github.com/leiwenxuan/crontab/worker/core.(*SchedulerSer).TrySchedule(core/scheduler.go:123)] 执行任务: 2020_1_30_19_04" func="github.com/leiwenxuan/crontab/worker/core.(*SchedulerSer).TrySchedule" file="core/scheduler.go:123"
time="2020-02-01T22:59:40+08:00" level=info msg="[github.com/leiwenxuan/crontab/worker/core.(*SchedulerSer).TryStartJob(core/scheduler.go:101)] 执行任务：  2020_1_30_19_042020-02-01 22:59:40 +0800 CST 2020-02-01 22:59:40.0003973 +0800 CST m=+78.182182801" func="github.com/leiwenxuan/crontab/worker/core.(*SchedulerSer).TryStartJob" file="core/scheduler.go:101"
time="2020-02-01T22:59:40+08:00" level=debug msg="[github.com/leiwenxuan/crontab/worker/core.(*Executor).ExecutorJob.func1(core/executor.go:35)] 初始化分布式锁KEY: 2020_1_30_19_04" func="github.com/leiwenxuan/crontab/worker/core.(*Executor).ExecutorJob.func1" file="core/executor.go:35"
time="2020-02-01T22:59:40+08:00" level=debug msg="[github.com/leiwenxuan/crontab/worker/core.(*Executor).ExecutorJob.func1(core/executor.go:53)] 加锁成功" func="github.com/leiwenxuan/crontab/worker/core.(*Executor).ExecutorJob.func1" file="core/executor.go:53"
time="2020-02-01T22:59:40+08:00" level=error msg="[github.com/leiwenxuan/crontab/worker/core.(*Executor).ExecutorJob.func1(core/executor.go:60)] 执行任务出错： exec: \"/bin/bash\": file does not exist" func="github.com/leiwenxuan/crontab/worker/core.(*Executor).ExecutorJob.func1" file="core/executor.go:60"
time="2020-02-01T22:59:40+08:00" level=info msg="[github.com/leiwenxuan/crontab/worker/core.(*LogSink).Append(core/logManger.go:121)] 发送日志" func="github.com/leiwenxuan/crontab/worker/core.(*LogSink).Append" file="core/logManger.go:121"
time="2020-02-01T22:59:40+08:00" level=info msg="[github.com/leiwenxuan/crontab/worker/core.(*SchedulerSer).HandleJobResult(core/scheduler.go:161)] 任务执行完成:  2020_1_30_19_04" func="github.com/leiwenxuan/crontab/worker/core.(*SchedulerSer).HandleJobResult" file="core/scheduler.go:161"
time="2020-02-01T22:59:45+08:00" level=debug msg="[github.com/leiwenxuan/crontab/worker/core.(*LogSink).SaveLogs(core/logManger.go:116)] 提交日志:  2020-02-01 22:59:45" func="github.com/leiwenxuan/crontab/worker/core.(*LogSink).SaveLogs" file="core/logManger.go:116"
time="2020-02-01T22:59:50+08:00" level=info msg="[github.com/leiwenxuan/crontab/worker/core.(*SchedulerSer).TrySchedule(core/scheduler.go:123)] 执行任务: 2020_1_30_19_04" func="github.com/leiwenxuan/crontab/worker/core.(*SchedulerSer).TrySchedule" file="core/scheduler.go:123"
time="2020-02-01T22:59:50+08:00" level=info msg="[github.com/leiwenxuan/crontab/worker/core.(*SchedulerSer).TryStartJob(core/scheduler.go:101)] 执行任务：  2020_1_30_19_042020-02-01 22:59:50 +0800 CST 2020-02-01 22:59:50.0000198 +0800 CST m=+88.181805301" func="github.com/leiwenxuan/crontab/worker/core.(*SchedulerSer).TryStartJob" file="core/scheduler.go:101"
time="2020-02-01T22:59:50+08:00" level=debug msg="[github.com/leiwenxuan/crontab/worker/core.(*Executor).ExecutorJob.func1(core/executor.go:35)] 初始化分布式锁KEY: 2020_1_30_19_04" func="github.com/leiwenxuan/crontab/worker/core.(*Executor).ExecutorJob.func1" file="core/executor.go:35"
time="2020-02-01T22:59:50+08:00" level=debug msg="[github.com/leiwenxuan/crontab/worker/core.(*Executor).ExecutorJob.func1(core/executor.go:53)] 加锁成功" func="github.com/leiwenxuan/crontab/worker/core.(*Executor).ExecutorJob.func1" file="core/executor.go:53"
time="2020-02-01T22:59:50+08:00" level=error msg="[github.com/leiwenxuan/crontab/worker/core.(*Executor).ExecutorJob.func1(core/executor.go:60)] 执行任务出错： exec: \"/bin/bash\": file does not exist" func="github.com/leiwenxuan/crontab/worker/core.(*Executor).ExecutorJob.func1" file="core/executor.go:60"
time="2020-02-01T22:59:50+08:00" level=info msg="[github.com/leiwenxuan/crontab/worker/core.(*LogSink).Append(core/logManger.go:121)] 发送日志" func="github.com/leiwenxuan/crontab/worker/core.(*LogSink).Append" file="core/logManger.go:121"
time="2020-02-01T22:59:50+08:00" level=info msg="[github.com/leiwenxuan/crontab/worker/core.(*SchedulerSer).HandleJobResult(core/scheduler.go:161)] 任务执行完成:  2020_1_30_19_04" func="github.com/leiwenxuan/crontab/worker/core.(*SchedulerSer).HandleJobResult" file="core/scheduler.go:161"
time="2020-02-01T22:59:55+08:00" level=debug msg="[github.com/leiwenxuan/crontab/worker/core.(*LogSink).SaveLogs(core/logManger.go:116)] 提交日志:  2020-02-01 22:59:55" func="github.com/leiwenxuan/crontab/worker/core.(*LogSink).SaveLogs" file="core/logManger.go:116"
