time="2020-01-31T13:00:00+08:00" level=info msg="[github.com/leiwenxuan/crontab/worker/core.(*SchedulerSer).TrySchedule(core/scheduler.go:122)] 执行任务: 2020_1_30_19_04" func="github.com/leiwenxuan/crontab/worker/core.(*SchedulerSer).TrySchedule" file="core/scheduler.go:122"
time="2020-01-31T13:00:00+08:00" level=info msg="[github.com/leiwenxuan/crontab/worker/core.(*SchedulerSer).TryStartJob(core/scheduler.go:100)] 执行任务：  2020_1_30_19_042020-01-31 13:00:00 +0800 CST 2020-01-31 13:00:00.0139906 +0800 CST m=+5532.020833901" func="github.com/leiwenxuan/crontab/worker/core.(*SchedulerSer).TryStartJob" file="core/scheduler.go:100"
time="2020-01-31T13:00:00+08:00" level=debug msg="[github.com/leiwenxuan/crontab/worker/core.(*Executor).ExecutorJob.func1(core/executor.go:36)] 初始化分布式锁KEY: 2020_1_30_19_04" func="github.com/leiwenxuan/crontab/worker/core.(*Executor).ExecutorJob.func1" file="core/executor.go:36"
time="2020-01-31T13:00:00+08:00" level=debug msg="[github.com/leiwenxuan/crontab/worker/core.(*Executor).ExecutorJob.func1(core/executor.go:54)] 加锁成功" func="github.com/leiwenxuan/crontab/worker/core.(*Executor).ExecutorJob.func1" file="core/executor.go:54"
time="2020-01-31T13:00:00+08:00" level=error msg="[github.com/leiwenxuan/crontab/worker/core.(*Executor).ExecutorJob.func1(core/executor.go:61)] 执行任务出错： exec: \"/bin/bash\": file does not exist" func="github.com/leiwenxuan/crontab/worker/core.(*Executor).ExecutorJob.func1" file="core/executor.go:61"
time="2020-01-31T13:00:00+08:00" level=info msg="[github.com/leiwenxuan/crontab/worker/core.(*LogSink).Append(core/logManger.go:120)] 发送日志" func="github.com/leiwenxuan/crontab/worker/core.(*LogSink).Append" file="core/logManger.go:120"
time="2020-01-31T13:00:00+08:00" level=info msg="[github.com/leiwenxuan/crontab/worker/core.(*SchedulerSer).HandleJobResult(core/scheduler.go:160)] 任务执行完成:  2020_1_30_19_04" func="github.com/leiwenxuan/crontab/worker/core.(*SchedulerSer).HandleJobResult" file="core/scheduler.go:160"
time="2020-01-31T13:00:05+08:00" level=debug msg="[github.com/leiwenxuan/crontab/worker/core.(*LogSink).SaveLogs(core/logManger.go:115)] 提交日志:  2020-01-31 13:00:05" func="github.com/leiwenxuan/crontab/worker/core.(*LogSink).SaveLogs" file="core/logManger.go:115"
time="2020-01-31T13:00:10+08:00" level=info msg="[github.com/leiwenxuan/crontab/worker/core.(*SchedulerSer).TrySchedule(core/scheduler.go:122)] 执行任务: 2020_1_30_19_04" func="github.com/leiwenxuan/crontab/worker/core.(*SchedulerSer).TrySchedule" file="core/scheduler.go:122"
time="2020-01-31T13:00:10+08:00" level=info msg="[github.com/leiwenxuan/crontab/worker/core.(*SchedulerSer).TryStartJob(core/scheduler.go:100)] 执行任务：  2020_1_30_19_042020-01-31 13:00:10 +0800 CST 2020-01-31 13:00:10.0206698 +0800 CST m=+5542.027513101" func="github.com/leiwenxuan/crontab/worker/core.(*SchedulerSer).TryStartJob" file="core/scheduler.go:100"
time="2020-01-31T13:00:10+08:00" level=debug msg="[github.com/leiwenxuan/crontab/worker/core.(*Executor).ExecutorJob.func1(core/executor.go:36)] 初始化分布式锁KEY: 2020_1_30_19_04" func="github.com/leiwenxuan/crontab/worker/core.(*Executor).ExecutorJob.func1" file="core/executor.go:36"
time="2020-01-31T13:00:10+08:00" level=debug msg="[github.com/leiwenxuan/crontab/worker/core.(*Executor).ExecutorJob.func1(core/executor.go:54)] 加锁成功" func="github.com/leiwenxuan/crontab/worker/core.(*Executor).ExecutorJob.func1" file="core/executor.go:54"
time="2020-01-31T13:00:10+08:00" level=error msg="[github.com/leiwenxuan/crontab/worker/core.(*Executor).ExecutorJob.func1(core/executor.go:61)] 执行任务出错： exec: \"/bin/bash\": file does not exist" func="github.com/leiwenxuan/crontab/worker/core.(*Executor).ExecutorJob.func1" file="core/executor.go:61"
time="2020-01-31T13:00:10+08:00" level=info msg="[github.com/leiwenxuan/crontab/worker/core.(*LogSink).Append(core/logManger.go:120)] 发送日志" func="github.com/leiwenxuan/crontab/worker/core.(*LogSink).Append" file="core/logManger.go:120"
time="2020-01-31T13:00:10+08:00" level=info msg="[github.com/leiwenxuan/crontab/worker/core.(*SchedulerSer).HandleJobResult(core/scheduler.go:160)] 任务执行完成:  2020_1_30_19_04" func="github.com/leiwenxuan/crontab/worker/core.(*SchedulerSer).HandleJobResult" file="core/scheduler.go:160"
time="2020-01-31T13:00:15+08:00" level=debug msg="[github.com/leiwenxuan/crontab/worker/core.(*LogSink).SaveLogs(core/logManger.go:115)] 提交日志:  2020-01-31 13:00:15" func="github.com/leiwenxuan/crontab/worker/core.(*LogSink).SaveLogs" file="core/logManger.go:115"
time="2020-01-31T13:00:20+08:00" level=info msg="[github.com/leiwenxuan/crontab/worker/core.(*SchedulerSer).TrySchedule(core/scheduler.go:122)] 执行任务: 2020_1_30_19_04" func="github.com/leiwenxuan/crontab/worker/core.(*SchedulerSer).TrySchedule" file="core/scheduler.go:122"
time="2020-01-31T13:00:20+08:00" level=info msg="[github.com/leiwenxuan/crontab/worker/core.(*SchedulerSer).TryStartJob(core/scheduler.go:100)] 执行任务：  2020_1_30_19_042020-01-31 13:00:20 +0800 CST 2020-01-31 13:00:20.0012202 +0800 CST m=+5552.008063501" func="github.com/leiwenxuan/crontab/worker/core.(*SchedulerSer).TryStartJob" file="core/scheduler.go:100"
time="2020-01-31T13:00:20+08:00" level=debug msg="[github.com/leiwenxuan/crontab/worker/core.(*Executor).ExecutorJob.func1(core/executor.go:36)] 初始化分布式锁KEY: 2020_1_30_19_04" func="github.com/leiwenxuan/crontab/worker/core.(*Executor).ExecutorJob.func1" file="core/executor.go:36"
time="2020-01-31T13:00:20+08:00" level=debug msg="[github.com/leiwenxuan/crontab/worker/core.(*Executor).ExecutorJob.func1(core/executor.go:54)] 加锁成功" func="github.com/leiwenxuan/crontab/worker/core.(*Executor).ExecutorJob.func1" file="core/executor.go:54"
time="2020-01-31T13:00:20+08:00" level=error msg="[github.com/leiwenxuan/crontab/worker/core.(*Executor).ExecutorJob.func1(core/executor.go:61)] 执行任务出错： exec: \"/bin/bash\": file does not exist" func="github.com/leiwenxuan/crontab/worker/core.(*Executor).ExecutorJob.func1" file="core/executor.go:61"
time="2020-01-31T13:00:20+08:00" level=info msg="[github.com/leiwenxuan/crontab/worker/core.(*LogSink).Append(core/logManger.go:120)] 发送日志" func="github.com/leiwenxuan/crontab/worker/core.(*LogSink).Append" file="core/logManger.go:120"
time="2020-01-31T13:00:20+08:00" level=info msg="[github.com/leiwenxuan/crontab/worker/core.(*SchedulerSer).HandleJobResult(core/scheduler.go:160)] 任务执行完成:  2020_1_30_19_04" func="github.com/leiwenxuan/crontab/worker/core.(*SchedulerSer).HandleJobResult" file="core/scheduler.go:160"
time="2020-01-31T13:00:25+08:00" level=debug msg="[github.com/leiwenxuan/crontab/worker/core.(*LogSink).SaveLogs(core/logManger.go:115)] 提交日志:  2020-01-31 13:00:25" func="github.com/leiwenxuan/crontab/worker/core.(*LogSink).SaveLogs" file="core/logManger.go:115"
time="2020-01-31T13:00:30+08:00" level=info msg="[github.com/leiwenxuan/crontab/worker/core.(*SchedulerSer).TrySchedule(core/scheduler.go:122)] 执行任务: 2020_1_30_19_04" func="github.com/leiwenxuan/crontab/worker/core.(*SchedulerSer).TrySchedule" file="core/scheduler.go:122"
time="2020-01-31T13:00:30+08:00" level=info msg="[github.com/leiwenxuan/crontab/worker/core.(*SchedulerSer).TryStartJob(core/scheduler.go:100)] 执行任务：  2020_1_30_19_042020-01-31 13:00:30 +0800 CST 2020-01-31 13:00:30.0017002 +0800 CST m=+5562.008543501" func="github.com/leiwenxuan/crontab/worker/core.(*SchedulerSer).TryStartJob" file="core/scheduler.go:100"
time="2020-01-31T13:00:30+08:00" level=debug msg="[github.com/leiwenxuan/crontab/worker/core.(*Executor).ExecutorJob.func1(core/executor.go:36)] 初始化分布式锁KEY: 2020_1_30_19_04" func="github.com/leiwenxuan/crontab/worker/core.(*Executor).ExecutorJob.func1" file="core/executor.go:36"
time="2020-01-31T13:00:30+08:00" level=debug msg="[github.com/leiwenxuan/crontab/worker/core.(*Executor).ExecutorJob.func1(core/executor.go:54)] 加锁成功" func="github.com/leiwenxuan/crontab/worker/core.(*Executor).ExecutorJob.func1" file="core/executor.go:54"
time="2020-01-31T13:00:30+08:00" level=error msg="[github.com/leiwenxuan/crontab/worker/core.(*Executor).ExecutorJob.func1(core/executor.go:61)] 执行任务出错： exec: \"/bin/bash\": file does not exist" func="github.com/leiwenxuan/crontab/worker/core.(*Executor).ExecutorJob.func1" file="core/executor.go:61"
time="2020-01-31T13:00:30+08:00" level=info msg="[github.com/leiwenxuan/crontab/worker/core.(*LogSink).Append(core/logManger.go:120)] 发送日志" func="github.com/leiwenxuan/crontab/worker/core.(*LogSink).Append" file="core/logManger.go:120"
time="2020-01-31T13:00:30+08:00" level=info msg="[github.com/leiwenxuan/crontab/worker/core.(*SchedulerSer).HandleJobResult(core/scheduler.go:160)] 任务执行完成:  2020_1_30_19_04" func="github.com/leiwenxuan/crontab/worker/core.(*SchedulerSer).HandleJobResult" file="core/scheduler.go:160"
time="2020-01-31T13:00:35+08:00" level=debug msg="[github.com/leiwenxuan/crontab/worker/core.(*LogSink).SaveLogs(core/logManger.go:115)] 提交日志:  2020-01-31 13:00:35" func="github.com/leiwenxuan/crontab/worker/core.(*LogSink).SaveLogs" file="core/logManger.go:115"
time="2020-01-31T13:00:40+08:00" level=info msg="[github.com/leiwenxuan/crontab/worker/core.(*SchedulerSer).TrySchedule(core/scheduler.go:122)] 执行任务: 2020_1_30_19_04" func="github.com/leiwenxuan/crontab/worker/core.(*SchedulerSer).TrySchedule" file="core/scheduler.go:122"
time="2020-01-31T13:00:40+08:00" level=info msg="[github.com/leiwenxuan/crontab/worker/core.(*SchedulerSer).TryStartJob(core/scheduler.go:100)] 执行任务：  2020_1_30_19_042020-01-31 13:00:40 +0800 CST 2020-01-31 13:00:40.0000277 +0800 CST m=+5572.006871001" func="github.com/leiwenxuan/crontab/worker/core.(*SchedulerSer).TryStartJob" file="core/scheduler.go:100"
time="2020-01-31T13:00:40+08:00" level=debug msg="[github.com/leiwenxuan/crontab/worker/core.(*Executor).ExecutorJob.func1(core/executor.go:36)] 初始化分布式锁KEY: 2020_1_30_19_04" func="github.com/leiwenxuan/crontab/worker/core.(*Executor).ExecutorJob.func1" file="core/executor.go:36"
time="2020-01-31T13:00:40+08:00" level=debug msg="[github.com/leiwenxuan/crontab/worker/core.(*Executor).ExecutorJob.func1(core/executor.go:54)] 加锁成功" func="github.com/leiwenxuan/crontab/worker/core.(*Executor).ExecutorJob.func1" file="core/executor.go:54"
time="2020-01-31T13:00:40+08:00" level=error msg="[github.com/leiwenxuan/crontab/worker/core.(*Executor).ExecutorJob.func1(core/executor.go:61)] 执行任务出错： exec: \"/bin/bash\": file does not exist" func="github.com/leiwenxuan/crontab/worker/core.(*Executor).ExecutorJob.func1" file="core/executor.go:61"
time="2020-01-31T13:00:40+08:00" level=info msg="[github.com/leiwenxuan/crontab/worker/core.(*LogSink).Append(core/logManger.go:120)] 发送日志" func="github.com/leiwenxuan/crontab/worker/core.(*LogSink).Append" file="core/logManger.go:120"
time="2020-01-31T13:00:40+08:00" level=info msg="[github.com/leiwenxuan/crontab/worker/core.(*SchedulerSer).HandleJobResult(core/scheduler.go:160)] 任务执行完成:  2020_1_30_19_04" func="github.com/leiwenxuan/crontab/worker/core.(*SchedulerSer).HandleJobResult" file="core/scheduler.go:160"
time="2020-01-31T13:00:45+08:00" level=debug msg="[github.com/leiwenxuan/crontab/worker/core.(*LogSink).SaveLogs(core/logManger.go:115)] 提交日志:  2020-01-31 13:00:45" func="github.com/leiwenxuan/crontab/worker/core.(*LogSink).SaveLogs" file="core/logManger.go:115"
time="2020-01-31T13:00:50+08:00" level=info msg="[github.com/leiwenxuan/crontab/worker/core.(*SchedulerSer).TrySchedule(core/scheduler.go:122)] 执行任务: 2020_1_30_19_04" func="github.com/leiwenxuan/crontab/worker/core.(*SchedulerSer).TrySchedule" file="core/scheduler.go:122"
time="2020-01-31T13:00:50+08:00" level=info msg="[github.com/leiwenxuan/crontab/worker/core.(*SchedulerSer).TryStartJob(core/scheduler.go:100)] 执行任务：  2020_1_30_19_042020-01-31 13:00:50 +0800 CST 2020-01-31 13:00:50.0018828 +0800 CST m=+5582.008726101" func="github.com/leiwenxuan/crontab/worker/core.(*SchedulerSer).TryStartJob" file="core/scheduler.go:100"
time="2020-01-31T13:00:50+08:00" level=debug msg="[github.com/leiwenxuan/crontab/worker/core.(*Executor).ExecutorJob.func1(core/executor.go:36)] 初始化分布式锁KEY: 2020_1_30_19_04" func="github.com/leiwenxuan/crontab/worker/core.(*Executor).ExecutorJob.func1" file="core/executor.go:36"
time="2020-01-31T13:00:50+08:00" level=debug msg="[github.com/leiwenxuan/crontab/worker/core.(*Executor).ExecutorJob.func1(core/executor.go:54)] 加锁成功" func="github.com/leiwenxuan/crontab/worker/core.(*Executor).ExecutorJob.func1" file="core/executor.go:54"
time="2020-01-31T13:00:50+08:00" level=error msg="[github.com/leiwenxuan/crontab/worker/core.(*Executor).ExecutorJob.func1(core/executor.go:61)] 执行任务出错： exec: \"/bin/bash\": file does not exist" func="github.com/leiwenxuan/crontab/worker/core.(*Executor).ExecutorJob.func1" file="core/executor.go:61"
time="2020-01-31T13:00:50+08:00" level=info msg="[github.com/leiwenxuan/crontab/worker/core.(*LogSink).Append(core/logManger.go:120)] 发送日志" func="github.com/leiwenxuan/crontab/worker/core.(*LogSink).Append" file="core/logManger.go:120"
time="2020-01-31T13:00:50+08:00" level=info msg="[github.com/leiwenxuan/crontab/worker/core.(*SchedulerSer).HandleJobResult(core/scheduler.go:160)] 任务执行完成:  2020_1_30_19_04" func="github.com/leiwenxuan/crontab/worker/core.(*SchedulerSer).HandleJobResult" file="core/scheduler.go:160"
time="2020-01-31T13:00:55+08:00" level=debug msg="[github.com/leiwenxuan/crontab/worker/core.(*LogSink).SaveLogs(core/logManger.go:115)] 提交日志:  2020-01-31 13:00:55" func="github.com/leiwenxuan/crontab/worker/core.(*LogSink).SaveLogs" file="core/logManger.go:115"
time="2020-01-31T13:01:00+08:00" level=info msg="[github.com/leiwenxuan/crontab/worker/core.(*SchedulerSer).TrySchedule(core/scheduler.go:122)] 执行任务: 2020_1_30_19_04" func="github.com/leiwenxuan/crontab/worker/core.(*SchedulerSer).TrySchedule" file="core/scheduler.go:122"
time="2020-01-31T13:01:00+08:00" level=info msg="[github.com/leiwenxuan/crontab/worker/core.(*SchedulerSer).TryStartJob(core/scheduler.go:100)] 执行任务：  2020_1_30_19_042020-01-31 13:01:00 +0800 CST 2020-01-31 13:01:00.000857 +0800 CST m=+5592.007700301" func="github.com/leiwenxuan/crontab/worker/core.(*SchedulerSer).TryStartJob" file="core/scheduler.go:100"
time="2020-01-31T13:01:00+08:00" level=debug msg="[github.com/leiwenxuan/crontab/worker/core.(*Executor).ExecutorJob.func1(core/executor.go:36)] 初始化分布式锁KEY: 2020_1_30_19_04" func="github.com/leiwenxuan/crontab/worker/core.(*Executor).ExecutorJob.func1" file="core/executor.go:36"
time="2020-01-31T13:01:00+08:00" level=debug msg="[github.com/leiwenxuan/crontab/worker/core.(*Executor).ExecutorJob.func1(core/executor.go:54)] 加锁成功" func="github.com/leiwenxuan/crontab/worker/core.(*Executor).ExecutorJob.func1" file="core/executor.go:54"
time="2020-01-31T13:01:00+08:00" level=error msg="[github.com/leiwenxuan/crontab/worker/core.(*Executor).ExecutorJob.func1(core/executor.go:61)] 执行任务出错： exec: \"/bin/bash\": file does not exist" func="github.com/leiwenxuan/crontab/worker/core.(*Executor).ExecutorJob.func1" file="core/executor.go:61"
time="2020-01-31T13:01:00+08:00" level=info msg="[github.com/leiwenxuan/crontab/worker/core.(*LogSink).Append(core/logManger.go:120)] 发送日志" func="github.com/leiwenxuan/crontab/worker/core.(*LogSink).Append" file="core/logManger.go:120"
time="2020-01-31T13:01:00+08:00" level=info msg="[github.com/leiwenxuan/crontab/worker/core.(*SchedulerSer).HandleJobResult(core/scheduler.go:160)] 任务执行完成:  2020_1_30_19_04" func="github.com/leiwenxuan/crontab/worker/core.(*SchedulerSer).HandleJobResult" file="core/scheduler.go:160"
time="2020-01-31T13:01:05+08:00" level=debug msg="[github.com/leiwenxuan/crontab/worker/core.(*LogSink).SaveLogs(core/logManger.go:115)] 提交日志:  2020-01-31 13:01:05" func="github.com/leiwenxuan/crontab/worker/core.(*LogSink).SaveLogs" file="core/logManger.go:115"
time="2020-01-31T13:01:10+08:00" level=info msg="[github.com/leiwenxuan/crontab/worker/core.(*SchedulerSer).TrySchedule(core/scheduler.go:122)] 执行任务: 2020_1_30_19_04" func="github.com/leiwenxuan/crontab/worker/core.(*SchedulerSer).TrySchedule" file="core/scheduler.go:122"
time="2020-01-31T13:01:10+08:00" level=info msg="[github.com/leiwenxuan/crontab/worker/core.(*SchedulerSer).TryStartJob(core/scheduler.go:100)] 执行任务：  2020_1_30_19_042020-01-31 13:01:10 +0800 CST 2020-01-31 13:01:10.0000937 +0800 CST m=+5602.006937001" func="github.com/leiwenxuan/crontab/worker/core.(*SchedulerSer).TryStartJob" file="core/scheduler.go:100"
time="2020-01-31T13:01:10+08:00" level=debug msg="[github.com/leiwenxuan/crontab/worker/core.(*Executor).ExecutorJob.func1(core/executor.go:36)] 初始化分布式锁KEY: 2020_1_30_19_04" func="github.com/leiwenxuan/crontab/worker/core.(*Executor).ExecutorJob.func1" file="core/executor.go:36"
time="2020-01-31T13:01:10+08:00" level=debug msg="[github.com/leiwenxuan/crontab/worker/core.(*Executor).ExecutorJob.func1(core/executor.go:54)] 加锁成功" func="github.com/leiwenxuan/crontab/worker/core.(*Executor).ExecutorJob.func1" file="core/executor.go:54"
time="2020-01-31T13:01:10+08:00" level=error msg="[github.com/leiwenxuan/crontab/worker/core.(*Executor).ExecutorJob.func1(core/executor.go:61)] 执行任务出错： exec: \"/bin/bash\": file does not exist" func="github.com/leiwenxuan/crontab/worker/core.(*Executor).ExecutorJob.func1" file="core/executor.go:61"
time="2020-01-31T13:01:10+08:00" level=info msg="[github.com/leiwenxuan/crontab/worker/core.(*LogSink).Append(core/logManger.go:120)] 发送日志" func="github.com/leiwenxuan/crontab/worker/core.(*LogSink).Append" file="core/logManger.go:120"
time="2020-01-31T13:01:10+08:00" level=info msg="[github.com/leiwenxuan/crontab/worker/core.(*SchedulerSer).HandleJobResult(core/scheduler.go:160)] 任务执行完成:  2020_1_30_19_04" func="github.com/leiwenxuan/crontab/worker/core.(*SchedulerSer).HandleJobResult" file="core/scheduler.go:160"
time="2020-01-31T13:01:15+08:00" level=debug msg="[github.com/leiwenxuan/crontab/worker/core.(*LogSink).SaveLogs(core/logManger.go:115)] 提交日志:  2020-01-31 13:01:15" func="github.com/leiwenxuan/crontab/worker/core.(*LogSink).SaveLogs" file="core/logManger.go:115"
time="2020-01-31T13:01:20+08:00" level=info msg="[github.com/leiwenxuan/crontab/worker/core.(*SchedulerSer).TrySchedule(core/scheduler.go:122)] 执行任务: 2020_1_30_19_04" func="github.com/leiwenxuan/crontab/worker/core.(*SchedulerSer).TrySchedule" file="core/scheduler.go:122"
time="2020-01-31T13:01:20+08:00" level=info msg="[github.com/leiwenxuan/crontab/worker/core.(*SchedulerSer).TryStartJob(core/scheduler.go:100)] 执行任务：  2020_1_30_19_042020-01-31 13:01:20 +0800 CST 2020-01-31 13:01:20.0002652 +0800 CST m=+5612.007108501" func="github.com/leiwenxuan/crontab/worker/core.(*SchedulerSer).TryStartJob" file="core/scheduler.go:100"
time="2020-01-31T13:01:20+08:00" level=debug msg="[github.com/leiwenxuan/crontab/worker/core.(*Executor).ExecutorJob.func1(core/executor.go:36)] 初始化分布式锁KEY: 2020_1_30_19_04" func="github.com/leiwenxuan/crontab/worker/core.(*Executor).ExecutorJob.func1" file="core/executor.go:36"
time="2020-01-31T13:01:20+08:00" level=debug msg="[github.com/leiwenxuan/crontab/worker/core.(*Executor).ExecutorJob.func1(core/executor.go:54)] 加锁成功" func="github.com/leiwenxuan/crontab/worker/core.(*Executor).ExecutorJob.func1" file="core/executor.go:54"
time="2020-01-31T13:01:20+08:00" level=error msg="[github.com/leiwenxuan/crontab/worker/core.(*Executor).ExecutorJob.func1(core/executor.go:61)] 执行任务出错： exec: \"/bin/bash\": file does not exist" func="github.com/leiwenxuan/crontab/worker/core.(*Executor).ExecutorJob.func1" file="core/executor.go:61"
time="2020-01-31T13:01:20+08:00" level=info msg="[github.com/leiwenxuan/crontab/worker/core.(*LogSink).Append(core/logManger.go:120)] 发送日志" func="github.com/leiwenxuan/crontab/worker/core.(*LogSink).Append" file="core/logManger.go:120"
time="2020-01-31T13:01:20+08:00" level=info msg="[github.com/leiwenxuan/crontab/worker/core.(*SchedulerSer).HandleJobResult(core/scheduler.go:160)] 任务执行完成:  2020_1_30_19_04" func="github.com/leiwenxuan/crontab/worker/core.(*SchedulerSer).HandleJobResult" file="core/scheduler.go:160"
