time="2020-01-29T21:00:00+08:00" level=info msg="[github.com/leiwenxuan/crontab/worker/core.(*SchedulerSer).TrySchedule(core/scheduler.go:123)] 执行任务: work_01" func="github.com/leiwenxuan/crontab/worker/core.(*SchedulerSer).TrySchedule" file="core/scheduler.go:123"
time="2020-01-29T21:00:00+08:00" level=info msg="[github.com/leiwenxuan/crontab/worker/core.(*SchedulerSer).TryStartJob(core/scheduler.go:101)] 执行任务：  work_012020-01-29 21:00:00 +0800 CST 2020-01-29 21:00:00.0385841 +0800 CST m=+1961.470468301" func="github.com/leiwenxuan/crontab/worker/core.(*SchedulerSer).TryStartJob" file="core/scheduler.go:101"
time="2020-01-29T21:00:00+08:00" level=info msg="[github.com/leiwenxuan/crontab/worker/core.(*SchedulerSer).TrySchedule(core/scheduler.go:123)] 执行任务: work_02" func="github.com/leiwenxuan/crontab/worker/core.(*SchedulerSer).TrySchedule" file="core/scheduler.go:123"
time="2020-01-29T21:00:00+08:00" level=info msg="[github.com/leiwenxuan/crontab/worker/core.(*SchedulerSer).TryStartJob(core/scheduler.go:101)] 执行任务：  work_022020-01-29 21:00:00 +0800 CST 2020-01-29 21:00:00.0385841 +0800 CST m=+1961.470468301" func="github.com/leiwenxuan/crontab/worker/core.(*SchedulerSer).TryStartJob" file="core/scheduler.go:101"
time="2020-01-29T21:00:00+08:00" level=info msg="[github.com/leiwenxuan/crontab/worker/core.(*SchedulerSer).TrySchedule(core/scheduler.go:123)] 执行任务: work_03" func="github.com/leiwenxuan/crontab/worker/core.(*SchedulerSer).TrySchedule" file="core/scheduler.go:123"
time="2020-01-29T21:00:00+08:00" level=info msg="[github.com/leiwenxuan/crontab/worker/core.(*SchedulerSer).TryStartJob(core/scheduler.go:101)] 执行任务：  work_032020-01-29 21:00:00 +0800 CST 2020-01-29 21:00:00.0395799 +0800 CST m=+1961.471464101" func="github.com/leiwenxuan/crontab/worker/core.(*SchedulerSer).TryStartJob" file="core/scheduler.go:101"
time="2020-01-29T21:00:00+08:00" level=info msg="[github.com/leiwenxuan/crontab/worker/core.(*SchedulerSer).TrySchedule(core/scheduler.go:123)] 执行任务: work_1_test" func="github.com/leiwenxuan/crontab/worker/core.(*SchedulerSer).TrySchedule" file="core/scheduler.go:123"
time="2020-01-29T21:00:00+08:00" level=info msg="[github.com/leiwenxuan/crontab/worker/core.(*SchedulerSer).TryStartJob(core/scheduler.go:101)] 执行任务：  work_1_test2020-01-29 21:00:00 +0800 CST 2020-01-29 21:00:00.0395799 +0800 CST m=+1961.471464101" func="github.com/leiwenxuan/crontab/worker/core.(*SchedulerSer).TryStartJob" file="core/scheduler.go:101"
time="2020-01-29T21:00:00+08:00" level=debug msg="[github.com/leiwenxuan/crontab/worker/core.(*Executor).ExecutorJob.func1(core/executor.go:53)] 加锁成功" func="github.com/leiwenxuan/crontab/worker/core.(*Executor).ExecutorJob.func1" file="core/executor.go:53"
time="2020-01-29T21:00:00+08:00" level=info msg="[github.com/leiwenxuan/crontab/worker/core.(*LogSink).Append(core/logManger.go:122)] 发送日志" func="github.com/leiwenxuan/crontab/worker/core.(*LogSink).Append" file="core/logManger.go:122"
time="2020-01-29T21:00:00+08:00" level=info msg="[github.com/leiwenxuan/crontab/worker/core.(*SchedulerSer).HandleJobResult(core/scheduler.go:161)] 任务执行完成:  work_02" func="github.com/leiwenxuan/crontab/worker/core.(*SchedulerSer).HandleJobResult" file="core/scheduler.go:161"
time="2020-01-29T21:00:00+08:00" level=debug msg="[github.com/leiwenxuan/crontab/worker/core.(*Executor).ExecutorJob.func1(core/executor.go:53)] 加锁成功" func="github.com/leiwenxuan/crontab/worker/core.(*Executor).ExecutorJob.func1" file="core/executor.go:53"
time="2020-01-29T21:00:00+08:00" level=debug msg="[github.com/leiwenxuan/crontab/worker/core.(*Executor).ExecutorJob.func1(core/executor.go:53)] 加锁成功" func="github.com/leiwenxuan/crontab/worker/core.(*Executor).ExecutorJob.func1" file="core/executor.go:53"
time="2020-01-29T21:00:00+08:00" level=debug msg="[github.com/leiwenxuan/crontab/worker/core.(*Executor).ExecutorJob.func1(core/executor.go:53)] 加锁成功" func="github.com/leiwenxuan/crontab/worker/core.(*Executor).ExecutorJob.func1" file="core/executor.go:53"
time="2020-01-29T21:00:00+08:00" level=info msg="[github.com/leiwenxuan/crontab/worker/core.(*LogSink).Append(core/logManger.go:122)] 发送日志" func="github.com/leiwenxuan/crontab/worker/core.(*LogSink).Append" file="core/logManger.go:122"
time="2020-01-29T21:00:00+08:00" level=info msg="[github.com/leiwenxuan/crontab/worker/core.(*SchedulerSer).HandleJobResult(core/scheduler.go:161)] 任务执行完成:  work_01" func="github.com/leiwenxuan/crontab/worker/core.(*SchedulerSer).HandleJobResult" file="core/scheduler.go:161"
time="2020-01-29T21:00:00+08:00" level=info msg="[github.com/leiwenxuan/crontab/worker/core.(*LogSink).Append(core/logManger.go:122)] 发送日志" func="github.com/leiwenxuan/crontab/worker/core.(*LogSink).Append" file="core/logManger.go:122"
time="2020-01-29T21:00:00+08:00" level=info msg="[github.com/leiwenxuan/crontab/worker/core.(*SchedulerSer).HandleJobResult(core/scheduler.go:161)] 任务执行完成:  work_1_test" func="github.com/leiwenxuan/crontab/worker/core.(*SchedulerSer).HandleJobResult" file="core/scheduler.go:161"
time="2020-01-29T21:00:00+08:00" level=info msg="[github.com/leiwenxuan/crontab/worker/core.(*LogSink).Append(core/logManger.go:122)] 发送日志" func="github.com/leiwenxuan/crontab/worker/core.(*LogSink).Append" file="core/logManger.go:122"
time="2020-01-29T21:00:00+08:00" level=info msg="[github.com/leiwenxuan/crontab/worker/core.(*SchedulerSer).HandleJobResult(core/scheduler.go:161)] 任务执行完成:  work_03" func="github.com/leiwenxuan/crontab/worker/core.(*SchedulerSer).HandleJobResult" file="core/scheduler.go:161"
time="2020-01-29T21:00:05+08:00" level=info msg="[github.com/leiwenxuan/crontab/worker/core.(*LogSink).SaveLogs(core/logManger.go:115)] 写入日志" func="github.com/leiwenxuan/crontab/worker/core.(*LogSink).SaveLogs" file="core/logManger.go:115"
time="2020-01-29T21:00:05+08:00" level=debug msg="[github.com/leiwenxuan/crontab/worker/core.(*LogSink).SaveLogs(core/logManger.go:117)] 提交日志:  2020-01-29 21:00:05" func="github.com/leiwenxuan/crontab/worker/core.(*LogSink).SaveLogs" file="core/logManger.go:117"
time="2020-01-29T21:10:00+08:00" level=info msg="[github.com/leiwenxuan/crontab/worker/core.(*SchedulerSer).TrySchedule(core/scheduler.go:123)] 执行任务: work_03" func="github.com/leiwenxuan/crontab/worker/core.(*SchedulerSer).TrySchedule" file="core/scheduler.go:123"
time="2020-01-29T21:10:00+08:00" level=info msg="[github.com/leiwenxuan/crontab/worker/core.(*SchedulerSer).TryStartJob(core/scheduler.go:101)] 执行任务：  work_032020-01-29 21:10:00 +0800 CST 2020-01-29 21:10:00.0344787 +0800 CST m=+2561.466362901" func="github.com/leiwenxuan/crontab/worker/core.(*SchedulerSer).TryStartJob" file="core/scheduler.go:101"
time="2020-01-29T21:10:00+08:00" level=info msg="[github.com/leiwenxuan/crontab/worker/core.(*SchedulerSer).TrySchedule(core/scheduler.go:123)] 执行任务: work_1_test" func="github.com/leiwenxuan/crontab/worker/core.(*SchedulerSer).TrySchedule" file="core/scheduler.go:123"
time="2020-01-29T21:10:00+08:00" level=info msg="[github.com/leiwenxuan/crontab/worker/core.(*SchedulerSer).TryStartJob(core/scheduler.go:101)] 执行任务：  work_1_test2020-01-29 21:10:00 +0800 CST 2020-01-29 21:10:00.0344787 +0800 CST m=+2561.466362901" func="github.com/leiwenxuan/crontab/worker/core.(*SchedulerSer).TryStartJob" file="core/scheduler.go:101"
time="2020-01-29T21:10:00+08:00" level=info msg="[github.com/leiwenxuan/crontab/worker/core.(*SchedulerSer).TrySchedule(core/scheduler.go:123)] 执行任务: work_01" func="github.com/leiwenxuan/crontab/worker/core.(*SchedulerSer).TrySchedule" file="core/scheduler.go:123"
time="2020-01-29T21:10:00+08:00" level=info msg="[github.com/leiwenxuan/crontab/worker/core.(*SchedulerSer).TryStartJob(core/scheduler.go:101)] 执行任务：  work_012020-01-29 21:10:00 +0800 CST 2020-01-29 21:10:00.0344787 +0800 CST m=+2561.466362901" func="github.com/leiwenxuan/crontab/worker/core.(*SchedulerSer).TryStartJob" file="core/scheduler.go:101"
time="2020-01-29T21:10:00+08:00" level=info msg="[github.com/leiwenxuan/crontab/worker/core.(*SchedulerSer).TrySchedule(core/scheduler.go:123)] 执行任务: work_02" func="github.com/leiwenxuan/crontab/worker/core.(*SchedulerSer).TrySchedule" file="core/scheduler.go:123"
time="2020-01-29T21:10:00+08:00" level=info msg="[github.com/leiwenxuan/crontab/worker/core.(*SchedulerSer).TryStartJob(core/scheduler.go:101)] 执行任务：  work_022020-01-29 21:10:00 +0800 CST 2020-01-29 21:10:00.0344787 +0800 CST m=+2561.466362901" func="github.com/leiwenxuan/crontab/worker/core.(*SchedulerSer).TryStartJob" file="core/scheduler.go:101"
time="2020-01-29T21:10:00+08:00" level=debug msg="[github.com/leiwenxuan/crontab/worker/core.(*Executor).ExecutorJob.func1(core/executor.go:53)] 加锁成功" func="github.com/leiwenxuan/crontab/worker/core.(*Executor).ExecutorJob.func1" file="core/executor.go:53"
time="2020-01-29T21:10:00+08:00" level=info msg="[github.com/leiwenxuan/crontab/worker/core.(*LogSink).Append(core/logManger.go:122)] 发送日志" func="github.com/leiwenxuan/crontab/worker/core.(*LogSink).Append" file="core/logManger.go:122"
time="2020-01-29T21:10:00+08:00" level=info msg="[github.com/leiwenxuan/crontab/worker/core.(*SchedulerSer).HandleJobResult(core/scheduler.go:161)] 任务执行完成:  work_01" func="github.com/leiwenxuan/crontab/worker/core.(*SchedulerSer).HandleJobResult" file="core/scheduler.go:161"
time="2020-01-29T21:10:00+08:00" level=debug msg="[github.com/leiwenxuan/crontab/worker/core.(*Executor).ExecutorJob.func1(core/executor.go:53)] 加锁成功" func="github.com/leiwenxuan/crontab/worker/core.(*Executor).ExecutorJob.func1" file="core/executor.go:53"
time="2020-01-29T21:10:00+08:00" level=debug msg="[github.com/leiwenxuan/crontab/worker/core.(*Executor).ExecutorJob.func1(core/executor.go:53)] 加锁成功" func="github.com/leiwenxuan/crontab/worker/core.(*Executor).ExecutorJob.func1" file="core/executor.go:53"
time="2020-01-29T21:10:00+08:00" level=debug msg="[github.com/leiwenxuan/crontab/worker/core.(*Executor).ExecutorJob.func1(core/executor.go:53)] 加锁成功" func="github.com/leiwenxuan/crontab/worker/core.(*Executor).ExecutorJob.func1" file="core/executor.go:53"
time="2020-01-29T21:10:01+08:00" level=info msg="[github.com/leiwenxuan/crontab/worker/core.(*LogSink).Append(core/logManger.go:122)] 发送日志" func="github.com/leiwenxuan/crontab/worker/core.(*LogSink).Append" file="core/logManger.go:122"
time="2020-01-29T21:10:01+08:00" level=info msg="[github.com/leiwenxuan/crontab/worker/core.(*SchedulerSer).HandleJobResult(core/scheduler.go:161)] 任务执行完成:  work_1_test" func="github.com/leiwenxuan/crontab/worker/core.(*SchedulerSer).HandleJobResult" file="core/scheduler.go:161"
time="2020-01-29T21:10:01+08:00" level=info msg="[github.com/leiwenxuan/crontab/worker/core.(*LogSink).Append(core/logManger.go:122)] 发送日志" func="github.com/leiwenxuan/crontab/worker/core.(*LogSink).Append" file="core/logManger.go:122"
time="2020-01-29T21:10:01+08:00" level=info msg="[github.com/leiwenxuan/crontab/worker/core.(*SchedulerSer).HandleJobResult(core/scheduler.go:161)] 任务执行完成:  work_02" func="github.com/leiwenxuan/crontab/worker/core.(*SchedulerSer).HandleJobResult" file="core/scheduler.go:161"
time="2020-01-29T21:10:01+08:00" level=info msg="[github.com/leiwenxuan/crontab/worker/core.(*LogSink).Append(core/logManger.go:122)] 发送日志" func="github.com/leiwenxuan/crontab/worker/core.(*LogSink).Append" file="core/logManger.go:122"
time="2020-01-29T21:10:01+08:00" level=info msg="[github.com/leiwenxuan/crontab/worker/core.(*SchedulerSer).HandleJobResult(core/scheduler.go:161)] 任务执行完成:  work_03" func="github.com/leiwenxuan/crontab/worker/core.(*SchedulerSer).HandleJobResult" file="core/scheduler.go:161"
time="2020-01-29T21:10:05+08:00" level=info msg="[github.com/leiwenxuan/crontab/worker/core.(*LogSink).SaveLogs(core/logManger.go:115)] 写入日志" func="github.com/leiwenxuan/crontab/worker/core.(*LogSink).SaveLogs" file="core/logManger.go:115"
time="2020-01-29T21:10:05+08:00" level=debug msg="[github.com/leiwenxuan/crontab/worker/core.(*LogSink).SaveLogs(core/logManger.go:117)] 提交日志:  2020-01-29 21:10:05" func="github.com/leiwenxuan/crontab/worker/core.(*LogSink).SaveLogs" file="core/logManger.go:117"
time="2020-01-29T21:20:00+08:00" level=info msg="[github.com/leiwenxuan/crontab/worker/core.(*SchedulerSer).TrySchedule(core/scheduler.go:123)] 执行任务: work_01" func="github.com/leiwenxuan/crontab/worker/core.(*SchedulerSer).TrySchedule" file="core/scheduler.go:123"
time="2020-01-29T21:20:00+08:00" level=info msg="[github.com/leiwenxuan/crontab/worker/core.(*SchedulerSer).TryStartJob(core/scheduler.go:101)] 执行任务：  work_012020-01-29 21:20:00 +0800 CST 2020-01-29 21:20:00.0021715 +0800 CST m=+3161.434055701" func="github.com/leiwenxuan/crontab/worker/core.(*SchedulerSer).TryStartJob" file="core/scheduler.go:101"
time="2020-01-29T21:20:00+08:00" level=info msg="[github.com/leiwenxuan/crontab/worker/core.(*SchedulerSer).TrySchedule(core/scheduler.go:123)] 执行任务: work_02" func="github.com/leiwenxuan/crontab/worker/core.(*SchedulerSer).TrySchedule" file="core/scheduler.go:123"
time="2020-01-29T21:20:00+08:00" level=info msg="[github.com/leiwenxuan/crontab/worker/core.(*SchedulerSer).TryStartJob(core/scheduler.go:101)] 执行任务：  work_022020-01-29 21:20:00 +0800 CST 2020-01-29 21:20:00.0021715 +0800 CST m=+3161.434055701" func="github.com/leiwenxuan/crontab/worker/core.(*SchedulerSer).TryStartJob" file="core/scheduler.go:101"
time="2020-01-29T21:20:00+08:00" level=info msg="[github.com/leiwenxuan/crontab/worker/core.(*SchedulerSer).TrySchedule(core/scheduler.go:123)] 执行任务: work_03" func="github.com/leiwenxuan/crontab/worker/core.(*SchedulerSer).TrySchedule" file="core/scheduler.go:123"
time="2020-01-29T21:20:00+08:00" level=info msg="[github.com/leiwenxuan/crontab/worker/core.(*SchedulerSer).TryStartJob(core/scheduler.go:101)] 执行任务：  work_032020-01-29 21:20:00 +0800 CST 2020-01-29 21:20:00.0021715 +0800 CST m=+3161.434055701" func="github.com/leiwenxuan/crontab/worker/core.(*SchedulerSer).TryStartJob" file="core/scheduler.go:101"
time="2020-01-29T21:20:00+08:00" level=info msg="[github.com/leiwenxuan/crontab/worker/core.(*SchedulerSer).TrySchedule(core/scheduler.go:123)] 执行任务: work_1_test" func="github.com/leiwenxuan/crontab/worker/core.(*SchedulerSer).TrySchedule" file="core/scheduler.go:123"
time="2020-01-29T21:20:00+08:00" level=info msg="[github.com/leiwenxuan/crontab/worker/core.(*SchedulerSer).TryStartJob(core/scheduler.go:101)] 执行任务：  work_1_test2020-01-29 21:20:00 +0800 CST 2020-01-29 21:20:00.0021715 +0800 CST m=+3161.434055701" func="github.com/leiwenxuan/crontab/worker/core.(*SchedulerSer).TryStartJob" file="core/scheduler.go:101"
time="2020-01-29T21:20:00+08:00" level=debug msg="[github.com/leiwenxuan/crontab/worker/core.(*Executor).ExecutorJob.func1(core/executor.go:53)] 加锁成功" func="github.com/leiwenxuan/crontab/worker/core.(*Executor).ExecutorJob.func1" file="core/executor.go:53"
time="2020-01-29T21:20:00+08:00" level=debug msg="[github.com/leiwenxuan/crontab/worker/core.(*Executor).ExecutorJob.func1(core/executor.go:53)] 加锁成功" func="github.com/leiwenxuan/crontab/worker/core.(*Executor).ExecutorJob.func1" file="core/executor.go:53"
time="2020-01-29T21:20:00+08:00" level=debug msg="[github.com/leiwenxuan/crontab/worker/core.(*Executor).ExecutorJob.func1(core/executor.go:53)] 加锁成功" func="github.com/leiwenxuan/crontab/worker/core.(*Executor).ExecutorJob.func1" file="core/executor.go:53"
time="2020-01-29T21:20:00+08:00" level=debug msg="[github.com/leiwenxuan/crontab/worker/core.(*Executor).ExecutorJob.func1(core/executor.go:53)] 加锁成功" func="github.com/leiwenxuan/crontab/worker/core.(*Executor).ExecutorJob.func1" file="core/executor.go:53"
time="2020-01-29T21:20:00+08:00" level=info msg="[github.com/leiwenxuan/crontab/worker/core.(*LogSink).Append(core/logManger.go:122)] 发送日志" func="github.com/leiwenxuan/crontab/worker/core.(*LogSink).Append" file="core/logManger.go:122"
time="2020-01-29T21:20:00+08:00" level=info msg="[github.com/leiwenxuan/crontab/worker/core.(*SchedulerSer).HandleJobResult(core/scheduler.go:161)] 任务执行完成:  work_02" func="github.com/leiwenxuan/crontab/worker/core.(*SchedulerSer).HandleJobResult" file="core/scheduler.go:161"
time="2020-01-29T21:20:00+08:00" level=info msg="[github.com/leiwenxuan/crontab/worker/core.(*LogSink).Append(core/logManger.go:122)] 发送日志" func="github.com/leiwenxuan/crontab/worker/core.(*LogSink).Append" file="core/logManger.go:122"
time="2020-01-29T21:20:00+08:00" level=info msg="[github.com/leiwenxuan/crontab/worker/core.(*SchedulerSer).HandleJobResult(core/scheduler.go:161)] 任务执行完成:  work_01" func="github.com/leiwenxuan/crontab/worker/core.(*SchedulerSer).HandleJobResult" file="core/scheduler.go:161"
time="2020-01-29T21:20:00+08:00" level=info msg="[github.com/leiwenxuan/crontab/worker/core.(*LogSink).Append(core/logManger.go:122)] 发送日志" func="github.com/leiwenxuan/crontab/worker/core.(*LogSink).Append" file="core/logManger.go:122"
time="2020-01-29T21:20:00+08:00" level=info msg="[github.com/leiwenxuan/crontab/worker/core.(*SchedulerSer).HandleJobResult(core/scheduler.go:161)] 任务执行完成:  work_1_test" func="github.com/leiwenxuan/crontab/worker/core.(*SchedulerSer).HandleJobResult" file="core/scheduler.go:161"
time="2020-01-29T21:20:00+08:00" level=info msg="[github.com/leiwenxuan/crontab/worker/core.(*LogSink).Append(core/logManger.go:122)] 发送日志" func="github.com/leiwenxuan/crontab/worker/core.(*LogSink).Append" file="core/logManger.go:122"
time="2020-01-29T21:20:00+08:00" level=info msg="[github.com/leiwenxuan/crontab/worker/core.(*SchedulerSer).HandleJobResult(core/scheduler.go:161)] 任务执行完成:  work_03" func="github.com/leiwenxuan/crontab/worker/core.(*SchedulerSer).HandleJobResult" file="core/scheduler.go:161"
time="2020-01-29T21:20:05+08:00" level=info msg="[github.com/leiwenxuan/crontab/worker/core.(*LogSink).SaveLogs(core/logManger.go:115)] 写入日志" func="github.com/leiwenxuan/crontab/worker/core.(*LogSink).SaveLogs" file="core/logManger.go:115"
time="2020-01-29T21:20:05+08:00" level=debug msg="[github.com/leiwenxuan/crontab/worker/core.(*LogSink).SaveLogs(core/logManger.go:117)] 提交日志:  2020-01-29 21:20:05" func="github.com/leiwenxuan/crontab/worker/core.(*LogSink).SaveLogs" file="core/logManger.go:117"
time="2020-01-29T21:30:00+08:00" level=info msg="[github.com/leiwenxuan/crontab/worker/core.(*SchedulerSer).TrySchedule(core/scheduler.go:123)] 执行任务: work_01" func="github.com/leiwenxuan/crontab/worker/core.(*SchedulerSer).TrySchedule" file="core/scheduler.go:123"
time="2020-01-29T21:30:00+08:00" level=info msg="[github.com/leiwenxuan/crontab/worker/core.(*SchedulerSer).TryStartJob(core/scheduler.go:101)] 执行任务：  work_012020-01-29 21:30:00 +0800 CST 2020-01-29 21:30:00.0037236 +0800 CST m=+3761.435607801" func="github.com/leiwenxuan/crontab/worker/core.(*SchedulerSer).TryStartJob" file="core/scheduler.go:101"
time="2020-01-29T21:30:00+08:00" level=info msg="[github.com/leiwenxuan/crontab/worker/core.(*SchedulerSer).TrySchedule(core/scheduler.go:123)] 执行任务: work_02" func="github.com/leiwenxuan/crontab/worker/core.(*SchedulerSer).TrySchedule" file="core/scheduler.go:123"
time="2020-01-29T21:30:00+08:00" level=info msg="[github.com/leiwenxuan/crontab/worker/core.(*SchedulerSer).TryStartJob(core/scheduler.go:101)] 执行任务：  work_022020-01-29 21:30:00 +0800 CST 2020-01-29 21:30:00.004724 +0800 CST m=+3761.436608201" func="github.com/leiwenxuan/crontab/worker/core.(*SchedulerSer).TryStartJob" file="core/scheduler.go:101"
time="2020-01-29T21:30:00+08:00" level=info msg="[github.com/leiwenxuan/crontab/worker/core.(*SchedulerSer).TrySchedule(core/scheduler.go:123)] 执行任务: work_03" func="github.com/leiwenxuan/crontab/worker/core.(*SchedulerSer).TrySchedule" file="core/scheduler.go:123"
time="2020-01-29T21:30:00+08:00" level=info msg="[github.com/leiwenxuan/crontab/worker/core.(*SchedulerSer).TryStartJob(core/scheduler.go:101)] 执行任务：  work_032020-01-29 21:30:00 +0800 CST 2020-01-29 21:30:00.0057298 +0800 CST m=+3761.437614001" func="github.com/leiwenxuan/crontab/worker/core.(*SchedulerSer).TryStartJob" file="core/scheduler.go:101"
time="2020-01-29T21:30:00+08:00" level=info msg="[github.com/leiwenxuan/crontab/worker/core.(*SchedulerSer).TrySchedule(core/scheduler.go:123)] 执行任务: work_1_test" func="github.com/leiwenxuan/crontab/worker/core.(*SchedulerSer).TrySchedule" file="core/scheduler.go:123"
time="2020-01-29T21:30:00+08:00" level=info msg="[github.com/leiwenxuan/crontab/worker/core.(*SchedulerSer).TryStartJob(core/scheduler.go:101)] 执行任务：  work_1_test2020-01-29 21:30:00 +0800 CST 2020-01-29 21:30:00.0067293 +0800 CST m=+3761.438613501" func="github.com/leiwenxuan/crontab/worker/core.(*SchedulerSer).TryStartJob" file="core/scheduler.go:101"
time="2020-01-29T21:30:00+08:00" level=debug msg="[github.com/leiwenxuan/crontab/worker/core.(*Executor).ExecutorJob.func1(core/executor.go:53)] 加锁成功" func="github.com/leiwenxuan/crontab/worker/core.(*Executor).ExecutorJob.func1" file="core/executor.go:53"
time="2020-01-29T21:30:00+08:00" level=debug msg="[github.com/leiwenxuan/crontab/worker/core.(*Executor).ExecutorJob.func1(core/executor.go:53)] 加锁成功" func="github.com/leiwenxuan/crontab/worker/core.(*Executor).ExecutorJob.func1" file="core/executor.go:53"
time="2020-01-29T21:30:00+08:00" level=debug msg="[github.com/leiwenxuan/crontab/worker/core.(*Executor).ExecutorJob.func1(core/executor.go:53)] 加锁成功" func="github.com/leiwenxuan/crontab/worker/core.(*Executor).ExecutorJob.func1" file="core/executor.go:53"
time="2020-01-29T21:30:00+08:00" level=info msg="[github.com/leiwenxuan/crontab/worker/core.(*LogSink).Append(core/logManger.go:122)] 发送日志" func="github.com/leiwenxuan/crontab/worker/core.(*LogSink).Append" file="core/logManger.go:122"
time="2020-01-29T21:30:00+08:00" level=info msg="[github.com/leiwenxuan/crontab/worker/core.(*SchedulerSer).HandleJobResult(core/scheduler.go:161)] 任务执行完成:  work_02" func="github.com/leiwenxuan/crontab/worker/core.(*SchedulerSer).HandleJobResult" file="core/scheduler.go:161"
time="2020-01-29T21:30:00+08:00" level=info msg="[github.com/leiwenxuan/crontab/worker/core.(*LogSink).Append(core/logManger.go:122)] 发送日志" func="github.com/leiwenxuan/crontab/worker/core.(*LogSink).Append" file="core/logManger.go:122"
time="2020-01-29T21:30:00+08:00" level=info msg="[github.com/leiwenxuan/crontab/worker/core.(*SchedulerSer).HandleJobResult(core/scheduler.go:161)] 任务执行完成:  work_03" func="github.com/leiwenxuan/crontab/worker/core.(*SchedulerSer).HandleJobResult" file="core/scheduler.go:161"
time="2020-01-29T21:30:00+08:00" level=info msg="[github.com/leiwenxuan/crontab/worker/core.(*LogSink).Append(core/logManger.go:122)] 发送日志" func="github.com/leiwenxuan/crontab/worker/core.(*LogSink).Append" file="core/logManger.go:122"
time="2020-01-29T21:30:00+08:00" level=info msg="[github.com/leiwenxuan/crontab/worker/core.(*SchedulerSer).HandleJobResult(core/scheduler.go:161)] 任务执行完成:  work_01" func="github.com/leiwenxuan/crontab/worker/core.(*SchedulerSer).HandleJobResult" file="core/scheduler.go:161"
time="2020-01-29T21:30:00+08:00" level=debug msg="[github.com/leiwenxuan/crontab/worker/core.(*Executor).ExecutorJob.func1(core/executor.go:53)] 加锁成功" func="github.com/leiwenxuan/crontab/worker/core.(*Executor).ExecutorJob.func1" file="core/executor.go:53"
time="2020-01-29T21:30:01+08:00" level=info msg="[github.com/leiwenxuan/crontab/worker/core.(*LogSink).Append(core/logManger.go:122)] 发送日志" func="github.com/leiwenxuan/crontab/worker/core.(*LogSink).Append" file="core/logManger.go:122"
time="2020-01-29T21:30:01+08:00" level=info msg="[github.com/leiwenxuan/crontab/worker/core.(*SchedulerSer).HandleJobResult(core/scheduler.go:161)] 任务执行完成:  work_1_test" func="github.com/leiwenxuan/crontab/worker/core.(*SchedulerSer).HandleJobResult" file="core/scheduler.go:161"
time="2020-01-29T21:30:05+08:00" level=info msg="[github.com/leiwenxuan/crontab/worker/core.(*LogSink).SaveLogs(core/logManger.go:115)] 写入日志" func="github.com/leiwenxuan/crontab/worker/core.(*LogSink).SaveLogs" file="core/logManger.go:115"
time="2020-01-29T21:30:05+08:00" level=debug msg="[github.com/leiwenxuan/crontab/worker/core.(*LogSink).SaveLogs(core/logManger.go:117)] 提交日志:  2020-01-29 21:30:05" func="github.com/leiwenxuan/crontab/worker/core.(*LogSink).SaveLogs" file="core/logManger.go:117"
time="2020-01-29T21:40:00+08:00" level=info msg="[github.com/leiwenxuan/crontab/worker/core.(*SchedulerSer).TrySchedule(core/scheduler.go:123)] 执行任务: work_01" func="github.com/leiwenxuan/crontab/worker/core.(*SchedulerSer).TrySchedule" file="core/scheduler.go:123"
time="2020-01-29T21:40:00+08:00" level=info msg="[github.com/leiwenxuan/crontab/worker/core.(*SchedulerSer).TryStartJob(core/scheduler.go:101)] 执行任务：  work_012020-01-29 21:40:00 +0800 CST 2020-01-29 21:40:00.0097584 +0800 CST m=+4361.441642601" func="github.com/leiwenxuan/crontab/worker/core.(*SchedulerSer).TryStartJob" file="core/scheduler.go:101"
time="2020-01-29T21:40:00+08:00" level=info msg="[github.com/leiwenxuan/crontab/worker/core.(*SchedulerSer).TrySchedule(core/scheduler.go:123)] 执行任务: work_02" func="github.com/leiwenxuan/crontab/worker/core.(*SchedulerSer).TrySchedule" file="core/scheduler.go:123"
time="2020-01-29T21:40:00+08:00" level=info msg="[github.com/leiwenxuan/crontab/worker/core.(*SchedulerSer).TryStartJob(core/scheduler.go:101)] 执行任务：  work_022020-01-29 21:40:00 +0800 CST 2020-01-29 21:40:00.0097584 +0800 CST m=+4361.441642601" func="github.com/leiwenxuan/crontab/worker/core.(*SchedulerSer).TryStartJob" file="core/scheduler.go:101"
time="2020-01-29T21:40:00+08:00" level=info msg="[github.com/leiwenxuan/crontab/worker/core.(*SchedulerSer).TrySchedule(core/scheduler.go:123)] 执行任务: work_03" func="github.com/leiwenxuan/crontab/worker/core.(*SchedulerSer).TrySchedule" file="core/scheduler.go:123"
time="2020-01-29T21:40:00+08:00" level=info msg="[github.com/leiwenxuan/crontab/worker/core.(*SchedulerSer).TryStartJob(core/scheduler.go:101)] 执行任务：  work_032020-01-29 21:40:00 +0800 CST 2020-01-29 21:40:00.0097584 +0800 CST m=+4361.441642601" func="github.com/leiwenxuan/crontab/worker/core.(*SchedulerSer).TryStartJob" file="core/scheduler.go:101"
time="2020-01-29T21:40:00+08:00" level=info msg="[github.com/leiwenxuan/crontab/worker/core.(*SchedulerSer).TrySchedule(core/scheduler.go:123)] 执行任务: work_1_test" func="github.com/leiwenxuan/crontab/worker/core.(*SchedulerSer).TrySchedule" file="core/scheduler.go:123"
time="2020-01-29T21:40:00+08:00" level=info msg="[github.com/leiwenxuan/crontab/worker/core.(*SchedulerSer).TryStartJob(core/scheduler.go:101)] 执行任务：  work_1_test2020-01-29 21:40:00 +0800 CST 2020-01-29 21:40:00.0097584 +0800 CST m=+4361.441642601" func="github.com/leiwenxuan/crontab/worker/core.(*SchedulerSer).TryStartJob" file="core/scheduler.go:101"
time="2020-01-29T21:40:00+08:00" level=debug msg="[github.com/leiwenxuan/crontab/worker/core.(*Executor).ExecutorJob.func1(core/executor.go:53)] 加锁成功" func="github.com/leiwenxuan/crontab/worker/core.(*Executor).ExecutorJob.func1" file="core/executor.go:53"
time="2020-01-29T21:40:00+08:00" level=debug msg="[github.com/leiwenxuan/crontab/worker/core.(*Executor).ExecutorJob.func1(core/executor.go:53)] 加锁成功" func="github.com/leiwenxuan/crontab/worker/core.(*Executor).ExecutorJob.func1" file="core/executor.go:53"
time="2020-01-29T21:40:00+08:00" level=info msg="[github.com/leiwenxuan/crontab/worker/core.(*LogSink).Append(core/logManger.go:122)] 发送日志" func="github.com/leiwenxuan/crontab/worker/core.(*LogSink).Append" file="core/logManger.go:122"
time="2020-01-29T21:40:00+08:00" level=info msg="[github.com/leiwenxuan/crontab/worker/core.(*SchedulerSer).HandleJobResult(core/scheduler.go:161)] 任务执行完成:  work_03" func="github.com/leiwenxuan/crontab/worker/core.(*SchedulerSer).HandleJobResult" file="core/scheduler.go:161"
time="2020-01-29T21:40:00+08:00" level=debug msg="[github.com/leiwenxuan/crontab/worker/core.(*Executor).ExecutorJob.func1(core/executor.go:53)] 加锁成功" func="github.com/leiwenxuan/crontab/worker/core.(*Executor).ExecutorJob.func1" file="core/executor.go:53"
time="2020-01-29T21:40:00+08:00" level=info msg="[github.com/leiwenxuan/crontab/worker/core.(*LogSink).Append(core/logManger.go:122)] 发送日志" func="github.com/leiwenxuan/crontab/worker/core.(*LogSink).Append" file="core/logManger.go:122"
time="2020-01-29T21:40:00+08:00" level=info msg="[github.com/leiwenxuan/crontab/worker/core.(*SchedulerSer).HandleJobResult(core/scheduler.go:161)] 任务执行完成:  work_1_test" func="github.com/leiwenxuan/crontab/worker/core.(*SchedulerSer).HandleJobResult" file="core/scheduler.go:161"
time="2020-01-29T21:40:00+08:00" level=info msg="[github.com/leiwenxuan/crontab/worker/core.(*LogSink).Append(core/logManger.go:122)] 发送日志" func="github.com/leiwenxuan/crontab/worker/core.(*LogSink).Append" file="core/logManger.go:122"
time="2020-01-29T21:40:00+08:00" level=info msg="[github.com/leiwenxuan/crontab/worker/core.(*SchedulerSer).HandleJobResult(core/scheduler.go:161)] 任务执行完成:  work_01" func="github.com/leiwenxuan/crontab/worker/core.(*SchedulerSer).HandleJobResult" file="core/scheduler.go:161"
time="2020-01-29T21:40:00+08:00" level=debug msg="[github.com/leiwenxuan/crontab/worker/core.(*Executor).ExecutorJob.func1(core/executor.go:53)] 加锁成功" func="github.com/leiwenxuan/crontab/worker/core.(*Executor).ExecutorJob.func1" file="core/executor.go:53"
time="2020-01-29T21:40:01+08:00" level=info msg="[github.com/leiwenxuan/crontab/worker/core.(*LogSink).Append(core/logManger.go:122)] 发送日志" func="github.com/leiwenxuan/crontab/worker/core.(*LogSink).Append" file="core/logManger.go:122"
time="2020-01-29T21:40:01+08:00" level=info msg="[github.com/leiwenxuan/crontab/worker/core.(*SchedulerSer).HandleJobResult(core/scheduler.go:161)] 任务执行完成:  work_02" func="github.com/leiwenxuan/crontab/worker/core.(*SchedulerSer).HandleJobResult" file="core/scheduler.go:161"
time="2020-01-29T21:40:05+08:00" level=info msg="[github.com/leiwenxuan/crontab/worker/core.(*LogSink).SaveLogs(core/logManger.go:115)] 写入日志" func="github.com/leiwenxuan/crontab/worker/core.(*LogSink).SaveLogs" file="core/logManger.go:115"
time="2020-01-29T21:40:05+08:00" level=debug msg="[github.com/leiwenxuan/crontab/worker/core.(*LogSink).SaveLogs(core/logManger.go:117)] 提交日志:  2020-01-29 21:40:05" func="github.com/leiwenxuan/crontab/worker/core.(*LogSink).SaveLogs" file="core/logManger.go:117"
time="2020-01-29T21:50:00+08:00" level=info msg="[github.com/leiwenxuan/crontab/worker/core.(*SchedulerSer).TrySchedule(core/scheduler.go:123)] 执行任务: work_01" func="github.com/leiwenxuan/crontab/worker/core.(*SchedulerSer).TrySchedule" file="core/scheduler.go:123"
time="2020-01-29T21:50:00+08:00" level=info msg="[github.com/leiwenxuan/crontab/worker/core.(*SchedulerSer).TryStartJob(core/scheduler.go:101)] 执行任务：  work_012020-01-29 21:50:00 +0800 CST 2020-01-29 21:50:00.0031745 +0800 CST m=+4961.435058701" func="github.com/leiwenxuan/crontab/worker/core.(*SchedulerSer).TryStartJob" file="core/scheduler.go:101"
time="2020-01-29T21:50:00+08:00" level=info msg="[github.com/leiwenxuan/crontab/worker/core.(*SchedulerSer).TrySchedule(core/scheduler.go:123)] 执行任务: work_02" func="github.com/leiwenxuan/crontab/worker/core.(*SchedulerSer).TrySchedule" file="core/scheduler.go:123"
time="2020-01-29T21:50:00+08:00" level=info msg="[github.com/leiwenxuan/crontab/worker/core.(*SchedulerSer).TryStartJob(core/scheduler.go:101)] 执行任务：  work_022020-01-29 21:50:00 +0800 CST 2020-01-29 21:50:00.0051741 +0800 CST m=+4961.437058301" func="github.com/leiwenxuan/crontab/worker/core.(*SchedulerSer).TryStartJob" file="core/scheduler.go:101"
time="2020-01-29T21:50:00+08:00" level=info msg="[github.com/leiwenxuan/crontab/worker/core.(*SchedulerSer).TrySchedule(core/scheduler.go:123)] 执行任务: work_03" func="github.com/leiwenxuan/crontab/worker/core.(*SchedulerSer).TrySchedule" file="core/scheduler.go:123"
time="2020-01-29T21:50:00+08:00" level=info msg="[github.com/leiwenxuan/crontab/worker/core.(*SchedulerSer).TryStartJob(core/scheduler.go:101)] 执行任务：  work_032020-01-29 21:50:00 +0800 CST 2020-01-29 21:50:00.0061748 +0800 CST m=+4961.438059001" func="github.com/leiwenxuan/crontab/worker/core.(*SchedulerSer).TryStartJob" file="core/scheduler.go:101"
time="2020-01-29T21:50:00+08:00" level=info msg="[github.com/leiwenxuan/crontab/worker/core.(*SchedulerSer).TrySchedule(core/scheduler.go:123)] 执行任务: work_1_test" func="github.com/leiwenxuan/crontab/worker/core.(*SchedulerSer).TrySchedule" file="core/scheduler.go:123"
time="2020-01-29T21:50:00+08:00" level=info msg="[github.com/leiwenxuan/crontab/worker/core.(*SchedulerSer).TryStartJob(core/scheduler.go:101)] 执行任务：  work_1_test2020-01-29 21:50:00 +0800 CST 2020-01-29 21:50:00.0061748 +0800 CST m=+4961.438059001" func="github.com/leiwenxuan/crontab/worker/core.(*SchedulerSer).TryStartJob" file="core/scheduler.go:101"
time="2020-01-29T21:50:00+08:00" level=debug msg="[github.com/leiwenxuan/crontab/worker/core.(*Executor).ExecutorJob.func1(core/executor.go:53)] 加锁成功" func="github.com/leiwenxuan/crontab/worker/core.(*Executor).ExecutorJob.func1" file="core/executor.go:53"
time="2020-01-29T21:50:00+08:00" level=info msg="[github.com/leiwenxuan/crontab/worker/core.(*LogSink).Append(core/logManger.go:122)] 发送日志" func="github.com/leiwenxuan/crontab/worker/core.(*LogSink).Append" file="core/logManger.go:122"
time="2020-01-29T21:50:00+08:00" level=info msg="[github.com/leiwenxuan/crontab/worker/core.(*SchedulerSer).HandleJobResult(core/scheduler.go:161)] 任务执行完成:  work_03" func="github.com/leiwenxuan/crontab/worker/core.(*SchedulerSer).HandleJobResult" file="core/scheduler.go:161"
time="2020-01-29T21:50:00+08:00" level=debug msg="[github.com/leiwenxuan/crontab/worker/core.(*Executor).ExecutorJob.func1(core/executor.go:53)] 加锁成功" func="github.com/leiwenxuan/crontab/worker/core.(*Executor).ExecutorJob.func1" file="core/executor.go:53"
time="2020-01-29T21:50:00+08:00" level=debug msg="[github.com/leiwenxuan/crontab/worker/core.(*Executor).ExecutorJob.func1(core/executor.go:53)] 加锁成功" func="github.com/leiwenxuan/crontab/worker/core.(*Executor).ExecutorJob.func1" file="core/executor.go:53"
time="2020-01-29T21:50:00+08:00" level=info msg="[github.com/leiwenxuan/crontab/worker/core.(*LogSink).Append(core/logManger.go:122)] 发送日志" func="github.com/leiwenxuan/crontab/worker/core.(*LogSink).Append" file="core/logManger.go:122"
time="2020-01-29T21:50:00+08:00" level=info msg="[github.com/leiwenxuan/crontab/worker/core.(*SchedulerSer).HandleJobResult(core/scheduler.go:161)] 任务执行完成:  work_01" func="github.com/leiwenxuan/crontab/worker/core.(*SchedulerSer).HandleJobResult" file="core/scheduler.go:161"
time="2020-01-29T21:50:00+08:00" level=info msg="[github.com/leiwenxuan/crontab/worker/core.(*LogSink).Append(core/logManger.go:122)] 发送日志" func="github.com/leiwenxuan/crontab/worker/core.(*LogSink).Append" file="core/logManger.go:122"
time="2020-01-29T21:50:00+08:00" level=info msg="[github.com/leiwenxuan/crontab/worker/core.(*SchedulerSer).HandleJobResult(core/scheduler.go:161)] 任务执行完成:  work_1_test" func="github.com/leiwenxuan/crontab/worker/core.(*SchedulerSer).HandleJobResult" file="core/scheduler.go:161"
time="2020-01-29T21:50:00+08:00" level=debug msg="[github.com/leiwenxuan/crontab/worker/core.(*Executor).ExecutorJob.func1(core/executor.go:53)] 加锁成功" func="github.com/leiwenxuan/crontab/worker/core.(*Executor).ExecutorJob.func1" file="core/executor.go:53"
time="2020-01-29T21:50:01+08:00" level=info msg="[github.com/leiwenxuan/crontab/worker/core.(*LogSink).Append(core/logManger.go:122)] 发送日志" func="github.com/leiwenxuan/crontab/worker/core.(*LogSink).Append" file="core/logManger.go:122"
time="2020-01-29T21:50:01+08:00" level=info msg="[github.com/leiwenxuan/crontab/worker/core.(*SchedulerSer).HandleJobResult(core/scheduler.go:161)] 任务执行完成:  work_02" func="github.com/leiwenxuan/crontab/worker/core.(*SchedulerSer).HandleJobResult" file="core/scheduler.go:161"
time="2020-01-29T21:50:05+08:00" level=info msg="[github.com/leiwenxuan/crontab/worker/core.(*LogSink).SaveLogs(core/logManger.go:115)] 写入日志" func="github.com/leiwenxuan/crontab/worker/core.(*LogSink).SaveLogs" file="core/logManger.go:115"
time="2020-01-29T21:50:05+08:00" level=debug msg="[github.com/leiwenxuan/crontab/worker/core.(*LogSink).SaveLogs(core/logManger.go:117)] 提交日志:  2020-01-29 21:50:05" func="github.com/leiwenxuan/crontab/worker/core.(*LogSink).SaveLogs" file="core/logManger.go:117"
