time="2020-01-28T12:46:16+08:00" level=debug msg="[github.com/leiwenxuan/crontab/infra.(*BootApplication).init(infra/boot.go:37)] Initializing: PriorityGroup=20,Priority=10000,type=*base.PropsStarter" func="github.com/leiwenxuan/crontab/infra.(*BootApplication).init" file="infra/boot.go:37"
time="2020-01-28T12:46:16+08:00" level=info msg="[github.com/leiwenxuan/crontab/infra/base.(*PropsStarter).Init(base/props.go:22)] 初始化配置." func="github.com/leiwenxuan/crontab/infra/base.(*PropsStarter).Init" file="base/props.go:22"
time="2020-01-28T12:46:16+08:00" level=debug msg="[github.com/leiwenxuan/crontab/infra.(*BootApplication).init(infra/boot.go:37)] Initializing: PriorityGroup=20,Priority=10000,type=*base.EtcdStarter" func="github.com/leiwenxuan/crontab/infra.(*BootApplication).init" file="infra/boot.go:37"
time="2020-01-28T12:46:16+08:00" level=debug msg="[github.com/leiwenxuan/crontab/infra.(*BootApplication).init(infra/boot.go:37)] Initializing: PriorityGroup=20,Priority=10000,type=*base.EtcdRegisterStarter" func="github.com/leiwenxuan/crontab/infra.(*BootApplication).init" file="infra/boot.go:37"
time="2020-01-28T12:46:16+08:00" level=debug msg="[github.com/leiwenxuan/crontab/infra.(*BootApplication).init(infra/boot.go:37)] Initializing: PriorityGroup=20,Priority=10000,type=*base.ValidatorStarter" func="github.com/leiwenxuan/crontab/infra.(*BootApplication).init" file="infra/boot.go:37"
time="2020-01-28T12:46:16+08:00" level=debug msg="[github.com/leiwenxuan/crontab/infra.(*BootApplication).init(infra/boot.go:37)] Initializing: PriorityGroup=20,Priority=10000,type=*infra.WebApiStarter" func="github.com/leiwenxuan/crontab/infra.(*BootApplication).init" file="infra/boot.go:37"
time="2020-01-28T12:46:16+08:00" level=debug msg="[github.com/leiwenxuan/crontab/infra.(*BootApplication).init(infra/boot.go:37)] Initializing: PriorityGroup=20,Priority=10000,type=*base.HookStarter" func="github.com/leiwenxuan/crontab/infra.(*BootApplication).init" file="infra/boot.go:37"
time="2020-01-28T12:46:16+08:00" level=debug msg="[github.com/leiwenxuan/crontab/infra.(*BootApplication).init(infra/boot.go:37)] Initializing: PriorityGroup=20,Priority=10000,type=*base.IrisServerStarter" func="github.com/leiwenxuan/crontab/infra.(*BootApplication).init" file="infra/boot.go:37"
time="2020-01-28T12:46:16+08:00" level=debug msg="[github.com/leiwenxuan/crontab/infra.(*BootApplication).setup(infra/boot.go:47)] Setup: *base.PropsStarter" func="github.com/leiwenxuan/crontab/infra.(*BootApplication).setup" file="infra/boot.go:47"
time="2020-01-28T12:46:16+08:00" level=debug msg="[github.com/leiwenxuan/crontab/infra.(*BootApplication).setup(infra/boot.go:47)] Setup: *base.EtcdStarter" func="github.com/leiwenxuan/crontab/infra.(*BootApplication).setup" file="infra/boot.go:47"
time="2020-01-28T12:46:16+08:00" level=info msg="[github.com/leiwenxuan/crontab/infra/base.(*EtcdStarter).Setup(base/etcd.go:38)] 获取ETCD集群：[192.168.1.5:12381 192.168.1.5:12382 192.168.1.5:12381]" func="github.com/leiwenxuan/crontab/infra/base.(*EtcdStarter).Setup" file="base/etcd.go:38"
time="2020-01-28T12:46:16+08:00" level=info msg="[github.com/leiwenxuan/crontab/infra/base.(*EtcdStarter).Setup(base/etcd.go:41)] 获取ETCD超时时间：5000" func="github.com/leiwenxuan/crontab/infra/base.(*EtcdStarter).Setup" file="base/etcd.go:41"
time="2020-01-28T12:46:16+08:00" level=debug msg="[github.com/leiwenxuan/crontab/infra/base.(*EtcdStarter).Setup(base/etcd.go:54)] clientMongo etcd:&{0xc00037e000 0xc00037e030 0xc000350000 0xc0000b0050 0xc00037e150 0xc00037e180 0xc00006d500 {[192.168.1.5:12381 192.168.1.5:12382 192.168.1.5:12381] 0 5000000000 0 0 0 0 <nil>   false [] <nil> <nil> false} <nil> 0xc0003eab40 0xc000443a20 0xc0001f4300 0x507540   <nil> [{false} {2097152} {2147483647}] 0xc0003eaae0}" func="github.com/leiwenxuan/crontab/infra/base.(*EtcdStarter).Setup" file="base/etcd.go:54"
time="2020-01-28T12:46:16+08:00" level=debug msg="[github.com/leiwenxuan/crontab/infra.(*BootApplication).setup(infra/boot.go:47)] Setup: *base.EtcdRegisterStarter" func="github.com/leiwenxuan/crontab/infra.(*BootApplication).setup" file="infra/boot.go:47"
time="2020-01-28T12:46:16+08:00" level=debug msg="[github.com/leiwenxuan/crontab/infra.(*BootApplication).setup(infra/boot.go:47)] Setup: *base.ValidatorStarter" func="github.com/leiwenxuan/crontab/infra.(*BootApplication).setup" file="infra/boot.go:47"
time="2020-01-28T12:46:16+08:00" level=debug msg="[github.com/leiwenxuan/crontab/infra.(*BootApplication).setup(infra/boot.go:47)] Setup: *infra.WebApiStarter" func="github.com/leiwenxuan/crontab/infra.(*BootApplication).setup" file="infra/boot.go:47"
time="2020-01-28T12:46:16+08:00" level=debug msg="[github.com/leiwenxuan/crontab/infra.(*BootApplication).setup(infra/boot.go:47)] Setup: *base.HookStarter" func="github.com/leiwenxuan/crontab/infra.(*BootApplication).setup" file="infra/boot.go:47"
time="2020-01-28T12:46:16+08:00" level=debug msg="[github.com/leiwenxuan/crontab/infra.(*BootApplication).setup(infra/boot.go:47)] Setup: *base.IrisServerStarter" func="github.com/leiwenxuan/crontab/infra.(*BootApplication).setup" file="infra/boot.go:47"
time="2020-01-28T12:46:16+08:00" level=debug msg="[github.com/leiwenxuan/crontab/infra.(*BootApplication).start(infra/boot.go:59)] Starting: *base.PropsStarter" func="github.com/leiwenxuan/crontab/infra.(*BootApplication).start" file="infra/boot.go:59"
time="2020-01-28T12:46:16+08:00" level=debug msg="[github.com/leiwenxuan/crontab/infra.(*BootApplication).start(infra/boot.go:59)] Starting: *base.EtcdStarter" func="github.com/leiwenxuan/crontab/infra.(*BootApplication).start" file="infra/boot.go:59"
time="2020-01-28T12:46:16+08:00" level=debug msg="[github.com/leiwenxuan/crontab/infra.(*BootApplication).start(infra/boot.go:59)] Starting: *base.EtcdRegisterStarter" func="github.com/leiwenxuan/crontab/infra.(*BootApplication).start" file="infra/boot.go:59"
time="2020-01-28T12:46:16+08:00" level=debug msg="[github.com/leiwenxuan/crontab/infra.(*BootApplication).start(infra/boot.go:59)] Starting: *base.ValidatorStarter" func="github.com/leiwenxuan/crontab/infra.(*BootApplication).start" file="infra/boot.go:59"
time="2020-01-28T12:46:16+08:00" level=debug msg="[github.com/leiwenxuan/crontab/infra.(*BootApplication).start(infra/boot.go:59)] Starting: *infra.WebApiStarter" func="github.com/leiwenxuan/crontab/infra.(*BootApplication).start" file="infra/boot.go:59"
time="2020-01-28T12:46:16+08:00" level=debug msg="[github.com/leiwenxuan/crontab/infra.(*BootApplication).start(infra/boot.go:59)] Starting: *base.HookStarter" func="github.com/leiwenxuan/crontab/infra.(*BootApplication).start" file="infra/boot.go:59"
time="2020-01-28T12:46:16+08:00" level=info msg="[github.com/leiwenxuan/crontab/infra/base.(*HookStarter).Start(base/hook.go:45)] 【Register Notify Stop】:*base.PropsStarter.Stop()" func="github.com/leiwenxuan/crontab/infra/base.(*HookStarter).Start" file="base/hook.go:45"
time="2020-01-28T12:46:16+08:00" level=info msg="[github.com/leiwenxuan/crontab/infra/base.(*HookStarter).Start(base/hook.go:45)] 【Register Notify Stop】:*base.EtcdStarter.Stop()" func="github.com/leiwenxuan/crontab/infra/base.(*HookStarter).Start" file="base/hook.go:45"
time="2020-01-28T12:46:16+08:00" level=info msg="[github.com/leiwenxuan/crontab/infra/base.(*HookStarter).Start(base/hook.go:45)] 【Register Notify Stop】:*base.EtcdRegisterStarter.Stop()" func="github.com/leiwenxuan/crontab/infra/base.(*HookStarter).Start" file="base/hook.go:45"
time="2020-01-28T12:46:16+08:00" level=info msg="[github.com/leiwenxuan/crontab/infra/base.(*HookStarter).Start(base/hook.go:45)] 【Register Notify Stop】:*base.ValidatorStarter.Stop()" func="github.com/leiwenxuan/crontab/infra/base.(*HookStarter).Start" file="base/hook.go:45"
time="2020-01-28T12:46:16+08:00" level=info msg="[github.com/leiwenxuan/crontab/infra/base.(*HookStarter).Start(base/hook.go:45)] 【Register Notify Stop】:*infra.WebApiStarter.Stop()" func="github.com/leiwenxuan/crontab/infra/base.(*HookStarter).Start" file="base/hook.go:45"
time="2020-01-28T12:46:16+08:00" level=info msg="[github.com/leiwenxuan/crontab/infra/base.(*HookStarter).Start(base/hook.go:45)] 【Register Notify Stop】:*base.HookStarter.Stop()" func="github.com/leiwenxuan/crontab/infra/base.(*HookStarter).Start" file="base/hook.go:45"
time="2020-01-28T12:46:16+08:00" level=info msg="[github.com/leiwenxuan/crontab/infra/base.(*HookStarter).Start(base/hook.go:45)] 【Register Notify Stop】:*base.IrisServerStarter.Stop()" func="github.com/leiwenxuan/crontab/infra/base.(*HookStarter).Start" file="base/hook.go:45"
time="2020-01-28T12:46:16+08:00" level=debug msg="[github.com/leiwenxuan/crontab/infra.(*BootApplication).start(infra/boot.go:59)] Starting: *base.IrisServerStarter" func="github.com/leiwenxuan/crontab/infra.(*BootApplication).start" file="infra/boot.go:59"
time="2020-01-28T12:46:16+08:00" level=debug msg="[github.com/kataras/golog.integrateExternalLogger.func1(golog@v0.0.10/integration.go:28)] Application: running using 1 host(s)" func=github.com/kataras/golog.integrateExternalLogger.func1 file="golog@v0.0.10/integration.go:28"
time="2020-01-28T12:46:16+08:00" level=debug msg="[github.com/kataras/golog.integrateExternalLogger.func1(golog@v0.0.10/integration.go:28)] Host: addr is :10101" func=github.com/kataras/golog.integrateExternalLogger.func1 file="golog@v0.0.10/integration.go:28"
time="2020-01-28T12:46:16+08:00" level=debug msg="[github.com/kataras/golog.integrateExternalLogger.func1(golog@v0.0.10/integration.go:28)] Host: virtual host is 0.0.0.0:10101" func=github.com/kataras/golog.integrateExternalLogger.func1 file="golog@v0.0.10/integration.go:28"
time="2020-01-28T12:46:16+08:00" level=debug msg="[github.com/kataras/golog.integrateExternalLogger.func1(golog@v0.0.10/integration.go:28)] Host: register startup notifier" func=github.com/kataras/golog.integrateExternalLogger.func1 file="golog@v0.0.10/integration.go:28"
time="2020-01-28T12:46:16+08:00" level=debug msg="[github.com/kataras/golog.integrateExternalLogger.func1(golog@v0.0.10/integration.go:28)] Host: register server shutdown on interrupt(CTRL+C/CMD+C)" func=github.com/kataras/golog.integrateExternalLogger.func1 file="golog@v0.0.10/integration.go:28"
