time="2020-02-04T02:29:09+08:00" level=info msg="[github.com/leiwenxuan/crontab/worker/core.(*SchedulerSer).TrySchedule(core/scheduler.go:123)] 执行任务: 2020_1_30_19_04" func="github.com/leiwenxuan/crontab/worker/core.(*SchedulerSer).TrySchedule" file="core/scheduler.go:123"
time="2020-02-04T02:29:09+08:00" level=info msg="[github.com/leiwenxuan/crontab/worker/core.(*SchedulerSer).TryStartJob(core/scheduler.go:101)] 执行任务：  2020_1_30_19_042020-02-03 23:29:10 +0800 CST 2020-02-04 02:29:09.7756989 +0800 CST m=+14525.101460501" func="github.com/leiwenxuan/crontab/worker/core.(*SchedulerSer).TryStartJob" file="core/scheduler.go:101"
time="2020-02-04T02:29:10+08:00" level=info msg="[github.com/leiwenxuan/crontab/worker/core.(*SchedulerSer).TrySchedule(core/scheduler.go:123)] 执行任务: 2020_2_03_23_00" func="github.com/leiwenxuan/crontab/worker/core.(*SchedulerSer).TrySchedule" file="core/scheduler.go:123"
time="2020-02-04T02:29:10+08:00" level=info msg="[github.com/leiwenxuan/crontab/worker/core.(*SchedulerSer).TryStartJob(core/scheduler.go:101)] 执行任务：  2020_2_03_23_002020-02-03 23:29:10 +0800 CST 2020-02-04 02:29:10.8772339 +0800 CST m=+14526.202995501" func="github.com/leiwenxuan/crontab/worker/core.(*SchedulerSer).TryStartJob" file="core/scheduler.go:101"
time="2020-02-04T02:29:10+08:00" level=debug msg="[github.com/leiwenxuan/crontab/worker/core.(*Executor).ExecutorJob.func1(core/executor.go:36)] 初始化分布式锁KEY: 2020_2_03_23_00" func="github.com/leiwenxuan/crontab/worker/core.(*Executor).ExecutorJob.func1" file="core/executor.go:36"
time="2020-02-04T02:29:10+08:00" level=error msg="[github.com/leiwenxuan/crontab/worker/services.(*RegisterEtcd).keepOnline(services/Register.go:131)] register 续租失败2020-02-04 02:29:10" func="github.com/leiwenxuan/crontab/worker/services.(*RegisterEtcd).keepOnline" file="services/Register.go:131"
time="2020-02-04T02:29:10+08:00" level=debug msg="[github.com/leiwenxuan/crontab/worker/core.(*Executor).ExecutorJob.func1(core/executor.go:36)] 初始化分布式锁KEY: 2020_1_30_19_04" func="github.com/leiwenxuan/crontab/worker/core.(*Executor).ExecutorJob.func1" file="core/executor.go:36"
time="2020-02-04T02:29:11+08:00" level=info msg="[github.com/leiwenxuan/crontab/worker/core.(*SchedulerSer).TrySchedule(core/scheduler.go:123)] 执行任务: 2020_1_30_19_04" func="github.com/leiwenxuan/crontab/worker/core.(*SchedulerSer).TrySchedule" file="core/scheduler.go:123"
time="2020-02-04T02:29:11+08:00" level=info msg="[github.com/leiwenxuan/crontab/worker/core.(*SchedulerSer).TryStartJob(core/scheduler.go:90)] 任务尚未推出: %!(NOVERB)%!(EXTRA string=2020_1_30_19_04)" func="github.com/leiwenxuan/crontab/worker/core.(*SchedulerSer).TryStartJob" file="core/scheduler.go:90"
time="2020-02-04T02:29:11+08:00" level=info msg="[github.com/leiwenxuan/crontab/worker/core.(*SchedulerSer).TrySchedule(core/scheduler.go:123)] 执行任务: 2020_2_03_23_00" func="github.com/leiwenxuan/crontab/worker/core.(*SchedulerSer).TrySchedule" file="core/scheduler.go:123"
time="2020-02-04T02:29:11+08:00" level=info msg="[github.com/leiwenxuan/crontab/worker/core.(*SchedulerSer).TryStartJob(core/scheduler.go:90)] 任务尚未推出: %!(NOVERB)%!(EXTRA string=2020_2_03_23_00)" func="github.com/leiwenxuan/crontab/worker/core.(*SchedulerSer).TryStartJob" file="core/scheduler.go:90"
time="2020-02-04T02:29:12+08:00" level=debug msg="[github.com/leiwenxuan/crontab/worker/core.(*Executor).ExecutorJob.func1(core/executor.go:54)] 加锁成功" func="github.com/leiwenxuan/crontab/worker/core.(*Executor).ExecutorJob.func1" file="core/executor.go:54"
time="2020-02-04T02:29:12+08:00" level=error msg="[github.com/leiwenxuan/crontab/worker/core.(*Executor).ExecutorJob.func1(core/executor.go:61)] 执行任务出错： exec: \"/bin/bash\": file does not exist" func="github.com/leiwenxuan/crontab/worker/core.(*Executor).ExecutorJob.func1" file="core/executor.go:61"
time="2020-02-04T02:29:12+08:00" level=info msg="[github.com/leiwenxuan/crontab/worker/core.(*LogSink).Append(core/logManger.go:121)] 发送日志" func="github.com/leiwenxuan/crontab/worker/core.(*LogSink).Append" file="core/logManger.go:121"
time="2020-02-04T02:29:12+08:00" level=info msg="[github.com/leiwenxuan/crontab/worker/core.(*SchedulerSer).HandleJobResult(core/scheduler.go:161)] 任务执行完成:  2020_1_30_19_04" func="github.com/leiwenxuan/crontab/worker/core.(*SchedulerSer).HandleJobResult" file="core/scheduler.go:161"
time="2020-02-04T02:29:12+08:00" level=debug msg="[github.com/leiwenxuan/crontab/worker/core.(*Executor).ExecutorJob.func1(core/executor.go:54)] 加锁成功" func="github.com/leiwenxuan/crontab/worker/core.(*Executor).ExecutorJob.func1" file="core/executor.go:54"
time="2020-02-04T02:29:12+08:00" level=error msg="[github.com/leiwenxuan/crontab/worker/core.(*Executor).ExecutorJob.func1(core/executor.go:61)] 执行任务出错： exec: \"/bin/bash\": file does not exist" func="github.com/leiwenxuan/crontab/worker/core.(*Executor).ExecutorJob.func1" file="core/executor.go:61"
time="2020-02-04T02:29:12+08:00" level=info msg="[github.com/leiwenxuan/crontab/worker/core.(*LogSink).Append(core/logManger.go:121)] 发送日志" func="github.com/leiwenxuan/crontab/worker/core.(*LogSink).Append" file="core/logManger.go:121"
time="2020-02-04T02:29:12+08:00" level=info msg="[github.com/leiwenxuan/crontab/worker/core.(*SchedulerSer).HandleJobResult(core/scheduler.go:161)] 任务执行完成:  2020_2_03_23_00" func="github.com/leiwenxuan/crontab/worker/core.(*SchedulerSer).HandleJobResult" file="core/scheduler.go:161"
time="2020-02-04T02:29:18+08:00" level=debug msg="[github.com/leiwenxuan/crontab/worker/core.(*LogSink).SaveLogs(core/logManger.go:116)] 提交日志:  2020-02-04 02:29:18" func="github.com/leiwenxuan/crontab/worker/core.(*LogSink).SaveLogs" file="core/logManger.go:116"
time="2020-02-04T02:29:20+08:00" level=info msg="[github.com/leiwenxuan/crontab/worker/core.(*SchedulerSer).TrySchedule(core/scheduler.go:123)] 执行任务: 2020_1_30_19_04" func="github.com/leiwenxuan/crontab/worker/core.(*SchedulerSer).TrySchedule" file="core/scheduler.go:123"
time="2020-02-04T02:29:20+08:00" level=info msg="[github.com/leiwenxuan/crontab/worker/core.(*SchedulerSer).TryStartJob(core/scheduler.go:101)] 执行任务：  2020_1_30_19_042020-02-04 02:29:20 +0800 CST 2020-02-04 02:29:20.0041948 +0800 CST m=+14535.329956401" func="github.com/leiwenxuan/crontab/worker/core.(*SchedulerSer).TryStartJob" file="core/scheduler.go:101"
time="2020-02-04T02:29:20+08:00" level=info msg="[github.com/leiwenxuan/crontab/worker/core.(*SchedulerSer).TrySchedule(core/scheduler.go:123)] 执行任务: 2020_2_03_23_00" func="github.com/leiwenxuan/crontab/worker/core.(*SchedulerSer).TrySchedule" file="core/scheduler.go:123"
time="2020-02-04T02:29:20+08:00" level=info msg="[github.com/leiwenxuan/crontab/worker/core.(*SchedulerSer).TryStartJob(core/scheduler.go:101)] 执行任务：  2020_2_03_23_002020-02-04 02:29:20 +0800 CST 2020-02-04 02:29:20.0041948 +0800 CST m=+14535.329956401" func="github.com/leiwenxuan/crontab/worker/core.(*SchedulerSer).TryStartJob" file="core/scheduler.go:101"
time="2020-02-04T02:29:20+08:00" level=debug msg="[github.com/leiwenxuan/crontab/worker/core.(*Executor).ExecutorJob.func1(core/executor.go:36)] 初始化分布式锁KEY: 2020_2_03_23_00" func="github.com/leiwenxuan/crontab/worker/core.(*Executor).ExecutorJob.func1" file="core/executor.go:36"
time="2020-02-04T02:29:20+08:00" level=debug msg="[github.com/leiwenxuan/crontab/worker/core.(*Executor).ExecutorJob.func1(core/executor.go:36)] 初始化分布式锁KEY: 2020_1_30_19_04" func="github.com/leiwenxuan/crontab/worker/core.(*Executor).ExecutorJob.func1" file="core/executor.go:36"
time="2020-02-04T02:29:20+08:00" level=debug msg="[github.com/leiwenxuan/crontab/worker/core.(*Executor).ExecutorJob.func1(core/executor.go:54)] 加锁成功" func="github.com/leiwenxuan/crontab/worker/core.(*Executor).ExecutorJob.func1" file="core/executor.go:54"
time="2020-02-04T02:29:20+08:00" level=error msg="[github.com/leiwenxuan/crontab/worker/core.(*Executor).ExecutorJob.func1(core/executor.go:61)] 执行任务出错： exec: \"/bin/bash\": file does not exist" func="github.com/leiwenxuan/crontab/worker/core.(*Executor).ExecutorJob.func1" file="core/executor.go:61"
time="2020-02-04T02:29:20+08:00" level=info msg="[github.com/leiwenxuan/crontab/worker/core.(*LogSink).Append(core/logManger.go:121)] 发送日志" func="github.com/leiwenxuan/crontab/worker/core.(*LogSink).Append" file="core/logManger.go:121"
time="2020-02-04T02:29:20+08:00" level=info msg="[github.com/leiwenxuan/crontab/worker/core.(*SchedulerSer).HandleJobResult(core/scheduler.go:161)] 任务执行完成:  2020_2_03_23_00" func="github.com/leiwenxuan/crontab/worker/core.(*SchedulerSer).HandleJobResult" file="core/scheduler.go:161"
time="2020-02-04T02:29:20+08:00" level=debug msg="[github.com/leiwenxuan/crontab/worker/core.(*Executor).ExecutorJob.func1(core/executor.go:54)] 加锁成功" func="github.com/leiwenxuan/crontab/worker/core.(*Executor).ExecutorJob.func1" file="core/executor.go:54"
time="2020-02-04T02:29:20+08:00" level=error msg="[github.com/leiwenxuan/crontab/worker/core.(*Executor).ExecutorJob.func1(core/executor.go:61)] 执行任务出错： exec: \"/bin/bash\": file does not exist" func="github.com/leiwenxuan/crontab/worker/core.(*Executor).ExecutorJob.func1" file="core/executor.go:61"
time="2020-02-04T02:29:20+08:00" level=info msg="[github.com/leiwenxuan/crontab/worker/core.(*LogSink).Append(core/logManger.go:121)] 发送日志" func="github.com/leiwenxuan/crontab/worker/core.(*LogSink).Append" file="core/logManger.go:121"
time="2020-02-04T02:29:20+08:00" level=info msg="[github.com/leiwenxuan/crontab/worker/core.(*SchedulerSer).HandleJobResult(core/scheduler.go:161)] 任务执行完成:  2020_1_30_19_04" func="github.com/leiwenxuan/crontab/worker/core.(*SchedulerSer).HandleJobResult" file="core/scheduler.go:161"
